RUN	testApisLoad.OpenModel	openmodel	1742085083285	 	3.8.3
USER	ProductOpenModel	START	1742085083881
USER	ProductOpenModel	START	1742085084200
REQUEST		getProduct	1742085083879	1742085084365	OK	 
USER	ProductOpenModel	START	1742085084532
REQUEST		getProduct	1742085084199	1742085084541	OK	 
USER	ProductOpenModel	START	1742085084869
REQUEST		getProduct	1742085084532	1742085084877	OK	 
USER	ProductOpenModel	START	1742085085202
REQUEST		getProduct	1742085084867	1742085085218	OK	 
USER	ProductOpenModel	START	1742085085536
REQUEST		getProduct	1742085085201	1742085085546	OK	 
REQUEST		postProduct	1742085085390	1742085085612	OK	 
REQUEST		postProduct	1742085085544	1742085085752	OK	 
USER	ProductOpenModel	START	1742085085869
REQUEST		getProduct	1742085085534	1742085085904	OK	 
REQUEST		postProduct	1742085085880	1742085086082	OK	 
USER	ProductOpenModel	START	1742085086201
REQUEST		getProduct	1742085085868	1742085086211	OK	 
REQUEST		postProduct	1742085086220	1742085086421	OK	 
USER	ProductOpenModel	START	1742085086534
REQUEST		getProduct	1742085086199	1742085086605	OK	 
REQUEST		postProduct	1742085086550	1742085086748	OK	 
USER	ProductOpenModel	START	1742085086867
REQUEST		putProduct	1742085086615	1742085086939	OK	 
REQUEST		getProduct	1742085086532	1742085086941	OK	 
REQUEST		putProduct	1742085086755	1742085086953	OK	 
REQUEST		postProduct	1742085086906	1742085087130	OK	 
USER	ProductOpenModel	START	1742085087201
REQUEST		getProduct	1742085086866	1742085087283	OK	 
REQUEST		putProduct	1742085087086	1742085087283	OK	 
REQUEST		postProduct	1742085087215	1742085087436	OK	 
USER	ProductOpenModel	START	1742085087533
REQUEST		putProduct	1742085087424	1742085087628	OK	 
REQUEST		getProduct	1742085087199	1742085087636	OK	 
REQUEST		postProduct	1742085087608	1742085087859	OK	 
USER	ProductOpenModel	START	1742085087868
REQUEST		getProduct	1742085087532	1742085087902	OK	 
REQUEST		putProduct	1742085087752	1742085087954	OK	 
REQUEST		postProduct	1742085087943	1742085088138	OK	 
USER	ProductOpenModel	START	1742085088201
REQUEST		getProduct	1742085087866	1742085088213	OK	 
REQUEST		deleteProduct	1742085087942	1742085088238	OK	 
USER	ProductOpenModel	END	1742085088242
REQUEST		deleteProduct	1742085087956	1742085088283	OK	 
USER	ProductOpenModel	END	1742085088288
REQUEST		putProduct	1742085088134	1742085088332	OK	 
REQUEST		postProduct	1742085088287	1742085088494	OK	 
USER	ProductOpenModel	START	1742085088534
REQUEST		getProduct	1742085088199	1742085088564	OK	 
REQUEST		deleteProduct	1742085088286	1742085088583	OK	 
USER	ProductOpenModel	END	1742085088585
REQUEST		putProduct	1742085088438	1742085088634	OK	 
REQUEST		postProduct	1742085088639	1742085088840	OK	 
USER	ProductOpenModel	START	1742085088868
REQUEST		getProduct	1742085088532	1742085088878	OK	 
REQUEST		deleteProduct	1742085088631	1742085088944	OK	 
USER	ProductOpenModel	END	1742085088945
REQUEST		putProduct	1742085088862	1742085089069	OK	 
REQUEST		postProduct	1742085088904	1742085089101	OK	 
USER	ProductOpenModel	START	1742085089202
REQUEST		getProduct	1742085088867	1742085089226	OK	 
REQUEST		deleteProduct	1742085088956	1742085089266	OK	 
USER	ProductOpenModel	END	1742085089269
REQUEST		putProduct	1742085089141	1742085089335	OK	 
REQUEST		postProduct	1742085089216	1742085089416	OK	 
USER	ProductOpenModel	START	1742085089535
REQUEST		getProduct	1742085089200	1742085089542	OK	 
REQUEST		deleteProduct	1742085089336	1742085089640	OK	 
USER	ProductOpenModel	END	1742085089642
REQUEST		putProduct	1742085089498	1742085089697	OK	 
REQUEST		postProduct	1742085089567	1742085089774	OK	 
USER	ProductOpenModel	START	1742085089868
REQUEST		getProduct	1742085089533	1742085089931	OK	 
REQUEST		deleteProduct	1742085089637	1742085089932	OK	 
USER	ProductOpenModel	END	1742085089933
REQUEST		putProduct	1742085089844	1742085090042	OK	 
REQUEST		postProduct	1742085089880	1742085090084	OK	 
USER	ProductOpenModel	START	1742085090200
REQUEST		getProduct	1742085089867	1742085090203	OK	 
REQUEST		putProduct	1742085090102	1742085090302	OK	 
REQUEST		deleteProduct	1742085090073	1742085090368	OK	 
USER	ProductOpenModel	END	1742085090369
REQUEST		postProduct	1742085090228	1742085090425	OK	 
USER	ProductOpenModel	START	1742085090533
REQUEST		getProduct	1742085090199	1742085090550	OK	 
REQUEST		putProduct	1742085090419	1742085090629	OK	 
REQUEST		deleteProduct	1742085090338	1742085090636	OK	 
USER	ProductOpenModel	END	1742085090637
REQUEST		postProduct	1742085090544	1742085090744	OK	 
USER	ProductOpenModel	START	1742085090870
REQUEST		getProduct	1742085090532	1742085090960	OK	 
REQUEST		putProduct	1742085090778	1742085090977	OK	 
REQUEST		deleteProduct	1742085090700	1742085091000	OK	 
USER	ProductOpenModel	END	1742085091001
REQUEST		postProduct	1742085090933	1742085091133	OK	 
USER	ProductOpenModel	START	1742085091200
REQUEST		getProduct	1742085090869	1742085091212	OK	 
REQUEST		putProduct	1742085091087	1742085091284	OK	 
REQUEST		deleteProduct	1742085091045	1742085091345	OK	 
USER	ProductOpenModel	END	1742085091347
REQUEST		postProduct	1742085091206	1742085091401	OK	 
USER	ProductOpenModel	START	1742085091533
REQUEST		getProduct	1742085091199	1742085091550	OK	 
REQUEST		deleteProduct	1742085091304	1742085091602	OK	 
USER	ProductOpenModel	END	1742085091604
REQUEST		putProduct	1742085091428	1742085091632	OK	 
REQUEST		postProduct	1742085091552	1742085091769	OK	 
REQUEST		getProduct	1742085091532	1742085091867	OK	 
USER	ProductOpenModel	START	1742085091869
REQUEST		deleteProduct	1742085091631	1742085091930	OK	 
USER	ProductOpenModel	END	1742085091932
REQUEST		putProduct	1742085091747	1742085091984	OK	 
REQUEST		postProduct	1742085091962	1742085092186	OK	 
USER	ProductOpenModel	START	1742085092201
REQUEST		getProduct	1742085091867	1742085092246	OK	 
REQUEST		deleteProduct	1742085091979	1742085092277	OK	 
USER	ProductOpenModel	END	1742085092279
REQUEST		putProduct	1742085092136	1742085092342	OK	 
REQUEST		postProduct	1742085092214	1742085092419	OK	 
USER	ProductOpenModel	START	1742085092534
REQUEST		getProduct	1742085092200	1742085092543	OK	 
REQUEST		deleteProduct	1742085092286	1742085092581	OK	 
USER	ProductOpenModel	END	1742085092583
REQUEST		putProduct	1742085092405	1742085092627	OK	 
REQUEST		postProduct	1742085092552	1742085092753	OK	 
USER	ProductOpenModel	START	1742085092867
REQUEST		getProduct	1742085092533	1742085092917	OK	 
REQUEST		deleteProduct	1742085092634	1742085092930	OK	 
USER	ProductOpenModel	END	1742085092931
REQUEST		putProduct	1742085092772	1742085092971	OK	 
REQUEST		postProduct	1742085092870	1742085093082	OK	 
USER	ProductOpenModel	START	1742085093201
REQUEST		getProduct	1742085092866	1742085093228	OK	 
REQUEST		deleteProduct	1742085092986	1742085093303	OK	 
USER	ProductOpenModel	END	1742085093306
REQUEST		putProduct	1742085093190	1742085093410	OK	 
REQUEST		postProduct	1742085093248	1742085093448	OK	 
USER	ProductOpenModel	START	1742085093533
REQUEST		getProduct	1742085093199	1742085093588	OK	 
REQUEST		putProduct	1742085093421	1742085093622	OK	 
REQUEST		deleteProduct	1742085093344	1742085093639	OK	 
USER	ProductOpenModel	END	1742085093641
REQUEST		postProduct	1742085093545	1742085093742	OK	 
USER	ProductOpenModel	START	1742085093868
REQUEST		getProduct	1742085093532	1742085093869	OK	 
REQUEST		deleteProduct	1742085093629	1742085093923	OK	 
USER	ProductOpenModel	END	1742085093927
REQUEST		putProduct	1742085093756	1742085093965	OK	 
REQUEST		postProduct	1742085093920	1742085094136	OK	 
USER	ProductOpenModel	START	1742085094200
REQUEST		getProduct	1742085093867	1742085094264	OK	 
REQUEST		deleteProduct	1742085093973	1742085094290	OK	 
USER	ProductOpenModel	END	1742085094292
REQUEST		putProduct	1742085094085	1742085094293	OK	 
REQUEST		postProduct	1742085094230	1742085094446	OK	 
USER	ProductOpenModel	START	1742085094534
REQUEST		getProduct	1742085094199	1742085094542	OK	 
REQUEST		putProduct	1742085094450	1742085094659	OK	 
REQUEST		deleteProduct	1742085094413	1742085094706	OK	 
USER	ProductOpenModel	END	1742085094709
REQUEST		postProduct	1742085094592	1742085094795	OK	 
USER	ProductOpenModel	START	1742085094866
REQUEST		getProduct	1742085094533	1742085094874	OK	 
REQUEST		deleteProduct	1742085094624	1742085094917	OK	 
USER	ProductOpenModel	END	1742085094917
REQUEST		putProduct	1742085094745	1742085094948	OK	 
REQUEST		postProduct	1742085094871	1742085095064	OK	 
USER	ProductOpenModel	START	1742085095199
REQUEST		deleteProduct	1742085094967	1742085095291	OK	 
USER	ProductOpenModel	END	1742085095293
REQUEST		getProduct	1742085094866	1742085095335	OK	 
REQUEST		putProduct	1742085095139	1742085095338	OK	 
REQUEST		postProduct	1742085095266	1742085095464	OK	 
USER	ProductOpenModel	START	1742085095533
REQUEST		getProduct	1742085095198	1742085095539	OK	 
REQUEST		deleteProduct	1742085095295	1742085095589	OK	 
USER	ProductOpenModel	END	1742085095591
REQUEST		putProduct	1742085095449	1742085095647	OK	 
REQUEST		postProduct	1742085095545	1742085095743	OK	 
USER	ProductOpenModel	START	1742085095867
REQUEST		getProduct	1742085095532	1742085095886	OK	 
REQUEST		deleteProduct	1742085095662	1742085095970	OK	 
USER	ProductOpenModel	END	1742085095971
REQUEST		putProduct	1742085095797	1742085095992	OK	 
REQUEST		postProduct	1742085095876	1742085096088	OK	 
USER	ProductOpenModel	START	1742085096202
REQUEST		getProduct	1742085095866	1742085096228	OK	 
REQUEST		deleteProduct	1742085095949	1742085096258	OK	 
USER	ProductOpenModel	END	1742085096259
REQUEST		putProduct	1742085096066	1742085096266	OK	 
USER	ProductOpenModel	START	1742085096533
REQUEST		postProduct	1742085096340	1742085096537	OK	 
REQUEST		getProduct	1742085096202	1742085096547	OK	 
REQUEST		deleteProduct	1742085096346	1742085096647	OK	 
USER	ProductOpenModel	END	1742085096650
REQUEST		putProduct	1742085096466	1742085096665	OK	 
REQUEST		postProduct	1742085096541	1742085096738	OK	 
REQUEST		getProduct	1742085096532	1742085096881	OK	 
USER	ProductOpenModel	START	1742085096881
REQUEST		deleteProduct	1742085096649	1742085096944	OK	 
USER	ProductOpenModel	END	1742085096945
REQUEST		putProduct	1742085096746	1742085096947	OK	 
REQUEST		postProduct	1742085096888	1742085097086	OK	 
USER	ProductOpenModel	START	1742085097199
REQUEST		getProduct	1742085096881	1742085097229	OK	 
REQUEST		putProduct	1742085097090	1742085097284	OK	 
REQUEST		deleteProduct	1742085096994	1742085097287	OK	 
USER	ProductOpenModel	END	1742085097288
REQUEST		postProduct	1742085097231	1742085097432	OK	 
USER	ProductOpenModel	START	1742085097532
REQUEST		deleteProduct	1742085097268	1742085097563	OK	 
USER	ProductOpenModel	END	1742085097564
REQUEST		getProduct	1742085097198	1742085097648	OK	 
REQUEST		putProduct	1742085097540	1742085097735	OK	 
REQUEST		postProduct	1742085097550	1742085097746	OK	 
USER	ProductOpenModel	START	1742085097867
REQUEST		getProduct	1742085097531	1742085097904	OK	 
REQUEST		putProduct	1742085097740	1742085097946	OK	 
REQUEST		deleteProduct	1742085097667	1742085097970	OK	 
USER	ProductOpenModel	END	1742085097972
REQUEST		postProduct	1742085097883	1742085098101	OK	 
USER	ProductOpenModel	START	1742085098199
REQUEST		getProduct	1742085097866	1742085098224	OK	 
REQUEST		deleteProduct	1742085097949	1742085098252	OK	 
USER	ProductOpenModel	END	1742085098254
REQUEST		putProduct	1742085098088	1742085098311	OK	 
REQUEST		postProduct	1742085098231	1742085098428	OK	 
USER	ProductOpenModel	START	1742085098533
REQUEST		deleteProduct	1742085098286	1742085098583	OK	 
USER	ProductOpenModel	END	1742085098585
REQUEST		putProduct	1742085098434	1742085098637	OK	 
REQUEST		getProduct	1742085098198	1742085098646	OK	 
REQUEST		postProduct	1742085098651	1742085098852	OK	 
USER	ProductOpenModel	START	1742085098865
REQUEST		getProduct	1742085098532	1742085098876	OK	 
REQUEST		putProduct	1742085098749	1742085098946	OK	 
REQUEST		deleteProduct	1742085098739	1742085099031	OK	 
USER	ProductOpenModel	END	1742085099032
REQUEST		postProduct	1742085098906	1742085099099	OK	 
USER	ProductOpenModel	START	1742085099200
REQUEST		getProduct	1742085098864	1742085099208	OK	 
REQUEST		deleteProduct	1742085098948	1742085099244	OK	 
USER	ProductOpenModel	END	1742085099245
REQUEST		putProduct	1742085099103	1742085099300	OK	 
REQUEST		postProduct	1742085099227	1742085099424	OK	 
USER	ProductOpenModel	START	1742085099533
REQUEST		getProduct	1742085099199	1742085099554	OK	 
REQUEST		deleteProduct	1742085099314	1742085099609	OK	 
USER	ProductOpenModel	END	1742085099611
REQUEST		putProduct	1742085099431	1742085099626	OK	 
REQUEST		postProduct	1742085099648	1742085099845	OK	 
USER	ProductOpenModel	START	1742085099867
REQUEST		getProduct	1742085099532	1742085099889	OK	 
REQUEST		deleteProduct	1742085099640	1742085099931	OK	 
USER	ProductOpenModel	END	1742085099933
REQUEST		putProduct	1742085099855	1742085100049	OK	 
REQUEST		postProduct	1742085099879	1742085100076	OK	 
USER	ProductOpenModel	START	1742085100201
REQUEST		getProduct	1742085099866	1742085100213	OK	 
REQUEST		deleteProduct	1742085099948	1742085100237	OK	 
USER	ProductOpenModel	END	1742085100239
REQUEST		putProduct	1742085100101	1742085100297	OK	 
REQUEST		postProduct	1742085100209	1742085100404	OK	 
USER	ProductOpenModel	START	1742085100534
REQUEST		getProduct	1742085100200	1742085100540	OK	 
REQUEST		deleteProduct	1742085100302	1742085100596	OK	 
USER	ProductOpenModel	END	1742085100598
REQUEST		putProduct	1742085100426	1742085100627	OK	 
REQUEST		postProduct	1742085100556	1742085100851	OK	 
USER	ProductOpenModel	START	1742085100867
REQUEST		deleteProduct	1742085100628	1742085100918	OK	 
USER	ProductOpenModel	END	1742085100919
REQUEST		getProduct	1742085100532	1742085100958	OK	 
REQUEST		putProduct	1742085100848	1742085101055	OK	 
REQUEST		postProduct	1742085100892	1742085101106	OK	 
USER	ProductOpenModel	START	1742085101200
REQUEST		getProduct	1742085100865	1742085101228	OK	 
REQUEST		putProduct	1742085101078	1742085101285	OK	 
REQUEST		deleteProduct	1742085101052	1742085101383	OK	 
USER	ProductOpenModel	END	1742085101384
REQUEST		postProduct	1742085101216	1742085101418	OK	 
USER	ProductOpenModel	START	1742085101532
REQUEST		getProduct	1742085101199	1742085101593	OK	 
REQUEST		deleteProduct	1742085101299	1742085101594	OK	 
USER	ProductOpenModel	END	1742085101596
REQUEST		putProduct	1742085101407	1742085101602	OK	 
REQUEST		postProduct	1742085101542	1742085101784	OK	 
USER	ProductOpenModel	START	1742085101867
REQUEST		deleteProduct	1742085101629	1742085101927	OK	 
USER	ProductOpenModel	END	1742085101929
REQUEST		getProduct	1742085101531	1742085102004	OK	 
REQUEST		putProduct	1742085101854	1742085102050	OK	 
REQUEST		postProduct	1742085101961	1742085102164	OK	 
USER	ProductOpenModel	START	1742085102198
REQUEST		getProduct	1742085101865	1742085102225	OK	 
REQUEST		putProduct	1742085102108	1742085102303	OK	 
REQUEST		deleteProduct	1742085102059	1742085102355	OK	 
USER	ProductOpenModel	END	1742085102356
REQUEST		postProduct	1742085102230	1742085102447	OK	 
USER	ProductOpenModel	START	1742085102534
REQUEST		deleteProduct	1742085102287	1742085102579	OK	 
USER	ProductOpenModel	END	1742085102580
REQUEST		getProduct	1742085102198	1742085102581	OK	 
REQUEST		putProduct	1742085102420	1742085102669	OK	 
REQUEST		postProduct	1742085102596	1742085102798	OK	 
USER	ProductOpenModel	START	1742085102867
REQUEST		deleteProduct	1742085102604	1742085102919	OK	 
REQUEST		getProduct	1742085102532	1742085102921	OK	 
USER	ProductOpenModel	END	1742085102922
REQUEST		putProduct	1742085102786	1742085102994	OK	 
USER	ProductOpenModel	START	1742085103199
REQUEST		postProduct	1742085103006	1742085103201	OK	 
REQUEST		getProduct	1742085102866	1742085103244	OK	 
REQUEST		deleteProduct	1742085103052	1742085103355	OK	 
USER	ProductOpenModel	END	1742085103357
REQUEST		putProduct	1742085103166	1742085103368	OK	 
REQUEST		postProduct	1742085103226	1742085103425	OK	 
USER	ProductOpenModel	START	1742085103533
REQUEST		getProduct	1742085103198	1742085103539	OK	 
REQUEST		deleteProduct	1742085103305	1742085103636	OK	 
USER	ProductOpenModel	END	1742085103638
REQUEST		putProduct	1742085103449	1742085103650	OK	 
REQUEST		postProduct	1742085103584	1742085103787	OK	 
USER	ProductOpenModel	START	1742085103867
REQUEST		getProduct	1742085103532	1742085103907	OK	 
REQUEST		deleteProduct	1742085103671	1742085103965	OK	 
USER	ProductOpenModel	END	1742085103966
REQUEST		putProduct	1742085103800	1742085104007	OK	 
REQUEST		postProduct	1742085103923	1742085104117	OK	 
USER	ProductOpenModel	START	1742085104200
REQUEST		deleteProduct	1742085103996	1742085104295	OK	 
USER	ProductOpenModel	END	1742085104297
REQUEST		getProduct	1742085103866	1742085104337	OK	 
REQUEST		putProduct	1742085104203	1742085104396	OK	 
REQUEST		postProduct	1742085104246	1742085104445	OK	 
USER	ProductOpenModel	START	1742085104533
REQUEST		getProduct	1742085104199	1742085104539	OK	 
REQUEST		putProduct	1742085104427	1742085104623	OK	 
REQUEST		deleteProduct	1742085104370	1742085104669	OK	 
USER	ProductOpenModel	END	1742085104672
REQUEST		postProduct	1742085104540	1742085104751	OK	 
USER	ProductOpenModel	START	1742085104868
REQUEST		getProduct	1742085104532	1742085104880	OK	 
REQUEST		deleteProduct	1742085104652	1742085104967	OK	 
USER	ProductOpenModel	END	1742085104968
REQUEST		putProduct	1742085104790	1742085104993	OK	 
REQUEST		postProduct	1742085104911	1742085105118	OK	 
USER	ProductOpenModel	START	1742085105199
REQUEST		getProduct	1742085104866	1742085105279	OK	 
REQUEST		deleteProduct	1742085105009	1742085105305	OK	 
USER	ProductOpenModel	END	1742085105308
REQUEST		putProduct	1742085105120	1742085105313	OK	 
USER	ProductOpenModel	START	1742085105532
REQUEST		getProduct	1742085105198	1742085105562	OK	 
REQUEST		postProduct	1742085105339	1742085105562	OK	 
REQUEST		putProduct	1742085105447	1742085105642	OK	 
REQUEST		deleteProduct	1742085105399	1742085105696	OK	 
USER	ProductOpenModel	END	1742085105698
REQUEST		postProduct	1742085105541	1742085105763	OK	 
USER	ProductOpenModel	START	1742085105868
REQUEST		getProduct	1742085105531	1742085105904	OK	 
REQUEST		deleteProduct	1742085105625	1742085105926	OK	 
USER	ProductOpenModel	END	1742085105927
REQUEST		putProduct	1742085105754	1742085105962	OK	 
REQUEST		postProduct	1742085105882	1742085106082	OK	 
REQUEST		getProduct	1742085105866	1742085106197	OK	 
USER	ProductOpenModel	START	1742085106199
REQUEST		deleteProduct	1742085105996	1742085106311	OK	 
USER	ProductOpenModel	END	1742085106313
REQUEST		putProduct	1742085106121	1742085106318	OK	 
REQUEST		postProduct	1742085106281	1742085106481	OK	 
USER	ProductOpenModel	START	1742085106533
REQUEST		getProduct	1742085106198	1742085106550	OK	 
REQUEST		deleteProduct	1742085106316	1742085106605	OK	 
USER	ProductOpenModel	END	1742085106608
REQUEST		postProduct	1742085106564	1742085106761	OK	 
REQUEST		putProduct	1742085106564	1742085106768	OK	 
USER	ProductOpenModel	START	1742085106866
REQUEST		getProduct	1742085106532	1742085106882	OK	 
REQUEST		deleteProduct	1742085106645	1742085106939	OK	 
USER	ProductOpenModel	END	1742085106940
REQUEST		putProduct	1742085106765	1742085107025	OK	 
REQUEST		postProduct	1742085106908	1742085107105	OK	 
USER	ProductOpenModel	START	1742085107199
REQUEST		getProduct	1742085106865	1742085107247	OK	 
REQUEST		deleteProduct	1742085106965	1742085107260	OK	 
USER	ProductOpenModel	END	1742085107261
REQUEST		putProduct	1742085107086	1742085107284	OK	 
REQUEST		postProduct	1742085107200	1742085107391	OK	 
USER	ProductOpenModel	START	1742085107536
REQUEST		deleteProduct	1742085107320	1742085107620	OK	 
USER	ProductOpenModel	END	1742085107622
REQUEST		getProduct	1742085107198	1742085107643	OK	 
REQUEST		putProduct	1742085107485	1742085107688	OK	 
REQUEST		postProduct	1742085107553	1742085107748	OK	 
USER	ProductOpenModel	START	1742085107866
REQUEST		getProduct	1742085107535	1742085107939	OK	 
REQUEST		putProduct	1742085107764	1742085107960	OK	 
REQUEST		deleteProduct	1742085107770	1742085108067	OK	 
USER	ProductOpenModel	END	1742085108068
REQUEST		postProduct	1742085107886	1742085108148	OK	 
USER	ProductOpenModel	START	1742085108199
REQUEST		getProduct	1742085107865	1742085108216	OK	 
REQUEST		deleteProduct	1742085108027	1742085108332	OK	 
USER	ProductOpenModel	END	1742085108333
REQUEST		putProduct	1742085108108	1742085108340	OK	 
REQUEST		postProduct	1742085108249	1742085108452	OK	 
USER	ProductOpenModel	START	1742085108530
REQUEST		deleteProduct	1742085108286	1742085108583	OK	 
USER	ProductOpenModel	END	1742085108584
REQUEST		putProduct	1742085108394	1742085108590	OK	 
REQUEST		getProduct	1742085108198	1742085108624	OK	 
REQUEST		postProduct	1742085108646	1742085108852	OK	 
USER	ProductOpenModel	START	1742085108866
REQUEST		getProduct	1742085108530	1742085108876	OK	 
REQUEST		putProduct	1742085108749	1742085108948	OK	 
REQUEST		deleteProduct	1742085108691	1742085108983	OK	 
USER	ProductOpenModel	END	1742085108984
REQUEST		postProduct	1742085108941	1742085109144	OK	 
USER	ProductOpenModel	START	1742085109198
REQUEST		getProduct	1742085108865	1742085109228	OK	 
REQUEST		deleteProduct	1742085108963	1742085109252	OK	 
USER	ProductOpenModel	END	1742085109254
REQUEST		putProduct	1742085109150	1742085109346	OK	 
REQUEST		postProduct	1742085109218	1742085109417	OK	 
USER	ProductOpenModel	START	1742085109532
REQUEST		getProduct	1742085109198	1742085109559	OK	 
REQUEST		deleteProduct	1742085109342	1742085109634	OK	 
USER	ProductOpenModel	END	1742085109634
REQUEST		putProduct	1742085109455	1742085109657	OK	 
REQUEST		postProduct	1742085109625	1742085109820	OK	 
USER	ProductOpenModel	START	1742085109866
REQUEST		getProduct	1742085109531	1742085109873	OK	 
REQUEST		deleteProduct	1742085109592	1742085109889	OK	 
USER	ProductOpenModel	END	1742085109891
REQUEST		putProduct	1742085109855	1742085110054	OK	 
REQUEST		postProduct	1742085109878	1742085110079	OK	 
USER	ProductOpenModel	START	1742085110199
REQUEST		getProduct	1742085109866	1742085110212	OK	 
REQUEST		deleteProduct	1742085109950	1742085110250	OK	 
USER	ProductOpenModel	END	1742085110252
REQUEST		putProduct	1742085110147	1742085110344	OK	 
REQUEST		postProduct	1742085110230	1742085110427	OK	 
USER	ProductOpenModel	START	1742085110533
REQUEST		getProduct	1742085110198	1742085110550	OK	 
REQUEST		putProduct	1742085110420	1742085110616	OK	 
REQUEST		deleteProduct	1742085110348	1742085110642	OK	 
USER	ProductOpenModel	END	1742085110643
REQUEST		postProduct	1742085110560	1742085110760	OK	 
USER	ProductOpenModel	START	1742085110867
REQUEST		getProduct	1742085110532	1742085110956	OK	 
REQUEST		deleteProduct	1742085110660	1742085110977	OK	 
USER	ProductOpenModel	END	1742085110979
REQUEST		putProduct	1742085110823	1742085111019	OK	 
REQUEST		postProduct	1742085110874	1742085111071	OK	 
USER	ProductOpenModel	START	1742085111201
REQUEST		getProduct	1742085110866	1742085111206	OK	 
REQUEST		putProduct	1742085111082	1742085111282	OK	 
REQUEST		deleteProduct	1742085111056	1742085111360	OK	 
USER	ProductOpenModel	END	1742085111362
REQUEST		postProduct	1742085111213	1742085111419	OK	 
USER	ProductOpenModel	START	1742085111534
REQUEST		getProduct	1742085111199	1742085111534	OK	 
REQUEST		putProduct	1742085111429	1742085111629	OK	 
REQUEST		deleteProduct	1742085111346	1742085111658	OK	 
USER	ProductOpenModel	END	1742085111660
REQUEST		postProduct	1742085111553	1742085111754	OK	 
USER	ProductOpenModel	START	1742085111866
REQUEST		deleteProduct	1742085111618	1742085111912	OK	 
USER	ProductOpenModel	END	1742085111913
REQUEST		putProduct	1742085111762	1742085111961	OK	 
REQUEST		getProduct	1742085111532	1742085111986	OK	 
REQUEST		postProduct	1742085111958	1742085112158	OK	 
USER	ProductOpenModel	START	1742085112199
REQUEST		getProduct	1742085111865	1742085112224	OK	 
REQUEST		putProduct	1742085112073	1742085112267	OK	 
REQUEST		deleteProduct	1742085112021	1742085112337	OK	 
USER	ProductOpenModel	END	1742085112339
REQUEST		postProduct	1742085112208	1742085112404	OK	 
USER	ProductOpenModel	START	1742085112532
REQUEST		getProduct	1742085112198	1742085112535	OK	 
REQUEST		deleteProduct	1742085112285	1742085112584	OK	 
USER	ProductOpenModel	END	1742085112585
REQUEST		putProduct	1742085112422	1742085112621	OK	 
REQUEST		postProduct	1742085112536	1742085112737	OK	 
REQUEST		getProduct	1742085112531	1742085112865	OK	 
USER	ProductOpenModel	START	1742085112866
REQUEST		deleteProduct	1742085112632	1742085112941	OK	 
USER	ProductOpenModel	END	1742085112942
REQUEST		putProduct	1742085112756	1742085113014	OK	 
REQUEST		postProduct	1742085112989	1742085113182	OK	 
USER	ProductOpenModel	START	1742085113199
REQUEST		getProduct	1742085112865	1742085113218	OK	 
REQUEST		deleteProduct	1742085112963	1742085113272	OK	 
USER	ProductOpenModel	END	1742085113274
REQUEST		putProduct	1742085113161	1742085113366	OK	 
REQUEST		postProduct	1742085113226	1742085113426	OK	 
USER	ProductOpenModel	START	1742085113533
REQUEST		getProduct	1742085113198	1742085113550	OK	 
REQUEST		deleteProduct	1742085113269	1742085113561	OK	 
USER	ProductOpenModel	END	1742085113562
REQUEST		putProduct	1742085113407	1742085113615	OK	 
REQUEST		postProduct	1742085113538	1742085113737	OK	 
REQUEST		getProduct	1742085113532	1742085113878	OK	 
REQUEST		deleteProduct	1742085113623	1742085113920	OK	 
USER	ProductOpenModel	END	1742085113922
REQUEST		putProduct	1742085113740	1742085113948	OK	 
REQUEST		postProduct	1742085113868	1742085114063	OK	 
REQUEST		deleteProduct	1742085114017	1742085114335	OK	 
USER	ProductOpenModel	END	1742085114338
REQUEST		putProduct	1742085114185	1742085114381	OK	 
REQUEST		postProduct	1742085114221	1742085114420	OK	 
REQUEST		putProduct	1742085114429	1742085114623	OK	 
REQUEST		deleteProduct	1742085114368	1742085114672	OK	 
USER	ProductOpenModel	END	1742085114674
REQUEST		postProduct	1742085114553	1742085114748	OK	 
REQUEST		deleteProduct	1742085114618	1742085114909	OK	 
USER	ProductOpenModel	END	1742085114911
REQUEST		putProduct	1742085114742	1742085114939	OK	 
REQUEST		postProduct	1742085114881	1742085115079	OK	 
REQUEST		putProduct	1742085115065	1742085115321	OK	 
REQUEST		deleteProduct	1742085114950	1742085115321	OK	 
USER	ProductOpenModel	END	1742085115322
REQUEST		putProduct	1742085115422	1742085115617	OK	 
REQUEST		deleteProduct	1742085115384	1742085115677	OK	 
USER	ProductOpenModel	END	1742085115679
REQUEST		deleteProduct	1742085115624	1742085115918	OK	 
USER	ProductOpenModel	END	1742085115921
REQUEST		putProduct	1742085115751	1742085115952	OK	 
REQUEST		deleteProduct	1742085115941	1742085116247	OK	 
USER	ProductOpenModel	END	1742085116249
REQUEST		putProduct	1742085116082	1742085116292	OK	 
REQUEST		deleteProduct	1742085116323	1742085116630	OK	 
USER	ProductOpenModel	END	1742085116631
REQUEST		deleteProduct	1742085116620	1742085116959	OK	 
USER	ProductOpenModel	END	1742085116961
REQUEST		deleteProduct	1742085116954	1742085117269	OK	 
USER	ProductOpenModel	END	1742085117272
REQUEST		deleteProduct	1742085117294	1742085117679	OK	 
USER	ProductOpenModel	END	1742085117680
