RUN	bnpl.flujoReusoCheckOutCorregido	flujoreusocheckoutcorregido	1684170124010	 	3.8.3
USER	flujoReusoCheckOut	START	1684170130508
REQUEST		request_0	1684170130476	1684170130705	OK	 
REQUEST		request_1	1684170132728	1684170132747	OK	 
REQUEST		request_5	1684170132766	1684170132773	OK	 
REQUEST		request_6	1684170132767	1684170132862	OK	 
REQUEST		request_2	1684170132770	1684170134520	OK	 
REQUEST		request_3	1684170132770	1684170134925	OK	 
REQUEST		request_4	1684170138938	1684170140134	KO	status.find.in([200, 209], 304), found 400
USER	flujoReusoCheckOut	START	1684170140440
REQUEST		request_0	1684170140439	1684170140595	OK	 
REQUEST		request_7	1684170141137	1684170141146	OK	 
REQUEST		request_8	1684170141147	1684170141157	OK	 
REQUEST		request_9	1684170141148	1684170141422	KO	status.find.in([200, 209], 304), found 400
REQUEST		request_1	1684170142598	1684170142606	OK	 
REQUEST		request_5	1684170142607	1684170142616	OK	 
REQUEST		request_6	1684170142608	1684170142697	OK	 
REQUEST		request_2	1684170142608	1684170142871	OK	 
REQUEST		request_3	1684170142609	1684170142970	OK	 
REQUEST		request_10	1684170143425	1684170143508	OK	 
REQUEST		request_4	1684170146973	1684170148441	KO	status.find.in([200, 209], 304), found 400
REQUEST		request_11	1684170148510	1684170148518	OK	 
REQUEST		request_12	1684170148520	1684170148595	OK	 
REQUEST		request_13	1684170148521	1684170148726	OK	 
REQUEST		request_14	1684170148545	1684170148734	OK	 
REQUEST		request_15	1684170148545	1684170148737	OK	 
REQUEST		request_16	1684170148546	1684170148738	OK	 
REQUEST		request_17	1684170148521	1684170149034	OK	 
REQUEST		request_7	1684170149444	1684170149454	OK	 
REQUEST		request_8	1684170149455	1684170149463	OK	 
REQUEST		request_9	1684170149455	1684170149978	KO	status.find.in([200, 209], 304), found 400
USER	flujoReusoCheckOut	START	1684170150441
REQUEST		request_0	1684170150439	1684170150624	OK	 
REQUEST		request_10	1684170151982	1684170152055	OK	 
REQUEST		request_18	1684170152035	1684170152105	OK	 
REQUEST		request_37	1684170152107	1684170152306	OK	 
REQUEST		request_30	1684170152273	1684170152442	OK	 
REQUEST		request_25	1684170152271	1684170152493	OK	 
REQUEST		request_29	1684170152272	1684170152556	OK	 
REQUEST		request_1	1684170152626	1684170152635	OK	 
REQUEST		request_5	1684170152636	1684170152645	OK	 
REQUEST		request_26	1684170152271	1684170152666	KO	status.find.in([200, 209], 304), found 400
REQUEST		request_6	1684170152637	1684170152720	OK	 
REQUEST		request_33	1684170152494	1684170152861	KO	status.find.in([200, 209], 304), found 400
REQUEST		request_28	1684170152272	1684170152933	OK	 
REQUEST		request_36	1684170152862	1684170152979	KO	status.find.in([200, 209], 304), found 400
REQUEST		request_34	1684170152556	1684170153235	KO	status.find.in([200, 209], 304), found 400
REQUEST		request_2	1684170152638	1684170153313	OK	 
REQUEST		request_35	1684170152666	1684170153332	OK	 
REQUEST		request_3	1684170152638	1684170153351	OK	 
REQUEST		request_31	1684170152442	1684170153665	KO	status.find.in([200, 209], 304), found 400
REQUEST		request_19	1684170152266	1684170153693	KO	status.find.in([200, 209], 304), found 400
REQUEST		request_20	1684170152230	1684170153880	KO	status.find.in([200, 209], 304), found 400
REQUEST		request_11	1684170157058	1684170157069	OK	 
REQUEST		request_12	1684170157071	1684170157142	OK	 
REQUEST		request_15	1684170157073	1684170157222	OK	 
REQUEST		request_13	1684170157072	1684170157226	OK	 
REQUEST		request_17	1684170157071	1684170157242	OK	 
REQUEST		request_16	1684170157073	1684170157245	OK	 
REQUEST		request_14	1684170157072	1684170157256	OK	 
REQUEST		request_4	1684170157353	1684170157968	KO	status.find.in([200, 209], 304), found 400
REQUEST		request_7	1684170158969	1684170158981	OK	 
REQUEST		request_8	1684170158982	1684170158990	OK	 
REQUEST		request_9	1684170158982	1684170159117	KO	status.find.in([200, 209], 304), found 400
REQUEST		request_18	1684170160258	1684170160331	OK	 
REQUEST		request_37	1684170160334	1684170160399	OK	 
USER	flujoReusoCheckOut	START	1684170160440
REQUEST		request_28	1684170160339	1684170160553	OK	 
REQUEST		request_29	1684170160340	1684170160589	OK	 
REQUEST		request_25	1684170160337	1684170160591	OK	 
REQUEST		request_0	1684170160439	1684170160592	OK	 
REQUEST		request_30	1684170160340	1684170160639	OK	 
REQUEST		request_20	1684170160334	1684170160665	KO	status.find.in([200, 209], 304), found 400
REQUEST		request_33	1684170160590	1684170160687	KO	status.find.in([200, 209], 304), found 400
REQUEST		request_31	1684170160553	1684170160722	KO	status.find.in([200, 209], 304), found 400
REQUEST		request_26	1684170160338	1684170160753	KO	status.find.in([200, 209], 304), found 400
REQUEST		request_35	1684170160640	1684170160833	OK	 
REQUEST		request_36	1684170160688	1684170160891	KO	status.find.in([200, 209], 304), found 400
REQUEST		request_34	1684170160591	1684170160906	KO	status.find.in([200, 209], 304), found 400
REQUEST		request_10	1684170161119	1684170161192	OK	 
REQUEST		request_19	1684170160335	1684170162056	KO	status.find.in([200, 209], 304), found 400
REQUEST		request_1	1684170162594	1684170162603	OK	 
REQUEST		request_5	1684170162604	1684170162613	OK	 
REQUEST		request_6	1684170162605	1684170162698	OK	 
REQUEST		request_2	1684170162607	1684170162777	OK	 
REQUEST		request_3	1684170162607	1684170162802	OK	 
REQUEST		request_11	1684170166195	1684170166208	OK	 
REQUEST		request_12	1684170166209	1684170166288	OK	 
REQUEST		request_17	1684170166210	1684170166362	OK	 
REQUEST		request_13	1684170166210	1684170166373	OK	 
REQUEST		request_15	1684170166211	1684170166374	OK	 
REQUEST		request_16	1684170166212	1684170166386	OK	 
REQUEST		request_14	1684170166211	1684170166454	OK	 
REQUEST		request_4	1684170166804	1684170166918	KO	status.find.in([200, 209], 304), found 400
REQUEST		request_7	1684170167921	1684170167932	OK	 
REQUEST		request_8	1684170167933	1684170167944	OK	 
REQUEST		request_9	1684170167934	1684170168718	KO	status.find.in([200, 209], 304), found 400
REQUEST		request_18	1684170169456	1684170169529	OK	 
REQUEST		request_37	1684170169531	1684170169566	OK	 
REQUEST		request_25	1684170169533	1684170169685	OK	 
REQUEST		request_29	1684170169535	1684170169738	OK	 
REQUEST		request_31	1684170169686	1684170169814	KO	status.find.in([200, 209], 304), found 400
REQUEST		request_26	1684170169534	1684170169843	KO	status.find.in([200, 209], 304), found 400
REQUEST		request_30	1684170169535	1684170169859	OK	 
REQUEST		request_28	1684170169534	1684170169904	OK	 
REQUEST		request_33	1684170169738	1684170169954	KO	status.find.in([200, 209], 304), found 400
REQUEST		request_36	1684170169860	1684170169961	KO	status.find.in([200, 209], 304), found 400
REQUEST		request_35	1684170169843	1684170170024	OK	 
REQUEST		request_34	1684170169815	1684170170254	KO	status.find.in([200, 209], 304), found 400
REQUEST		request_20	1684170169532	1684170170269	KO	status.find.in([200, 209], 304), found 400
USER	flujoReusoCheckOut	START	1684170170441
REQUEST		request_19	1684170169532	1684170170505	KO	status.find.in([200, 209], 304), found 400
REQUEST		request_0	1684170170440	1684170170632	OK	 
REQUEST		request_10	1684170170719	1684170170802	OK	 
REQUEST		request_1	1684170172634	1684170172641	OK	 
REQUEST		request_5	1684170172643	1684170172653	OK	 
REQUEST		request_6	1684170172643	1684170172728	OK	 
REQUEST		request_3	1684170172644	1684170172802	OK	 
REQUEST		request_2	1684170172644	1684170172836	OK	 
REQUEST		request_11	1684170175804	1684170175813	OK	 
REQUEST		request_12	1684170175814	1684170175886	OK	 
REQUEST		request_13	1684170175815	1684170175967	OK	 
REQUEST		request_15	1684170175816	1684170175969	OK	 
REQUEST		request_16	1684170175816	1684170175979	OK	 
REQUEST		request_14	1684170175815	1684170175996	OK	 
REQUEST		request_17	1684170175814	1684170176139	OK	 
REQUEST		request_4	1684170176838	1684170176954	KO	status.find.in([200, 209], 304), found 400
REQUEST		request_7	1684170177956	1684170177963	OK	 
REQUEST		request_8	1684170177964	1684170177972	OK	 
REQUEST		request_9	1684170177964	1684170178354	KO	status.find.in([200, 209], 304), found 400
REQUEST		request_18	1684170179142	1684170179214	OK	 
REQUEST		request_37	1684170179216	1684170179253	OK	 
REQUEST		request_25	1684170179218	1684170179411	OK	 
REQUEST		request_30	1684170179220	1684170179436	OK	 
REQUEST		request_19	1684170179217	1684170179453	KO	status.find.in([200, 209], 304), found 400
REQUEST		request_28	1684170179219	1684170179496	OK	 
REQUEST		request_33	1684170179437	1684170179539	KO	status.find.in([200, 209], 304), found 400
REQUEST		request_34	1684170179453	1684170179555	KO	status.find.in([200, 209], 304), found 400
REQUEST		request_29	1684170179219	1684170179634	OK	 
REQUEST		request_35	1684170179496	1684170179640	OK	 
REQUEST		request_36	1684170179540	1684170179652	KO	status.find.in([200, 209], 304), found 400
REQUEST		request_31	1684170179411	1684170179854	KO	status.find.in([200, 209], 304), found 400
REQUEST		request_20	1684170179216	1684170180026	KO	status.find.in([200, 209], 304), found 400
USER	flujoReusoCheckOut	START	1684170180441
REQUEST		request_26	1684170179218	1684170180448	KO	status.find.in([200, 209], 304), found 400
REQUEST		request_10	1684170180356	1684170180449	OK	 
REQUEST		request_0	1684170180440	1684170180594	OK	 
REQUEST		request_1	1684170182596	1684170182604	OK	 
REQUEST		request_5	1684170182605	1684170182614	OK	 
REQUEST		request_6	1684170182606	1684170182691	OK	 
REQUEST		request_2	1684170182606	1684170182766	OK	 
REQUEST		request_3	1684170182607	1684170183156	OK	 
REQUEST		request_11	1684170185451	1684170185469	OK	 
REQUEST		request_12	1684170185470	1684170185539	OK	 
REQUEST		request_13	1684170185470	1684170185620	OK	 
REQUEST		request_15	1684170185472	1684170185627	OK	 
REQUEST		request_16	1684170185473	1684170185634	OK	 
REQUEST		request_14	1684170185472	1684170185691	OK	 
REQUEST		request_17	1684170185470	1684170185691	OK	 
REQUEST		request_4	1684170187159	1684170187386	KO	status.find.in([200, 209], 304), found 400
REQUEST		request_7	1684170188388	1684170188399	OK	 
REQUEST		request_8	1684170188399	1684170188409	OK	 
REQUEST		request_9	1684170188400	1684170188768	KO	status.find.in([200, 209], 304), found 400
REQUEST		request_18	1684170188693	1684170188776	OK	 
REQUEST		request_37	1684170188777	1684170188821	OK	 
REQUEST		request_25	1684170188782	1684170188943	OK	 
REQUEST		request_20	1684170188780	1684170188947	KO	status.find.in([200, 209], 304), found 400
REQUEST		request_28	1684170188783	1684170188957	OK	 
REQUEST		request_30	1684170188784	1684170188985	OK	 
REQUEST		request_29	1684170188783	1684170189015	OK	 
REQUEST		request_34	1684170188985	1684170189086	KO	status.find.in([200, 209], 304), found 400
REQUEST		request_26	1684170188783	1684170189113	KO	status.find.in([200, 209], 304), found 400
REQUEST		request_35	1684170189015	1684170189162	OK	 
REQUEST		request_36	1684170189087	1684170189192	KO	status.find.in([200, 209], 304), found 400
REQUEST		request_33	1684170188958	1684170189608	KO	status.find.in([200, 209], 304), found 400
REQUEST		request_19	1684170188781	1684170189608	KO	status.find.in([200, 209], 304), found 400
REQUEST		request_31	1684170188943	1684170189792	KO	status.find.in([200, 209], 304), found 400
USER	flujoReusoCheckOut	START	1684170190440
REQUEST		request_0	1684170190439	1684170190630	OK	 
REQUEST		request_10	1684170190770	1684170190842	OK	 
REQUEST		request_1	1684170192632	1684170192640	OK	 
REQUEST		request_5	1684170192641	1684170192649	OK	 
REQUEST		request_6	1684170192641	1684170192730	OK	 
REQUEST		request_2	1684170192643	1684170192844	OK	 
REQUEST		request_3	1684170192645	1684170192938	OK	 
REQUEST		request_11	1684170195844	1684170195853	OK	 
REQUEST		request_12	1684170195854	1684170195925	OK	 
REQUEST		request_13	1684170195855	1684170196013	OK	 
REQUEST		request_15	1684170195856	1684170196013	OK	 
REQUEST		request_17	1684170195854	1684170196017	OK	 
REQUEST		request_16	1684170195856	1684170196027	OK	 
REQUEST		request_14	1684170195855	1684170196047	OK	 
REQUEST		request_4	1684170196941	1684170197243	KO	status.find.in([200, 209], 304), found 400
REQUEST		request_7	1684170198245	1684170198255	OK	 
REQUEST		request_8	1684170198256	1684170198264	OK	 
REQUEST		request_9	1684170198256	1684170198369	KO	status.find.in([200, 209], 304), found 400
REQUEST		request_18	1684170199049	1684170199120	OK	 
REQUEST		request_37	1684170199121	1684170199155	OK	 
REQUEST		request_26	1684170199123	1684170199254	KO	status.find.in([200, 209], 304), found 400
REQUEST		request_20	1684170199122	1684170199266	KO	status.find.in([200, 209], 304), found 400
REQUEST		request_25	1684170199123	1684170199283	OK	 
REQUEST		request_28	1684170199123	1684170199300	OK	 
REQUEST		request_30	1684170199124	1684170199335	OK	 
REQUEST		request_29	1684170199124	1684170199350	OK	 
REQUEST		request_33	1684170199283	1684170199383	KO	status.find.in([200, 209], 304), found 400
REQUEST		request_36	1684170199350	1684170199456	KO	status.find.in([200, 209], 304), found 400
REQUEST		request_35	1684170199336	1684170199493	OK	 
REQUEST		request_34	1684170199300	1684170199517	KO	status.find.in([200, 209], 304), found 400
REQUEST		request_31	1684170199254	1684170199654	KO	status.find.in([200, 209], 304), found 400
REQUEST		request_19	1684170199122	1684170199783	KO	status.find.in([200, 209], 304), found 400
USER	flujoReusoCheckOut	START	1684170200442
REQUEST		request_10	1684170200371	1684170200448	OK	 
REQUEST		request_0	1684170200441	1684170200620	OK	 
REQUEST		request_1	1684170202622	1684170202630	OK	 
REQUEST		request_5	1684170202631	1684170202639	OK	 
REQUEST		request_6	1684170202631	1684170202714	OK	 
REQUEST		request_2	1684170202632	1684170202789	OK	 
REQUEST		request_3	1684170202632	1684170202839	OK	 
REQUEST		request_11	1684170205449	1684170205459	OK	 
REQUEST		request_12	1684170205460	1684170205550	OK	 
REQUEST		request_17	1684170205460	1684170205609	OK	 
REQUEST		request_15	1684170205462	1684170205624	OK	 
REQUEST		request_13	1684170205460	1684170205634	OK	 
REQUEST		request_16	1684170205462	1684170205637	OK	 
REQUEST		request_14	1684170205461	1684170205665	OK	 
REQUEST		request_4	1684170206842	1684170207424	KO	status.find.in([200, 209], 304), found 400
REQUEST		request_7	1684170208426	1684170208436	OK	 
REQUEST		request_8	1684170208437	1684170208445	OK	 
REQUEST		request_9	1684170208437	1684170208572	KO	status.find.in([200, 209], 304), found 400
REQUEST		request_18	1684170208667	1684170208741	OK	 
REQUEST		request_37	1684170208743	1684170208778	OK	 
REQUEST		request_25	1684170208744	1684170208905	OK	 
REQUEST		request_30	1684170208745	1684170208911	OK	 
REQUEST		request_28	1684170208745	1684170208921	OK	 
REQUEST		request_33	1684170208911	1684170209011	KO	status.find.in([200, 209], 304), found 400
REQUEST		request_31	1684170208906	1684170209034	KO	status.find.in([200, 209], 304), found 400
REQUEST		request_26	1684170208744	1684170209042	KO	status.find.in([200, 209], 304), found 400
REQUEST		request_34	1684170208922	1684170209050	KO	status.find.in([200, 209], 304), found 400
REQUEST		request_29	1684170208745	1684170209083	OK	 
REQUEST		request_36	1684170209034	1684170209134	KO	status.find.in([200, 209], 304), found 400
REQUEST		request_35	1684170209012	1684170209191	OK	 
REQUEST		request_19	1684170208744	1684170209593	KO	status.find.in([200, 209], 304), found 400
REQUEST		request_20	1684170208743	1684170210196	KO	status.find.in([200, 209], 304), found 400
USER	flujoReusoCheckOut	START	1684170210439
REQUEST		request_0	1684170210438	1684170210589	OK	 
REQUEST		request_10	1684170210573	1684170210648	OK	 
REQUEST		request_1	1684170212590	1684170212600	OK	 
REQUEST		request_5	1684170212601	1684170212610	OK	 
REQUEST		request_6	1684170212601	1684170212687	OK	 
REQUEST		request_2	1684170212602	1684170212766	OK	 
REQUEST		request_3	1684170212602	1684170212771	OK	 
REQUEST		request_11	1684170215649	1684170215659	OK	 
REQUEST		request_12	1684170215660	1684170215730	OK	 
REQUEST		request_13	1684170215661	1684170215811	OK	 
REQUEST		request_15	1684170215663	1684170215815	OK	 
REQUEST		request_17	1684170215660	1684170215821	OK	 
REQUEST		request_16	1684170215663	1684170215826	OK	 
REQUEST		request_14	1684170215662	1684170215853	OK	 
REQUEST		request_4	1684170216772	1684170217025	KO	status.find.in([200, 209], 304), found 400
REQUEST		request_7	1684170218026	1684170218036	OK	 
REQUEST		request_8	1684170218037	1684170218045	OK	 
REQUEST		request_9	1684170218038	1684170218485	KO	status.find.in([200, 209], 304), found 400
REQUEST		request_18	1684170218854	1684170218925	OK	 
REQUEST		request_37	1684170218926	1684170218964	OK	 
REQUEST		request_26	1684170218930	1684170219073	KO	status.find.in([200, 209], 304), found 400
REQUEST		request_28	1684170218931	1684170219105	OK	 
REQUEST		request_30	1684170218931	1684170219111	OK	 
REQUEST		request_25	1684170218930	1684170219119	OK	 
REQUEST		request_19	1684170218930	1684170219153	KO	status.find.in([200, 209], 304), found 400
REQUEST		request_33	1684170219105	1684170219222	KO	status.find.in([200, 209], 304), found 400
REQUEST		request_34	1684170219111	1684170219229	KO	status.find.in([200, 209], 304), found 400
REQUEST		request_29	1684170218931	1684170219247	OK	 
REQUEST		request_35	1684170219119	1684170219275	OK	 
REQUEST		request_36	1684170219153	1684170219337	KO	status.find.in([200, 209], 304), found 400
REQUEST		request_31	1684170219073	1684170219443	KO	status.find.in([200, 209], 304), found 400
REQUEST		request_20	1684170218928	1684170219633	KO	status.find.in([200, 209], 304), found 400
USER	flujoReusoCheckOut	START	1684170220441
REQUEST		request_10	1684170220487	1684170220569	OK	 
REQUEST		request_0	1684170220440	1684170220609	OK	 
REQUEST		request_1	1684170222611	1684170222620	OK	 
REQUEST		request_5	1684170222621	1684170222632	OK	 
REQUEST		request_6	1684170222621	1684170222706	OK	 
REQUEST		request_3	1684170222622	1684170222778	OK	 
REQUEST		request_2	1684170222622	1684170222945	OK	 
REQUEST		request_11	1684170225571	1684170225580	OK	 
REQUEST		request_12	1684170225581	1684170225650	OK	 
REQUEST		request_15	1684170225583	1684170225733	OK	 
REQUEST		request_13	1684170225582	1684170225734	OK	 
REQUEST		request_17	1684170225582	1684170225735	OK	 
REQUEST		request_16	1684170225583	1684170225744	OK	 
REQUEST		request_14	1684170225582	1684170225764	OK	 
REQUEST		request_4	1684170226945	1684170227082	KO	status.find.in([200, 209], 304), found 400
REQUEST		request_7	1684170228083	1684170228093	OK	 
REQUEST		request_8	1684170228094	1684170228103	OK	 
REQUEST		request_9	1684170228094	1684170228223	KO	status.find.in([200, 209], 304), found 400
REQUEST		request_18	1684170228766	1684170228840	OK	 
REQUEST		request_37	1684170228841	1684170228916	OK	 
REQUEST		request_25	1684170228843	1684170228997	OK	 
REQUEST		request_19	1684170228842	1684170229006	KO	status.find.in([200, 209], 304), found 400
REQUEST		request_30	1684170228884	1684170229058	OK	 
REQUEST		request_29	1684170228884	1684170229059	OK	 
REQUEST		request_28	1684170228884	1684170229071	OK	 
REQUEST		request_33	1684170229006	1684170229119	KO	status.find.in([200, 209], 304), found 400
REQUEST		request_31	1684170228998	1684170229122	KO	status.find.in([200, 209], 304), found 400
REQUEST		request_34	1684170229058	1684170229166	KO	status.find.in([200, 209], 304), found 400
REQUEST		request_36	1684170229071	1684170229190	KO	status.find.in([200, 209], 304), found 400
REQUEST		request_35	1684170229060	1684170229216	OK	 
REQUEST		request_20	1684170228842	1684170229311	KO	status.find.in([200, 209], 304), found 400
REQUEST		request_26	1684170228843	1684170230056	KO	status.find.in([200, 209], 304), found 400
REQUEST		request_10	1684170230225	1684170230300	OK	 
REQUEST		request_11	1684170235301	1684170235310	OK	 
REQUEST		request_12	1684170235311	1684170235381	OK	 
REQUEST		request_15	1684170235312	1684170235464	OK	 
REQUEST		request_17	1684170235311	1684170235464	OK	 
REQUEST		request_16	1684170235313	1684170235472	OK	 
REQUEST		request_13	1684170235311	1684170235473	OK	 
REQUEST		request_14	1684170235312	1684170235510	OK	 
REQUEST		request_18	1684170238512	1684170238587	OK	 
REQUEST		request_37	1684170238588	1684170238619	OK	 
REQUEST		request_20	1684170238588	1684170238718	KO	status.find.in([200, 209], 304), found 400
REQUEST		request_26	1684170238589	1684170238724	KO	status.find.in([200, 209], 304), found 400
REQUEST		request_25	1684170238589	1684170238757	OK	 
REQUEST		request_28	1684170238590	1684170238763	OK	 
REQUEST		request_30	1684170238590	1684170238771	OK	 
REQUEST		request_29	1684170238590	1684170238812	OK	 
REQUEST		request_33	1684170238757	1684170238859	KO	status.find.in([200, 209], 304), found 400
REQUEST		request_31	1684170238724	1684170238865	KO	status.find.in([200, 209], 304), found 400
REQUEST		request_34	1684170238763	1684170238882	KO	status.find.in([200, 209], 304), found 400
REQUEST		request_36	1684170238813	1684170238919	KO	status.find.in([200, 209], 304), found 400
REQUEST		request_35	1684170238771	1684170238921	OK	 
REQUEST		request_19	1684170238589	1684170239043	KO	status.find.in([200, 209], 304), found 400
REQUEST		request_39	1684170257882	1684170258397	OK	 
REQUEST		request_40	1684170258563	1684170259037	OK	 
REQUEST		request_63	1684170258420	1684170259048	OK	 
REQUEST		request_61	1684170258419	1684170259109	OK	 
REQUEST		request_50	1684170258399	1684170259145	OK	 
REQUEST		request_53	1684170258526	1684170259146	KO	status.find.in([200, 209], 304), found 400
REQUEST		request_62	1684170258527	1684170259183	KO	status.find.in([200, 209], 304), found 400
REQUEST		request_52	1684170258526	1684170259190	OK	 
REQUEST		request_60	1684170258527	1684170259200	OK	 
REQUEST		request_58	1684170258526	1684170259240	OK	 
REQUEST		request_44	1684170258564	1684170259245	OK	 
REQUEST		request_59	1684170258527	1684170259290	KO	status.find.in([200, 209], 304), found 400
REQUEST		request_45	1684170258564	1684170259291	OK	 
REQUEST		request_64	1684170259146	1684170259312	OK	 
REQUEST		request_65	1684170259184	1684170259323	KO	status.find.in([200, 209], 304), found 400
REQUEST		request_49	1684170258491	1684170259474	OK	 
REQUEST		request_46	1684170258491	1684170259487	OK	 
REQUEST		request_47	1684170258527	1684170259534	OK	 
REQUEST		request_48	1684170258456	1684170259680	OK	 
REQUEST		request_56	1684170258456	1684170259957	OK	 
REQUEST		request_54	1684170258420	1684170260106	OK	 
REQUEST		request_66	1684170263108	1684170263281	OK	 
REQUEST		request_69	1684170263283	1684170263290	OK	 
REQUEST		request_39	1684170266057	1684170266301	OK	 
REQUEST		request_63	1684170266304	1684170266418	OK	 
REQUEST		request_53	1684170266307	1684170266477	KO	status.find.in([200, 209], 304), found 400
REQUEST		request_62	1684170266309	1684170266477	KO	status.find.in([200, 209], 304), found 400
REQUEST		request_59	1684170266308	1684170266478	KO	status.find.in([200, 209], 304), found 400
REQUEST		request_61	1684170266303	1684170266478	OK	 
REQUEST		request_58	1684170266308	1684170266489	OK	 
REQUEST		request_54	1684170266304	1684170266490	OK	 
REQUEST		request_60	1684170266308	1684170266491	OK	 
REQUEST		request_49	1684170266305	1684170266493	OK	 
REQUEST		request_50	1684170266303	1684170266494	OK	 
REQUEST		request_56	1684170266304	1684170266497	OK	 
REQUEST		request_48	1684170266304	1684170266510	OK	 
REQUEST		request_52	1684170266305	1684170266534	OK	 
REQUEST		request_46	1684170266305	1684170266541	OK	 
REQUEST		request_47	1684170266309	1684170266550	OK	 
REQUEST		request_65	1684170266477	1684170266716	KO	status.find.in([200, 209], 304), found 400
REQUEST		request_64	1684170266477	1684170266717	OK	 
REQUEST		request_40	1684170266309	1684170266717	OK	 
REQUEST		request_45	1684170266310	1684170266717	OK	 
REQUEST		request_44	1684170266309	1684170266717	OK	 
REQUEST		request_74	1684170267292	1684170267637	OK	 
REQUEST		request_76	1684170267637	1684170267644	OK	 
REQUEST		request_75	1684170267637	1684170268145	KO	status.find.in([200, 209], 304), found 400
REQUEST		request_66	1684170269719	1684170269867	OK	 
REQUEST		request_69	1684170269868	1684170269876	OK	 
REQUEST		request_79	1684170270146	1684170270306	OK	 
REQUEST		request_80	1684170270306	1684170270436	KO	status.find.in([200, 209], 304), found 400
REQUEST		request_81	1684170271439	1684170271614	OK	 
REQUEST		request_82	1684170271615	1684170271745	KO	status.find.in([200, 209], 304), found 400
REQUEST		request_83	1684170273747	1684170273911	OK	 
REQUEST		request_84	1684170273912	1684170274018	KO	status.find.in([200, 209], 304), found 400
REQUEST		request_74	1684170273877	1684170274026	OK	 
REQUEST		request_76	1684170274027	1684170274039	OK	 
REQUEST		request_75	1684170274027	1684170274165	KO	status.find.in([200, 209], 304), found 400
REQUEST		request_39	1684170274507	1684170274742	OK	 
REQUEST		request_63	1684170274744	1684170274841	OK	 
REQUEST		request_61	1684170274744	1684170274904	OK	 
REQUEST		request_59	1684170274747	1684170274911	KO	status.find.in([200, 209], 304), found 400
REQUEST		request_62	1684170274747	1684170274914	KO	status.find.in([200, 209], 304), found 400
REQUEST		request_53	1684170274746	1684170274922	KO	status.find.in([200, 209], 304), found 400
REQUEST		request_60	1684170274747	1684170274922	OK	 
REQUEST		request_52	1684170274746	1684170274923	OK	 
REQUEST		request_50	1684170274743	1684170274924	OK	 
REQUEST		request_58	1684170274746	1684170274944	OK	 
REQUEST		request_49	1684170274745	1684170274972	OK	 
REQUEST		request_44	1684170274748	1684170275019	OK	 
REQUEST		request_46	1684170274746	1684170275022	OK	 
REQUEST		request_40	1684170274748	1684170275022	OK	 
REQUEST		request_45	1684170274748	1684170275025	OK	 
REQUEST		request_65	1684170274915	1684170275042	KO	status.find.in([200, 209], 304), found 400
REQUEST		request_48	1684170274745	1684170275060	OK	 
REQUEST		request_64	1684170274911	1684170275062	OK	 
REQUEST		request_56	1684170274745	1684170275235	OK	 
REQUEST		request_54	1684170274745	1684170275265	OK	 
REQUEST		request_47	1684170274747	1684170275267	OK	 
REQUEST		request_85	1684170276019	1684170276167	OK	 
REQUEST		request_86	1684170276168	1684170276273	KO	status.find.in([200, 209], 304), found 400
REQUEST		request_79	1684170276167	1684170276323	OK	 
REQUEST		request_80	1684170276324	1684170276435	KO	status.find.in([200, 209], 304), found 400
REQUEST		request_81	1684170277437	1684170277596	OK	 
REQUEST		request_82	1684170277596	1684170277695	KO	status.find.in([200, 209], 304), found 400
REQUEST		request_87	1684170278275	1684170278423	OK	 
REQUEST		request_66	1684170278269	1684170278473	OK	 
REQUEST		request_69	1684170278474	1684170278480	OK	 
REQUEST		request_88	1684170278424	1684170278555	KO	status.find.in([200, 209], 304), found 400
REQUEST		request_89	1684170278424	1684170278569	OK	 
REQUEST		request_90	1684170278424	1684170278694	KO	status.find.in([200, 209], 304), found 400
REQUEST		request_83	1684170279696	1684170279850	OK	 
REQUEST		request_91	1684170279696	1684170279852	OK	 
REQUEST		request_84	1684170279851	1684170279948	KO	status.find.in([200, 209], 304), found 400
REQUEST		request_92	1684170279852	1684170279954	KO	status.find.in([200, 209], 304), found 400
REQUEST		request_93	1684170280956	1684170281133	OK	 
REQUEST		request_99	1684170281134	1684170281179	OK	 
REQUEST		request_102	1684170281141	1684170281255	KO	status.find.in([200, 209], 304), found 400
REQUEST		request_101	1684170281141	1684170281293	OK	 
REQUEST		request_95	1684170281134	1684170281442	KO	status.find.in([200, 209], 304), found 400
REQUEST		request_97	1684170281178	1684170281954	OK	 
REQUEST		request_98	1684170281178	1684170281954	OK	 
REQUEST		request_100	1684170281179	1684170281981	OK	 
REQUEST		request_85	1684170281950	1684170282102	OK	 
REQUEST		request_94	1684170281141	1684170282134	OK	 
USER	flujoReusoCheckOut	END	1684170282139
REQUEST		request_86	1684170282103	1684170282202	KO	status.find.in([200, 209], 304), found 400
REQUEST		request_74	1684170282482	1684170282635	OK	 
REQUEST		request_76	1684170282636	1684170282643	OK	 
REQUEST		request_75	1684170282636	1684170282751	KO	status.find.in([200, 209], 304), found 400
REQUEST		request_87	1684170284205	1684170284363	OK	 
REQUEST		request_90	1684170284365	1684170284475	KO	status.find.in([200, 209], 304), found 400
REQUEST		request_89	1684170284364	1684170284546	OK	 
REQUEST		request_88	1684170284364	1684170284564	KO	status.find.in([200, 209], 304), found 400
REQUEST		request_39	1684170284450	1684170284684	OK	 
REQUEST		request_63	1684170284686	1684170284784	OK	 
REQUEST		request_46	1684170284687	1684170284834	OK	 
REQUEST		request_53	1684170284688	1684170284837	KO	status.find.in([200, 209], 304), found 400
REQUEST		request_59	1684170284688	1684170284837	KO	status.find.in([200, 209], 304), found 400
REQUEST		request_62	1684170284689	1684170284838	KO	status.find.in([200, 209], 304), found 400
REQUEST		request_61	1684170284686	1684170284838	OK	 
REQUEST		request_49	1684170284687	1684170284847	OK	 
REQUEST		request_58	1684170284688	1684170284869	OK	 
REQUEST		request_48	1684170284687	1684170284880	OK	 
REQUEST		request_50	1684170284685	1684170284880	OK	 
REQUEST		request_60	1684170284688	1684170284880	OK	 
REQUEST		request_52	1684170284688	1684170284892	OK	 
REQUEST		request_79	1684170284753	1684170284916	OK	 
REQUEST		request_65	1684170284837	1684170284953	KO	status.find.in([200, 209], 304), found 400
REQUEST		request_40	1684170284689	1684170284964	OK	 
REQUEST		request_45	1684170284690	1684170284976	OK	 
REQUEST		request_44	1684170284689	1684170285008	OK	 
REQUEST		request_47	1684170284689	1684170285056	OK	 
REQUEST		request_64	1684170284837	1684170285056	OK	 
REQUEST		request_54	1684170284686	1684170285078	OK	 
REQUEST		request_56	1684170284686	1684170285135	OK	 
REQUEST		request_80	1684170284917	1684170285237	KO	status.find.in([200, 209], 304), found 400
REQUEST		request_91	1684170285565	1684170285718	OK	 
REQUEST		request_92	1684170285718	1684170285921	KO	status.find.in([200, 209], 304), found 400
REQUEST		request_81	1684170286239	1684170286375	OK	 
REQUEST		request_82	1684170286376	1684170286928	KO	status.find.in([200, 209], 304), found 400
REQUEST		request_93	1684170286923	1684170287075	OK	 
REQUEST		request_99	1684170287076	1684170287087	OK	 
REQUEST		request_102	1684170287077	1684170287179	KO	status.find.in([200, 209], 304), found 400
REQUEST		request_98	1684170287078	1684170287188	OK	 
REQUEST		request_97	1684170287078	1684170287192	OK	 
REQUEST		request_100	1684170287078	1684170287203	OK	 
REQUEST		request_101	1684170287077	1684170287230	OK	 
REQUEST		request_94	1684170287077	1684170287330	OK	 
REQUEST		request_95	1684170287076	1684170287378	KO	status.find.in([200, 209], 304), found 400
USER	flujoReusoCheckOut	END	1684170287380
REQUEST		request_66	1684170288136	1684170288295	OK	 
REQUEST		request_69	1684170288295	1684170288304	OK	 
REQUEST		request_83	1684170288930	1684170289431	OK	 
REQUEST		request_84	1684170289431	1684170289543	KO	status.find.in([200, 209], 304), found 400
REQUEST		request_85	1684170291545	1684170291695	OK	 
REQUEST		request_86	1684170291696	1684170291806	KO	status.find.in([200, 209], 304), found 400
REQUEST		request_74	1684170292307	1684170292463	OK	 
REQUEST		request_76	1684170292464	1684170292473	OK	 
REQUEST		request_75	1684170292464	1684170292603	KO	status.find.in([200, 209], 304), found 400
REQUEST		request_87	1684170293808	1684170293957	OK	 
REQUEST		request_39	1684170293794	1684170294046	OK	 
REQUEST		request_88	1684170293957	1684170294063	KO	status.find.in([200, 209], 304), found 400
REQUEST		request_90	1684170293958	1684170294095	KO	status.find.in([200, 209], 304), found 400
REQUEST		request_89	1684170293958	1684170294115	OK	 
REQUEST		request_63	1684170294050	1684170294150	OK	 
REQUEST		request_46	1684170294054	1684170294189	OK	 
REQUEST		request_59	1684170294056	1684170294191	KO	status.find.in([200, 209], 304), found 400
REQUEST		request_53	1684170294056	1684170294203	KO	status.find.in([200, 209], 304), found 400
REQUEST		request_61	1684170294049	1684170294212	OK	 
REQUEST		request_49	1684170294054	1684170294217	OK	 
REQUEST		request_54	1684170294050	1684170294231	OK	 
REQUEST		request_62	1684170294057	1684170294239	KO	status.find.in([200, 209], 304), found 400
REQUEST		request_52	1684170294056	1684170294240	OK	 
REQUEST		request_50	1684170294047	1684170294256	OK	 
REQUEST		request_58	1684170294056	1684170294259	OK	 
REQUEST		request_48	1684170294052	1684170294263	OK	 
REQUEST		request_60	1684170294057	1684170294263	OK	 
REQUEST		request_56	1684170294052	1684170294263	OK	 
REQUEST		request_44	1684170294059	1684170294302	OK	 
REQUEST		request_65	1684170294204	1684170294306	KO	status.find.in([200, 209], 304), found 400
REQUEST		request_40	1684170294059	1684170294312	OK	 
REQUEST		request_45	1684170294059	1684170294338	OK	 
REQUEST		request_47	1684170294057	1684170294389	OK	 
REQUEST		request_64	1684170294191	1684170294434	OK	 
REQUEST		request_79	1684170294604	1684170294786	OK	 
REQUEST		request_80	1684170294786	1684170294900	KO	status.find.in([200, 209], 304), found 400
REQUEST		request_91	1684170295118	1684170295320	OK	 
REQUEST		request_92	1684170295321	1684170295472	KO	status.find.in([200, 209], 304), found 400
REQUEST		request_81	1684170295902	1684170296047	OK	 
REQUEST		request_82	1684170296048	1684170296155	KO	status.find.in([200, 209], 304), found 400
REQUEST		request_93	1684170296474	1684170296627	OK	 
REQUEST		request_99	1684170296628	1684170296636	OK	 
REQUEST		request_95	1684170296628	1684170296727	KO	status.find.in([200, 209], 304), found 400
REQUEST		request_98	1684170296630	1684170296737	OK	 
REQUEST		request_100	1684170296630	1684170296747	OK	 
REQUEST		request_101	1684170296629	1684170296788	OK	 
REQUEST		request_94	1684170296629	1684170296799	OK	 
REQUEST		request_97	1684170296630	1684170296843	OK	 
REQUEST		request_102	1684170296629	1684170297436	KO	status.find.in([200, 209], 304), found 400
USER	flujoReusoCheckOut	END	1684170297443
REQUEST		request_66	1684170297435	1684170297582	OK	 
REQUEST		request_69	1684170297583	1684170297592	OK	 
REQUEST		request_83	1684170298157	1684170298304	OK	 
REQUEST		request_84	1684170298305	1684170298425	KO	status.find.in([200, 209], 304), found 400
REQUEST		request_85	1684170300426	1684170300583	OK	 
REQUEST		request_86	1684170300584	1684170300697	KO	status.find.in([200, 209], 304), found 400
REQUEST		request_74	1684170301593	1684170301765	OK	 
REQUEST		request_76	1684170301766	1684170301774	OK	 
REQUEST		request_75	1684170301766	1684170301897	KO	status.find.in([200, 209], 304), found 400
REQUEST		request_87	1684170302699	1684170302937	OK	 
REQUEST		request_90	1684170302938	1684170303076	KO	status.find.in([200, 209], 304), found 400
REQUEST		request_89	1684170302938	1684170303086	OK	 
REQUEST		request_88	1684170302938	1684170303115	KO	status.find.in([200, 209], 304), found 400
REQUEST		request_39	1684170303786	1684170304029	OK	 
REQUEST		request_79	1684170303899	1684170304078	OK	 
REQUEST		request_80	1684170304079	1684170304179	KO	status.find.in([200, 209], 304), found 400
REQUEST		request_59	1684170304035	1684170304240	KO	status.find.in([200, 209], 304), found 400
REQUEST		request_53	1684170304034	1684170304263	KO	status.find.in([200, 209], 304), found 400
REQUEST		request_58	1684170304035	1684170304264	OK	 
REQUEST		request_60	1684170304035	1684170304268	OK	 
REQUEST		request_62	1684170304036	1684170304271	KO	status.find.in([200, 209], 304), found 400
REQUEST		request_52	1684170304033	1684170304280	OK	 
REQUEST		request_91	1684170304116	1684170304284	OK	 
REQUEST		request_64	1684170304240	1684170304384	OK	 
REQUEST		request_92	1684170304285	1684170304389	KO	status.find.in([200, 209], 304), found 400
REQUEST		request_65	1684170304263	1684170304389	KO	status.find.in([200, 209], 304), found 400
REQUEST		request_40	1684170304036	1684170304482	OK	 
REQUEST		request_63	1684170304031	1684170305147	OK	 
REQUEST		request_46	1684170304032	1684170305158	OK	 
REQUEST		request_49	1684170304032	1684170305185	OK	 
REQUEST		request_61	1684170304031	1684170305209	OK	 
REQUEST		request_47	1684170304036	1684170305213	OK	 
REQUEST		request_54	1684170304031	1684170305213	OK	 
REQUEST		request_50	1684170304030	1684170305230	OK	 
REQUEST		request_56	1684170304032	1684170305290	OK	 
REQUEST		request_44	1684170304036	1684170305291	OK	 
REQUEST		request_45	1684170304036	1684170305312	OK	 
REQUEST		request_81	1684170305180	1684170305360	OK	 
REQUEST		request_82	1684170305361	1684170305460	KO	status.find.in([200, 209], 304), found 400
REQUEST		request_48	1684170304032	1684170305515	OK	 
REQUEST		request_93	1684170305390	1684170305650	OK	 
REQUEST		request_99	1684170305650	1684170305661	OK	 
REQUEST		request_102	1684170305651	1684170305751	KO	status.find.in([200, 209], 304), found 400
REQUEST		request_95	1684170305651	1684170305751	KO	status.find.in([200, 209], 304), found 400
REQUEST		request_97	1684170305652	1684170305768	OK	 
REQUEST		request_98	1684170305652	1684170305771	OK	 
REQUEST		request_100	1684170305653	1684170305785	OK	 
REQUEST		request_101	1684170305651	1684170305812	OK	 
REQUEST		request_94	1684170305651	1684170305852	OK	 
USER	flujoReusoCheckOut	END	1684170305854
REQUEST		request_83	1684170307461	1684170307604	OK	 
REQUEST		request_84	1684170307605	1684170307773	KO	status.find.in([200, 209], 304), found 400
REQUEST		request_66	1684170308516	1684170308674	OK	 
REQUEST		request_69	1684170308675	1684170308685	OK	 
REQUEST		request_85	1684170309774	1684170309929	OK	 
REQUEST		request_86	1684170309930	1684170310026	KO	status.find.in([200, 209], 304), found 400
REQUEST		request_87	1684170312027	1684170312235	OK	 
REQUEST		request_88	1684170312235	1684170312489	KO	status.find.in([200, 209], 304), found 400
REQUEST		request_89	1684170312235	1684170312490	OK	 
REQUEST		request_90	1684170312236	1684170312490	KO	status.find.in([200, 209], 304), found 400
REQUEST		request_74	1684170312686	1684170312861	OK	 
REQUEST		request_76	1684170312862	1684170312869	OK	 
REQUEST		request_75	1684170312862	1684170312975	KO	status.find.in([200, 209], 304), found 400
REQUEST		request_91	1684170313491	1684170313719	OK	 
REQUEST		request_92	1684170313719	1684170313838	KO	status.find.in([200, 209], 304), found 400
REQUEST		request_39	1684170314204	1684170314438	OK	 
REQUEST		request_63	1684170314440	1684170314534	OK	 
REQUEST		request_46	1684170314441	1684170314561	OK	 
REQUEST		request_62	1684170314442	1684170314571	KO	status.find.in([200, 209], 304), found 400
REQUEST		request_49	1684170314441	1684170314591	OK	 
REQUEST		request_59	1684170314442	1684170314592	KO	status.find.in([200, 209], 304), found 400
REQUEST		request_53	1684170314441	1684170314593	KO	status.find.in([200, 209], 304), found 400
REQUEST		request_45	1684170314443	1684170314597	OK	 
REQUEST		request_61	1684170314439	1684170314597	OK	 
REQUEST		request_52	1684170314441	1684170314624	OK	 
REQUEST		request_60	1684170314442	1684170314624	OK	 
REQUEST		request_56	1684170314440	1684170314630	OK	 
REQUEST		request_54	1684170314440	1684170314630	OK	 
REQUEST		request_50	1684170314439	1684170314631	OK	 
REQUEST		request_47	1684170314442	1684170314634	OK	 
REQUEST		request_48	1684170314440	1684170314638	OK	 
REQUEST		request_58	1684170314441	1684170314650	OK	 
REQUEST		request_44	1684170314443	1684170314685	OK	 
REQUEST		request_65	1684170314592	1684170314701	KO	status.find.in([200, 209], 304), found 400
REQUEST		request_40	1684170314443	1684170314704	OK	 
REQUEST		request_64	1684170314571	1684170314716	OK	 
REQUEST		request_93	1684170314839	1684170314975	OK	 
REQUEST		request_99	1684170314976	1684170314983	OK	 
REQUEST		request_102	1684170314977	1684170315074	KO	status.find.in([200, 209], 304), found 400
REQUEST		request_95	1684170314976	1684170315083	KO	status.find.in([200, 209], 304), found 400
REQUEST		request_97	1684170314979	1684170315094	OK	 
REQUEST		request_100	1684170314980	1684170315105	OK	 
REQUEST		request_79	1684170314976	1684170315128	OK	 
REQUEST		request_101	1684170314977	1684170315129	OK	 
REQUEST		request_94	1684170314977	1684170315179	OK	 
REQUEST		request_98	1684170314979	1684170315179	OK	 
USER	flujoReusoCheckOut	END	1684170315182
REQUEST		request_80	1684170315129	1684170315244	KO	status.find.in([200, 209], 304), found 400
REQUEST		request_81	1684170316245	1684170316410	OK	 
REQUEST		request_82	1684170316411	1684170316523	KO	status.find.in([200, 209], 304), found 400
REQUEST		request_66	1684170317718	1684170317903	OK	 
REQUEST		request_69	1684170317904	1684170317911	OK	 
REQUEST		request_83	1684170318524	1684170318669	OK	 
REQUEST		request_84	1684170318669	1684170318804	KO	status.find.in([200, 209], 304), found 400
REQUEST		request_85	1684170320805	1684170320963	OK	 
REQUEST		request_86	1684170320964	1684170321083	KO	status.find.in([200, 209], 304), found 400
REQUEST		request_74	1684170321913	1684170322098	OK	 
REQUEST		request_76	1684170322098	1684170322106	OK	 
REQUEST		request_75	1684170322099	1684170322201	KO	status.find.in([200, 209], 304), found 400
REQUEST		request_87	1684170323085	1684170323264	OK	 
REQUEST		request_90	1684170323265	1684170323549	KO	status.find.in([200, 209], 304), found 400
REQUEST		request_89	1684170323265	1684170323549	OK	 
REQUEST		request_88	1684170323265	1684170323717	KO	status.find.in([200, 209], 304), found 400
REQUEST		request_39	1684170323636	1684170323868	OK	 
REQUEST		request_63	1684170323870	1684170324063	OK	 
REQUEST		request_46	1684170323871	1684170324085	OK	 
REQUEST		request_53	1684170323872	1684170324085	KO	status.find.in([200, 209], 304), found 400
REQUEST		request_62	1684170323873	1684170324116	KO	status.find.in([200, 209], 304), found 400
REQUEST		request_61	1684170323869	1684170324120	OK	 
REQUEST		request_47	1684170323873	1684170324132	OK	 
REQUEST		request_60	1684170323873	1684170324136	OK	 
REQUEST		request_40	1684170323874	1684170324139	OK	 
REQUEST		request_52	1684170323872	1684170324140	OK	 
REQUEST		request_48	1684170323871	1684170324144	OK	 
REQUEST		request_50	1684170323869	1684170324149	OK	 
REQUEST		request_58	1684170323872	1684170324150	OK	 
REQUEST		request_49	1684170323871	1684170324191	OK	 
REQUEST		request_54	1684170323870	1684170324204	OK	 
REQUEST		request_44	1684170323874	1684170324210	OK	 
REQUEST		request_59	1684170323873	1684170324212	KO	status.find.in([200, 209], 304), found 400
REQUEST		request_65	1684170324117	1684170324218	KO	status.find.in([200, 209], 304), found 400
REQUEST		request_64	1684170324085	1684170324240	OK	 
REQUEST		request_56	1684170323870	1684170324275	OK	 
REQUEST		request_45	1684170323963	1684170324324	OK	 
REQUEST		request_79	1684170324202	1684170324344	OK	 
REQUEST		request_80	1684170324345	1684170324440	KO	status.find.in([200, 209], 304), found 400
REQUEST		request_91	1684170324718	1684170324908	OK	 
REQUEST		request_92	1684170324909	1684170325021	KO	status.find.in([200, 209], 304), found 400
REQUEST		request_81	1684170325441	1684170325600	OK	 
REQUEST		request_82	1684170325600	1684170325720	KO	status.find.in([200, 209], 304), found 400
REQUEST		request_93	1684170326023	1684170326166	OK	 
REQUEST		request_99	1684170326167	1684170326177	OK	 
REQUEST		request_102	1684170326168	1684170326272	KO	status.find.in([200, 209], 304), found 400
REQUEST		request_97	1684170326168	1684170326273	OK	 
REQUEST		request_95	1684170326167	1684170326280	KO	status.find.in([200, 209], 304), found 400
REQUEST		request_98	1684170326168	1684170326282	OK	 
REQUEST		request_101	1684170326167	1684170326329	OK	 
REQUEST		request_94	1684170326168	1684170326358	OK	 
REQUEST		request_100	1684170326169	1684170326416	OK	 
USER	flujoReusoCheckOut	END	1684170326421
REQUEST		request_66	1684170327326	1684170327484	OK	 
REQUEST		request_69	1684170327485	1684170327493	OK	 
REQUEST		request_83	1684170327721	1684170327890	OK	 
REQUEST		request_84	1684170327890	1684170327997	KO	status.find.in([200, 209], 304), found 400
REQUEST		request_85	1684170329998	1684170330171	OK	 
REQUEST		request_86	1684170330172	1684170330276	KO	status.find.in([200, 209], 304), found 400
REQUEST		request_74	1684170331496	1684170331871	OK	 
REQUEST		request_76	1684170331872	1684170331892	OK	 
REQUEST		request_75	1684170331872	1684170332396	KO	status.find.in([200, 209], 304), found 400
REQUEST		request_87	1684170332277	1684170332967	OK	 
REQUEST		request_88	1684170332967	1684170333184	KO	status.find.in([200, 209], 304), found 400
REQUEST		request_89	1684170332968	1684170333184	OK	 
REQUEST		request_90	1684170332968	1684170333184	KO	status.find.in([200, 209], 304), found 400
REQUEST		request_39	1684170334058	1684170334299	OK	 
REQUEST		request_91	1684170334185	1684170334326	OK	 
REQUEST		request_63	1684170334318	1684170334418	OK	 
REQUEST		request_92	1684170334327	1684170334426	KO	status.find.in([200, 209], 304), found 400
REQUEST		request_49	1684170334321	1684170334454	OK	 
REQUEST		request_53	1684170334324	1684170334458	KO	status.find.in([200, 209], 304), found 400
REQUEST		request_59	1684170334325	1684170334462	KO	status.find.in([200, 209], 304), found 400
REQUEST		request_62	1684170334325	1684170334469	KO	status.find.in([200, 209], 304), found 400
REQUEST		request_61	1684170334317	1684170334497	OK	 
REQUEST		request_47	1684170334325	1684170334511	OK	 
REQUEST		request_48	1684170334320	1684170334512	OK	 
REQUEST		request_58	1684170334325	1684170334512	OK	 
REQUEST		request_54	1684170334318	1684170334512	OK	 
REQUEST		request_52	1684170334323	1684170334512	OK	 
REQUEST		request_46	1684170334322	1684170334514	OK	 
REQUEST		request_56	1684170334320	1684170334519	OK	 
REQUEST		request_50	1684170334300	1684170334522	OK	 
REQUEST		request_60	1684170334325	1684170334533	OK	 
REQUEST		request_65	1684170334462	1684170334566	KO	status.find.in([200, 209], 304), found 400
REQUEST		request_44	1684170334327	1684170334573	OK	 
REQUEST		request_79	1684170334398	1684170334589	OK	 
REQUEST		request_40	1684170334327	1684170334601	OK	 
REQUEST		request_64	1684170334458	1684170334602	OK	 
REQUEST		request_45	1684170334327	1684170334616	OK	 
REQUEST		request_80	1684170334589	1684170334703	KO	status.find.in([200, 209], 304), found 400
REQUEST		request_93	1684170335427	1684170335911	OK	 
REQUEST		request_81	1684170335705	1684170335911	OK	 
REQUEST		request_99	1684170335912	1684170335928	OK	 
REQUEST		request_102	1684170335913	1684170336120	KO	status.find.in([200, 209], 304), found 400
REQUEST		request_98	1684170335914	1684170336121	OK	 
REQUEST		request_95	1684170335912	1684170336122	KO	status.find.in([200, 209], 304), found 400
REQUEST		request_97	1684170335914	1684170336123	OK	 
REQUEST		request_100	1684170335915	1684170336133	OK	 
REQUEST		request_82	1684170335912	1684170336135	KO	status.find.in([200, 209], 304), found 400
REQUEST		request_94	1684170335913	1684170336166	OK	 
REQUEST		request_101	1684170335913	1684170336166	OK	 
USER	flujoReusoCheckOut	END	1684170336168
REQUEST		request_66	1684170337617	1684170337759	OK	 
REQUEST		request_69	1684170337759	1684170337768	OK	 
REQUEST		request_83	1684170338137	1684170338285	OK	 
REQUEST		request_84	1684170338285	1684170338909	KO	status.find.in([200, 209], 304), found 400
REQUEST		request_85	1684170340910	1684170341367	OK	 
REQUEST		request_86	1684170341368	1684170341472	KO	status.find.in([200, 209], 304), found 400
REQUEST		request_74	1684170341769	1684170341982	OK	 
REQUEST		request_76	1684170341982	1684170341990	OK	 
REQUEST		request_75	1684170341982	1684170342111	KO	status.find.in([200, 209], 304), found 400
REQUEST		request_39	1684170343044	1684170343783	OK	 
REQUEST		request_87	1684170343474	1684170343784	OK	 
REQUEST		request_63	1684170343786	1684170343882	OK	 
REQUEST		request_90	1684170343784	1684170343885	KO	status.find.in([200, 209], 304), found 400
REQUEST		request_88	1684170343784	1684170343918	KO	status.find.in([200, 209], 304), found 400
REQUEST		request_89	1684170343784	1684170343953	OK	 
REQUEST		request_59	1684170343788	1684170343953	KO	status.find.in([200, 209], 304), found 400
REQUEST		request_62	1684170343788	1684170343953	KO	status.find.in([200, 209], 304), found 400
REQUEST		request_61	1684170343785	1684170343958	OK	 
REQUEST		request_53	1684170343787	1684170343959	KO	status.find.in([200, 209], 304), found 400
REQUEST		request_54	1684170343786	1684170343972	OK	 
REQUEST		request_50	1684170343785	1684170343976	OK	 
REQUEST		request_56	1684170343786	1684170344004	OK	 
REQUEST		request_60	1684170343788	1684170344006	OK	 
REQUEST		request_47	1684170343788	1684170344007	OK	 
REQUEST		request_52	1684170343787	1684170344009	OK	 
REQUEST		request_49	1684170343787	1684170344014	OK	 
REQUEST		request_58	1684170343788	1684170344020	OK	 
REQUEST		request_46	1684170343787	1684170344021	OK	 
REQUEST		request_40	1684170343789	1684170344070	OK	 
REQUEST		request_65	1684170343953	1684170344070	KO	status.find.in([200, 209], 304), found 400
REQUEST		request_45	1684170343789	1684170344086	OK	 
REQUEST		request_64	1684170343953	1684170344103	OK	 
REQUEST		request_44	1684170343789	1684170344113	OK	 
REQUEST		request_48	1684170343786	1684170344133	OK	 
REQUEST		request_79	1684170344112	1684170344272	OK	 
REQUEST		request_80	1684170344272	1684170344379	KO	status.find.in([200, 209], 304), found 400
REQUEST		request_91	1684170344954	1684170345093	OK	 
REQUEST		request_92	1684170345094	1684170345244	KO	status.find.in([200, 209], 304), found 400
REQUEST		request_81	1684170345382	1684170345525	OK	 
REQUEST		request_82	1684170345526	1684170345641	KO	status.find.in([200, 209], 304), found 400
REQUEST		request_93	1684170346246	1684170346387	OK	 
REQUEST		request_99	1684170346388	1684170346396	OK	 
REQUEST		request_98	1684170346391	1684170346500	OK	 
REQUEST		request_97	1684170346391	1684170346505	OK	 
REQUEST		request_102	1684170346389	1684170346561	KO	status.find.in([200, 209], 304), found 400
REQUEST		request_95	1684170346388	1684170346561	KO	status.find.in([200, 209], 304), found 400
REQUEST		request_101	1684170346389	1684170346561	OK	 
REQUEST		request_100	1684170346391	1684170346572	OK	 
REQUEST		request_94	1684170346389	1684170346581	OK	 
USER	flujoReusoCheckOut	END	1684170346584
REQUEST		request_66	1684170347135	1684170347511	OK	 
REQUEST		request_69	1684170347511	1684170347518	OK	 
REQUEST		request_83	1684170347643	1684170347795	OK	 
REQUEST		request_84	1684170347796	1684170347897	KO	status.find.in([200, 209], 304), found 400
REQUEST		request_85	1684170349899	1684170350040	OK	 
REQUEST		request_86	1684170350040	1684170350155	KO	status.find.in([200, 209], 304), found 400
REQUEST		request_74	1684170351521	1684170351671	OK	 
REQUEST		request_76	1684170351672	1684170351679	OK	 
REQUEST		request_75	1684170351672	1684170351777	KO	status.find.in([200, 209], 304), found 400
REQUEST		request_87	1684170352157	1684170352308	OK	 
REQUEST		request_90	1684170352309	1684170352411	KO	status.find.in([200, 209], 304), found 400
REQUEST		request_88	1684170352309	1684170352443	KO	status.find.in([200, 209], 304), found 400
REQUEST		request_89	1684170352309	1684170352451	OK	 
REQUEST		request_91	1684170353453	1684170353618	OK	 
REQUEST		request_92	1684170353618	1684170353722	KO	status.find.in([200, 209], 304), found 400
REQUEST		request_79	1684170353780	1684170353962	OK	 
REQUEST		request_80	1684170353963	1684170354147	KO	status.find.in([200, 209], 304), found 400
REQUEST		request_93	1684170354724	1684170354882	OK	 
REQUEST		request_99	1684170354883	1684170354890	OK	 
REQUEST		request_102	1684170354883	1684170354985	KO	status.find.in([200, 209], 304), found 400
REQUEST		request_95	1684170354883	1684170354990	KO	status.find.in([200, 209], 304), found 400
REQUEST		request_97	1684170354884	1684170354998	OK	 
REQUEST		request_98	1684170354884	1684170355007	OK	 
REQUEST		request_100	1684170354885	1684170355010	OK	 
REQUEST		request_101	1684170354883	1684170355041	OK	 
REQUEST		request_94	1684170354884	1684170355086	OK	 
USER	flujoReusoCheckOut	END	1684170355089
REQUEST		request_81	1684170355148	1684170355292	OK	 
REQUEST		request_82	1684170355292	1684170355392	KO	status.find.in([200, 209], 304), found 400
REQUEST		request_83	1684170357394	1684170357536	OK	 
REQUEST		request_84	1684170357537	1684170357643	KO	status.find.in([200, 209], 304), found 400
REQUEST		request_85	1684170359645	1684170359784	OK	 
REQUEST		request_86	1684170359784	1684170359887	KO	status.find.in([200, 209], 304), found 400
REQUEST		request_87	1684170361888	1684170362042	OK	 
REQUEST		request_90	1684170362043	1684170362155	KO	status.find.in([200, 209], 304), found 400
REQUEST		request_88	1684170362043	1684170362165	KO	status.find.in([200, 209], 304), found 400
REQUEST		request_89	1684170362043	1684170362183	OK	 
REQUEST		request_91	1684170363185	1684170363361	OK	 
REQUEST		request_92	1684170363361	1684170363462	KO	status.find.in([200, 209], 304), found 400
REQUEST		request_93	1684170364463	1684170364603	OK	 
REQUEST		request_99	1684170364604	1684170364611	OK	 
REQUEST		request_102	1684170364605	1684170364711	KO	status.find.in([200, 209], 304), found 400
REQUEST		request_98	1684170364606	1684170364723	OK	 
REQUEST		request_100	1684170364606	1684170364730	OK	 
REQUEST		request_95	1684170364604	1684170364732	KO	status.find.in([200, 209], 304), found 400
REQUEST		request_101	1684170364605	1684170364750	OK	 
REQUEST		request_94	1684170364605	1684170364795	OK	 
REQUEST		request_97	1684170364605	1684170364921	OK	 
USER	flujoReusoCheckOut	END	1684170364924
