RUN	bnpl.flujoReusoCheckOutCorregido	flujoreusocheckoutcorregido	1684164805015	 	3.8.3
USER	flujoReusoCheckOut	START	1684164811600
REQUEST		request_0	1684164811573	1684164811758	OK	 
REQUEST		request_1	1684164817791	1684164817806	OK	 
REQUEST		request_5	1684164817828	1684164817849	OK	 
REQUEST		request_6	1684164817831	1684164817930	OK	 
REQUEST		request_3	1684164817833	1684164818785	OK	 
REQUEST		request_2	1684164817832	1684164818852	OK	 
REQUEST		request_4	1684164817833	1684164819603	KO	status.find.in([200, 209], 304), found 400
REQUEST		request_7	1684164820607	1684164820616	OK	 
REQUEST		request_8	1684164820617	1684164820625	OK	 
REQUEST		request_9	1684164820618	1684164820918	KO	status.find.in([200, 209], 304), found 400
USER	flujoReusoCheckOut	START	1684164821538
REQUEST		request_0	1684164821537	1684164821692	OK	 
REQUEST		request_10	1684164822922	1684164823005	OK	 
REQUEST		request_1	1684164827694	1684164827702	OK	 
REQUEST		request_5	1684164827704	1684164827715	OK	 
REQUEST		request_6	1684164827704	1684164827792	OK	 
REQUEST		request_4	1684164827706	1684164827920	KO	status.find.in([200, 209], 304), found 400
REQUEST		request_2	1684164827705	1684164828011	OK	 
REQUEST		request_11	1684164828008	1684164828017	OK	 
REQUEST		request_3	1684164827705	1684164828073	OK	 
REQUEST		request_12	1684164828019	1684164828106	OK	 
REQUEST		request_15	1684164828045	1684164828226	OK	 
REQUEST		request_13	1684164828021	1684164828230	OK	 
REQUEST		request_16	1684164828046	1684164828232	OK	 
REQUEST		request_14	1684164828045	1684164828246	OK	 
REQUEST		request_17	1684164828020	1684164828454	OK	 
REQUEST		request_7	1684164829075	1684164829114	OK	 
REQUEST		request_8	1684164829115	1684164829123	OK	 
REQUEST		request_9	1684164829116	1684164830452	KO	status.find.in([200, 209], 304), found 400
REQUEST		request_18	1684164831456	1684164831531	OK	 
USER	flujoReusoCheckOut	START	1684164831536
REQUEST		request_0	1684164831535	1684164831692	OK	 
REQUEST		request_37	1684164831534	1684164831771	OK	 
REQUEST		request_29	1684164831737	1684164831931	OK	 
REQUEST		request_25	1684164831735	1684164832010	OK	 
REQUEST		request_28	1684164831736	1684164832047	OK	 
REQUEST		request_30	1684164831737	1684164832090	OK	 
REQUEST		request_26	1684164831735	1684164832460	KO	status.find.in([200, 209], 304), found 400
REQUEST		request_10	1684164832454	1684164832532	OK	 
REQUEST		request_33	1684164832010	1684164832554	KO	status.find.in([200, 209], 304), found 400
REQUEST		request_35	1684164832091	1684164832669	OK	 
REQUEST		request_34	1684164832047	1684164832699	KO	status.find.in([200, 209], 304), found 400
REQUEST		request_36	1684164832460	1684164832821	KO	status.find.in([200, 209], 304), found 400
REQUEST		request_31	1684164831932	1684164832865	KO	status.find.in([200, 209], 304), found 400
REQUEST		request_19	1684164831731	1684164833225	KO	status.find.in([200, 209], 304), found 400
REQUEST		request_20	1684164831698	1684164833426	KO	status.find.in([200, 209], 304), found 400
REQUEST		request_11	1684164837533	1684164837541	OK	 
REQUEST		request_12	1684164837543	1684164837612	OK	 
REQUEST		request_15	1684164837545	1684164837694	OK	 
REQUEST		request_13	1684164837544	1684164837696	OK	 
REQUEST		request_1	1684164837693	1684164837701	OK	 
REQUEST		request_17	1684164837544	1684164837704	OK	 
REQUEST		request_5	1684164837702	1684164837709	OK	 
REQUEST		request_16	1684164837545	1684164837712	OK	 
REQUEST		request_14	1684164837544	1684164837736	OK	 
REQUEST		request_6	1684164837703	1684164837791	OK	 
REQUEST		request_3	1684164837706	1684164837864	OK	 
REQUEST		request_2	1684164837704	1684164837890	OK	 
REQUEST		request_4	1684164837706	1684164837903	KO	status.find.in([200, 209], 304), found 400
REQUEST		request_7	1684164838906	1684164838931	OK	 
REQUEST		request_8	1684164838932	1684164838942	OK	 
REQUEST		request_9	1684164838933	1684164839369	KO	status.find.in([200, 209], 304), found 400
REQUEST		request_18	1684164840738	1684164840814	OK	 
REQUEST		request_37	1684164840817	1684164840857	OK	 
REQUEST		request_25	1684164840820	1684164840978	OK	 
REQUEST		request_28	1684164840821	1684164840984	OK	 
REQUEST		request_30	1684164840822	1684164841002	OK	 
REQUEST		request_26	1684164840821	1684164841094	KO	status.find.in([200, 209], 304), found 400
REQUEST		request_31	1684164840979	1684164841140	KO	status.find.in([200, 209], 304), found 400
REQUEST		request_36	1684164841140	1684164841245	KO	status.find.in([200, 209], 304), found 400
REQUEST		request_35	1684164841095	1684164841264	OK	 
REQUEST		request_29	1684164840822	1684164841318	OK	 
REQUEST		request_34	1684164841003	1684164841358	KO	status.find.in([200, 209], 304), found 400
REQUEST		request_10	1684164841371	1684164841447	OK	 
REQUEST		request_33	1684164840985	1684164841481	KO	status.find.in([200, 209], 304), found 400
USER	flujoReusoCheckOut	START	1684164841538
REQUEST		request_20	1684164840817	1684164841548	KO	status.find.in([200, 209], 304), found 400
REQUEST		request_0	1684164841537	1684164841705	OK	 
REQUEST		request_19	1684164840818	1684164842440	KO	status.find.in([200, 209], 304), found 400
REQUEST		request_11	1684164846450	1684164846459	OK	 
REQUEST		request_12	1684164846461	1684164846531	OK	 
REQUEST		request_15	1684164846463	1684164846616	OK	 
REQUEST		request_13	1684164846462	1684164846621	OK	 
REQUEST		request_16	1684164846463	1684164846627	OK	 
REQUEST		request_14	1684164846463	1684164846638	OK	 
REQUEST		request_17	1684164846462	1684164846657	OK	 
REQUEST		request_1	1684164847706	1684164847714	OK	 
REQUEST		request_5	1684164847715	1684164847723	OK	 
REQUEST		request_6	1684164847716	1684164847800	OK	 
REQUEST		request_4	1684164847718	1684164847843	KO	status.find.in([200, 209], 304), found 400
REQUEST		request_2	1684164847717	1684164847921	OK	 
REQUEST		request_3	1684164847718	1684164848111	OK	 
REQUEST		request_7	1684164849113	1684164849122	OK	 
REQUEST		request_8	1684164849123	1684164849131	OK	 
REQUEST		request_18	1684164849659	1684164849737	OK	 
REQUEST		request_37	1684164849739	1684164849777	OK	 
REQUEST		request_28	1684164849742	1684164849910	OK	 
REQUEST		request_29	1684164849742	1684164849937	OK	 
REQUEST		request_30	1684164849743	1684164849956	OK	 
REQUEST		request_9	1684164849124	1684164849961	KO	status.find.in([200, 209], 304), found 400
REQUEST		request_25	1684164849741	1684164849977	OK	 
REQUEST		request_31	1684164849910	1684164850037	KO	status.find.in([200, 209], 304), found 400
REQUEST		request_33	1684164849937	1684164850075	KO	status.find.in([200, 209], 304), found 400
REQUEST		request_34	1684164849956	1684164850136	KO	status.find.in([200, 209], 304), found 400
REQUEST		request_36	1684164850038	1684164850145	KO	status.find.in([200, 209], 304), found 400
REQUEST		request_35	1684164849977	1684164850150	OK	 
REQUEST		request_19	1684164849740	1684164850163	KO	status.find.in([200, 209], 304), found 400
REQUEST		request_20	1684164849740	1684164850409	KO	status.find.in([200, 209], 304), found 400
REQUEST		request_26	1684164849741	1684164850874	KO	status.find.in([200, 209], 304), found 400
USER	flujoReusoCheckOut	START	1684164851537
REQUEST		request_0	1684164851536	1684164851688	OK	 
REQUEST		request_10	1684164851964	1684164852042	OK	 
REQUEST		request_11	1684164857045	1684164857055	OK	 
REQUEST		request_12	1684164857056	1684164857126	OK	 
REQUEST		request_13	1684164857057	1684164857206	OK	 
REQUEST		request_15	1684164857058	1684164857208	OK	 
REQUEST		request_16	1684164857058	1684164857222	OK	 
REQUEST		request_14	1684164857057	1684164857292	OK	 
REQUEST		request_17	1684164857057	1684164857419	OK	 
REQUEST		request_1	1684164857691	1684164857728	OK	 
REQUEST		request_5	1684164857729	1684164857739	OK	 
REQUEST		request_6	1684164857730	1684164857831	OK	 
REQUEST		request_4	1684164857731	1684164857883	KO	status.find.in([200, 209], 304), found 400
REQUEST		request_2	1684164857730	1684164857899	OK	 
REQUEST		request_3	1684164857731	1684164857958	OK	 
REQUEST		request_7	1684164858959	1684164858968	OK	 
REQUEST		request_8	1684164858969	1684164859011	OK	 
REQUEST		request_9	1684164858970	1684164859103	KO	status.find.in([200, 209], 304), found 400
REQUEST		request_18	1684164860420	1684164860489	OK	 
REQUEST		request_37	1684164860492	1684164860528	OK	 
REQUEST		request_20	1684164860492	1684164860646	KO	status.find.in([200, 209], 304), found 400
REQUEST		request_25	1684164860493	1684164860646	OK	 
REQUEST		request_28	1684164860494	1684164860659	OK	 
REQUEST		request_30	1684164860495	1684164860675	OK	 
REQUEST		request_26	1684164860494	1684164860683	KO	status.find.in([200, 209], 304), found 400
REQUEST		request_31	1684164860647	1684164860748	KO	status.find.in([200, 209], 304), found 400
REQUEST		request_33	1684164860660	1684164860777	KO	status.find.in([200, 209], 304), found 400
REQUEST		request_29	1684164860495	1684164860817	OK	 
REQUEST		request_19	1684164860493	1684164860873	KO	status.find.in([200, 209], 304), found 400
REQUEST		request_36	1684164860748	1684164860878	KO	status.find.in([200, 209], 304), found 400
REQUEST		request_35	1684164860684	1684164860910	OK	 
REQUEST		request_34	1684164860675	1684164861179	KO	status.find.in([200, 209], 304), found 400
REQUEST		request_10	1684164861105	1684164861180	OK	 
USER	flujoReusoCheckOut	START	1684164861538
REQUEST		request_0	1684164861537	1684164861692	OK	 
REQUEST		request_11	1684164866182	1684164866191	OK	 
REQUEST		request_12	1684164866192	1684164866262	OK	 
REQUEST		request_15	1684164866195	1684164866343	OK	 
REQUEST		request_13	1684164866193	1684164866344	OK	 
REQUEST		request_16	1684164866195	1684164866362	OK	 
REQUEST		request_14	1684164866194	1684164866376	OK	 
REQUEST		request_17	1684164866192	1684164866492	OK	 
REQUEST		request_1	1684164867693	1684164867702	OK	 
REQUEST		request_5	1684164867703	1684164867711	OK	 
REQUEST		request_6	1684164867704	1684164867790	OK	 
REQUEST		request_3	1684164867705	1684164867874	OK	 
REQUEST		request_2	1684164867704	1684164867991	OK	 
REQUEST		request_4	1684164867705	1684164868859	KO	status.find.in([200, 209], 304), found 400
REQUEST		request_18	1684164869494	1684164869565	OK	 
REQUEST		request_37	1684164869567	1684164869599	OK	 
REQUEST		request_20	1684164869569	1684164869714	KO	status.find.in([200, 209], 304), found 400
REQUEST		request_26	1684164869572	1684164869714	KO	status.find.in([200, 209], 304), found 400
REQUEST		request_25	1684164869571	1684164869722	OK	 
REQUEST		request_30	1684164869574	1684164869741	OK	 
REQUEST		request_28	1684164869572	1684164869752	OK	 
REQUEST		request_29	1684164869574	1684164869788	OK	 
REQUEST		request_31	1684164869715	1684164869856	KO	status.find.in([200, 209], 304), found 400
REQUEST		request_7	1684164869861	1684164869870	OK	 
REQUEST		request_34	1684164869741	1684164869873	KO	status.find.in([200, 209], 304), found 400
REQUEST		request_8	1684164869871	1684164869882	OK	 
REQUEST		request_19	1684164869571	1684164869883	KO	status.find.in([200, 209], 304), found 400
REQUEST		request_36	1684164869789	1684164869905	KO	status.find.in([200, 209], 304), found 400
REQUEST		request_35	1684164869753	1684164869905	OK	 
REQUEST		request_33	1684164869722	1684164869913	KO	status.find.in([200, 209], 304), found 400
REQUEST		request_9	1684164869871	1684164870480	KO	status.find.in([200, 209], 304), found 400
USER	flujoReusoCheckOut	START	1684164871537
REQUEST		request_0	1684164871536	1684164871691	OK	 
REQUEST		request_10	1684164872482	1684164872559	OK	 
REQUEST		request_11	1684164877561	1684164877571	OK	 
REQUEST		request_12	1684164877573	1684164877651	OK	 
REQUEST		request_1	1684164877692	1684164877707	OK	 
REQUEST		request_5	1684164877708	1684164877716	OK	 
REQUEST		request_15	1684164877575	1684164877726	OK	 
REQUEST		request_13	1684164877573	1684164877733	OK	 
REQUEST		request_16	1684164877575	1684164877738	OK	 
REQUEST		request_14	1684164877574	1684164877764	OK	 
REQUEST		request_17	1684164877573	1684164877778	OK	 
REQUEST		request_6	1684164877709	1684164877794	OK	 
REQUEST		request_3	1684164877709	1684164877873	OK	 
REQUEST		request_2	1684164877709	1684164877899	OK	 
REQUEST		request_4	1684164877710	1684164878050	KO	status.find.in([200, 209], 304), found 400
REQUEST		request_7	1684164879052	1684164879062	OK	 
REQUEST		request_8	1684164879063	1684164879070	OK	 
REQUEST		request_9	1684164879063	1684164879612	KO	status.find.in([200, 209], 304), found 400
REQUEST		request_18	1684164880779	1684164880849	OK	 
REQUEST		request_37	1684164880851	1684164880885	OK	 
REQUEST		request_25	1684164880853	1684164881007	OK	 
REQUEST		request_30	1684164880855	1684164881017	OK	 
REQUEST		request_29	1684164880854	1684164881019	OK	 
REQUEST		request_20	1684164880852	1684164881027	KO	status.find.in([200, 209], 304), found 400
REQUEST		request_28	1684164880854	1684164881041	OK	 
REQUEST		request_26	1684164880853	1684164881085	KO	status.find.in([200, 209], 304), found 400
REQUEST		request_34	1684164881020	1684164881125	KO	status.find.in([200, 209], 304), found 400
REQUEST		request_33	1684164881018	1684164881167	KO	status.find.in([200, 209], 304), found 400
REQUEST		request_35	1684164881041	1684164881199	OK	 
REQUEST		request_31	1684164881008	1684164881243	KO	status.find.in([200, 209], 304), found 400
REQUEST		request_36	1684164881085	1684164881281	KO	status.find.in([200, 209], 304), found 400
USER	flujoReusoCheckOut	START	1684164881538
REQUEST		request_19	1684164880852	1684164881541	KO	status.find.in([200, 209], 304), found 400
REQUEST		request_10	1684164881613	1684164881687	OK	 
REQUEST		request_0	1684164881536	1684164881697	OK	 
REQUEST		request_11	1684164886689	1684164886697	OK	 
REQUEST		request_12	1684164886698	1684164886767	OK	 
REQUEST		request_17	1684164886699	1684164886848	OK	 
REQUEST		request_15	1684164886701	1684164886853	OK	 
REQUEST		request_16	1684164886701	1684164886869	OK	 
REQUEST		request_14	1684164886700	1684164886885	OK	 
REQUEST		request_13	1684164886699	1684164886890	OK	 
REQUEST		request_1	1684164887698	1684164887712	OK	 
REQUEST		request_5	1684164887713	1684164887724	OK	 
REQUEST		request_6	1684164887714	1684164887805	OK	 
REQUEST		request_2	1684164887715	1684164887893	OK	 
REQUEST		request_4	1684164887715	1684164887894	KO	status.find.in([200, 209], 304), found 400
REQUEST		request_3	1684164887715	1684164887921	OK	 
REQUEST		request_7	1684164888923	1684164888934	OK	 
REQUEST		request_8	1684164888934	1684164888946	OK	 
REQUEST		request_9	1684164888935	1684164889752	KO	status.find.in([200, 209], 304), found 400
REQUEST		request_18	1684164889892	1684164889966	OK	 
REQUEST		request_37	1684164889967	1684164890008	OK	 
REQUEST		request_25	1684164889969	1684164890135	OK	 
REQUEST		request_20	1684164889968	1684164890150	KO	status.find.in([200, 209], 304), found 400
REQUEST		request_29	1684164889970	1684164890152	OK	 
REQUEST		request_28	1684164889969	1684164890155	OK	 
REQUEST		request_30	1684164889970	1684164890168	OK	 
REQUEST		request_19	1684164889969	1684164890197	KO	status.find.in([200, 209], 304), found 400
REQUEST		request_33	1684164890152	1684164890249	KO	status.find.in([200, 209], 304), found 400
REQUEST		request_35	1684164890168	1684164890313	OK	 
REQUEST		request_31	1684164890135	1684164890317	KO	status.find.in([200, 209], 304), found 400
REQUEST		request_26	1684164889969	1684164890332	KO	status.find.in([200, 209], 304), found 400
REQUEST		request_36	1684164890198	1684164890338	KO	status.find.in([200, 209], 304), found 400
REQUEST		request_34	1684164890155	1684164890680	KO	status.find.in([200, 209], 304), found 400
USER	flujoReusoCheckOut	START	1684164891537
REQUEST		request_0	1684164891536	1684164891691	OK	 
REQUEST		request_10	1684164891754	1684164891833	OK	 
REQUEST		request_11	1684164896835	1684164896844	OK	 
REQUEST		request_12	1684164896845	1684164896918	OK	 
REQUEST		request_15	1684164896848	1684164896996	OK	 
REQUEST		request_13	1684164896846	1684164896999	OK	 
REQUEST		request_17	1684164896846	1684164897011	OK	 
REQUEST		request_16	1684164896849	1684164897015	OK	 
REQUEST		request_14	1684164896848	1684164897027	OK	 
REQUEST		request_1	1684164897693	1684164897702	OK	 
REQUEST		request_5	1684164897703	1684164897713	OK	 
REQUEST		request_6	1684164897703	1684164897793	OK	 
REQUEST		request_4	1684164897705	1684164897829	KO	status.find.in([200, 209], 304), found 400
REQUEST		request_2	1684164897704	1684164897872	OK	 
REQUEST		request_3	1684164897704	1684164897898	OK	 
REQUEST		request_7	1684164898898	1684164898906	OK	 
REQUEST		request_8	1684164898907	1684164898914	OK	 
REQUEST		request_9	1684164898907	1684164899010	KO	status.find.in([200, 209], 304), found 400
REQUEST		request_18	1684164900029	1684164900194	OK	 
REQUEST		request_26	1684164900201	1684164900490	KO	status.find.in([200, 209], 304), found 400
REQUEST		request_25	1684164900200	1684164900491	OK	 
REQUEST		request_37	1684164900196	1684164900519	OK	 
REQUEST		request_33	1684164900491	1684164900594	KO	status.find.in([200, 209], 304), found 400
REQUEST		request_31	1684164900490	1684164900611	KO	status.find.in([200, 209], 304), found 400
REQUEST		request_20	1684164900198	1684164900625	KO	status.find.in([200, 209], 304), found 400
REQUEST		request_30	1684164900489	1684164900658	OK	 
REQUEST		request_28	1684164900201	1684164900678	OK	 
REQUEST		request_34	1684164900594	1684164900708	KO	status.find.in([200, 209], 304), found 400
REQUEST		request_29	1684164900488	1684164900710	OK	 
REQUEST		request_35	1684164900611	1684164900750	OK	 
REQUEST		request_36	1684164900658	1684164900765	KO	status.find.in([200, 209], 304), found 400
REQUEST		request_10	1684164901012	1684164901091	OK	 
REQUEST		request_19	1684164900200	1684164901161	KO	status.find.in([200, 209], 304), found 400
USER	flujoReusoCheckOut	START	1684164901537
REQUEST		request_0	1684164901536	1684164901691	OK	 
REQUEST		request_11	1684164906093	1684164906103	OK	 
REQUEST		request_12	1684164906103	1684164906177	OK	 
REQUEST		request_17	1684164906104	1684164906252	OK	 
REQUEST		request_13	1684164906104	1684164906254	OK	 
REQUEST		request_15	1684164906105	1684164906258	OK	 
REQUEST		request_16	1684164906105	1684164906268	OK	 
REQUEST		request_14	1684164906105	1684164906302	OK	 
REQUEST		request_1	1684164907693	1684164907720	OK	 
REQUEST		request_5	1684164907721	1684164907732	OK	 
REQUEST		request_6	1684164907721	1684164907808	OK	 
REQUEST		request_3	1684164907722	1684164907882	OK	 
REQUEST		request_4	1684164907722	1684164907898	KO	status.find.in([200, 209], 304), found 400
REQUEST		request_2	1684164907722	1684164907923	OK	 
REQUEST		request_7	1684164908926	1684164908933	OK	 
REQUEST		request_8	1684164908934	1684164908942	OK	 
REQUEST		request_9	1684164908934	1684164909359	KO	status.find.in([200, 209], 304), found 400
REQUEST		request_18	1684164909304	1684164909384	OK	 
REQUEST		request_37	1684164909385	1684164909430	OK	 
REQUEST		request_26	1684164909387	1684164909652	KO	status.find.in([200, 209], 304), found 400
REQUEST		request_25	1684164909387	1684164909653	OK	 
REQUEST		request_30	1684164909388	1684164909653	OK	 
REQUEST		request_28	1684164909387	1684164909654	OK	 
REQUEST		request_20	1684164909386	1684164909655	KO	status.find.in([200, 209], 304), found 400
REQUEST		request_29	1684164909388	1684164909693	OK	 
REQUEST		request_34	1684164909654	1684164909757	KO	status.find.in([200, 209], 304), found 400
REQUEST		request_33	1684164909653	1684164909791	KO	status.find.in([200, 209], 304), found 400
REQUEST		request_36	1684164909693	1684164909819	KO	status.find.in([200, 209], 304), found 400
REQUEST		request_35	1684164909654	1684164909876	OK	 
REQUEST		request_31	1684164909652	1684164909908	KO	status.find.in([200, 209], 304), found 400
REQUEST		request_19	1684164909386	1684164910215	KO	status.find.in([200, 209], 304), found 400
REQUEST		request_10	1684164911361	1684164911439	OK	 
REQUEST		request_11	1684164916442	1684164916452	OK	 
REQUEST		request_12	1684164916453	1684164916523	OK	 
REQUEST		request_15	1684164916455	1684164916611	OK	 
REQUEST		request_13	1684164916454	1684164916611	OK	 
REQUEST		request_17	1684164916453	1684164916611	OK	 
REQUEST		request_16	1684164916455	1684164916616	OK	 
REQUEST		request_14	1684164916454	1684164916644	OK	 
REQUEST		request_18	1684164919645	1684164919718	OK	 
REQUEST		request_37	1684164919719	1684164919752	OK	 
REQUEST		request_26	1684164919721	1684164919826	KO	status.find.in([200, 209], 304), found 400
REQUEST		request_20	1684164919720	1684164919859	KO	status.find.in([200, 209], 304), found 400
REQUEST		request_25	1684164919721	1684164919914	OK	 
REQUEST		request_28	1684164919721	1684164919915	OK	 
REQUEST		request_30	1684164919722	1684164919916	OK	 
REQUEST		request_29	1684164919721	1684164919919	OK	 
REQUEST		request_19	1684164919720	1684164919953	KO	status.find.in([200, 209], 304), found 400
REQUEST		request_31	1684164919826	1684164919981	KO	status.find.in([200, 209], 304), found 400
REQUEST		request_36	1684164919920	1684164920022	KO	status.find.in([200, 209], 304), found 400
REQUEST		request_33	1684164919915	1684164920025	KO	status.find.in([200, 209], 304), found 400
REQUEST		request_34	1684164919915	1684164920039	KO	status.find.in([200, 209], 304), found 400
REQUEST		request_35	1684164919916	1684164920113	OK	 
REQUEST		request_38	1684164937428	1684164937805	KO	status.find.in([200, 209], 304), found 404
REQUEST		request_66	1684164940808	1684164941063	OK	 
REQUEST		request_69	1684164941091	1684164941176	OK	 
REQUEST		request_68	1684164941064	1684164941273	OK	 
REQUEST		request_72	1684164945275	1684164946555	OK	 
REQUEST		request_76	1684164946556	1684164946564	OK	 
REQUEST		request_38	1684164946442	1684164946719	KO	status.find.in([200, 209], 304), found 404
REQUEST		request_74	1684164946556	1684164946904	OK	 
REQUEST		request_75	1684164946556	1684164946996	KO	status.find.in([200, 209], 304), found 400
REQUEST		request_73	1684164946555	1684164948763	KO	status.find.in([200, 209], 304), found 401
REQUEST		request_66	1684164949721	1684164949916	OK	 
REQUEST		request_69	1684164949917	1684164950047	OK	 
REQUEST		request_68	1684164949916	1684164950096	OK	 
REQUEST		request_79	1684164950765	1684164950923	OK	 
REQUEST		request_80	1684164950924	1684164951039	KO	status.find.in([200, 209], 304), found 400
REQUEST		request_81	1684164952041	1684164952220	OK	 
REQUEST		request_82	1684164952221	1684164952359	KO	status.find.in([200, 209], 304), found 400
REQUEST		request_72	1684164954098	1684164954365	OK	 
REQUEST		request_76	1684164954366	1684164954373	OK	 
REQUEST		request_75	1684164954366	1684164954509	KO	status.find.in([200, 209], 304), found 400
REQUEST		request_83	1684164954361	1684164954525	OK	 
REQUEST		request_84	1684164954525	1684164954680	KO	status.find.in([200, 209], 304), found 400
REQUEST		request_74	1684164954366	1684164954776	OK	 
REQUEST		request_73	1684164954366	1684164954861	KO	status.find.in([200, 209], 304), found 401
REQUEST		request_38	1684164954877	1684164955163	KO	status.find.in([200, 209], 304), found 404
REQUEST		request_85	1684164956682	1684164956834	OK	 
REQUEST		request_79	1684164956862	1684164957262	OK	 
REQUEST		request_86	1684164956835	1684164957262	KO	status.find.in([200, 209], 304), found 400
REQUEST		request_80	1684164957262	1684164957551	KO	status.find.in([200, 209], 304), found 400
REQUEST		request_66	1684164958165	1684164958342	OK	 
REQUEST		request_69	1684164958343	1684164958439	OK	 
REQUEST		request_68	1684164958342	1684164958518	OK	 
REQUEST		request_81	1684164958552	1684164958696	OK	 
REQUEST		request_82	1684164958697	1684164959003	KO	status.find.in([200, 209], 304), found 400
REQUEST		request_87	1684164959264	1684164959423	OK	 
REQUEST		request_88	1684164959424	1684164959526	KO	status.find.in([200, 209], 304), found 400
REQUEST		request_90	1684164959424	1684164959544	KO	status.find.in([200, 209], 304), found 400
REQUEST		request_89	1684164959424	1684164959555	OK	 
REQUEST		request_91	1684164960557	1684164960713	OK	 
REQUEST		request_92	1684164960714	1684164960824	KO	status.find.in([200, 209], 304), found 400
REQUEST		request_83	1684164961004	1684164961255	OK	 
REQUEST		request_84	1684164961256	1684164961352	KO	status.find.in([200, 209], 304), found 400
REQUEST		request_93	1684164961825	1684164961972	OK	 
REQUEST		request_99	1684164961974	1684164962036	OK	 
REQUEST		request_95	1684164961975	1684164962083	KO	status.find.in([200, 209], 304), found 400
REQUEST		request_101	1684164961981	1684164962133	OK	 
REQUEST		request_102	1684164961981	1684164962135	KO	status.find.in([200, 209], 304), found 400
REQUEST		request_100	1684164962035	1684164962513	OK	 
REQUEST		request_97	1684164962035	1684164962522	OK	 
REQUEST		request_94	1684164961981	1684164962598	OK	 
REQUEST		request_98	1684164962035	1684164962699	OK	 
USER	flujoReusoCheckOut	END	1684164962703
REQUEST		request_72	1684164962519	1684164962776	OK	 
REQUEST		request_76	1684164962777	1684164962785	OK	 
REQUEST		request_74	1684164962777	1684164962942	OK	 
REQUEST		request_75	1684164962777	1684164963138	KO	status.find.in([200, 209], 304), found 400
REQUEST		request_85	1684164963354	1684164963503	OK	 
REQUEST		request_73	1684164962776	1684164963505	KO	status.find.in([200, 209], 304), found 401
REQUEST		request_86	1684164963504	1684164963603	KO	status.find.in([200, 209], 304), found 400
REQUEST		request_38	1684164965181	1684164965446	KO	status.find.in([200, 209], 304), found 404
REQUEST		request_79	1684164965506	1684164965672	OK	 
REQUEST		request_87	1684164965605	1684164965745	OK	 
REQUEST		request_80	1684164965673	1684164965776	KO	status.find.in([200, 209], 304), found 400
REQUEST		request_88	1684164965746	1684164965844	KO	status.find.in([200, 209], 304), found 400
REQUEST		request_90	1684164965746	1684164965863	KO	status.find.in([200, 209], 304), found 400
REQUEST		request_89	1684164965746	1684164965931	OK	 
REQUEST		request_81	1684164966779	1684164966933	OK	 
REQUEST		request_82	1684164966933	1684164967057	KO	status.find.in([200, 209], 304), found 400
REQUEST		request_91	1684164966933	1684164967084	OK	 
REQUEST		request_92	1684164967084	1684164967197	KO	status.find.in([200, 209], 304), found 400
REQUEST		request_93	1684164968198	1684164968344	OK	 
REQUEST		request_99	1684164968345	1684164968351	OK	 
REQUEST		request_97	1684164968347	1684164968467	OK	 
REQUEST		request_101	1684164968346	1684164968494	OK	 
REQUEST		request_98	1684164968347	1684164968499	OK	 
REQUEST		request_95	1684164968345	1684164968556	KO	status.find.in([200, 209], 304), found 400
REQUEST		request_102	1684164968346	1684164968599	KO	status.find.in([200, 209], 304), found 400
REQUEST		request_66	1684164968448	1684164968626	OK	 
REQUEST		request_100	1684164968347	1684164968683	OK	 
REQUEST		request_94	1684164968346	1684164968685	OK	 
USER	flujoReusoCheckOut	END	1684164968686
REQUEST		request_69	1684164968627	1684164968823	OK	 
REQUEST		request_68	1684164968626	1684164968911	OK	 
REQUEST		request_83	1684164969059	1684164969346	OK	 
REQUEST		request_84	1684164969347	1684164969460	KO	status.find.in([200, 209], 304), found 400
REQUEST		request_85	1684164971461	1684164971601	OK	 
REQUEST		request_86	1684164971601	1684164971759	KO	status.find.in([200, 209], 304), found 400
REQUEST		request_72	1684164972913	1684164973230	OK	 
REQUEST		request_76	1684164973232	1684164973251	OK	 
REQUEST		request_75	1684164973232	1684164973379	KO	status.find.in([200, 209], 304), found 400
REQUEST		request_74	1684164973232	1684164973414	OK	 
REQUEST		request_73	1684164973231	1684164973877	KO	status.find.in([200, 209], 304), found 401
REQUEST		request_87	1684164973760	1684164973919	OK	 
REQUEST		request_88	1684164973920	1684164974038	KO	status.find.in([200, 209], 304), found 400
REQUEST		request_89	1684164973920	1684164974065	OK	 
REQUEST		request_90	1684164973920	1684164974074	KO	status.find.in([200, 209], 304), found 400
REQUEST		request_38	1684164973915	1684164974173	KO	status.find.in([200, 209], 304), found 404
REQUEST		request_91	1684164975076	1684164975256	OK	 
REQUEST		request_92	1684164975257	1684164975371	KO	status.find.in([200, 209], 304), found 400
REQUEST		request_79	1684164975879	1684164976058	OK	 
REQUEST		request_80	1684164976058	1684164976233	KO	status.find.in([200, 209], 304), found 400
REQUEST		request_93	1684164976374	1684164976520	OK	 
REQUEST		request_99	1684164976521	1684164976529	OK	 
REQUEST		request_102	1684164976522	1684164976639	KO	status.find.in([200, 209], 304), found 400
REQUEST		request_101	1684164976522	1684164976669	OK	 
REQUEST		request_95	1684164976522	1684164976720	KO	status.find.in([200, 209], 304), found 400
REQUEST		request_97	1684164976523	1684164976759	OK	 
REQUEST		request_98	1684164976524	1684164976804	OK	 
REQUEST		request_100	1684164976524	1684164976817	OK	 
REQUEST		request_94	1684164976523	1684164976825	OK	 
USER	flujoReusoCheckOut	END	1684164976826
REQUEST		request_66	1684164977174	1684164977345	OK	 
REQUEST		request_81	1684164977234	1684164977381	OK	 
REQUEST		request_69	1684164977347	1684164977432	OK	 
REQUEST		request_82	1684164977382	1684164977483	KO	status.find.in([200, 209], 304), found 400
REQUEST		request_68	1684164977345	1684164977519	OK	 
REQUEST		request_83	1684164979484	1684164979635	OK	 
REQUEST		request_84	1684164979635	1684164979836	KO	status.find.in([200, 209], 304), found 400
REQUEST		request_72	1684164981520	1684164981676	OK	 
REQUEST		request_76	1684164981677	1684164981683	OK	 
REQUEST		request_75	1684164981677	1684164981796	KO	status.find.in([200, 209], 304), found 400
REQUEST		request_74	1684164981677	1684164981831	OK	 
REQUEST		request_85	1684164981837	1684164981984	OK	 
REQUEST		request_73	1684164981676	1684164981992	KO	status.find.in([200, 209], 304), found 401
REQUEST		request_86	1684164981984	1684164982097	KO	status.find.in([200, 209], 304), found 400
REQUEST		request_79	1684164983994	1684164984143	OK	 
REQUEST		request_87	1684164984099	1684164984248	OK	 
REQUEST		request_80	1684164984143	1684164984267	KO	status.find.in([200, 209], 304), found 400
REQUEST		request_90	1684164984249	1684164984379	KO	status.find.in([200, 209], 304), found 400
REQUEST		request_89	1684164984249	1684164984390	OK	 
REQUEST		request_88	1684164984249	1684164984398	KO	status.find.in([200, 209], 304), found 400
REQUEST		request_81	1684164985270	1684164985445	OK	 
REQUEST		request_82	1684164985446	1684164985543	KO	status.find.in([200, 209], 304), found 400
REQUEST		request_91	1684164985399	1684164985579	OK	 
REQUEST		request_92	1684164985579	1684164985698	KO	status.find.in([200, 209], 304), found 400
REQUEST		request_38	1684164985543	1684164985808	KO	status.find.in([200, 209], 304), found 404
REQUEST		request_93	1684164986701	1684164986852	OK	 
REQUEST		request_99	1684164986853	1684164986861	OK	 
REQUEST		request_102	1684164986854	1684164986958	KO	status.find.in([200, 209], 304), found 400
REQUEST		request_95	1684164986853	1684164986958	KO	status.find.in([200, 209], 304), found 400
REQUEST		request_101	1684164986854	1684164987004	OK	 
REQUEST		request_94	1684164986854	1684164987082	OK	 
REQUEST		request_97	1684164986855	1684164987096	OK	 
REQUEST		request_98	1684164986855	1684164987122	OK	 
REQUEST		request_100	1684164986855	1684164987128	OK	 
USER	flujoReusoCheckOut	END	1684164987130
REQUEST		request_83	1684164987544	1684164987715	OK	 
REQUEST		request_84	1684164987715	1684164987817	KO	status.find.in([200, 209], 304), found 400
REQUEST		request_66	1684164988810	1684164988981	OK	 
REQUEST		request_69	1684164988982	1684164989101	OK	 
REQUEST		request_68	1684164988982	1684164989212	OK	 
REQUEST		request_85	1684164989817	1684164989996	OK	 
REQUEST		request_86	1684164989997	1684164990117	KO	status.find.in([200, 209], 304), found 400
REQUEST		request_87	1684164992118	1684164992277	OK	 
REQUEST		request_88	1684164992278	1684164992381	KO	status.find.in([200, 209], 304), found 400
REQUEST		request_90	1684164992279	1684164992431	KO	status.find.in([200, 209], 304), found 400
REQUEST		request_89	1684164992278	1684164992454	OK	 
REQUEST		request_72	1684164993214	1684164993509	OK	 
REQUEST		request_76	1684164993510	1684164993517	OK	 
REQUEST		request_91	1684164993456	1684164993603	OK	 
REQUEST		request_75	1684164993510	1684164993652	KO	status.find.in([200, 209], 304), found 400
REQUEST		request_74	1684164993510	1684164993717	OK	 
REQUEST		request_92	1684164993604	1684164993717	KO	status.find.in([200, 209], 304), found 400
REQUEST		request_73	1684164993510	1684164993790	KO	status.find.in([200, 209], 304), found 401
REQUEST		request_93	1684164994719	1684164994876	OK	 
REQUEST		request_99	1684164994877	1684164994884	OK	 
REQUEST		request_38	1684164994681	1684164994947	KO	status.find.in([200, 209], 304), found 404
REQUEST		request_98	1684164994881	1684164994998	OK	 
REQUEST		request_97	1684164994881	1684164994998	OK	 
REQUEST		request_102	1684164994879	1684164994998	KO	status.find.in([200, 209], 304), found 400
REQUEST		request_95	1684164994878	1684164994999	KO	status.find.in([200, 209], 304), found 400
REQUEST		request_101	1684164994878	1684164995034	OK	 
REQUEST		request_100	1684164994882	1684164995164	OK	 
REQUEST		request_94	1684164994879	1684164995268	OK	 
USER	flujoReusoCheckOut	END	1684164995269
REQUEST		request_79	1684164995792	1684164995963	OK	 
REQUEST		request_80	1684164995963	1684164996074	KO	status.find.in([200, 209], 304), found 400
REQUEST		request_81	1684164997075	1684164997220	OK	 
REQUEST		request_82	1684164997221	1684164997318	KO	status.find.in([200, 209], 304), found 400
REQUEST		request_66	1684164997949	1684164998134	OK	 
REQUEST		request_69	1684164998135	1684164998224	OK	 
REQUEST		request_68	1684164998135	1684164998310	OK	 
REQUEST		request_83	1684164999321	1684164999554	OK	 
REQUEST		request_84	1684164999555	1684164999673	KO	status.find.in([200, 209], 304), found 400
REQUEST		request_85	1684165001674	1684165001822	OK	 
REQUEST		request_86	1684165001822	1684165001932	KO	status.find.in([200, 209], 304), found 400
REQUEST		request_72	1684165002312	1684165002466	OK	 
REQUEST		request_76	1684165002467	1684165002477	OK	 
REQUEST		request_75	1684165002468	1684165002597	KO	status.find.in([200, 209], 304), found 400
REQUEST		request_74	1684165002468	1684165002612	OK	 
REQUEST		request_73	1684165002467	1684165002786	KO	status.find.in([200, 209], 304), found 401
REQUEST		request_87	1684165003933	1684165004079	OK	 
REQUEST		request_88	1684165004080	1684165004179	KO	status.find.in([200, 209], 304), found 400
REQUEST		request_89	1684165004080	1684165004233	OK	 
REQUEST		request_90	1684165004081	1684165004273	KO	status.find.in([200, 209], 304), found 400
REQUEST		request_79	1684165004789	1684165004976	OK	 
REQUEST		request_80	1684165004976	1684165005117	KO	status.find.in([200, 209], 304), found 400
REQUEST		request_91	1684165005275	1684165005455	OK	 
REQUEST		request_92	1684165005456	1684165005593	KO	status.find.in([200, 209], 304), found 400
REQUEST		request_81	1684165006119	1684165006274	OK	 
REQUEST		request_38	1684165005163	1684165006354	KO	status.find.in([200, 209], 304), found 404
REQUEST		request_82	1684165006274	1684165006391	KO	status.find.in([200, 209], 304), found 400
REQUEST		request_93	1684165006595	1684165006746	OK	 
REQUEST		request_99	1684165006746	1684165006754	OK	 
REQUEST		request_95	1684165006747	1684165006854	KO	status.find.in([200, 209], 304), found 400
REQUEST		request_98	1684165006749	1684165006864	OK	 
REQUEST		request_97	1684165006748	1684165006865	OK	 
REQUEST		request_100	1684165006749	1684165006865	OK	 
REQUEST		request_102	1684165006748	1684165006882	KO	status.find.in([200, 209], 304), found 400
REQUEST		request_94	1684165006748	1684165006903	OK	 
REQUEST		request_101	1684165006748	1684165006903	OK	 
USER	flujoReusoCheckOut	END	1684165006905
REQUEST		request_83	1684165008393	1684165008547	OK	 
REQUEST		request_84	1684165008547	1684165008640	KO	status.find.in([200, 209], 304), found 400
REQUEST		request_66	1684165009355	1684165009544	OK	 
REQUEST		request_69	1684165009562	1684165009659	OK	 
REQUEST		request_68	1684165009545	1684165009740	OK	 
REQUEST		request_85	1684165010642	1684165010796	OK	 
REQUEST		request_86	1684165010797	1684165011126	KO	status.find.in([200, 209], 304), found 400
REQUEST		request_87	1684165013128	1684165013272	OK	 
REQUEST		request_90	1684165013273	1684165013394	KO	status.find.in([200, 209], 304), found 400
REQUEST		request_88	1684165013273	1684165013394	KO	status.find.in([200, 209], 304), found 400
REQUEST		request_89	1684165013273	1684165013418	OK	 
REQUEST		request_72	1684165013743	1684165013908	OK	 
REQUEST		request_76	1684165013909	1684165013918	OK	 
REQUEST		request_75	1684165013909	1684165014069	KO	status.find.in([200, 209], 304), found 400
REQUEST		request_74	1684165013909	1684165014069	OK	 
REQUEST		request_73	1684165013909	1684165014197	KO	status.find.in([200, 209], 304), found 401
REQUEST		request_38	1684165014216	1684165014486	KO	status.find.in([200, 209], 304), found 404
REQUEST		request_91	1684165014420	1684165014565	OK	 
REQUEST		request_92	1684165014565	1684165014699	KO	status.find.in([200, 209], 304), found 400
REQUEST		request_93	1684165015699	1684165015850	OK	 
REQUEST		request_99	1684165015851	1684165015858	OK	 
REQUEST		request_102	1684165015851	1684165015954	KO	status.find.in([200, 209], 304), found 400
REQUEST		request_98	1684165015853	1684165015964	OK	 
REQUEST		request_95	1684165015851	1684165015993	KO	status.find.in([200, 209], 304), found 400
REQUEST		request_101	1684165015851	1684165016001	OK	 
REQUEST		request_100	1684165015853	1684165016030	OK	 
REQUEST		request_97	1684165015852	1684165016073	OK	 
REQUEST		request_94	1684165015852	1684165016235	OK	 
USER	flujoReusoCheckOut	END	1684165016237
REQUEST		request_79	1684165016199	1684165016376	OK	 
REQUEST		request_80	1684165016377	1684165016494	KO	status.find.in([200, 209], 304), found 400
REQUEST		request_66	1684165017489	1684165017654	OK	 
REQUEST		request_81	1684165017495	1684165017678	OK	 
REQUEST		request_69	1684165017656	1684165017739	OK	 
REQUEST		request_82	1684165017679	1684165017799	KO	status.find.in([200, 209], 304), found 400
REQUEST		request_68	1684165017655	1684165017830	OK	 
REQUEST		request_83	1684165019801	1684165019942	OK	 
REQUEST		request_84	1684165019943	1684165020096	KO	status.find.in([200, 209], 304), found 400
REQUEST		request_72	1684165021831	1684165021997	OK	 
REQUEST		request_76	1684165021998	1684165022004	OK	 
REQUEST		request_75	1684165021998	1684165022152	KO	status.find.in([200, 209], 304), found 400
REQUEST		request_74	1684165021998	1684165022156	OK	 
REQUEST		request_85	1684165022098	1684165022239	OK	 
REQUEST		request_73	1684165021997	1684165022282	KO	status.find.in([200, 209], 304), found 401
REQUEST		request_86	1684165022240	1684165022383	KO	status.find.in([200, 209], 304), found 400
REQUEST		request_38	1684165024115	1684165024384	KO	status.find.in([200, 209], 304), found 404
REQUEST		request_87	1684165024384	1684165024552	OK	 
REQUEST		request_79	1684165024284	1684165024604	OK	 
REQUEST		request_88	1684165024552	1684165024674	KO	status.find.in([200, 209], 304), found 400
REQUEST		request_90	1684165024553	1684165024680	KO	status.find.in([200, 209], 304), found 400
REQUEST		request_80	1684165024605	1684165024712	KO	status.find.in([200, 209], 304), found 400
REQUEST		request_89	1684165024552	1684165024723	OK	 
REQUEST		request_81	1684165025713	1684165025863	OK	 
REQUEST		request_91	1684165025724	1684165025886	OK	 
REQUEST		request_92	1684165025886	1684165026013	KO	status.find.in([200, 209], 304), found 400
REQUEST		request_82	1684165025863	1684165026172	KO	status.find.in([200, 209], 304), found 400
REQUEST		request_93	1684165027015	1684165027163	OK	 
REQUEST		request_99	1684165027164	1684165027173	OK	 
REQUEST		request_97	1684165027167	1684165027279	OK	 
REQUEST		request_98	1684165027167	1684165027281	OK	 
REQUEST		request_95	1684165027164	1684165027300	KO	status.find.in([200, 209], 304), found 400
REQUEST		request_94	1684165027165	1684165027316	OK	 
REQUEST		request_101	1684165027165	1684165027317	OK	 
REQUEST		request_102	1684165027165	1684165027333	KO	status.find.in([200, 209], 304), found 400
REQUEST		request_100	1684165027168	1684165027396	OK	 
USER	flujoReusoCheckOut	END	1684165027397
REQUEST		request_66	1684165027386	1684165027551	OK	 
REQUEST		request_69	1684165027552	1684165027634	OK	 
REQUEST		request_68	1684165027551	1684165027725	OK	 
REQUEST		request_83	1684165028175	1684165028329	OK	 
REQUEST		request_84	1684165028329	1684165028442	KO	status.find.in([200, 209], 304), found 400
REQUEST		request_85	1684165030443	1684165030588	OK	 
REQUEST		request_86	1684165030588	1684165030889	KO	status.find.in([200, 209], 304), found 400
REQUEST		request_72	1684165031727	1684165031908	OK	 
REQUEST		request_76	1684165031909	1684165031915	OK	 
REQUEST		request_75	1684165031909	1684165032034	KO	status.find.in([200, 209], 304), found 400
REQUEST		request_74	1684165031909	1684165032063	OK	 
REQUEST		request_73	1684165031908	1684165032184	KO	status.find.in([200, 209], 304), found 401
REQUEST		request_87	1684165032891	1684165033040	OK	 
REQUEST		request_88	1684165033041	1684165033153	KO	status.find.in([200, 209], 304), found 400
REQUEST		request_90	1684165033041	1684165033180	KO	status.find.in([200, 209], 304), found 400
REQUEST		request_89	1684165033041	1684165033214	OK	 
REQUEST		request_79	1684165034186	1684165034339	OK	 
REQUEST		request_91	1684165034217	1684165034445	OK	 
REQUEST		request_80	1684165034339	1684165034481	KO	status.find.in([200, 209], 304), found 400
REQUEST		request_92	1684165034445	1684165034559	KO	status.find.in([200, 209], 304), found 400
REQUEST		request_81	1684165035483	1684165035654	OK	 
REQUEST		request_93	1684165035561	1684165035697	OK	 
REQUEST		request_99	1684165035698	1684165035710	OK	 
REQUEST		request_82	1684165035654	1684165035779	KO	status.find.in([200, 209], 304), found 400
REQUEST		request_97	1684165035699	1684165035806	OK	 
REQUEST		request_98	1684165035699	1684165035811	OK	 
REQUEST		request_95	1684165035698	1684165035827	KO	status.find.in([200, 209], 304), found 400
REQUEST		request_101	1684165035698	1684165035845	OK	 
REQUEST		request_94	1684165035699	1684165035859	OK	 
REQUEST		request_100	1684165035700	1684165035885	OK	 
REQUEST		request_102	1684165035699	1684165035901	KO	status.find.in([200, 209], 304), found 400
USER	flujoReusoCheckOut	END	1684165035902
REQUEST		request_83	1684165037781	1684165037923	OK	 
REQUEST		request_84	1684165037924	1684165038019	KO	status.find.in([200, 209], 304), found 400
REQUEST		request_85	1684165040021	1684165040195	OK	 
REQUEST		request_86	1684165040195	1684165040291	KO	status.find.in([200, 209], 304), found 400
REQUEST		request_87	1684165042293	1684165042438	OK	 
REQUEST		request_88	1684165042438	1684165042535	KO	status.find.in([200, 209], 304), found 400
REQUEST		request_90	1684165042438	1684165042547	KO	status.find.in([200, 209], 304), found 400
REQUEST		request_89	1684165042438	1684165042582	OK	 
REQUEST		request_91	1684165043584	1684165043759	OK	 
REQUEST		request_92	1684165043759	1684165043855	KO	status.find.in([200, 209], 304), found 400
REQUEST		request_93	1684165044857	1684165045000	OK	 
REQUEST		request_99	1684165045001	1684165045013	OK	 
REQUEST		request_95	1684165045001	1684165045100	KO	status.find.in([200, 209], 304), found 400
REQUEST		request_102	1684165045002	1684165045105	KO	status.find.in([200, 209], 304), found 400
REQUEST		request_97	1684165045003	1684165045111	OK	 
REQUEST		request_98	1684165045003	1684165045113	OK	 
REQUEST		request_94	1684165045002	1684165045201	OK	 
REQUEST		request_101	1684165045002	1684165045201	OK	 
REQUEST		request_100	1684165045003	1684165045204	OK	 
USER	flujoReusoCheckOut	END	1684165045206
