RUN	bnpl.flujoReusoCheckOutCorregido	flujoreusocheckoutcorregido	1684162963043	 	3.8.3
USER	flujoReusoCheckOut	START	1684162969416
REQUEST		request_0	1684162969389	1684162969574	OK	 
REQUEST		request_1	1684162971602	1684162971622	OK	 
REQUEST		request_5	1684162971646	1684162971654	OK	 
REQUEST		request_6	1684162971646	1684162971732	OK	 
REQUEST		request_2	1684162971647	1684162971846	OK	 
REQUEST		request_4	1684162971648	1684162971928	KO	status.find.in([200, 209], 304), found 400
REQUEST		request_3	1684162971647	1684162972066	OK	 
REQUEST		request_7	1684162973069	1684162973078	OK	 
REQUEST		request_8	1684162973079	1684162973087	OK	 
REQUEST		request_9	1684162973080	1684162973184	KO	status.find.in([200, 209], 304), found 400
REQUEST		request_10	1684162975188	1684162975294	OK	 
USER	flujoReusoCheckOut	START	1684162979347
REQUEST		request_0	1684162979345	1684162979717	OK	 
REQUEST		request_11	1684162980296	1684162980305	OK	 
REQUEST		request_12	1684162980307	1684162980377	OK	 
REQUEST		request_17	1684162980308	1684162980462	OK	 
REQUEST		request_15	1684162980331	1684162980526	OK	 
REQUEST		request_13	1684162980309	1684162980529	OK	 
REQUEST		request_16	1684162980331	1684162980533	OK	 
REQUEST		request_14	1684162980330	1684162980539	OK	 
REQUEST		request_1	1684162981719	1684162981729	OK	 
REQUEST		request_5	1684162981731	1684162981741	OK	 
REQUEST		request_6	1684162981732	1684162981821	OK	 
REQUEST		request_2	1684162981732	1684162981898	OK	 
REQUEST		request_4	1684162981733	1684162981902	KO	status.find.in([200, 209], 304), found 400
REQUEST		request_3	1684162981733	1684162981924	OK	 
REQUEST		request_7	1684162982927	1684162982936	OK	 
REQUEST		request_8	1684162982937	1684162982946	OK	 
REQUEST		request_9	1684162982937	1684162983111	KO	status.find.in([200, 209], 304), found 400
REQUEST		request_18	1684162983542	1684162983619	OK	 
REQUEST		request_37	1684162983622	1684162983855	OK	 
REQUEST		request_26	1684162983822	1684162983931	KO	status.find.in([200, 209], 304), found 400
REQUEST		request_28	1684162983822	1684162983993	OK	 
REQUEST		request_29	1684162983823	1684162984019	OK	 
REQUEST		request_31	1684162983932	1684162984043	KO	status.find.in([200, 209], 304), found 400
REQUEST		request_33	1684162983993	1684162984096	KO	status.find.in([200, 209], 304), found 400
REQUEST		request_25	1684162983821	1684162984098	OK	 
REQUEST		request_34	1684162984020	1684162984128	KO	status.find.in([200, 209], 304), found 400
REQUEST		request_35	1684162984044	1684162984187	OK	 
REQUEST		request_36	1684162984096	1684162984202	KO	status.find.in([200, 209], 304), found 400
REQUEST		request_30	1684162983823	1684162984256	OK	 
REQUEST		request_20	1684162983731	1684162984927	KO	status.find.in([200, 209], 304), found 400
REQUEST		request_10	1684162985114	1684162985188	OK	 
REQUEST		request_19	1684162983817	1684162986232	KO	status.find.in([200, 209], 304), found 400
USER	flujoReusoCheckOut	START	1684162989347
REQUEST		request_0	1684162989345	1684162989502	OK	 
REQUEST		request_11	1684162990190	1684162990202	OK	 
REQUEST		request_12	1684162990203	1684162990274	OK	 
REQUEST		request_17	1684162990204	1684162990347	OK	 
REQUEST		request_13	1684162990204	1684162990358	OK	 
REQUEST		request_15	1684162990205	1684162990389	OK	 
REQUEST		request_16	1684162990206	1684162990394	OK	 
REQUEST		request_14	1684162990205	1684162990396	OK	 
REQUEST		request_1	1684162991505	1684162991514	OK	 
REQUEST		request_5	1684162991515	1684162991525	OK	 
REQUEST		request_6	1684162991515	1684162991604	OK	 
REQUEST		request_4	1684162991517	1684162991676	KO	status.find.in([200, 209], 304), found 400
REQUEST		request_3	1684162991517	1684162991820	OK	 
REQUEST		request_2	1684162991516	1684162991869	OK	 
REQUEST		request_7	1684162992871	1684162992881	OK	 
REQUEST		request_8	1684162992882	1684162992890	OK	 
REQUEST		request_18	1684162993398	1684162993470	OK	 
REQUEST		request_37	1684162993473	1684162993508	OK	 
REQUEST		request_26	1684162993478	1684162993606	KO	status.find.in([200, 209], 304), found 400
REQUEST		request_25	1684162993477	1684162993629	OK	 
REQUEST		request_28	1684162993478	1684162993642	OK	 
REQUEST		request_30	1684162993479	1684162993670	OK	 
REQUEST		request_9	1684162992882	1684162993670	KO	status.find.in([200, 209], 304), found 400
REQUEST		request_31	1684162993607	1684162993723	KO	status.find.in([200, 209], 304), found 400
REQUEST		request_33	1684162993630	1684162993734	KO	status.find.in([200, 209], 304), found 400
REQUEST		request_34	1684162993642	1684162993760	KO	status.find.in([200, 209], 304), found 400
REQUEST		request_29	1684162993479	1684162993800	OK	 
REQUEST		request_35	1684162993671	1684162993838	OK	 
REQUEST		request_36	1684162993724	1684162993969	KO	status.find.in([200, 209], 304), found 400
REQUEST		request_20	1684162993474	1684162994526	KO	status.find.in([200, 209], 304), found 400
REQUEST		request_19	1684162993475	1684162995140	KO	status.find.in([200, 209], 304), found 400
REQUEST		request_10	1684162995672	1684162995749	OK	 
USER	flujoReusoCheckOut	START	1684162999347
REQUEST		request_0	1684162999345	1684162999500	OK	 
REQUEST		request_11	1684163000752	1684163000764	OK	 
REQUEST		request_12	1684163000765	1684163000839	OK	 
REQUEST		request_15	1684163000767	1684163000917	OK	 
REQUEST		request_13	1684163000766	1684163000919	OK	 
REQUEST		request_16	1684163000767	1684163000934	OK	 
REQUEST		request_14	1684163000767	1684163000957	OK	 
REQUEST		request_17	1684163000766	1684163001062	OK	 
REQUEST		request_1	1684163001503	1684163001512	OK	 
REQUEST		request_5	1684163001513	1684163001522	OK	 
REQUEST		request_6	1684163001514	1684163001606	OK	 
REQUEST		request_3	1684163001517	1684163001683	OK	 
REQUEST		request_4	1684163001517	1684163001830	KO	status.find.in([200, 209], 304), found 400
REQUEST		request_2	1684163001515	1684163001886	OK	 
REQUEST		request_7	1684163002888	1684163002899	OK	 
REQUEST		request_8	1684163002900	1684163002908	OK	 
REQUEST		request_9	1684163002900	1684163003435	KO	status.find.in([200, 209], 304), found 400
REQUEST		request_18	1684163004064	1684163004136	OK	 
REQUEST		request_37	1684163004138	1684163004177	OK	 
REQUEST		request_25	1684163004140	1684163004304	OK	 
REQUEST		request_30	1684163004142	1684163004317	OK	 
REQUEST		request_29	1684163004142	1684163004343	OK	 
REQUEST		request_20	1684163004139	1684163004356	KO	status.find.in([200, 209], 304), found 400
REQUEST		request_19	1684163004139	1684163004384	KO	status.find.in([200, 209], 304), found 400
REQUEST		request_26	1684163004141	1684163004411	KO	status.find.in([200, 209], 304), found 400
REQUEST		request_33	1684163004317	1684163004420	KO	status.find.in([200, 209], 304), found 400
REQUEST		request_34	1684163004343	1684163004446	KO	status.find.in([200, 209], 304), found 400
REQUEST		request_36	1684163004412	1684163004515	KO	status.find.in([200, 209], 304), found 400
REQUEST		request_35	1684163004385	1684163004528	OK	 
REQUEST		request_28	1684163004141	1684163004557	OK	 
REQUEST		request_31	1684163004304	1684163004786	KO	status.find.in([200, 209], 304), found 400
REQUEST		request_10	1684163005437	1684163005523	OK	 
USER	flujoReusoCheckOut	START	1684163009346
REQUEST		request_0	1684163009345	1684163009500	OK	 
REQUEST		request_11	1684163010525	1684163010534	OK	 
REQUEST		request_12	1684163010535	1684163010607	OK	 
REQUEST		request_15	1684163010538	1684163010685	OK	 
REQUEST		request_13	1684163010536	1684163010692	OK	 
REQUEST		request_17	1684163010535	1684163010693	OK	 
REQUEST		request_16	1684163010538	1684163010700	OK	 
REQUEST		request_14	1684163010537	1684163010712	OK	 
REQUEST		request_1	1684163011501	1684163011510	OK	 
REQUEST		request_5	1684163011511	1684163011519	OK	 
REQUEST		request_6	1684163011512	1684163011607	OK	 
REQUEST		request_3	1684163011513	1684163011666	OK	 
REQUEST		request_2	1684163011512	1684163011674	OK	 
REQUEST		request_4	1684163011513	1684163012446	KO	status.find.in([200, 209], 304), found 400
REQUEST		request_7	1684163013448	1684163013458	OK	 
REQUEST		request_8	1684163013459	1684163013465	OK	 
REQUEST		request_9	1684163013459	1684163013593	KO	status.find.in([200, 209], 304), found 400
REQUEST		request_18	1684163013714	1684163013788	OK	 
REQUEST		request_37	1684163013790	1684163013827	OK	 
REQUEST		request_26	1684163013794	1684163013909	KO	status.find.in([200, 209], 304), found 400
REQUEST		request_20	1684163013792	1684163013936	KO	status.find.in([200, 209], 304), found 400
REQUEST		request_25	1684163013793	1684163013948	OK	 
REQUEST		request_28	1684163013794	1684163013966	OK	 
REQUEST		request_30	1684163013795	1684163013973	OK	 
REQUEST		request_31	1684163013909	1684163014019	KO	status.find.in([200, 209], 304), found 400
REQUEST		request_29	1684163013794	1684163014025	OK	 
REQUEST		request_33	1684163013948	1684163014059	KO	status.find.in([200, 209], 304), found 400
REQUEST		request_34	1684163013966	1684163014079	KO	status.find.in([200, 209], 304), found 400
REQUEST		request_35	1684163013973	1684163014111	OK	 
REQUEST		request_36	1684163014019	1684163014122	KO	status.find.in([200, 209], 304), found 400
REQUEST		request_19	1684163013792	1684163015416	KO	status.find.in([200, 209], 304), found 400
REQUEST		request_10	1684163015596	1684163015671	OK	 
USER	flujoReusoCheckOut	START	1684163019347
REQUEST		request_0	1684163019346	1684163019791	OK	 
REQUEST		request_11	1684163020673	1684163020683	OK	 
REQUEST		request_12	1684163020684	1684163020761	OK	 
REQUEST		request_17	1684163020685	1684163020831	OK	 
REQUEST		request_13	1684163020685	1684163020837	OK	 
REQUEST		request_15	1684163020686	1684163020839	OK	 
REQUEST		request_16	1684163020686	1684163020844	OK	 
REQUEST		request_14	1684163020685	1684163020880	OK	 
REQUEST		request_1	1684163021794	1684163021804	OK	 
REQUEST		request_5	1684163021805	1684163021814	OK	 
REQUEST		request_6	1684163021805	1684163021917	OK	 
REQUEST		request_2	1684163021806	1684163021971	OK	 
REQUEST		request_3	1684163021806	1684163021983	OK	 
REQUEST		request_4	1684163021806	1684163022093	KO	status.find.in([200, 209], 304), found 400
REQUEST		request_7	1684163023095	1684163023102	OK	 
REQUEST		request_8	1684163023103	1684163023109	OK	 
REQUEST		request_9	1684163023103	1684163023201	KO	status.find.in([200, 209], 304), found 400
REQUEST		request_18	1684163023881	1684163023954	OK	 
REQUEST		request_37	1684163023956	1684163023994	OK	 
REQUEST		request_20	1684163023956	1684163024115	KO	status.find.in([200, 209], 304), found 400
REQUEST		request_25	1684163023959	1684163024118	OK	 
REQUEST		request_19	1684163023958	1684163024122	KO	status.find.in([200, 209], 304), found 400
REQUEST		request_29	1684163023960	1684163024134	OK	 
REQUEST		request_30	1684163023960	1684163024141	OK	 
REQUEST		request_33	1684163024122	1684163024225	KO	status.find.in([200, 209], 304), found 400
REQUEST		request_34	1684163024134	1684163024245	KO	status.find.in([200, 209], 304), found 400
REQUEST		request_28	1684163023960	1684163024249	OK	 
REQUEST		request_35	1684163024141	1684163024284	OK	 
REQUEST		request_36	1684163024226	1684163024333	KO	status.find.in([200, 209], 304), found 400
REQUEST		request_26	1684163023959	1684163024352	KO	status.find.in([200, 209], 304), found 400
REQUEST		request_31	1684163024118	1684163024398	KO	status.find.in([200, 209], 304), found 400
REQUEST		request_10	1684163025202	1684163025276	OK	 
USER	flujoReusoCheckOut	START	1684163029347
REQUEST		request_0	1684163029346	1684163029513	OK	 
REQUEST		request_11	1684163030279	1684163030286	OK	 
REQUEST		request_12	1684163030288	1684163030360	OK	 
REQUEST		request_13	1684163030289	1684163030441	OK	 
REQUEST		request_15	1684163030290	1684163030445	OK	 
REQUEST		request_16	1684163030291	1684163030447	OK	 
REQUEST		request_14	1684163030290	1684163030476	OK	 
REQUEST		request_17	1684163030288	1684163030528	OK	 
REQUEST		request_1	1684163031514	1684163031521	OK	 
REQUEST		request_5	1684163031522	1684163031531	OK	 
REQUEST		request_6	1684163031522	1684163031613	OK	 
REQUEST		request_4	1684163031525	1684163031661	KO	status.find.in([200, 209], 304), found 400
REQUEST		request_2	1684163031523	1684163031683	OK	 
REQUEST		request_3	1684163031524	1684163031689	OK	 
REQUEST		request_7	1684163032691	1684163032699	OK	 
REQUEST		request_8	1684163032700	1684163032708	OK	 
REQUEST		request_9	1684163032700	1684163033234	KO	status.find.in([200, 209], 304), found 400
REQUEST		request_18	1684163033529	1684163033600	OK	 
REQUEST		request_37	1684163033602	1684163033637	OK	 
REQUEST		request_26	1684163033604	1684163033706	KO	status.find.in([200, 209], 304), found 400
REQUEST		request_20	1684163033602	1684163033757	KO	status.find.in([200, 209], 304), found 400
REQUEST		request_28	1684163033604	1684163033761	OK	 
REQUEST		request_30	1684163033605	1684163033787	OK	 
REQUEST		request_19	1684163033603	1684163033805	KO	status.find.in([200, 209], 304), found 400
REQUEST		request_29	1684163033605	1684163033837	OK	 
REQUEST		request_31	1684163033706	1684163033845	KO	status.find.in([200, 209], 304), found 400
REQUEST		request_33	1684163033761	1684163033893	KO	status.find.in([200, 209], 304), found 400
REQUEST		request_34	1684163033788	1684163033904	KO	status.find.in([200, 209], 304), found 400
REQUEST		request_25	1684163033604	1684163033929	OK	 
REQUEST		request_36	1684163033837	1684163033937	KO	status.find.in([200, 209], 304), found 400
REQUEST		request_35	1684163033805	1684163033982	OK	 
REQUEST		request_10	1684163035236	1684163035315	OK	 
USER	flujoReusoCheckOut	START	1684163039345
REQUEST		request_0	1684163039344	1684163039505	OK	 
REQUEST		request_11	1684163040317	1684163040327	OK	 
REQUEST		request_12	1684163040328	1684163040403	OK	 
REQUEST		request_17	1684163040329	1684163040511	OK	 
REQUEST		request_15	1684163040330	1684163040515	OK	 
REQUEST		request_13	1684163040329	1684163040516	OK	 
REQUEST		request_16	1684163040330	1684163040517	OK	 
REQUEST		request_14	1684163040330	1684163040522	OK	 
REQUEST		request_1	1684163041507	1684163041518	OK	 
REQUEST		request_5	1684163041519	1684163041527	OK	 
REQUEST		request_6	1684163041519	1684163041603	OK	 
REQUEST		request_4	1684163041520	1684163041678	KO	status.find.in([200, 209], 304), found 400
REQUEST		request_2	1684163041520	1684163041701	OK	 
REQUEST		request_3	1684163041520	1684163041705	OK	 
REQUEST		request_7	1684163042707	1684163042714	OK	 
REQUEST		request_8	1684163042715	1684163042727	OK	 
REQUEST		request_9	1684163042715	1684163042824	KO	status.find.in([200, 209], 304), found 400
REQUEST		request_18	1684163043524	1684163043598	OK	 
REQUEST		request_37	1684163043600	1684163043633	OK	 
REQUEST		request_26	1684163043602	1684163043724	KO	status.find.in([200, 209], 304), found 400
REQUEST		request_25	1684163043601	1684163043749	OK	 
REQUEST		request_20	1684163043600	1684163043760	KO	status.find.in([200, 209], 304), found 400
REQUEST		request_30	1684163043603	1684163043764	OK	 
REQUEST		request_28	1684163043602	1684163043768	OK	 
REQUEST		request_29	1684163043602	1684163043774	OK	 
REQUEST		request_19	1684163043601	1684163043812	KO	status.find.in([200, 209], 304), found 400
REQUEST		request_31	1684163043725	1684163043818	KO	status.find.in([200, 209], 304), found 400
REQUEST		request_34	1684163043764	1684163043869	KO	status.find.in([200, 209], 304), found 400
REQUEST		request_36	1684163043774	1684163043888	KO	status.find.in([200, 209], 304), found 400
REQUEST		request_33	1684163043750	1684163043921	KO	status.find.in([200, 209], 304), found 400
REQUEST		request_35	1684163043768	1684163043935	OK	 
REQUEST		request_10	1684163044826	1684163044902	OK	 
USER	flujoReusoCheckOut	START	1684163049346
REQUEST		request_0	1684163049345	1684163049502	OK	 
REQUEST		request_11	1684163049905	1684163049917	OK	 
REQUEST		request_12	1684163049918	1684163049993	OK	 
REQUEST		request_13	1684163049918	1684163050067	OK	 
REQUEST		request_15	1684163049920	1684163050072	OK	 
REQUEST		request_16	1684163049921	1684163050088	OK	 
REQUEST		request_17	1684163049918	1684163050097	OK	 
REQUEST		request_14	1684163049920	1684163050103	OK	 
REQUEST		request_1	1684163051504	1684163051513	OK	 
REQUEST		request_5	1684163051514	1684163051522	OK	 
REQUEST		request_6	1684163051514	1684163051602	OK	 
REQUEST		request_4	1684163051515	1684163051632	KO	status.find.in([200, 209], 304), found 400
REQUEST		request_3	1684163051515	1684163051695	OK	 
REQUEST		request_2	1684163051514	1684163051974	OK	 
REQUEST		request_7	1684163052976	1684163052986	OK	 
REQUEST		request_8	1684163052987	1684163053001	OK	 
REQUEST		request_9	1684163052987	1684163053106	KO	status.find.in([200, 209], 304), found 400
REQUEST		request_18	1684163053105	1684163053184	OK	 
REQUEST		request_37	1684163053185	1684163053220	OK	 
REQUEST		request_26	1684163053188	1684163053333	KO	status.find.in([200, 209], 304), found 400
REQUEST		request_25	1684163053188	1684163053339	OK	 
REQUEST		request_20	1684163053187	1684163053357	KO	status.find.in([200, 209], 304), found 400
REQUEST		request_30	1684163053189	1684163053358	OK	 
REQUEST		request_19	1684163053188	1684163053366	KO	status.find.in([200, 209], 304), found 400
REQUEST		request_28	1684163053189	1684163053368	OK	 
REQUEST		request_29	1684163053189	1684163053388	OK	 
REQUEST		request_33	1684163053339	1684163053448	KO	status.find.in([200, 209], 304), found 400
REQUEST		request_34	1684163053358	1684163053460	KO	status.find.in([200, 209], 304), found 400
REQUEST		request_36	1684163053368	1684163053466	KO	status.find.in([200, 209], 304), found 400
REQUEST		request_35	1684163053366	1684163053536	OK	 
REQUEST		request_31	1684163053333	1684163053585	KO	status.find.in([200, 209], 304), found 400
REQUEST		request_10	1684163055108	1684163055187	OK	 
USER	flujoReusoCheckOut	START	1684163059346
REQUEST		request_0	1684163059345	1684163059500	OK	 
REQUEST		request_11	1684163060189	1684163060200	OK	 
REQUEST		request_12	1684163060201	1684163060271	OK	 
REQUEST		request_17	1684163060201	1684163060357	OK	 
REQUEST		request_13	1684163060202	1684163060358	OK	 
REQUEST		request_15	1684163060203	1684163060359	OK	 
REQUEST		request_16	1684163060203	1684163060368	OK	 
REQUEST		request_14	1684163060202	1684163060380	OK	 
REQUEST		request_1	1684163061503	1684163061519	OK	 
REQUEST		request_5	1684163061520	1684163061530	OK	 
REQUEST		request_6	1684163061520	1684163061610	OK	 
REQUEST		request_4	1684163061522	1684163061644	KO	status.find.in([200, 209], 304), found 400
REQUEST		request_3	1684163061521	1684163061688	OK	 
REQUEST		request_2	1684163061521	1684163061735	OK	 
REQUEST		request_7	1684163062737	1684163062746	OK	 
REQUEST		request_8	1684163062746	1684163062755	OK	 
REQUEST		request_9	1684163062747	1684163062865	KO	status.find.in([200, 209], 304), found 400
REQUEST		request_18	1684163063382	1684163063453	OK	 
REQUEST		request_26	1684163063748	1684163063860	KO	status.find.in([200, 209], 304), found 400
REQUEST		request_37	1684163063455	1684163063870	OK	 
REQUEST		request_25	1684163063748	1684163063906	OK	 
REQUEST		request_31	1684163063860	1684163063973	KO	status.find.in([200, 209], 304), found 400
REQUEST		request_20	1684163063456	1684163063995	KO	status.find.in([200, 209], 304), found 400
REQUEST		request_30	1684163063837	1684163064005	OK	 
REQUEST		request_29	1684163063837	1684163064006	OK	 
REQUEST		request_33	1684163063907	1684163064015	KO	status.find.in([200, 209], 304), found 400
REQUEST		request_28	1684163063749	1684163064024	OK	 
REQUEST		request_19	1684163063748	1684163064067	KO	status.find.in([200, 209], 304), found 400
REQUEST		request_34	1684163063973	1684163064075	KO	status.find.in([200, 209], 304), found 400
REQUEST		request_36	1684163064006	1684163064104	KO	status.find.in([200, 209], 304), found 400
REQUEST		request_35	1684163064005	1684163064169	OK	 
REQUEST		request_10	1684163064866	1684163064948	OK	 
REQUEST		request_11	1684163069951	1684163069960	OK	 
REQUEST		request_12	1684163069961	1684163070034	OK	 
REQUEST		request_17	1684163069962	1684163070103	OK	 
REQUEST		request_15	1684163069963	1684163070111	OK	 
REQUEST		request_13	1684163069962	1684163070114	OK	 
REQUEST		request_16	1684163069963	1684163070127	OK	 
REQUEST		request_14	1684163069962	1684163070153	OK	 
REQUEST		request_18	1684163073155	1684163073225	OK	 
REQUEST		request_37	1684163073227	1684163073258	OK	 
REQUEST		request_26	1684163073228	1684163073346	KO	status.find.in([200, 209], 304), found 400
REQUEST		request_25	1684163073228	1684163073380	OK	 
REQUEST		request_20	1684163073227	1684163073398	KO	status.find.in([200, 209], 304), found 400
REQUEST		request_28	1684163073229	1684163073398	OK	 
REQUEST		request_30	1684163073229	1684163073401	OK	 
REQUEST		request_29	1684163073229	1684163073408	OK	 
REQUEST		request_19	1684163073228	1684163073411	KO	status.find.in([200, 209], 304), found 400
REQUEST		request_33	1684163073381	1684163073483	KO	status.find.in([200, 209], 304), found 400
REQUEST		request_34	1684163073398	1684163073505	KO	status.find.in([200, 209], 304), found 400
REQUEST		request_36	1684163073408	1684163073519	KO	status.find.in([200, 209], 304), found 400
REQUEST		request_35	1684163073401	1684163073556	OK	 
REQUEST		request_31	1684163073346	1684163073592	KO	status.find.in([200, 209], 304), found 400
REQUEST		request_38	1684163090235	1684163090681	KO	status.find.in([200, 209], 304), found 404
REQUEST		request_66	1684163093683	1684163093845	OK	 
REQUEST		request_69	1684163093874	1684163093958	OK	 
REQUEST		request_68	1684163093846	1684163094049	OK	 
REQUEST		request_72	1684163098052	1684163098843	OK	 
REQUEST		request_76	1684163098844	1684163098860	OK	 
REQUEST		request_75	1684163098844	1684163098993	KO	status.find.in([200, 209], 304), found 400
REQUEST		request_74	1684163098844	1684163099053	OK	 
REQUEST		request_38	1684163099142	1684163099591	KO	status.find.in([200, 209], 304), found 404
REQUEST		request_73	1684163098843	1684163099833	KO	status.find.in([200, 209], 304), found 401
REQUEST		request_79	1684163101835	1684163102009	OK	 
REQUEST		request_80	1684163102009	1684163102117	KO	status.find.in([200, 209], 304), found 400
REQUEST		request_66	1684163102593	1684163102825	OK	 
REQUEST		request_69	1684163102826	1684163102982	OK	 
REQUEST		request_68	1684163102825	1684163103072	OK	 
REQUEST		request_81	1684163103119	1684163103269	OK	 
REQUEST		request_82	1684163103270	1684163103392	KO	status.find.in([200, 209], 304), found 400
REQUEST		request_83	1684163105394	1684163105537	OK	 
REQUEST		request_84	1684163105538	1684163105655	KO	status.find.in([200, 209], 304), found 400
REQUEST		request_72	1684163107074	1684163107661	OK	 
REQUEST		request_76	1684163107663	1684163107672	OK	 
REQUEST		request_85	1684163107657	1684163107801	OK	 
REQUEST		request_74	1684163107663	1684163107822	OK	 
REQUEST		request_73	1684163107662	1684163107940	KO	status.find.in([200, 209], 304), found 401
REQUEST		request_86	1684163107801	1684163107940	KO	status.find.in([200, 209], 304), found 400
REQUEST		request_75	1684163107663	1684163107955	KO	status.find.in([200, 209], 304), found 400
REQUEST		request_38	1684163108788	1684163109114	KO	status.find.in([200, 209], 304), found 404
REQUEST		request_79	1684163109956	1684163110108	OK	 
REQUEST		request_87	1684163109942	1684163110281	OK	 
REQUEST		request_88	1684163110282	1684163110383	KO	status.find.in([200, 209], 304), found 400
REQUEST		request_90	1684163110282	1684163110402	KO	status.find.in([200, 209], 304), found 400
REQUEST		request_89	1684163110282	1684163110435	OK	 
REQUEST		request_80	1684163110109	1684163110560	KO	status.find.in([200, 209], 304), found 400
REQUEST		request_91	1684163111437	1684163111607	OK	 
REQUEST		request_81	1684163111561	1684163111733	OK	 
REQUEST		request_82	1684163111734	1684163111840	KO	status.find.in([200, 209], 304), found 400
REQUEST		request_92	1684163111608	1684163111859	KO	status.find.in([200, 209], 304), found 400
REQUEST		request_66	1684163112115	1684163112300	OK	 
REQUEST		request_69	1684163112301	1684163112398	OK	 
REQUEST		request_68	1684163112300	1684163112537	OK	 
REQUEST		request_93	1684163112861	1684163112995	OK	 
REQUEST		request_99	1684163112997	1684163113059	OK	 
REQUEST		request_95	1684163112997	1684163113112	KO	status.find.in([200, 209], 304), found 400
REQUEST		request_101	1684163113004	1684163113157	OK	 
REQUEST		request_94	1684163113004	1684163113431	OK	 
REQUEST		request_102	1684163113004	1684163113432	KO	status.find.in([200, 209], 304), found 400
REQUEST		request_100	1684163113058	1684163113485	OK	 
REQUEST		request_97	1684163113057	1684163113518	OK	 
REQUEST		request_98	1684163113058	1684163113622	OK	 
USER	flujoReusoCheckOut	END	1684163113626
REQUEST		request_83	1684163113842	1684163113990	OK	 
REQUEST		request_84	1684163113990	1684163114093	KO	status.find.in([200, 209], 304), found 400
REQUEST		request_85	1684163116095	1684163116262	OK	 
REQUEST		request_86	1684163116262	1684163116359	KO	status.find.in([200, 209], 304), found 400
REQUEST		request_72	1684163116539	1684163116785	OK	 
REQUEST		request_76	1684163116785	1684163116795	OK	 
REQUEST		request_74	1684163116786	1684163116939	OK	 
REQUEST		request_73	1684163116785	1684163117087	KO	status.find.in([200, 209], 304), found 401
REQUEST		request_75	1684163116786	1684163117134	KO	status.find.in([200, 209], 304), found 400
REQUEST		request_87	1684163118361	1684163118511	OK	 
REQUEST		request_88	1684163118512	1684163118616	KO	status.find.in([200, 209], 304), found 400
REQUEST		request_90	1684163118512	1684163118627	KO	status.find.in([200, 209], 304), found 400
REQUEST		request_89	1684163118512	1684163118655	OK	 
REQUEST		request_79	1684163119137	1684163119294	OK	 
REQUEST		request_80	1684163119295	1684163119405	KO	status.find.in([200, 209], 304), found 400
REQUEST		request_38	1684163119418	1684163119681	KO	status.find.in([200, 209], 304), found 404
REQUEST		request_91	1684163119657	1684163119827	OK	 
REQUEST		request_92	1684163119828	1684163119931	KO	status.find.in([200, 209], 304), found 400
REQUEST		request_81	1684163120408	1684163120576	OK	 
REQUEST		request_82	1684163120576	1684163120674	KO	status.find.in([200, 209], 304), found 400
REQUEST		request_93	1684163120932	1684163121063	OK	 
REQUEST		request_99	1684163121064	1684163121071	OK	 
REQUEST		request_102	1684163121065	1684163121163	KO	status.find.in([200, 209], 304), found 400
REQUEST		request_95	1684163121064	1684163121181	KO	status.find.in([200, 209], 304), found 400
REQUEST		request_101	1684163121065	1684163121208	OK	 
REQUEST		request_98	1684163121066	1684163121233	OK	 
REQUEST		request_94	1684163121065	1684163121254	OK	 
REQUEST		request_100	1684163121066	1684163121291	OK	 
REQUEST		request_97	1684163121066	1684163121342	OK	 
USER	flujoReusoCheckOut	END	1684163121345
REQUEST		request_83	1684163122675	1684163122814	OK	 
REQUEST		request_66	1684163122683	1684163122840	OK	 
REQUEST		request_84	1684163122815	1684163122918	KO	status.find.in([200, 209], 304), found 400
REQUEST		request_69	1684163122841	1684163122928	OK	 
REQUEST		request_68	1684163122841	1684163123016	OK	 
REQUEST		request_85	1684163124919	1684163125063	OK	 
REQUEST		request_86	1684163125063	1684163125158	KO	status.find.in([200, 209], 304), found 400
REQUEST		request_72	1684163127017	1684163127177	OK	 
REQUEST		request_76	1684163127178	1684163127185	OK	 
REQUEST		request_87	1684163127160	1684163127331	OK	 
REQUEST		request_88	1684163127331	1684163127441	KO	status.find.in([200, 209], 304), found 400
REQUEST		request_75	1684163127178	1684163127441	KO	status.find.in([200, 209], 304), found 400
REQUEST		request_73	1684163127178	1684163127442	KO	status.find.in([200, 209], 304), found 401
REQUEST		request_74	1684163127178	1684163127442	OK	 
REQUEST		request_90	1684163127332	1684163127477	KO	status.find.in([200, 209], 304), found 400
REQUEST		request_89	1684163127331	1684163127478	OK	 
REQUEST		request_91	1684163128480	1684163128624	OK	 
REQUEST		request_38	1684163128401	1684163128700	KO	status.find.in([200, 209], 304), found 404
REQUEST		request_92	1684163128624	1684163128731	KO	status.find.in([200, 209], 304), found 400
REQUEST		request_79	1684163129444	1684163129595	OK	 
REQUEST		request_80	1684163129595	1684163129708	KO	status.find.in([200, 209], 304), found 400
REQUEST		request_93	1684163129733	1684163129864	OK	 
REQUEST		request_99	1684163129865	1684163129875	OK	 
REQUEST		request_102	1684163129866	1684163129969	KO	status.find.in([200, 209], 304), found 400
REQUEST		request_95	1684163129866	1684163129976	KO	status.find.in([200, 209], 304), found 400
REQUEST		request_101	1684163129866	1684163130037	OK	 
REQUEST		request_97	1684163129867	1684163130072	OK	 
REQUEST		request_98	1684163129867	1684163130101	OK	 
REQUEST		request_100	1684163129868	1684163130124	OK	 
REQUEST		request_94	1684163129866	1684163130216	OK	 
USER	flujoReusoCheckOut	END	1684163130217
REQUEST		request_81	1684163130709	1684163130855	OK	 
REQUEST		request_82	1684163130855	1684163130953	KO	status.find.in([200, 209], 304), found 400
REQUEST		request_66	1684163131703	1684163131863	OK	 
REQUEST		request_69	1684163131866	1684163132029	OK	 
REQUEST		request_68	1684163131864	1684163132152	OK	 
REQUEST		request_83	1684163132955	1684163133096	OK	 
REQUEST		request_84	1684163133096	1684163133190	KO	status.find.in([200, 209], 304), found 400
REQUEST		request_85	1684163135192	1684163135330	OK	 
REQUEST		request_86	1684163135331	1684163135432	KO	status.find.in([200, 209], 304), found 400
REQUEST		request_72	1684163136153	1684163136393	OK	 
REQUEST		request_76	1684163136394	1684163136401	OK	 
REQUEST		request_75	1684163136394	1684163136540	KO	status.find.in([200, 209], 304), found 400
REQUEST		request_74	1684163136394	1684163136543	OK	 
REQUEST		request_73	1684163136393	1684163136707	KO	status.find.in([200, 209], 304), found 401
REQUEST		request_87	1684163137433	1684163137578	OK	 
REQUEST		request_88	1684163137578	1684163137674	KO	status.find.in([200, 209], 304), found 400
REQUEST		request_90	1684163137579	1684163137703	KO	status.find.in([200, 209], 304), found 400
REQUEST		request_89	1684163137579	1684163137728	OK	 
REQUEST		request_38	1684163137984	1684163138299	KO	status.find.in([200, 209], 304), found 404
REQUEST		request_79	1684163138710	1684163138868	OK	 
REQUEST		request_91	1684163138729	1684163138887	OK	 
REQUEST		request_80	1684163138868	1684163138969	KO	status.find.in([200, 209], 304), found 400
REQUEST		request_92	1684163138887	1684163138985	KO	status.find.in([200, 209], 304), found 400
REQUEST		request_81	1684163139970	1684163140137	OK	 
REQUEST		request_93	1684163139986	1684163140138	OK	 
REQUEST		request_99	1684163140139	1684163140147	OK	 
REQUEST		request_95	1684163140139	1684163140242	KO	status.find.in([200, 209], 304), found 400
REQUEST		request_82	1684163140138	1684163140257	KO	status.find.in([200, 209], 304), found 400
REQUEST		request_102	1684163140140	1684163140258	KO	status.find.in([200, 209], 304), found 400
REQUEST		request_101	1684163140140	1684163140323	OK	 
REQUEST		request_94	1684163140140	1684163140325	OK	 
REQUEST		request_97	1684163140141	1684163140400	OK	 
REQUEST		request_100	1684163140141	1684163140405	OK	 
REQUEST		request_98	1684163140141	1684163140411	OK	 
USER	flujoReusoCheckOut	END	1684163140413
REQUEST		request_66	1684163141301	1684163141460	OK	 
REQUEST		request_69	1684163141461	1684163141549	OK	 
REQUEST		request_68	1684163141460	1684163141633	OK	 
REQUEST		request_83	1684163142259	1684163142426	OK	 
REQUEST		request_84	1684163142427	1684163142540	KO	status.find.in([200, 209], 304), found 400
REQUEST		request_85	1684163144542	1684163144694	OK	 
REQUEST		request_86	1684163144695	1684163144811	KO	status.find.in([200, 209], 304), found 400
REQUEST		request_72	1684163145634	1684163145810	OK	 
REQUEST		request_76	1684163145811	1684163145817	OK	 
REQUEST		request_74	1684163145811	1684163145952	OK	 
REQUEST		request_73	1684163145810	1684163146112	KO	status.find.in([200, 209], 304), found 401
REQUEST		request_75	1684163145811	1684163146139	KO	status.find.in([200, 209], 304), found 400
REQUEST		request_87	1684163146813	1684163146969	OK	 
REQUEST		request_88	1684163146970	1684163147077	KO	status.find.in([200, 209], 304), found 400
REQUEST		request_89	1684163146970	1684163147114	OK	 
REQUEST		request_90	1684163146970	1684163147259	KO	status.find.in([200, 209], 304), found 400
REQUEST		request_38	1684163147937	1684163148213	KO	status.find.in([200, 209], 304), found 404
REQUEST		request_79	1684163148141	1684163148280	OK	 
REQUEST		request_80	1684163148281	1684163148381	KO	status.find.in([200, 209], 304), found 400
REQUEST		request_91	1684163148260	1684163148404	OK	 
REQUEST		request_92	1684163148405	1684163148520	KO	status.find.in([200, 209], 304), found 400
REQUEST		request_81	1684163149383	1684163149529	OK	 
REQUEST		request_82	1684163149529	1684163149632	KO	status.find.in([200, 209], 304), found 400
REQUEST		request_93	1684163149522	1684163149657	OK	 
REQUEST		request_99	1684163149657	1684163149665	OK	 
REQUEST		request_102	1684163149658	1684163149759	KO	status.find.in([200, 209], 304), found 400
REQUEST		request_95	1684163149658	1684163149765	KO	status.find.in([200, 209], 304), found 400
REQUEST		request_97	1684163149661	1684163149774	OK	 
REQUEST		request_101	1684163149658	1684163149803	OK	 
REQUEST		request_100	1684163149662	1684163149832	OK	 
REQUEST		request_98	1684163149662	1684163149876	OK	 
REQUEST		request_94	1684163149659	1684163149920	OK	 
USER	flujoReusoCheckOut	END	1684163149922
REQUEST		request_66	1684163151214	1684163151408	OK	 
REQUEST		request_69	1684163151410	1684163151495	OK	 
REQUEST		request_68	1684163151409	1684163151586	OK	 
REQUEST		request_83	1684163151633	1684163151807	OK	 
REQUEST		request_84	1684163151808	1684163151914	KO	status.find.in([200, 209], 304), found 400
REQUEST		request_85	1684163153917	1684163154075	OK	 
REQUEST		request_86	1684163154076	1684163154185	KO	status.find.in([200, 209], 304), found 400
REQUEST		request_72	1684163155588	1684163155796	OK	 
REQUEST		request_76	1684163155797	1684163155805	OK	 
REQUEST		request_75	1684163155798	1684163155946	KO	status.find.in([200, 209], 304), found 400
REQUEST		request_74	1684163155797	1684163155954	OK	 
REQUEST		request_73	1684163155797	1684163156117	KO	status.find.in([200, 209], 304), found 401
REQUEST		request_87	1684163156187	1684163156373	OK	 
REQUEST		request_88	1684163156374	1684163156475	KO	status.find.in([200, 209], 304), found 400
REQUEST		request_89	1684163156374	1684163156533	OK	 
REQUEST		request_90	1684163156374	1684163156546	KO	status.find.in([200, 209], 304), found 400
REQUEST		request_91	1684163157548	1684163157700	OK	 
REQUEST		request_92	1684163157701	1684163157825	KO	status.find.in([200, 209], 304), found 400
REQUEST		request_38	1684163157587	1684163157893	KO	status.find.in([200, 209], 304), found 404
REQUEST		request_79	1684163158120	1684163158575	OK	 
REQUEST		request_80	1684163158575	1684163158726	KO	status.find.in([200, 209], 304), found 400
REQUEST		request_93	1684163158828	1684163158965	OK	 
REQUEST		request_99	1684163158966	1684163158975	OK	 
REQUEST		request_102	1684163158967	1684163159080	KO	status.find.in([200, 209], 304), found 400
REQUEST		request_97	1684163158967	1684163159083	OK	 
REQUEST		request_95	1684163158966	1684163159083	KO	status.find.in([200, 209], 304), found 400
REQUEST		request_98	1684163158968	1684163159088	OK	 
REQUEST		request_100	1684163158968	1684163159097	OK	 
REQUEST		request_101	1684163158967	1684163159112	OK	 
REQUEST		request_94	1684163158967	1684163159170	OK	 
USER	flujoReusoCheckOut	END	1684163159171
REQUEST		request_81	1684163159727	1684163159888	OK	 
REQUEST		request_82	1684163159888	1684163160013	KO	status.find.in([200, 209], 304), found 400
REQUEST		request_66	1684163160895	1684163161073	OK	 
REQUEST		request_69	1684163161075	1684163161160	OK	 
REQUEST		request_68	1684163161074	1684163161238	OK	 
REQUEST		request_83	1684163162015	1684163162160	OK	 
REQUEST		request_84	1684163162161	1684163162266	KO	status.find.in([200, 209], 304), found 400
REQUEST		request_85	1684163164268	1684163164404	OK	 
REQUEST		request_86	1684163164404	1684163164502	KO	status.find.in([200, 209], 304), found 400
REQUEST		request_72	1684163165240	1684163165425	OK	 
REQUEST		request_76	1684163165426	1684163165480	OK	 
REQUEST		request_74	1684163165426	1684163165576	OK	 
REQUEST		request_75	1684163165426	1684163165606	KO	status.find.in([200, 209], 304), found 400
REQUEST		request_73	1684163165426	1684163165697	KO	status.find.in([200, 209], 304), found 401
REQUEST		request_87	1684163166504	1684163166647	OK	 
REQUEST		request_88	1684163166648	1684163166762	KO	status.find.in([200, 209], 304), found 400
REQUEST		request_90	1684163166648	1684163166766	KO	status.find.in([200, 209], 304), found 400
REQUEST		request_89	1684163166648	1684163166829	OK	 
REQUEST		request_79	1684163167699	1684163167856	OK	 
REQUEST		request_91	1684163167830	1684163167974	OK	 
REQUEST		request_80	1684163167856	1684163167979	KO	status.find.in([200, 209], 304), found 400
REQUEST		request_92	1684163167974	1684163168069	KO	status.find.in([200, 209], 304), found 400
REQUEST		request_38	1684163168171	1684163168713	KO	status.find.in([200, 209], 304), found 404
REQUEST		request_81	1684163168980	1684163169128	OK	 
REQUEST		request_93	1684163169071	1684163169211	OK	 
REQUEST		request_99	1684163169212	1684163169223	OK	 
REQUEST		request_82	1684163169129	1684163169233	KO	status.find.in([200, 209], 304), found 400
REQUEST		request_102	1684163169213	1684163169312	KO	status.find.in([200, 209], 304), found 400
REQUEST		request_97	1684163169213	1684163169325	OK	 
REQUEST		request_95	1684163169212	1684163169338	KO	status.find.in([200, 209], 304), found 400
REQUEST		request_100	1684163169214	1684163169351	OK	 
REQUEST		request_101	1684163169213	1684163169352	OK	 
REQUEST		request_94	1684163169213	1684163169473	OK	 
REQUEST		request_98	1684163169214	1684163169484	OK	 
USER	flujoReusoCheckOut	END	1684163169487
REQUEST		request_83	1684163171235	1684163171397	OK	 
REQUEST		request_84	1684163171397	1684163171539	KO	status.find.in([200, 209], 304), found 400
REQUEST		request_66	1684163171715	1684163171903	OK	 
REQUEST		request_69	1684163171905	1684163172078	OK	 
REQUEST		request_68	1684163171904	1684163172175	OK	 
REQUEST		request_85	1684163173540	1684163173690	OK	 
REQUEST		request_86	1684163173690	1684163173798	KO	status.find.in([200, 209], 304), found 400
REQUEST		request_87	1684163175800	1684163175983	OK	 
REQUEST		request_90	1684163175984	1684163176100	KO	status.find.in([200, 209], 304), found 400
REQUEST		request_88	1684163175984	1684163176100	KO	status.find.in([200, 209], 304), found 400
REQUEST		request_89	1684163175984	1684163176131	OK	 
REQUEST		request_72	1684163176178	1684163176534	OK	 
REQUEST		request_76	1684163176535	1684163176554	OK	 
REQUEST		request_75	1684163176535	1684163176674	KO	status.find.in([200, 209], 304), found 400
REQUEST		request_74	1684163176535	1684163176700	OK	 
REQUEST		request_73	1684163176535	1684163177039	KO	status.find.in([200, 209], 304), found 401
REQUEST		request_91	1684163177133	1684163177286	OK	 
REQUEST		request_92	1684163177287	1684163177598	KO	status.find.in([200, 209], 304), found 400
REQUEST		request_38	1684163177595	1684163177980	KO	status.find.in([200, 209], 304), found 404
REQUEST		request_93	1684163178600	1684163178747	OK	 
REQUEST		request_99	1684163178747	1684163178754	OK	 
REQUEST		request_95	1684163178748	1684163178849	KO	status.find.in([200, 209], 304), found 400
REQUEST		request_98	1684163178749	1684163178862	OK	 
REQUEST		request_97	1684163178749	1684163178863	OK	 
REQUEST		request_102	1684163178748	1684163178874	KO	status.find.in([200, 209], 304), found 400
REQUEST		request_101	1684163178748	1684163178899	OK	 
REQUEST		request_94	1684163178749	1684163178936	OK	 
REQUEST		request_100	1684163178750	1684163178936	OK	 
USER	flujoReusoCheckOut	END	1684163178938
REQUEST		request_79	1684163179039	1684163179191	OK	 
REQUEST		request_80	1684163179191	1684163179709	KO	status.find.in([200, 209], 304), found 400
REQUEST		request_81	1684163180711	1684163180850	OK	 
REQUEST		request_82	1684163180851	1684163180973	KO	status.find.in([200, 209], 304), found 400
REQUEST		request_66	1684163180982	1684163181141	OK	 
REQUEST		request_69	1684163181143	1684163181237	OK	 
REQUEST		request_68	1684163181142	1684163181314	OK	 
REQUEST		request_83	1684163182975	1684163183143	OK	 
REQUEST		request_84	1684163183144	1684163183253	KO	status.find.in([200, 209], 304), found 400
REQUEST		request_85	1684163185254	1684163185432	OK	 
REQUEST		request_72	1684163185317	1684163185471	OK	 
REQUEST		request_76	1684163185472	1684163185481	OK	 
REQUEST		request_86	1684163185433	1684163185534	KO	status.find.in([200, 209], 304), found 400
REQUEST		request_75	1684163185472	1684163185618	KO	status.find.in([200, 209], 304), found 400
REQUEST		request_74	1684163185472	1684163185626	OK	 
REQUEST		request_73	1684163185471	1684163185760	KO	status.find.in([200, 209], 304), found 401
REQUEST		request_87	1684163187536	1684163187686	OK	 
REQUEST		request_88	1684163187686	1684163187798	KO	status.find.in([200, 209], 304), found 400
REQUEST		request_90	1684163187687	1684163187839	KO	status.find.in([200, 209], 304), found 400
REQUEST		request_89	1684163187687	1684163187839	OK	 
REQUEST		request_79	1684163187762	1684163187919	OK	 
REQUEST		request_80	1684163187920	1684163188019	KO	status.find.in([200, 209], 304), found 400
REQUEST		request_91	1684163188840	1684163188987	OK	 
REQUEST		request_92	1684163188988	1684163189121	KO	status.find.in([200, 209], 304), found 400
REQUEST		request_81	1684163189021	1684163189195	OK	 
REQUEST		request_82	1684163189196	1684163189310	KO	status.find.in([200, 209], 304), found 400
REQUEST		request_93	1684163190123	1684163190267	OK	 
REQUEST		request_99	1684163190268	1684163190306	OK	 
REQUEST		request_95	1684163190268	1684163190367	KO	status.find.in([200, 209], 304), found 400
REQUEST		request_102	1684163190269	1684163190370	KO	status.find.in([200, 209], 304), found 400
REQUEST		request_97	1684163190304	1684163190414	OK	 
REQUEST		request_98	1684163190305	1684163190416	OK	 
REQUEST		request_100	1684163190305	1684163190430	OK	 
REQUEST		request_101	1684163190268	1684163190442	OK	 
REQUEST		request_94	1684163190269	1684163190550	OK	 
USER	flujoReusoCheckOut	END	1684163190552
REQUEST		request_83	1684163191312	1684163191460	OK	 
REQUEST		request_84	1684163191461	1684163191594	KO	status.find.in([200, 209], 304), found 400
REQUEST		request_85	1684163193596	1684163193749	OK	 
REQUEST		request_86	1684163193750	1684163193879	KO	status.find.in([200, 209], 304), found 400
REQUEST		request_87	1684163195880	1684163196033	OK	 
REQUEST		request_88	1684163196033	1684163196130	KO	status.find.in([200, 209], 304), found 400
REQUEST		request_90	1684163196034	1684163196162	KO	status.find.in([200, 209], 304), found 400
REQUEST		request_89	1684163196034	1684163196187	OK	 
REQUEST		request_91	1684163197188	1684163197342	OK	 
REQUEST		request_92	1684163197343	1684163197442	KO	status.find.in([200, 209], 304), found 400
REQUEST		request_93	1684163198444	1684163198586	OK	 
REQUEST		request_99	1684163198587	1684163198597	OK	 
REQUEST		request_102	1684163198588	1684163198684	KO	status.find.in([200, 209], 304), found 400
REQUEST		request_97	1684163198589	1684163198696	OK	 
REQUEST		request_98	1684163198589	1684163198712	OK	 
REQUEST		request_95	1684163198587	1684163198713	KO	status.find.in([200, 209], 304), found 400
REQUEST		request_94	1684163198588	1684163198747	OK	 
REQUEST		request_100	1684163198590	1684163198765	OK	 
REQUEST		request_101	1684163198588	1684163198769	OK	 
USER	flujoReusoCheckOut	END	1684163198770
