RUN	bnpl.flujoReusoCheckOut	flujoreusocheckout	1683736649317	 	3.8.3
USER	flujoReusoCheckOut	START	1683736656665
REQUEST		request_0	1683736655958	1683736657264	OK	 
REQUEST		request_1	1683736659283	1683736659366	OK	 
REQUEST		request_5	1683736659396	1683736659562	OK	 
REQUEST		request_6	1683736659397	1683736659892	OK	 
REQUEST		request_4	1683736659399	1683736659899	KO	status.find.in([200, 209], 304), found 400
REQUEST		request_3	1683736659398	1683736660070	OK	 
REQUEST		request_2	1683736659398	1683736660405	OK	 
REQUEST		request_7	1683736661408	1683736661416	OK	 
REQUEST		request_8	1683736661417	1683736661424	OK	 
REQUEST		request_9	1683736661417	1683736662463	KO	status.find.in([200, 209], 304), found 400
REQUEST		request_10	1683736664465	1683736664550	OK	 
REQUEST		request_11	1683736669552	1683736671524	OK	 
REQUEST		request_12	1683736671527	1683736672130	OK	 
REQUEST		request_17	1683736671528	1683736672131	OK	 
REQUEST		request_15	1683736672127	1683736672319	OK	 
REQUEST		request_13	1683736671529	1683736672325	OK	 
REQUEST		request_16	1683736672128	1683736672328	OK	 
REQUEST		request_14	1683736672127	1683736672362	OK	 
REQUEST		request_18	1683736675366	1683736675640	OK	 
REQUEST		request_22	1683736676245	1683736676486	KO	status.find.in([200, 209], 304), found 400
REQUEST		request_37	1683736675644	1683736676526	OK	 
REQUEST		request_25	1683736676248	1683736676781	OK	 
REQUEST		request_24	1683736676247	1683736676782	KO	status.find.in([200, 209], 304), found 400
REQUEST		request_21	1683736676244	1683736676783	OK	 
REQUEST		request_23	1683736676246	1683736676784	OK	 
REQUEST		request_26	1683736676486	1683736677058	KO	status.find.in([200, 209], 304), found 400
REQUEST		request_28	1683736676783	1683736677059	OK	 
REQUEST		request_30	1683736676785	1683736677061	OK	 
REQUEST		request_27	1683736676781	1683736677063	OK	 
REQUEST		request_29	1683736676784	1683736677242	OK	 
REQUEST		request_35	1683736677243	1683736677390	OK	 
REQUEST		request_32	1683736677059	1683736677393	KO	status.find.in([200, 209], 304), found 400
REQUEST		request_33	1683736677061	1683736677399	KO	status.find.in([200, 209], 304), found 400
REQUEST		request_36	1683736677391	1683736677596	KO	status.find.in([200, 209], 304), found 400
REQUEST		request_34	1683736677063	1683736677596	KO	status.find.in([200, 209], 304), found 400
REQUEST		request_19	1683736676237	1683736677597	KO	status.find.in([200, 209], 304), found 400
REQUEST		request_20	1683736675834	1683736677934	KO	status.find.in([200, 209], 304), found 400
REQUEST		request_31	1683736677058	1683736677935	KO	status.find.in([200, 209], 304), found 400
REQUEST		request_38	1683736781937	1683736782696	KO	status.find.in([200, 209], 304), found 404
REQUEST		request_66	1683736785699	1683736786413	OK	 
REQUEST		request_69	1683736786514	1683736786642	OK	 
REQUEST		request_67	1683736786515	1683736786796	KO	status.find.in([200, 209], 304), found 400
REQUEST		request_68	1683736786499	1683736786825	OK	 
REQUEST		request_71	1683736786499	1683736787106	KO	status.find.in([200, 209], 304), found 400
REQUEST		request_70	1683736786415	1683736787410	OK	 
REQUEST		request_72	1683736791411	1683736791664	OK	 
REQUEST		request_76	1683736791666	1683736791676	OK	 
REQUEST		request_77	1683736791667	1683736791931	OK	 
REQUEST		request_74	1683736791667	1683736792016	OK	 
REQUEST		request_78	1683736791668	1683736792027	KO	status.find.in([200, 209], 304), found 400
REQUEST		request_75	1683736791667	1683736792835	KO	status.find.in([200, 209], 304), found 400
REQUEST		request_73	1683736791665	1683736793971	KO	status.find.in([200, 209], 304), found 401
REQUEST		request_79	1683736795973	1683736796161	OK	 
REQUEST		request_80	1683736796162	1683736796309	KO	status.find.in([200, 209], 304), found 400
REQUEST		request_81	1683736797312	1683736797695	OK	 
REQUEST		request_82	1683736797696	1683736798032	KO	status.find.in([200, 209], 304), found 400
REQUEST		request_83	1683736800034	1683736800213	OK	 
REQUEST		request_84	1683736800214	1683736800485	KO	status.find.in([200, 209], 304), found 400
REQUEST		request_85	1683736802487	1683736802675	OK	 
REQUEST		request_86	1683736802676	1683736803026	KO	status.find.in([200, 209], 304), found 400
REQUEST		request_87	1683736805027	1683736805333	OK	 
REQUEST		request_89	1683736805334	1683736805486	OK	 
REQUEST		request_90	1683736805334	1683736805747	KO	status.find.in([200, 209], 304), found 400
REQUEST		request_88	1683736805333	1683736805787	KO	status.find.in([200, 209], 304), found 400
REQUEST		request_91	1683736806788	1683736806944	OK	 
REQUEST		request_92	1683736806945	1683736807106	KO	status.find.in([200, 209], 304), found 400
REQUEST		request_93	1683736808107	1683736808273	OK	 
REQUEST		request_99	1683736808276	1683736808368	OK	 
REQUEST		request_101	1683736808283	1683736808577	OK	 
REQUEST		request_102	1683736808284	1683736808667	KO	status.find.in([200, 209], 304), found 400
REQUEST		request_95	1683736808276	1683736808780	KO	status.find.in([200, 209], 304), found 400
REQUEST		request_94	1683736808284	1683736809092	OK	 
REQUEST		request_100	1683736808367	1683736809160	OK	 
REQUEST		request_97	1683736808366	1683736809195	OK	 
REQUEST		request_98	1683736808366	1683736809257	OK	 
REQUEST		request_103	1683736817259	1683736817436	OK	 
REQUEST		request_104	1683736817437	1683736817571	KO	status.find.in([200, 209], 304), found 400
USER	flujoReusoCheckOut	END	1683736817577
