RUN	bnpl.flujoReusoCheckOutCorregido	flujoreusocheckoutcorregido	1684179513811	 	3.8.3
USER	flujoReusoCheckOut	START	1684179515289
REQUEST		request_0	1684179515266	1684179515453	OK	 
REQUEST		request_1	1684179517474	1684179517487	OK	 
REQUEST		request_5	1684179517505	1684179517539	OK	 
REQUEST		request_4	1684179517508	1684179518403	KO	status.find.in([200, 209], 304), found 400
REQUEST		request_6	1684179517506	1684179518599	OK	 
REQUEST		request_2	1684179517507	1684179519764	OK	 
REQUEST		request_3	1684179517507	1684179519765	OK	 
REQUEST		request_7	1684179520768	1684179520777	OK	 
REQUEST		request_8	1684179520778	1684179520787	OK	 
REQUEST		request_9	1684179520779	1684179520789	KO	status.find.in([200, 209], 304), found 403
REQUEST		request_10	1684179522794	1684179522877	OK	 
USER	flujoReusoCheckOut	START	1684179525232
REQUEST		request_0	1684179525230	1684179525391	OK	 
REQUEST		request_1	1684179527393	1684179527404	OK	 
REQUEST		request_5	1684179527405	1684179527413	OK	 
REQUEST		request_6	1684179527406	1684179527495	OK	 
REQUEST		request_4	1684179527407	1684179527751	KO	status.find.in([200, 209], 304), found 400
REQUEST		request_2	1684179527406	1684179527875	OK	 
REQUEST		request_11	1684179527879	1684179527890	OK	 
REQUEST		request_3	1684179527407	1684179527936	OK	 
REQUEST		request_12	1684179527892	1684179527992	OK	 
REQUEST		request_15	1684179527918	1684179528087	OK	 
REQUEST		request_13	1684179527893	1684179528097	OK	 
REQUEST		request_16	1684179527918	1684179528110	OK	 
REQUEST		request_14	1684179527917	1684179528116	OK	 
REQUEST		request_17	1684179527892	1684179528221	OK	 
REQUEST		request_7	1684179528938	1684179528948	OK	 
REQUEST		request_8	1684179528949	1684179528957	OK	 
REQUEST		request_9	1684179528950	1684179528958	KO	status.find.in([200, 209], 304), found 403
REQUEST		request_10	1684179530959	1684179531035	OK	 
REQUEST		request_18	1684179531223	1684179531297	OK	 
REQUEST		request_37	1684179531311	1684179531553	OK	 
REQUEST		request_29	1684179531516	1684179531795	OK	 
REQUEST		request_30	1684179531517	1684179531880	OK	 
REQUEST		request_25	1684179531513	1684179532160	OK	 
REQUEST		request_33	1684179531881	1684179532234	KO	status.find.in([200, 209], 304), found 400
REQUEST		request_28	1684179531515	1684179532266	OK	 
REQUEST		request_34	1684179532161	1684179532302	KO	status.find.in([200, 209], 304), found 400
REQUEST		request_35	1684179532235	1684179532365	OK	 
REQUEST		request_36	1684179532267	1684179532514	KO	status.find.in([200, 209], 304), found 400
REQUEST		request_31	1684179531796	1684179532560	KO	status.find.in([200, 209], 304), found 400
REQUEST		request_26	1684179531514	1684179532816	KO	status.find.in([200, 209], 304), found 400
REQUEST		request_20	1684179531467	1684179532964	KO	status.find.in([200, 209], 304), found 400
REQUEST		request_19	1684179531508	1684179533589	KO	status.find.in([200, 209], 304), found 400
USER	flujoReusoCheckOut	START	1684179535232
REQUEST		request_0	1684179535231	1684179535404	OK	 
REQUEST		request_11	1684179536037	1684179536045	OK	 
REQUEST		request_12	1684179536048	1684179536121	OK	 
REQUEST		request_15	1684179536050	1684179536204	OK	 
REQUEST		request_13	1684179536049	1684179536206	OK	 
REQUEST		request_16	1684179536050	1684179536224	OK	 
REQUEST		request_17	1684179536049	1684179536235	OK	 
REQUEST		request_14	1684179536049	1684179536245	OK	 
REQUEST		request_1	1684179537406	1684179537415	OK	 
REQUEST		request_5	1684179537416	1684179537435	OK	 
REQUEST		request_6	1684179537417	1684179537523	OK	 
REQUEST		request_4	1684179537418	1684179537561	KO	status.find.in([200, 209], 304), found 400
REQUEST		request_3	1684179537418	1684179537618	OK	 
REQUEST		request_2	1684179537417	1684179537633	OK	 
REQUEST		request_7	1684179538634	1684179538644	OK	 
REQUEST		request_8	1684179538644	1684179538652	OK	 
REQUEST		request_9	1684179538645	1684179538654	KO	status.find.in([200, 209], 304), found 403
REQUEST		request_18	1684179539247	1684179539320	OK	 
REQUEST		request_37	1684179539322	1684179539359	OK	 
REQUEST		request_26	1684179539326	1684179539492	KO	status.find.in([200, 209], 304), found 400
REQUEST		request_30	1684179539328	1684179539510	OK	 
REQUEST		request_29	1684179539328	1684179539538	OK	 
REQUEST		request_25	1684179539326	1684179539555	OK	 
REQUEST		request_20	1684179539322	1684179539603	KO	status.find.in([200, 209], 304), found 400
REQUEST		request_28	1684179539327	1684179539614	OK	 
REQUEST		request_33	1684179539511	1684179539646	KO	status.find.in([200, 209], 304), found 400
REQUEST		request_35	1684179539556	1684179539699	OK	 
REQUEST		request_34	1684179539539	1684179539761	KO	status.find.in([200, 209], 304), found 400
REQUEST		request_36	1684179539614	1684179539826	KO	status.find.in([200, 209], 304), found 400
REQUEST		request_31	1684179539493	1684179540432	KO	status.find.in([200, 209], 304), found 400
REQUEST		request_19	1684179539323	1684179540615	KO	status.find.in([200, 209], 304), found 400
REQUEST		request_10	1684179540656	1684179540735	OK	 
USER	flujoReusoCheckOut	START	1684179545233
REQUEST		request_0	1684179545231	1684179545389	OK	 
REQUEST		request_11	1684179545738	1684179545748	OK	 
REQUEST		request_12	1684179545749	1684179545832	OK	 
REQUEST		request_13	1684179545750	1684179545916	OK	 
REQUEST		request_17	1684179545750	1684179545917	OK	 
REQUEST		request_15	1684179545751	1684179545922	OK	 
REQUEST		request_16	1684179545752	1684179545925	OK	 
REQUEST		request_14	1684179545751	1684179545949	OK	 
REQUEST		request_1	1684179547392	1684179547399	OK	 
REQUEST		request_5	1684179547400	1684179547409	OK	 
REQUEST		request_6	1684179547401	1684179547493	OK	 
REQUEST		request_4	1684179547405	1684179547552	KO	status.find.in([200, 209], 304), found 400
REQUEST		request_3	1684179547404	1684179547583	OK	 
REQUEST		request_2	1684179547402	1684179547680	OK	 
REQUEST		request_7	1684179548681	1684179548691	OK	 
REQUEST		request_9	1684179548693	1684179548700	KO	status.find.in([200, 209], 304), found 403
REQUEST		request_8	1684179548692	1684179548701	OK	 
REQUEST		request_18	1684179548951	1684179549030	OK	 
REQUEST		request_37	1684179549032	1684179549066	OK	 
REQUEST		request_25	1684179549035	1684179549188	OK	 
REQUEST		request_30	1684179549037	1684179549203	OK	 
REQUEST		request_29	1684179549036	1684179549223	OK	 
REQUEST		request_28	1684179549036	1684179549274	OK	 
REQUEST		request_26	1684179549035	1684179549395	KO	status.find.in([200, 209], 304), found 400
REQUEST		request_31	1684179549188	1684179549475	KO	status.find.in([200, 209], 304), found 400
REQUEST		request_34	1684179549224	1684179549563	KO	status.find.in([200, 209], 304), found 400
REQUEST		request_36	1684179549396	1684179549564	KO	status.find.in([200, 209], 304), found 400
REQUEST		request_35	1684179549274	1684179549564	OK	 
REQUEST		request_33	1684179549203	1684179549602	KO	status.find.in([200, 209], 304), found 400
REQUEST		request_20	1684179549033	1684179549686	KO	status.find.in([200, 209], 304), found 400
REQUEST		request_19	1684179549033	1684179549885	KO	status.find.in([200, 209], 304), found 400
REQUEST		request_10	1684179550702	1684179550777	OK	 
USER	flujoReusoCheckOut	START	1684179555232
REQUEST		request_0	1684179555231	1684179555393	OK	 
REQUEST		request_11	1684179555778	1684179555803	OK	 
REQUEST		request_12	1684179555804	1684179555874	OK	 
REQUEST		request_13	1684179555806	1684179555958	OK	 
REQUEST		request_17	1684179555805	1684179555963	OK	 
REQUEST		request_15	1684179555807	1684179555968	OK	 
REQUEST		request_16	1684179555807	1684179555973	OK	 
REQUEST		request_14	1684179555806	1684179556008	OK	 
REQUEST		request_1	1684179557395	1684179557406	OK	 
REQUEST		request_5	1684179557408	1684179557422	OK	 
REQUEST		request_6	1684179557409	1684179557526	OK	 
REQUEST		request_4	1684179557413	1684179557550	KO	status.find.in([200, 209], 304), found 400
REQUEST		request_3	1684179557412	1684179557601	OK	 
REQUEST		request_2	1684179557410	1684179557794	OK	 
REQUEST		request_7	1684179558796	1684179558806	OK	 
REQUEST		request_8	1684179558807	1684179558817	OK	 
REQUEST		request_9	1684179558808	1684179558820	KO	status.find.in([200, 209], 304), found 403
REQUEST		request_18	1684179559011	1684179559393	OK	 
REQUEST		request_37	1684179559396	1684179559426	OK	 
REQUEST		request_25	1684179559398	1684179559553	OK	 
REQUEST		request_30	1684179559400	1684179559599	OK	 
REQUEST		request_26	1684179559398	1684179559667	KO	status.find.in([200, 209], 304), found 400
REQUEST		request_28	1684179559399	1684179559713	OK	 
REQUEST		request_33	1684179559599	1684179559723	KO	status.find.in([200, 209], 304), found 400
REQUEST		request_29	1684179559399	1684179559753	OK	 
REQUEST		request_34	1684179559667	1684179559782	KO	status.find.in([200, 209], 304), found 400
REQUEST		request_20	1684179559396	1684179559804	KO	status.find.in([200, 209], 304), found 400
REQUEST		request_31	1684179559553	1684179559895	KO	status.find.in([200, 209], 304), found 400
REQUEST		request_36	1684179559724	1684179559904	KO	status.find.in([200, 209], 304), found 400
REQUEST		request_35	1684179559713	1684179559914	OK	 
REQUEST		request_10	1684179560823	1684179560919	OK	 
REQUEST		request_19	1684179559397	1684179561083	KO	status.find.in([200, 209], 304), found 400
USER	flujoReusoCheckOut	START	1684179565231
REQUEST		request_0	1684179565230	1684179565391	OK	 
REQUEST		request_11	1684179565922	1684179565931	OK	 
REQUEST		request_12	1684179565932	1684179566005	OK	 
REQUEST		request_17	1684179565933	1684179566075	OK	 
REQUEST		request_15	1684179565936	1684179566097	OK	 
REQUEST		request_13	1684179565933	1684179566100	OK	 
REQUEST		request_16	1684179565937	1684179566116	OK	 
REQUEST		request_14	1684179565936	1684179566166	OK	 
REQUEST		request_1	1684179567392	1684179567403	OK	 
REQUEST		request_5	1684179567404	1684179567413	OK	 
REQUEST		request_4	1684179567406	1684179567522	KO	status.find.in([200, 209], 304), found 400
REQUEST		request_6	1684179567405	1684179567528	OK	 
REQUEST		request_3	1684179567406	1684179567576	OK	 
REQUEST		request_2	1684179567405	1684179567606	OK	 
REQUEST		request_7	1684179568608	1684179568616	OK	 
REQUEST		request_9	1684179568618	1684179568628	KO	status.find.in([200, 209], 304), found 403
REQUEST		request_8	1684179568617	1684179568629	OK	 
REQUEST		request_18	1684179569168	1684179569241	OK	 
REQUEST		request_37	1684179569243	1684179569294	OK	 
REQUEST		request_26	1684179569249	1684179569422	KO	status.find.in([200, 209], 304), found 400
REQUEST		request_20	1684179569245	1684179569423	KO	status.find.in([200, 209], 304), found 400
REQUEST		request_28	1684179569250	1684179569438	OK	 
REQUEST		request_30	1684179569252	1684179569454	OK	 
REQUEST		request_19	1684179569248	1684179569512	KO	status.find.in([200, 209], 304), found 400
REQUEST		request_25	1684179569249	1684179569550	OK	 
REQUEST		request_34	1684179569454	1684179569562	KO	status.find.in([200, 209], 304), found 400
REQUEST		request_33	1684179569438	1684179569615	KO	status.find.in([200, 209], 304), found 400
REQUEST		request_31	1684179569422	1684179569648	KO	status.find.in([200, 209], 304), found 400
REQUEST		request_29	1684179569251	1684179569656	OK	 
REQUEST		request_36	1684179569550	1684179569663	KO	status.find.in([200, 209], 304), found 400
REQUEST		request_35	1684179569512	1684179569672	OK	 
REQUEST		request_10	1684179570631	1684179570713	OK	 
USER	flujoReusoCheckOut	START	1684179575231
REQUEST		request_0	1684179575229	1684179575393	OK	 
REQUEST		request_11	1684179575715	1684179575725	OK	 
REQUEST		request_12	1684179575726	1684179575803	OK	 
REQUEST		request_13	1684179575727	1684179575893	OK	 
REQUEST		request_15	1684179575729	1684179575898	OK	 
REQUEST		request_17	1684179575727	1684179575899	OK	 
REQUEST		request_16	1684179575729	1684179575908	OK	 
REQUEST		request_14	1684179575728	1684179575929	OK	 
REQUEST		request_1	1684179577394	1684179577409	OK	 
REQUEST		request_5	1684179577410	1684179577419	OK	 
REQUEST		request_6	1684179577411	1684179577510	OK	 
REQUEST		request_4	1684179577417	1684179577536	KO	status.find.in([200, 209], 304), found 400
REQUEST		request_3	1684179577416	1684179577588	OK	 
REQUEST		request_2	1684179577413	1684179577605	OK	 
REQUEST		request_7	1684179578607	1684179578616	OK	 
REQUEST		request_9	1684179578618	1684179578625	KO	status.find.in([200, 209], 304), found 403
REQUEST		request_8	1684179578617	1684179578625	OK	 
REQUEST		request_18	1684179578930	1684179579003	OK	 
REQUEST		request_37	1684179579004	1684179579036	OK	 
REQUEST		request_25	1684179579006	1684179579158	OK	 
REQUEST		request_29	1684179579008	1684179579181	OK	 
REQUEST		request_28	1684179579007	1684179579206	OK	 
REQUEST		request_20	1684179579005	1684179579244	KO	status.find.in([200, 209], 304), found 400
REQUEST		request_33	1684179579181	1684179579308	KO	status.find.in([200, 209], 304), found 400
REQUEST		request_30	1684179579008	1684179579387	OK	 
REQUEST		request_26	1684179579007	1684179579391	KO	status.find.in([200, 209], 304), found 400
REQUEST		request_35	1684179579309	1684179579456	OK	 
REQUEST		request_36	1684179579387	1684179579485	KO	status.find.in([200, 209], 304), found 400
REQUEST		request_34	1684179579206	1684179579542	KO	status.find.in([200, 209], 304), found 400
REQUEST		request_19	1684179579005	1684179579623	KO	status.find.in([200, 209], 304), found 400
REQUEST		request_31	1684179579159	1684179580052	KO	status.find.in([200, 209], 304), found 400
REQUEST		request_10	1684179580627	1684179580701	OK	 
USER	flujoReusoCheckOut	START	1684179585232
REQUEST		request_0	1684179585230	1684179585392	OK	 
REQUEST		request_11	1684179585702	1684179585718	OK	 
REQUEST		request_12	1684179585719	1684179585791	OK	 
REQUEST		request_13	1684179585720	1684179585885	OK	 
REQUEST		request_15	1684179585721	1684179585898	OK	 
REQUEST		request_17	1684179585720	1684179585904	OK	 
REQUEST		request_16	1684179585722	1684179585909	OK	 
REQUEST		request_14	1684179585721	1684179585943	OK	 
REQUEST		request_1	1684179587393	1684179587400	OK	 
REQUEST		request_5	1684179587400	1684179587408	OK	 
REQUEST		request_6	1684179587401	1684179587486	OK	 
REQUEST		request_4	1684179587402	1684179587523	KO	status.find.in([200, 209], 304), found 400
REQUEST		request_2	1684179587401	1684179587570	OK	 
REQUEST		request_3	1684179587402	1684179587583	OK	 
REQUEST		request_7	1684179588584	1684179588596	OK	 
REQUEST		request_8	1684179588597	1684179588607	OK	 
REQUEST		request_9	1684179588598	1684179588609	KO	status.find.in([200, 209], 304), found 403
REQUEST		request_18	1684179588944	1684179589026	OK	 
REQUEST		request_37	1684179589027	1684179589071	OK	 
REQUEST		request_26	1684179589028	1684179589165	KO	status.find.in([200, 209], 304), found 400
REQUEST		request_25	1684179589028	1684179589177	OK	 
REQUEST		request_29	1684179589029	1684179589214	OK	 
REQUEST		request_28	1684179589029	1684179589221	OK	 
REQUEST		request_30	1684179589030	1684179589224	OK	 
REQUEST		request_20	1684179589027	1684179589283	KO	status.find.in([200, 209], 304), found 400
REQUEST		request_34	1684179589214	1684179589324	KO	status.find.in([200, 209], 304), found 400
REQUEST		request_33	1684179589178	1684179589338	KO	status.find.in([200, 209], 304), found 400
REQUEST		request_35	1684179589221	1684179589397	OK	 
REQUEST		request_31	1684179589166	1684179589525	KO	status.find.in([200, 209], 304), found 400
REQUEST		request_36	1684179589224	1684179589633	KO	status.find.in([200, 209], 304), found 400
REQUEST		request_19	1684179589028	1684179589663	KO	status.find.in([200, 209], 304), found 400
REQUEST		request_10	1684179590611	1684179590691	OK	 
USER	flujoReusoCheckOut	START	1684179595232
REQUEST		request_0	1684179595230	1684179595397	OK	 
REQUEST		request_11	1684179595694	1684179595703	OK	 
REQUEST		request_12	1684179595704	1684179595789	OK	 
REQUEST		request_17	1684179595704	1684179595856	OK	 
REQUEST		request_15	1684179595706	1684179595863	OK	 
REQUEST		request_13	1684179595705	1684179595864	OK	 
REQUEST		request_16	1684179595707	1684179595880	OK	 
REQUEST		request_14	1684179595706	1684179595904	OK	 
REQUEST		request_1	1684179597398	1684179597406	OK	 
REQUEST		request_5	1684179597407	1684179597417	OK	 
REQUEST		request_6	1684179597407	1684179597500	OK	 
REQUEST		request_4	1684179597408	1684179597537	KO	status.find.in([200, 209], 304), found 400
REQUEST		request_3	1684179597408	1684179597577	OK	 
REQUEST		request_2	1684179597408	1684179597587	OK	 
REQUEST		request_7	1684179598588	1684179598607	OK	 
REQUEST		request_9	1684179598608	1684179598616	KO	status.find.in([200, 209], 304), found 403
REQUEST		request_8	1684179598608	1684179598616	OK	 
REQUEST		request_18	1684179598905	1684179598974	OK	 
REQUEST		request_37	1684179598975	1684179599017	OK	 
REQUEST		request_20	1684179598976	1684179599129	KO	status.find.in([200, 209], 304), found 400
REQUEST		request_25	1684179598977	1684179599147	OK	 
REQUEST		request_29	1684179598978	1684179599149	OK	 
REQUEST		request_19	1684179598976	1684179599164	KO	status.find.in([200, 209], 304), found 400
REQUEST		request_30	1684179598978	1684179599171	OK	 
REQUEST		request_28	1684179598977	1684179599223	OK	 
REQUEST		request_34	1684179599165	1684179599268	KO	status.find.in([200, 209], 304), found 400
REQUEST		request_33	1684179599150	1684179599346	KO	status.find.in([200, 209], 304), found 400
REQUEST		request_35	1684179599171	1684179599353	OK	 
REQUEST		request_36	1684179599223	1684179599359	KO	status.find.in([200, 209], 304), found 400
REQUEST		request_31	1684179599148	1684179599424	KO	status.find.in([200, 209], 304), found 400
REQUEST		request_26	1684179598977	1684179599513	KO	status.find.in([200, 209], 304), found 400
REQUEST		request_10	1684179600617	1684179600704	OK	 
USER	flujoReusoCheckOut	START	1684179605232
REQUEST		request_0	1684179605231	1684179605381	OK	 
REQUEST		request_11	1684179605707	1684179605716	OK	 
REQUEST		request_12	1684179605717	1684179605799	OK	 
REQUEST		request_17	1684179605718	1684179605867	OK	 
REQUEST		request_13	1684179605718	1684179605874	OK	 
REQUEST		request_15	1684179605719	1684179605880	OK	 
REQUEST		request_16	1684179605720	1684179605886	OK	 
REQUEST		request_14	1684179605719	1684179605923	OK	 
REQUEST		request_1	1684179607382	1684179607390	OK	 
REQUEST		request_5	1684179607391	1684179607418	OK	 
REQUEST		request_6	1684179607391	1684179607513	OK	 
REQUEST		request_4	1684179607392	1684179607544	KO	status.find.in([200, 209], 304), found 400
REQUEST		request_3	1684179607392	1684179607587	OK	 
REQUEST		request_2	1684179607392	1684179607681	OK	 
REQUEST		request_7	1684179608682	1684179608692	OK	 
REQUEST		request_9	1684179608693	1684179608701	KO	status.find.in([200, 209], 304), found 403
REQUEST		request_8	1684179608692	1684179608702	OK	 
REQUEST		request_18	1684179608924	1684179608998	OK	 
REQUEST		request_37	1684179608999	1684179609161	OK	 
REQUEST		request_26	1684179609091	1684179609204	KO	status.find.in([200, 209], 304), found 400
REQUEST		request_25	1684179609090	1684179609252	OK	 
REQUEST		request_20	1684179609043	1684179609284	KO	status.find.in([200, 209], 304), found 400
REQUEST		request_29	1684179609131	1684179609292	OK	 
REQUEST		request_30	1684179609131	1684179609293	OK	 
REQUEST		request_28	1684179609091	1684179609301	OK	 
REQUEST		request_31	1684179609204	1684179609307	KO	status.find.in([200, 209], 304), found 400
REQUEST		request_19	1684179609090	1684179609311	KO	status.find.in([200, 209], 304), found 400
REQUEST		request_33	1684179609252	1684179609359	KO	status.find.in([200, 209], 304), found 400
REQUEST		request_34	1684179609292	1684179609404	KO	status.find.in([200, 209], 304), found 400
REQUEST		request_36	1684179609302	1684179609412	KO	status.find.in([200, 209], 304), found 400
REQUEST		request_35	1684179609293	1684179609434	OK	 
REQUEST		request_10	1684179610703	1684179610787	OK	 
REQUEST		request_11	1684179615788	1684179615799	OK	 
REQUEST		request_12	1684179615800	1684179615877	OK	 
REQUEST		request_17	1684179615800	1684179615947	OK	 
REQUEST		request_13	1684179615800	1684179615956	OK	 
REQUEST		request_16	1684179615802	1684179615972	OK	 
REQUEST		request_15	1684179615802	1684179615975	OK	 
REQUEST		request_14	1684179615801	1684179615980	OK	 
REQUEST		request_18	1684179618982	1684179619059	OK	 
REQUEST		request_37	1684179619060	1684179619098	OK	 
REQUEST		request_29	1684179619062	1684179619224	OK	 
REQUEST		request_20	1684179619060	1684179619225	KO	status.find.in([200, 209], 304), found 400
REQUEST		request_25	1684179619061	1684179619228	OK	 
REQUEST		request_28	1684179619062	1684179619228	OK	 
REQUEST		request_30	1684179619063	1684179619245	OK	 
REQUEST		request_34	1684179619229	1684179619328	KO	status.find.in([200, 209], 304), found 400
REQUEST		request_33	1684179619228	1684179619331	KO	status.find.in([200, 209], 304), found 400
REQUEST		request_31	1684179619225	1684179619342	KO	status.find.in([200, 209], 304), found 400
REQUEST		request_35	1684179619246	1684179619411	OK	 
REQUEST		request_36	1684179619329	1684179619437	KO	status.find.in([200, 209], 304), found 400
REQUEST		request_26	1684179619062	1684179619493	KO	status.find.in([200, 209], 304), found 400
REQUEST		request_19	1684179619061	1684179620221	KO	status.find.in([200, 209], 304), found 400
REQUEST		request_39	1684179637591	1684179638025	OK	 
REQUEST		request_63	1684179638054	1684179638357	OK	 
REQUEST		request_40	1684179638255	1684179638435	OK	 
REQUEST		request_61	1684179638053	1684179638436	OK	 
REQUEST		request_58	1684179638187	1684179638443	OK	 
REQUEST		request_50	1684179638027	1684179638465	OK	 
REQUEST		request_59	1684179638187	1684179638465	KO	status.find.in([200, 209], 304), found 400
REQUEST		request_52	1684179638187	1684179638467	OK	 
REQUEST		request_62	1684179638188	1684179638502	KO	status.find.in([200, 209], 304), found 400
REQUEST		request_44	1684179638256	1684179638511	OK	 
REQUEST		request_45	1684179638256	1684179638571	OK	 
REQUEST		request_53	1684179638187	1684179638587	KO	status.find.in([200, 209], 304), found 400
REQUEST		request_64	1684179638443	1684179638612	OK	 
REQUEST		request_60	1684179638188	1684179638686	OK	 
REQUEST		request_49	1684179638141	1684179638734	OK	 
REQUEST		request_47	1684179638189	1684179638784	OK	 
REQUEST		request_65	1684179638466	1684179638785	KO	status.find.in([200, 209], 304), found 400
REQUEST		request_46	1684179638141	1684179638836	OK	 
REQUEST		request_48	1684179638101	1684179638919	OK	 
REQUEST		request_56	1684179638101	1684179639273	OK	 
REQUEST		request_54	1684179638054	1684179639335	OK	 
REQUEST		request_66	1684179642336	1684179642508	OK	 
REQUEST		request_69	1684179642509	1684179642517	OK	 
REQUEST		request_39	1684179644616	1684179644857	OK	 
REQUEST		request_63	1684179644859	1684179644974	OK	 
REQUEST		request_46	1684179644861	1684179645015	OK	 
REQUEST		request_59	1684179644864	1684179645020	KO	status.find.in([200, 209], 304), found 400
REQUEST		request_61	1684179644859	1684179645046	OK	 
REQUEST		request_53	1684179644863	1684179645047	KO	status.find.in([200, 209], 304), found 400
REQUEST		request_60	1684179644864	1684179645049	OK	 
REQUEST		request_49	1684179644860	1684179645056	OK	 
REQUEST		request_45	1684179644866	1684179645059	OK	 
REQUEST		request_52	1684179644861	1684179645059	OK	 
REQUEST		request_54	1684179644860	1684179645072	OK	 
REQUEST		request_50	1684179644859	1684179645076	OK	 
REQUEST		request_47	1684179644865	1684179645156	OK	 
REQUEST		request_48	1684179644860	1684179645156	OK	 
REQUEST		request_44	1684179644866	1684179645157	OK	 
REQUEST		request_58	1684179644863	1684179645157	OK	 
REQUEST		request_40	1684179644866	1684179645157	OK	 
REQUEST		request_64	1684179645020	1684179645181	OK	 
REQUEST		request_56	1684179644860	1684179645240	OK	 
REQUEST		request_62	1684179644864	1684179645302	KO	status.find.in([200, 209], 304), found 400
REQUEST		request_65	1684179645048	1684179645408	KO	status.find.in([200, 209], 304), found 400
REQUEST		request_74	1684179646519	1684179646768	OK	 
REQUEST		request_76	1684179646768	1684179646776	OK	 
REQUEST		request_75	1684179646769	1684179646911	KO	status.find.in([200, 209], 304), found 400
REQUEST		request_66	1684179648408	1684179648581	OK	 
REQUEST		request_69	1684179648582	1684179648592	OK	 
REQUEST		request_79	1684179648913	1684179649115	OK	 
REQUEST		request_80	1684179649115	1684179649217	KO	status.find.in([200, 209], 304), found 400
REQUEST		request_81	1684179650218	1684179650402	OK	 
REQUEST		request_82	1684179650403	1684179650526	KO	status.find.in([200, 209], 304), found 400
REQUEST		request_83	1684179652528	1684179652673	OK	 
REQUEST		request_74	1684179652594	1684179652762	OK	 
REQUEST		request_76	1684179652763	1684179652771	OK	 
REQUEST		request_84	1684179652674	1684179652863	KO	status.find.in([200, 209], 304), found 400
REQUEST		request_75	1684179652763	1684179652987	KO	status.find.in([200, 209], 304), found 400
REQUEST		request_39	1684179653887	1684179654122	OK	 
REQUEST		request_63	1684179654124	1684179654229	OK	 
REQUEST		request_53	1684179654126	1684179654259	KO	status.find.in([200, 209], 304), found 400
REQUEST		request_59	1684179654126	1684179654267	KO	status.find.in([200, 209], 304), found 400
REQUEST		request_62	1684179654127	1684179654284	KO	status.find.in([200, 209], 304), found 400
REQUEST		request_61	1684179654124	1684179654291	OK	 
REQUEST		request_50	1684179654123	1684179654323	OK	 
REQUEST		request_58	1684179654126	1684179654333	OK	 
REQUEST		request_46	1684179654125	1684179654372	OK	 
REQUEST		request_52	1684179654126	1684179654375	OK	 
REQUEST		request_65	1684179654267	1684179654387	KO	status.find.in([200, 209], 304), found 400
REQUEST		request_44	1684179654128	1684179654389	OK	 
REQUEST		request_49	1684179654125	1684179654410	OK	 
REQUEST		request_60	1684179654127	1684179654418	OK	 
REQUEST		request_40	1684179654128	1684179654418	OK	 
REQUEST		request_64	1684179654259	1684179654422	OK	 
REQUEST		request_47	1684179654127	1684179654446	OK	 
REQUEST		request_45	1684179654128	1684179654446	OK	 
REQUEST		request_56	1684179654124	1684179654480	OK	 
REQUEST		request_48	1684179654125	1684179654530	OK	 
REQUEST		request_54	1684179654124	1684179654559	OK	 
REQUEST		request_85	1684179654864	1684179655016	OK	 
REQUEST		request_86	1684179655017	1684179655121	KO	status.find.in([200, 209], 304), found 400
REQUEST		request_79	1684179654988	1684179655171	OK	 
REQUEST		request_80	1684179655172	1684179655283	KO	status.find.in([200, 209], 304), found 400
REQUEST		request_81	1684179656285	1684179656433	OK	 
REQUEST		request_82	1684179656433	1684179656543	KO	status.find.in([200, 209], 304), found 400
REQUEST		request_87	1684179657122	1684179657564	OK	 
REQUEST		request_90	1684179657565	1684179657704	KO	status.find.in([200, 209], 304), found 400
REQUEST		request_88	1684179657564	1684179657708	KO	status.find.in([200, 209], 304), found 400
REQUEST		request_89	1684179657565	1684179657722	OK	 
REQUEST		request_66	1684179657560	1684179657851	OK	 
REQUEST		request_69	1684179657852	1684179657859	OK	 
REQUEST		request_83	1684179658544	1684179658681	OK	 
REQUEST		request_84	1684179658682	1684179658788	KO	status.find.in([200, 209], 304), found 400
REQUEST		request_91	1684179658723	1684179658874	OK	 
REQUEST		request_92	1684179658875	1684179658986	KO	status.find.in([200, 209], 304), found 400
REQUEST		request_93	1684179659987	1684179660161	OK	 
REQUEST		request_99	1684179660162	1684179660215	OK	 
REQUEST		request_95	1684179660163	1684179660274	KO	status.find.in([200, 209], 304), found 400
REQUEST		request_102	1684179660169	1684179660388	KO	status.find.in([200, 209], 304), found 400
REQUEST		request_100	1684179660214	1684179660409	OK	 
REQUEST		request_101	1684179660169	1684179660409	OK	 
REQUEST		request_98	1684179660214	1684179660413	OK	 
REQUEST		request_97	1684179660213	1684179660523	OK	 
REQUEST		request_94	1684179660169	1684179660571	OK	 
USER	flujoReusoCheckOut	END	1684179660575
REQUEST		request_85	1684179660790	1684179660962	OK	 
REQUEST		request_86	1684179660963	1684179661065	KO	status.find.in([200, 209], 304), found 400
REQUEST		request_74	1684179661860	1684179662100	OK	 
REQUEST		request_76	1684179662101	1684179662109	OK	 
REQUEST		request_75	1684179662101	1684179662236	KO	status.find.in([200, 209], 304), found 400
REQUEST		request_87	1684179663067	1684179663238	OK	 
REQUEST		request_90	1684179663238	1684179663370	KO	status.find.in([200, 209], 304), found 400
REQUEST		request_89	1684179663238	1684179663394	OK	 
REQUEST		request_88	1684179663238	1684179663420	KO	status.find.in([200, 209], 304), found 400
REQUEST		request_79	1684179664237	1684179664394	OK	 
REQUEST		request_80	1684179664394	1684179664503	KO	status.find.in([200, 209], 304), found 400
REQUEST		request_91	1684179664423	1684179664575	OK	 
REQUEST		request_92	1684179664576	1684179664700	KO	status.find.in([200, 209], 304), found 400
REQUEST		request_39	1684179665084	1684179665189	OK	 
REQUEST		request_63	1684179665191	1684179665284	OK	 
REQUEST		request_49	1684179665192	1684179665317	OK	 
REQUEST		request_46	1684179665192	1684179665322	OK	 
REQUEST		request_59	1684179665193	1684179665323	KO	status.find.in([200, 209], 304), found 400
REQUEST		request_53	1684179665192	1684179665324	KO	status.find.in([200, 209], 304), found 400
REQUEST		request_40	1684179665194	1684179665324	OK	 
REQUEST		request_62	1684179665193	1684179665326	KO	status.find.in([200, 209], 304), found 400
REQUEST		request_61	1684179665190	1684179665360	OK	 
REQUEST		request_60	1684179665193	1684179665367	OK	 
REQUEST		request_58	1684179665193	1684179665377	OK	 
REQUEST		request_50	1684179665190	1684179665378	OK	 
REQUEST		request_52	1684179665192	1684179665380	OK	 
REQUEST		request_47	1684179665193	1684179665393	OK	 
REQUEST		request_44	1684179665194	1684179665465	OK	 
REQUEST		request_64	1684179665323	1684179665492	OK	 
REQUEST		request_45	1684179665194	1684179665498	OK	 
REQUEST		request_65	1684179665324	1684179665601	KO	status.find.in([200, 209], 304), found 400
REQUEST		request_54	1684179665191	1684179665613	OK	 
REQUEST		request_56	1684179665191	1684179665632	OK	 
REQUEST		request_81	1684179665504	1684179665676	OK	 
REQUEST		request_82	1684179665676	1684179665774	KO	status.find.in([200, 209], 304), found 400
REQUEST		request_48	1684179665191	1684179665853	OK	 
REQUEST		request_93	1684179665700	1684179665859	OK	 
REQUEST		request_99	1684179665860	1684179665867	OK	 
REQUEST		request_95	1684179665860	1684179665963	KO	status.find.in([200, 209], 304), found 400
REQUEST		request_97	1684179665862	1684179665973	OK	 
REQUEST		request_98	1684179665862	1684179665978	OK	 
REQUEST		request_100	1684179665863	1684179665986	OK	 
REQUEST		request_101	1684179665861	1684179666017	OK	 
REQUEST		request_94	1684179665861	1684179666109	OK	 
REQUEST		request_102	1684179665861	1684179666109	KO	status.find.in([200, 209], 304), found 400
USER	flujoReusoCheckOut	END	1684179666112
REQUEST		request_83	1684179667775	1684179667932	OK	 
REQUEST		request_84	1684179667932	1684179668029	KO	status.find.in([200, 209], 304), found 400
REQUEST		request_66	1684179668856	1684179669007	OK	 
REQUEST		request_69	1684179669008	1684179669016	OK	 
REQUEST		request_85	1684179670030	1684179670169	OK	 
REQUEST		request_86	1684179670169	1684179670268	KO	status.find.in([200, 209], 304), found 400
REQUEST		request_87	1684179672269	1684179672481	OK	 
REQUEST		request_90	1684179672482	1684179672583	KO	status.find.in([200, 209], 304), found 400
REQUEST		request_89	1684179672482	1684179672630	OK	 
REQUEST		request_88	1684179672482	1684179672754	KO	status.find.in([200, 209], 304), found 400
REQUEST		request_74	1684179673017	1684179673187	OK	 
REQUEST		request_76	1684179673187	1684179673197	OK	 
REQUEST		request_75	1684179673188	1684179673354	KO	status.find.in([200, 209], 304), found 400
REQUEST		request_39	1684179673673	1684179673810	OK	 
REQUEST		request_91	1684179673755	1684179673902	OK	 
REQUEST		request_63	1684179673815	1684179673952	OK	 
REQUEST		request_53	1684179673824	1684179673966	KO	status.find.in([200, 209], 304), found 400
REQUEST		request_62	1684179673826	1684179674011	KO	status.find.in([200, 209], 304), found 400
REQUEST		request_47	1684179673826	1684179674012	OK	 
REQUEST		request_92	1684179673902	1684179674013	KO	status.find.in([200, 209], 304), found 400
REQUEST		request_52	1684179673823	1684179674015	OK	 
REQUEST		request_60	1684179673826	1684179674016	OK	 
REQUEST		request_61	1684179673812	1684179674017	OK	 
REQUEST		request_56	1684179673818	1684179674017	OK	 
REQUEST		request_48	1684179673819	1684179674040	OK	 
REQUEST		request_50	1684179673811	1684179674041	OK	 
REQUEST		request_46	1684179673821	1684179674042	OK	 
REQUEST		request_54	1684179673815	1684179674042	OK	 
REQUEST		request_58	1684179673824	1684179674051	OK	 
REQUEST		request_44	1684179673830	1684179674089	OK	 
REQUEST		request_64	1684179673966	1684179674105	OK	 
REQUEST		request_40	1684179673830	1684179674110	OK	 
REQUEST		request_65	1684179674011	1684179674116	KO	status.find.in([200, 209], 304), found 400
REQUEST		request_49	1684179673821	1684179674128	OK	 
REQUEST		request_45	1684179673830	1684179674158	OK	 
REQUEST		request_59	1684179673825	1684179674173	KO	status.find.in([200, 209], 304), found 400
REQUEST		request_93	1684179675015	1684179675358	OK	 
REQUEST		request_99	1684179675359	1684179675366	OK	 
REQUEST		request_97	1684179675361	1684179675470	OK	 
REQUEST		request_98	1684179675361	1684179675471	OK	 
REQUEST		request_102	1684179675360	1684179675475	KO	status.find.in([200, 209], 304), found 400
REQUEST		request_100	1684179675361	1684179675490	OK	 
REQUEST		request_95	1684179675359	1684179675503	KO	status.find.in([200, 209], 304), found 400
REQUEST		request_101	1684179675359	1684179675506	OK	 
REQUEST		request_79	1684179675355	1684179675518	OK	 
REQUEST		request_94	1684179675360	1684179675542	OK	 
USER	flujoReusoCheckOut	END	1684179675547
REQUEST		request_80	1684179675518	1684179675636	KO	status.find.in([200, 209], 304), found 400
REQUEST		request_81	1684179676637	1684179676807	OK	 
REQUEST		request_82	1684179676808	1684179677135	KO	status.find.in([200, 209], 304), found 400
REQUEST		request_66	1684179677175	1684179677330	OK	 
REQUEST		request_69	1684179677330	1684179677337	OK	 
REQUEST		request_83	1684179679136	1684179679287	OK	 
REQUEST		request_84	1684179679287	1684179679416	KO	status.find.in([200, 209], 304), found 400
REQUEST		request_74	1684179681338	1684179681491	OK	 
REQUEST		request_76	1684179681491	1684179681502	OK	 
REQUEST		request_85	1684179681417	1684179681570	OK	 
REQUEST		request_75	1684179681491	1684179681599	KO	status.find.in([200, 209], 304), found 400
REQUEST		request_86	1684179681570	1684179681970	KO	status.find.in([200, 209], 304), found 400
REQUEST		request_79	1684179683600	1684179683975	OK	 
REQUEST		request_80	1684179683976	1684179684093	KO	status.find.in([200, 209], 304), found 400
REQUEST		request_87	1684179683971	1684179684150	OK	 
REQUEST		request_90	1684179684152	1684179684255	KO	status.find.in([200, 209], 304), found 400
REQUEST		request_39	1684179684054	1684179684294	OK	 
REQUEST		request_89	1684179684152	1684179684308	OK	 
REQUEST		request_88	1684179684151	1684179684373	KO	status.find.in([200, 209], 304), found 400
REQUEST		request_63	1684179684295	1684179684403	OK	 
REQUEST		request_59	1684179684300	1684179684427	KO	status.find.in([200, 209], 304), found 400
REQUEST		request_46	1684179684297	1684179684430	OK	 
REQUEST		request_49	1684179684296	1684179684434	OK	 
REQUEST		request_53	1684179684299	1684179684444	KO	status.find.in([200, 209], 304), found 400
REQUEST		request_56	1684179684296	1684179684456	OK	 
REQUEST		request_62	1684179684301	1684179684460	KO	status.find.in([200, 209], 304), found 400
REQUEST		request_61	1684179684295	1684179684466	OK	 
REQUEST		request_54	1684179684295	1684179684473	OK	 
REQUEST		request_45	1684179684302	1684179684473	OK	 
REQUEST		request_60	1684179684300	1684179684483	OK	 
REQUEST		request_52	1684179684297	1684179684493	OK	 
REQUEST		request_50	1684179684295	1684179684502	OK	 
REQUEST		request_44	1684179684301	1684179684552	OK	 
REQUEST		request_58	1684179684300	1684179684552	OK	 
REQUEST		request_40	1684179684301	1684179684564	OK	 
REQUEST		request_64	1684179684428	1684179684585	OK	 
REQUEST		request_48	1684179684296	1684179684657	OK	 
REQUEST		request_47	1684179684301	1684179684699	OK	 
REQUEST		request_65	1684179684445	1684179684704	KO	status.find.in([200, 209], 304), found 400
REQUEST		request_81	1684179685094	1684179685238	OK	 
REQUEST		request_82	1684179685238	1684179685344	KO	status.find.in([200, 209], 304), found 400
REQUEST		request_91	1684179685375	1684179685525	OK	 
REQUEST		request_92	1684179685526	1684179685624	KO	status.find.in([200, 209], 304), found 400
REQUEST		request_93	1684179686626	1684179686780	OK	 
REQUEST		request_99	1684179686781	1684179686790	OK	 
REQUEST		request_102	1684179686782	1684179686884	KO	status.find.in([200, 209], 304), found 400
REQUEST		request_95	1684179686781	1684179686886	KO	status.find.in([200, 209], 304), found 400
REQUEST		request_97	1684179686783	1684179686897	OK	 
REQUEST		request_98	1684179686783	1684179686903	OK	 
REQUEST		request_100	1684179686784	1684179686908	OK	 
REQUEST		request_94	1684179686782	1684179686945	OK	 
REQUEST		request_101	1684179686782	1684179686945	OK	 
USER	flujoReusoCheckOut	END	1684179686950
REQUEST		request_83	1684179687346	1684179687490	OK	 
REQUEST		request_84	1684179687491	1684179687592	KO	status.find.in([200, 209], 304), found 400
REQUEST		request_66	1684179687705	1684179687866	OK	 
REQUEST		request_69	1684179687867	1684179687886	OK	 
REQUEST		request_85	1684179689593	1684179689744	OK	 
REQUEST		request_86	1684179689744	1684179689837	KO	status.find.in([200, 209], 304), found 400
REQUEST		request_87	1684179691838	1684179692022	OK	 
REQUEST		request_74	1684179691887	1684179692053	OK	 
REQUEST		request_76	1684179692054	1684179692061	OK	 
REQUEST		request_88	1684179692023	1684179692125	KO	status.find.in([200, 209], 304), found 400
REQUEST		request_90	1684179692023	1684179692140	KO	status.find.in([200, 209], 304), found 400
REQUEST		request_89	1684179692023	1684179692183	OK	 
REQUEST		request_75	1684179692054	1684179692186	KO	status.find.in([200, 209], 304), found 400
REQUEST		request_91	1684179693184	1684179693776	OK	 
REQUEST		request_92	1684179693777	1684179693887	KO	status.find.in([200, 209], 304), found 400
REQUEST		request_39	1684179693665	1684179693903	OK	 
REQUEST		request_63	1684179693905	1684179694001	OK	 
REQUEST		request_46	1684179693906	1684179694046	OK	 
REQUEST		request_53	1684179693907	1684179694048	KO	status.find.in([200, 209], 304), found 400
REQUEST		request_62	1684179693907	1684179694049	KO	status.find.in([200, 209], 304), found 400
REQUEST		request_49	1684179693906	1684179694067	OK	 
REQUEST		request_61	1684179693905	1684179694078	OK	 
REQUEST		request_59	1684179693907	1684179694079	KO	status.find.in([200, 209], 304), found 400
REQUEST		request_56	1684179693906	1684179694083	OK	 
REQUEST		request_58	1684179693907	1684179694089	OK	 
REQUEST		request_52	1684179693906	1684179694093	OK	 
REQUEST		request_60	1684179693907	1684179694096	OK	 
REQUEST		request_50	1684179693904	1684179694108	OK	 
REQUEST		request_48	1684179693906	1684179694115	OK	 
REQUEST		request_65	1684179694049	1684179694154	KO	status.find.in([200, 209], 304), found 400
REQUEST		request_44	1684179693908	1684179694162	OK	 
REQUEST		request_40	1684179693908	1684179694184	OK	 
REQUEST		request_64	1684179694048	1684179694217	OK	 
REQUEST		request_45	1684179693908	1684179694226	OK	 
REQUEST		request_47	1684179693908	1684179694258	OK	 
REQUEST		request_54	1684179693905	1684179694282	OK	 
REQUEST		request_79	1684179694188	1684179694346	OK	 
REQUEST		request_80	1684179694347	1684179694567	KO	status.find.in([200, 209], 304), found 400
REQUEST		request_93	1684179694889	1684179695054	OK	 
REQUEST		request_99	1684179695055	1684179695069	OK	 
REQUEST		request_95	1684179695055	1684179695359	KO	status.find.in([200, 209], 304), found 400
REQUEST		request_102	1684179695056	1684179695359	KO	status.find.in([200, 209], 304), found 400
REQUEST		request_97	1684179695058	1684179695361	OK	 
REQUEST		request_101	1684179695056	1684179695363	OK	 
REQUEST		request_98	1684179695058	1684179695363	OK	 
REQUEST		request_100	1684179695058	1684179695376	OK	 
REQUEST		request_94	1684179695056	1684179695412	OK	 
USER	flujoReusoCheckOut	END	1684179695416
REQUEST		request_81	1684179695568	1684179695714	OK	 
REQUEST		request_82	1684179695715	1684179695968	KO	status.find.in([200, 209], 304), found 400
REQUEST		request_66	1684179697284	1684179697435	OK	 
REQUEST		request_69	1684179697436	1684179697443	OK	 
REQUEST		request_83	1684179697971	1684179698127	OK	 
REQUEST		request_84	1684179698127	1684179698233	KO	status.find.in([200, 209], 304), found 400
REQUEST		request_85	1684179700234	1684179700539	OK	 
REQUEST		request_86	1684179700539	1684179700637	KO	status.find.in([200, 209], 304), found 400
REQUEST		request_74	1684179701445	1684179701643	OK	 
REQUEST		request_76	1684179701643	1684179701653	OK	 
REQUEST		request_75	1684179701644	1684179701787	KO	status.find.in([200, 209], 304), found 400
REQUEST		request_87	1684179702638	1684179702777	OK	 
REQUEST		request_88	1684179702778	1684179702885	KO	status.find.in([200, 209], 304), found 400
REQUEST		request_90	1684179702778	1684179702894	KO	status.find.in([200, 209], 304), found 400
REQUEST		request_89	1684179702778	1684179702922	OK	 
REQUEST		request_39	1684179703514	1684179703755	OK	 
REQUEST		request_63	1684179703757	1684179703881	OK	 
REQUEST		request_46	1684179703758	1684179703902	OK	 
REQUEST		request_49	1684179703758	1684179703912	OK	 
REQUEST		request_62	1684179703759	1684179703927	KO	status.find.in([200, 209], 304), found 400
REQUEST		request_59	1684179703759	1684179703930	KO	status.find.in([200, 209], 304), found 400
REQUEST		request_61	1684179703756	1684179703948	OK	 
REQUEST		request_52	1684179703758	1684179703949	OK	 
REQUEST		request_60	1684179703759	1684179703954	OK	 
REQUEST		request_48	1684179703757	1684179703968	OK	 
REQUEST		request_54	1684179703757	1684179703969	OK	 
REQUEST		request_58	1684179703759	1684179703969	OK	 
REQUEST		request_47	1684179703759	1684179703975	OK	 
REQUEST		request_53	1684179703758	1684179703977	KO	status.find.in([200, 209], 304), found 400
REQUEST		request_50	1684179703756	1684179703980	OK	 
REQUEST		request_40	1684179703760	1684179704020	OK	 
REQUEST		request_44	1684179703760	1684179704022	OK	 
REQUEST		request_65	1684179703930	1684179704047	KO	status.find.in([200, 209], 304), found 400
REQUEST		request_64	1684179703927	1684179704073	OK	 
REQUEST		request_91	1684179703923	1684179704074	OK	 
REQUEST		request_45	1684179703782	1684179704092	OK	 
REQUEST		request_56	1684179703757	1684179704105	OK	 
REQUEST		request_79	1684179703789	1684179704114	OK	 
REQUEST		request_92	1684179704075	1684179704173	KO	status.find.in([200, 209], 304), found 400
REQUEST		request_80	1684179704114	1684179704214	KO	status.find.in([200, 209], 304), found 400
REQUEST		request_93	1684179705175	1684179705315	OK	 
REQUEST		request_99	1684179705316	1684179705323	OK	 
REQUEST		request_81	1684179705215	1684179705359	OK	 
REQUEST		request_95	1684179705316	1684179705412	KO	status.find.in([200, 209], 304), found 400
REQUEST		request_102	1684179705317	1684179705415	KO	status.find.in([200, 209], 304), found 400
REQUEST		request_98	1684179705318	1684179705429	OK	 
REQUEST		request_101	1684179705317	1684179705460	OK	 
REQUEST		request_82	1684179705359	1684179705464	KO	status.find.in([200, 209], 304), found 400
REQUEST		request_100	1684179705318	1684179705503	OK	 
REQUEST		request_97	1684179705317	1684179705641	OK	 
REQUEST		request_94	1684179705317	1684179705733	OK	 
USER	flujoReusoCheckOut	END	1684179705736
REQUEST		request_66	1684179707106	1684179707265	OK	 
REQUEST		request_69	1684179707265	1684179707310	OK	 
REQUEST		request_83	1684179707465	1684179707633	OK	 
REQUEST		request_84	1684179707634	1684179707735	KO	status.find.in([200, 209], 304), found 400
REQUEST		request_85	1684179709737	1684179709910	OK	 
REQUEST		request_86	1684179709911	1684179710008	KO	status.find.in([200, 209], 304), found 400
REQUEST		request_74	1684179711312	1684179711460	OK	 
REQUEST		request_76	1684179711460	1684179711470	OK	 
REQUEST		request_75	1684179711460	1684179711584	KO	status.find.in([200, 209], 304), found 400
REQUEST		request_87	1684179712010	1684179712163	OK	 
REQUEST		request_90	1684179712164	1684179712264	KO	status.find.in([200, 209], 304), found 400
REQUEST		request_88	1684179712164	1684179712286	KO	status.find.in([200, 209], 304), found 400
REQUEST		request_89	1684179712164	1684179712318	OK	 
REQUEST		request_91	1684179713319	1684179713582	OK	 
REQUEST		request_39	1684179713435	1684179713665	OK	 
REQUEST		request_92	1684179713583	1684179713687	KO	status.find.in([200, 209], 304), found 400
REQUEST		request_79	1684179713586	1684179713740	OK	 
REQUEST		request_63	1684179713669	1684179713760	OK	 
REQUEST		request_40	1684179713677	1684179713815	OK	 
REQUEST		request_46	1684179713673	1684179713816	OK	 
REQUEST		request_49	1684179713673	1684179713817	OK	 
REQUEST		request_59	1684179713675	1684179713818	KO	status.find.in([200, 209], 304), found 400
REQUEST		request_62	1684179713676	1684179713836	KO	status.find.in([200, 209], 304), found 400
REQUEST		request_61	1684179713668	1684179713838	OK	 
REQUEST		request_53	1684179713675	1684179713843	KO	status.find.in([200, 209], 304), found 400
REQUEST		request_56	1684179713671	1684179713843	OK	 
REQUEST		request_58	1684179713675	1684179713859	OK	 
REQUEST		request_50	1684179713666	1684179713861	OK	 
REQUEST		request_60	1684179713676	1684179713865	OK	 
REQUEST		request_54	1684179713669	1684179713874	OK	 
REQUEST		request_80	1684179713741	1684179713882	KO	status.find.in([200, 209], 304), found 400
REQUEST		request_48	1684179713671	1684179713884	OK	 
REQUEST		request_52	1684179713675	1684179713886	OK	 
REQUEST		request_44	1684179713678	1684179713958	OK	 
REQUEST		request_45	1684179713678	1684179713959	OK	 
REQUEST		request_64	1684179713818	1684179713978	OK	 
REQUEST		request_47	1684179713676	1684179714124	OK	 
REQUEST		request_65	1684179713837	1684179714135	KO	status.find.in([200, 209], 304), found 400
REQUEST		request_93	1684179714687	1684179714827	OK	 
REQUEST		request_99	1684179714828	1684179714836	OK	 
REQUEST		request_95	1684179714828	1684179714928	KO	status.find.in([200, 209], 304), found 400
REQUEST		request_102	1684179714829	1684179714931	KO	status.find.in([200, 209], 304), found 400
REQUEST		request_98	1684179714830	1684179714942	OK	 
REQUEST		request_97	1684179714830	1684179714945	OK	 
REQUEST		request_100	1684179714831	1684179714956	OK	 
REQUEST		request_101	1684179714829	1684179714982	OK	 
REQUEST		request_81	1684179714883	1684179715036	OK	 
REQUEST		request_94	1684179714829	1684179715036	OK	 
USER	flujoReusoCheckOut	END	1684179715040
REQUEST		request_82	1684179715037	1684179715167	KO	status.find.in([200, 209], 304), found 400
REQUEST		request_66	1684179717136	1684179717280	OK	 
REQUEST		request_69	1684179717280	1684179717288	OK	 
REQUEST		request_83	1684179717169	1684179717322	OK	 
REQUEST		request_84	1684179717323	1684179717428	KO	status.find.in([200, 209], 304), found 400
REQUEST		request_85	1684179719429	1684179719580	OK	 
REQUEST		request_86	1684179719581	1684179719691	KO	status.find.in([200, 209], 304), found 400
REQUEST		request_74	1684179721289	1684179721441	OK	 
REQUEST		request_76	1684179721442	1684179721450	OK	 
REQUEST		request_75	1684179721442	1684179721547	KO	status.find.in([200, 209], 304), found 400
REQUEST		request_87	1684179721692	1684179721871	OK	 
REQUEST		request_88	1684179721872	1684179721968	KO	status.find.in([200, 209], 304), found 400
REQUEST		request_90	1684179721872	1684179721997	KO	status.find.in([200, 209], 304), found 400
REQUEST		request_89	1684179721872	1684179722019	OK	 
REQUEST		request_91	1684179723020	1684179723173	OK	 
REQUEST		request_92	1684179723174	1684179723334	KO	status.find.in([200, 209], 304), found 400
REQUEST		request_79	1684179723549	1684179723697	OK	 
REQUEST		request_80	1684179723698	1684179723815	KO	status.find.in([200, 209], 304), found 400
REQUEST		request_39	1684179724222	1684179724563	OK	 
REQUEST		request_63	1684179724565	1684179724663	OK	 
REQUEST		request_93	1684179724336	1684179724672	OK	 
REQUEST		request_46	1684179724568	1684179724684	OK	 
REQUEST		request_99	1684179724674	1684179724687	OK	 
REQUEST		request_40	1684179724571	1684179724699	OK	 
REQUEST		request_59	1684179724570	1684179724699	KO	status.find.in([200, 209], 304), found 400
REQUEST		request_49	1684179724567	1684179724702	OK	 
REQUEST		request_53	1684179724569	1684179724702	KO	status.find.in([200, 209], 304), found 400
REQUEST		request_62	1684179724570	1684179724714	KO	status.find.in([200, 209], 304), found 400
REQUEST		request_48	1684179724567	1684179724732	OK	 
REQUEST		request_61	1684179724565	1684179724732	OK	 
REQUEST		request_45	1684179724571	1684179724733	OK	 
REQUEST		request_52	1684179724568	1684179724739	OK	 
REQUEST		request_58	1684179724570	1684179724748	OK	 
REQUEST		request_54	1684179724566	1684179724748	OK	 
REQUEST		request_60	1684179724570	1684179724757	OK	 
REQUEST		request_50	1684179724564	1684179724759	OK	 
REQUEST		request_95	1684179724674	1684179724784	KO	status.find.in([200, 209], 304), found 400
REQUEST		request_97	1684179724675	1684179724800	OK	 
REQUEST		request_98	1684179724676	1684179724801	OK	 
REQUEST		request_101	1684179724675	1684179724822	OK	 
REQUEST		request_44	1684179724571	1684179724826	OK	 
REQUEST		request_56	1684179724566	1684179724831	OK	 
REQUEST		request_64	1684179724699	1684179724858	OK	 
REQUEST		request_94	1684179724675	1684179724867	OK	 
REQUEST		request_65	1684179724702	1684179724914	KO	status.find.in([200, 209], 304), found 400
REQUEST		request_100	1684179724676	1684179724932	OK	 
REQUEST		request_47	1684179724571	1684179724965	OK	 
REQUEST		request_81	1684179724816	1684179724965	OK	 
REQUEST		request_102	1684179724675	1684179724976	KO	status.find.in([200, 209], 304), found 400
USER	flujoReusoCheckOut	END	1684179724979
REQUEST		request_82	1684179724966	1684179725074	KO	status.find.in([200, 209], 304), found 400
REQUEST		request_83	1684179727075	1684179727249	OK	 
REQUEST		request_84	1684179727250	1684179727354	KO	status.find.in([200, 209], 304), found 400
REQUEST		request_66	1684179727967	1684179728159	OK	 
REQUEST		request_69	1684179728159	1684179728167	OK	 
REQUEST		request_85	1684179729355	1684179729495	OK	 
REQUEST		request_86	1684179729495	1684179730200	KO	status.find.in([200, 209], 304), found 400
REQUEST		request_74	1684179732169	1684179732398	OK	 
REQUEST		request_76	1684179732398	1684179732407	OK	 
REQUEST		request_75	1684179732398	1684179732658	KO	status.find.in([200, 209], 304), found 400
REQUEST		request_87	1684179732201	1684179732659	OK	 
REQUEST		request_90	1684179732659	1684179732763	KO	status.find.in([200, 209], 304), found 400
REQUEST		request_88	1684179732659	1684179732774	KO	status.find.in([200, 209], 304), found 400
REQUEST		request_89	1684179732659	1684179732807	OK	 
REQUEST		request_91	1684179733808	1684179733958	OK	 
REQUEST		request_92	1684179733959	1684179734061	KO	status.find.in([200, 209], 304), found 400
REQUEST		request_79	1684179734660	1684179734960	OK	 
REQUEST		request_80	1684179734960	1684179735075	KO	status.find.in([200, 209], 304), found 400
REQUEST		request_93	1684179735062	1684179735225	OK	 
REQUEST		request_99	1684179735225	1684179735232	OK	 
REQUEST		request_97	1684179735228	1684179735345	OK	 
REQUEST		request_102	1684179735226	1684179735346	KO	status.find.in([200, 209], 304), found 400
REQUEST		request_100	1684179735229	1684179735359	OK	 
REQUEST		request_98	1684179735228	1684179735367	OK	 
REQUEST		request_95	1684179735226	1684179735381	KO	status.find.in([200, 209], 304), found 400
REQUEST		request_101	1684179735226	1684179735385	OK	 
REQUEST		request_94	1684179735226	1684179735419	OK	 
USER	flujoReusoCheckOut	END	1684179735422
REQUEST		request_81	1684179736077	1684179736231	OK	 
REQUEST		request_82	1684179736232	1684179736331	KO	status.find.in([200, 209], 304), found 400
REQUEST		request_83	1684179738332	1684179738480	OK	 
REQUEST		request_84	1684179738481	1684179738624	KO	status.find.in([200, 209], 304), found 400
REQUEST		request_85	1684179740627	1684179740781	OK	 
REQUEST		request_86	1684179740782	1684179740883	KO	status.find.in([200, 209], 304), found 400
REQUEST		request_87	1684179742884	1684179743048	OK	 
REQUEST		request_88	1684179743048	1684179743154	KO	status.find.in([200, 209], 304), found 400
REQUEST		request_90	1684179743049	1684179743155	KO	status.find.in([200, 209], 304), found 400
REQUEST		request_89	1684179743049	1684179743232	OK	 
REQUEST		request_91	1684179744233	1684179744405	OK	 
REQUEST		request_92	1684179744405	1684179744504	KO	status.find.in([200, 209], 304), found 400
REQUEST		request_93	1684179745505	1684179745725	OK	 
REQUEST		request_99	1684179745725	1684179745733	OK	 
REQUEST		request_95	1684179745725	1684179745825	KO	status.find.in([200, 209], 304), found 400
REQUEST		request_102	1684179745726	1684179745827	KO	status.find.in([200, 209], 304), found 400
REQUEST		request_98	1684179745726	1684179745835	OK	 
REQUEST		request_97	1684179745726	1684179745839	OK	 
REQUEST		request_100	1684179745726	1684179745857	OK	 
REQUEST		request_101	1684179745726	1684179745894	OK	 
REQUEST		request_94	1684179745726	1684179745910	OK	 
USER	flujoReusoCheckOut	END	1684179745912
