RUN	bnpl.flujoReusoCheckOutCorregido	flujoreusocheckoutcorregido	1684170553207	 	3.8.3
USER	flujoReusoCheckOut	START	1684170559672
REQUEST		request_0	1684170559634	1684170559845	OK	 
REQUEST		request_1	1684170561863	1684170561881	OK	 
REQUEST		request_5	1684170561900	1684170561908	OK	 
REQUEST		request_6	1684170561900	1684170561989	OK	 
REQUEST		request_4	1684170561902	1684170562109	KO	status.find.in([200, 209], 304), found 400
REQUEST		request_3	1684170561902	1684170562194	OK	 
REQUEST		request_2	1684170561901	1684170562195	OK	 
REQUEST		request_7	1684170563198	1684170563207	OK	 
REQUEST		request_8	1684170563208	1684170563217	OK	 
REQUEST		request_9	1684170563209	1684170563430	KO	status.find.in([200, 209], 304), found 400
REQUEST		request_10	1684170565434	1684170565517	OK	 
USER	flujoReusoCheckOut	START	1684170569598
REQUEST		request_0	1684170569597	1684170569756	OK	 
REQUEST		request_11	1684170570519	1684170570528	OK	 
REQUEST		request_12	1684170570529	1684170570601	OK	 
REQUEST		request_15	1684170570554	1684170570750	OK	 
REQUEST		request_13	1684170570531	1684170570753	OK	 
REQUEST		request_16	1684170570555	1684170570756	OK	 
REQUEST		request_17	1684170570530	1684170570759	OK	 
REQUEST		request_14	1684170570554	1684170570763	OK	 
REQUEST		request_1	1684170571759	1684170571768	OK	 
REQUEST		request_5	1684170571769	1684170571776	OK	 
REQUEST		request_6	1684170571770	1684170571869	OK	 
REQUEST		request_3	1684170571771	1684170571934	OK	 
REQUEST		request_2	1684170571771	1684170571977	OK	 
REQUEST		request_4	1684170571772	1684170572020	KO	status.find.in([200, 209], 304), found 400
REQUEST		request_7	1684170573023	1684170573032	OK	 
REQUEST		request_8	1684170573034	1684170573042	OK	 
REQUEST		request_9	1684170573034	1684170573137	KO	status.find.in([200, 209], 304), found 400
REQUEST		request_18	1684170573767	1684170573837	OK	 
REQUEST		request_37	1684170573849	1684170573981	OK	 
REQUEST		request_26	1684170573945	1684170574083	KO	status.find.in([200, 209], 304), found 400
REQUEST		request_25	1684170573944	1684170574095	OK	 
REQUEST		request_30	1684170573947	1684170574125	OK	 
REQUEST		request_29	1684170573946	1684170574142	OK	 
REQUEST		request_31	1684170574083	1684170574189	KO	status.find.in([200, 209], 304), found 400
REQUEST		request_33	1684170574096	1684170574203	KO	status.find.in([200, 209], 304), found 400
REQUEST		request_34	1684170574126	1684170574237	KO	status.find.in([200, 209], 304), found 400
REQUEST		request_28	1684170573946	1684170574314	OK	 
REQUEST		request_35	1684170574143	1684170574329	OK	 
REQUEST		request_36	1684170574190	1684170574377	KO	status.find.in([200, 209], 304), found 400
REQUEST		request_10	1684170575140	1684170575217	OK	 
REQUEST		request_20	1684170573894	1684170575763	KO	status.find.in([200, 209], 304), found 400
REQUEST		request_19	1684170573939	1684170575868	KO	status.find.in([200, 209], 304), found 400
USER	flujoReusoCheckOut	START	1684170579599
REQUEST		request_0	1684170579597	1684170579751	OK	 
REQUEST		request_11	1684170580220	1684170580229	OK	 
REQUEST		request_12	1684170580231	1684170580301	OK	 
REQUEST		request_15	1684170580233	1684170580383	OK	 
REQUEST		request_13	1684170580232	1684170580385	OK	 
REQUEST		request_16	1684170580233	1684170580399	OK	 
REQUEST		request_14	1684170580233	1684170580411	OK	 
REQUEST		request_17	1684170580232	1684170580757	OK	 
REQUEST		request_1	1684170581754	1684170581762	OK	 
REQUEST		request_5	1684170581763	1684170581774	OK	 
REQUEST		request_6	1684170581763	1684170581848	OK	 
REQUEST		request_4	1684170581765	1684170581918	KO	status.find.in([200, 209], 304), found 400
REQUEST		request_2	1684170581764	1684170581937	OK	 
REQUEST		request_3	1684170581764	1684170582214	OK	 
REQUEST		request_7	1684170583216	1684170583225	OK	 
REQUEST		request_8	1684170583226	1684170583233	OK	 
REQUEST		request_18	1684170583760	1684170583830	OK	 
REQUEST		request_37	1684170583832	1684170583874	OK	 
REQUEST		request_25	1684170583836	1684170583998	OK	 
REQUEST		request_28	1684170583836	1684170584017	OK	 
REQUEST		request_30	1684170583837	1684170584038	OK	 
REQUEST		request_9	1684170583227	1684170584078	KO	status.find.in([200, 209], 304), found 400
REQUEST		request_29	1684170583837	1684170584122	OK	 
REQUEST		request_33	1684170584018	1684170584140	KO	status.find.in([200, 209], 304), found 400
REQUEST		request_34	1684170584038	1684170584343	KO	status.find.in([200, 209], 304), found 400
REQUEST		request_26	1684170583836	1684170584344	KO	status.find.in([200, 209], 304), found 400
REQUEST		request_31	1684170583998	1684170584345	KO	status.find.in([200, 209], 304), found 400
REQUEST		request_35	1684170584122	1684170584345	OK	 
REQUEST		request_36	1684170584141	1684170584596	KO	status.find.in([200, 209], 304), found 400
REQUEST		request_20	1684170583833	1684170584666	KO	status.find.in([200, 209], 304), found 400
REQUEST		request_19	1684170583833	1684170584789	KO	status.find.in([200, 209], 304), found 400
REQUEST		request_10	1684170586080	1684170586155	OK	 
USER	flujoReusoCheckOut	START	1684170589599
REQUEST		request_0	1684170589598	1684170589758	OK	 
REQUEST		request_11	1684170591157	1684170591168	OK	 
REQUEST		request_12	1684170591169	1684170591240	OK	 
REQUEST		request_17	1684170591170	1684170591316	OK	 
REQUEST		request_15	1684170591171	1684170591350	OK	 
REQUEST		request_13	1684170591170	1684170591357	OK	 
REQUEST		request_16	1684170591171	1684170591360	OK	 
REQUEST		request_14	1684170591170	1684170591383	OK	 
REQUEST		request_1	1684170591760	1684170591769	OK	 
REQUEST		request_5	1684170591770	1684170591780	OK	 
REQUEST		request_6	1684170591771	1684170591882	OK	 
REQUEST		request_4	1684170591775	1684170591897	KO	status.find.in([200, 209], 304), found 400
REQUEST		request_2	1684170591772	1684170591941	OK	 
REQUEST		request_3	1684170591774	1684170591962	OK	 
REQUEST		request_7	1684170592964	1684170592974	OK	 
REQUEST		request_8	1684170592975	1684170592983	OK	 
REQUEST		request_9	1684170592976	1684170593581	KO	status.find.in([200, 209], 304), found 400
REQUEST		request_18	1684170594385	1684170594458	OK	 
REQUEST		request_37	1684170594460	1684170594508	OK	 
REQUEST		request_26	1684170594464	1684170594630	KO	status.find.in([200, 209], 304), found 400
REQUEST		request_25	1684170594463	1684170594641	OK	 
REQUEST		request_29	1684170594465	1684170594659	OK	 
REQUEST		request_28	1684170594464	1684170594661	OK	 
REQUEST		request_20	1684170594461	1684170594666	KO	status.find.in([200, 209], 304), found 400
REQUEST		request_30	1684170594465	1684170594671	OK	 
REQUEST		request_33	1684170594641	1684170594763	KO	status.find.in([200, 209], 304), found 400
REQUEST		request_34	1684170594660	1684170594769	KO	status.find.in([200, 209], 304), found 400
REQUEST		request_36	1684170594671	1684170594774	KO	status.find.in([200, 209], 304), found 400
REQUEST		request_35	1684170594661	1684170594843	OK	 
REQUEST		request_31	1684170594631	1684170594890	KO	status.find.in([200, 209], 304), found 400
REQUEST		request_19	1684170594462	1684170595424	KO	status.find.in([200, 209], 304), found 400
REQUEST		request_10	1684170595583	1684170595655	OK	 
USER	flujoReusoCheckOut	START	1684170599598
REQUEST		request_0	1684170599597	1684170599754	OK	 
REQUEST		request_11	1684170600658	1684170600666	OK	 
REQUEST		request_12	1684170600668	1684170600741	OK	 
REQUEST		request_13	1684170600669	1684170600839	OK	 
REQUEST		request_15	1684170600670	1684170600841	OK	 
REQUEST		request_16	1684170600671	1684170600843	OK	 
REQUEST		request_17	1684170600668	1684170600853	OK	 
REQUEST		request_14	1684170600670	1684170600874	OK	 
REQUEST		request_1	1684170601756	1684170601765	OK	 
REQUEST		request_5	1684170601766	1684170601773	OK	 
REQUEST		request_6	1684170601766	1684170601859	OK	 
REQUEST		request_4	1684170601768	1684170601922	KO	status.find.in([200, 209], 304), found 400
REQUEST		request_2	1684170601767	1684170601932	OK	 
REQUEST		request_3	1684170601767	1684170601947	OK	 
REQUEST		request_7	1684170602949	1684170602958	OK	 
REQUEST		request_8	1684170602959	1684170602969	OK	 
REQUEST		request_9	1684170602960	1684170603072	KO	status.find.in([200, 209], 304), found 400
REQUEST		request_18	1684170603876	1684170603949	OK	 
REQUEST		request_37	1684170603951	1684170603994	OK	 
REQUEST		request_26	1684170603956	1684170604085	KO	status.find.in([200, 209], 304), found 400
REQUEST		request_28	1684170603956	1684170604125	OK	 
REQUEST		request_25	1684170603955	1684170604148	OK	 
REQUEST		request_29	1684170603956	1684170604179	OK	 
REQUEST		request_33	1684170604125	1684170604220	KO	status.find.in([200, 209], 304), found 400
REQUEST		request_34	1684170604148	1684170604258	KO	status.find.in([200, 209], 304), found 400
REQUEST		request_36	1684170604220	1684170604326	KO	status.find.in([200, 209], 304), found 400
REQUEST		request_19	1684170603955	1684170604330	KO	status.find.in([200, 209], 304), found 400
REQUEST		request_35	1684170604180	1684170604385	OK	 
REQUEST		request_30	1684170603957	1684170604404	OK	 
REQUEST		request_31	1684170604085	1684170604489	KO	status.find.in([200, 209], 304), found 400
REQUEST		request_20	1684170603953	1684170604629	KO	status.find.in([200, 209], 304), found 400
REQUEST		request_10	1684170605074	1684170605150	OK	 
USER	flujoReusoCheckOut	START	1684170609598
REQUEST		request_0	1684170609597	1684170609756	OK	 
REQUEST		request_11	1684170610152	1684170610162	OK	 
REQUEST		request_12	1684170610163	1684170610233	OK	 
REQUEST		request_13	1684170610164	1684170610317	OK	 
REQUEST		request_15	1684170610165	1684170610319	OK	 
REQUEST		request_16	1684170610165	1684170610335	OK	 
REQUEST		request_17	1684170610164	1684170610347	OK	 
REQUEST		request_14	1684170610165	1684170610356	OK	 
REQUEST		request_1	1684170611758	1684170611766	OK	 
REQUEST		request_5	1684170611767	1684170611890	OK	 
REQUEST		request_6	1684170611768	1684170612863	OK	 
REQUEST		request_4	1684170611769	1684170612899	KO	status.find.in([200, 209], 304), found 400
REQUEST		request_2	1684170611768	1684170612941	OK	 
REQUEST		request_3	1684170611769	1684170612947	OK	 
REQUEST		request_18	1684170613359	1684170613433	OK	 
REQUEST		request_37	1684170613434	1684170613468	OK	 
REQUEST		request_20	1684170613435	1684170613587	KO	status.find.in([200, 209], 304), found 400
REQUEST		request_29	1684170613437	1684170613599	OK	 
REQUEST		request_25	1684170613436	1684170613609	OK	 
REQUEST		request_28	1684170613437	1684170613616	OK	 
REQUEST		request_30	1684170613438	1684170613634	OK	 
REQUEST		request_31	1684170613599	1684170613695	KO	status.find.in([200, 209], 304), found 400
REQUEST		request_33	1684170613610	1684170613712	KO	status.find.in([200, 209], 304), found 400
REQUEST		request_34	1684170613616	1684170613725	KO	status.find.in([200, 209], 304), found 400
REQUEST		request_35	1684170613635	1684170613779	OK	 
REQUEST		request_26	1684170613436	1684170613799	KO	status.find.in([200, 209], 304), found 400
REQUEST		request_36	1684170613695	1684170613802	KO	status.find.in([200, 209], 304), found 400
REQUEST		request_7	1684170613949	1684170613957	OK	 
REQUEST		request_8	1684170613958	1684170613966	OK	 
REQUEST		request_9	1684170613959	1684170614063	KO	status.find.in([200, 209], 304), found 400
REQUEST		request_19	1684170613435	1684170615403	KO	status.find.in([200, 209], 304), found 400
REQUEST		request_10	1684170616064	1684170616155	OK	 
USER	flujoReusoCheckOut	START	1684170619599
REQUEST		request_0	1684170619598	1684170619752	OK	 
REQUEST		request_11	1684170621157	1684170621166	OK	 
REQUEST		request_12	1684170621167	1684170621236	OK	 
REQUEST		request_17	1684170621168	1684170621307	OK	 
REQUEST		request_13	1684170621168	1684170621320	OK	 
REQUEST		request_15	1684170621169	1684170621321	OK	 
REQUEST		request_16	1684170621169	1684170621329	OK	 
REQUEST		request_14	1684170621169	1684170621362	OK	 
REQUEST		request_1	1684170621754	1684170621777	OK	 
REQUEST		request_5	1684170621778	1684170621786	OK	 
REQUEST		request_6	1684170621779	1684170621868	OK	 
REQUEST		request_4	1684170621782	1684170621903	KO	status.find.in([200, 209], 304), found 400
REQUEST		request_3	1684170621782	1684170621993	OK	 
REQUEST		request_2	1684170621780	1684170621993	OK	 
REQUEST		request_7	1684170622996	1684170623005	OK	 
REQUEST		request_8	1684170623006	1684170623014	OK	 
REQUEST		request_9	1684170623007	1684170623109	KO	status.find.in([200, 209], 304), found 400
REQUEST		request_18	1684170624364	1684170624434	OK	 
REQUEST		request_37	1684170624436	1684170624482	OK	 
REQUEST		request_26	1684170624438	1684170624578	KO	status.find.in([200, 209], 304), found 400
REQUEST		request_20	1684170624437	1684170624602	KO	status.find.in([200, 209], 304), found 400
REQUEST		request_30	1684170624439	1684170624611	OK	 
REQUEST		request_25	1684170624438	1684170624612	OK	 
REQUEST		request_28	1684170624439	1684170624634	OK	 
REQUEST		request_19	1684170624437	1684170624683	KO	status.find.in([200, 209], 304), found 400
REQUEST		request_33	1684170624612	1684170624721	KO	status.find.in([200, 209], 304), found 400
REQUEST		request_34	1684170624613	1684170624722	KO	status.find.in([200, 209], 304), found 400
REQUEST		request_31	1684170624579	1684170624778	KO	status.find.in([200, 209], 304), found 400
REQUEST		request_36	1684170624684	1684170624796	KO	status.find.in([200, 209], 304), found 400
REQUEST		request_35	1684170624634	1684170624814	OK	 
REQUEST		request_29	1684170624439	1684170624844	OK	 
REQUEST		request_10	1684170625111	1684170625191	OK	 
USER	flujoReusoCheckOut	START	1684170629598
REQUEST		request_0	1684170629597	1684170629746	OK	 
REQUEST		request_11	1684170630194	1684170630203	OK	 
REQUEST		request_12	1684170630204	1684170630276	OK	 
REQUEST		request_17	1684170630205	1684170630354	OK	 
REQUEST		request_13	1684170630205	1684170630356	OK	 
REQUEST		request_15	1684170630206	1684170630357	OK	 
REQUEST		request_16	1684170630206	1684170630369	OK	 
REQUEST		request_14	1684170630206	1684170630399	OK	 
REQUEST		request_1	1684170631747	1684170631755	OK	 
REQUEST		request_5	1684170631756	1684170631763	OK	 
REQUEST		request_6	1684170631756	1684170631847	OK	 
REQUEST		request_4	1684170631757	1684170631924	KO	status.find.in([200, 209], 304), found 400
REQUEST		request_3	1684170631757	1684170631927	OK	 
REQUEST		request_2	1684170631757	1684170631950	OK	 
REQUEST		request_7	1684170632951	1684170632959	OK	 
REQUEST		request_8	1684170632960	1684170632968	OK	 
REQUEST		request_9	1684170632960	1684170633406	KO	status.find.in([200, 209], 304), found 400
REQUEST		request_18	1684170633401	1684170633475	OK	 
REQUEST		request_37	1684170633477	1684170633509	OK	 
REQUEST		request_26	1684170633479	1684170633597	KO	status.find.in([200, 209], 304), found 400
REQUEST		request_25	1684170633479	1684170633638	OK	 
REQUEST		request_20	1684170633478	1684170633644	KO	status.find.in([200, 209], 304), found 400
REQUEST		request_28	1684170633479	1684170633653	OK	 
REQUEST		request_29	1684170633480	1684170633690	OK	 
REQUEST		request_30	1684170633480	1684170633709	OK	 
REQUEST		request_33	1684170633638	1684170633736	KO	status.find.in([200, 209], 304), found 400
REQUEST		request_19	1684170633478	1684170633737	KO	status.find.in([200, 209], 304), found 400
REQUEST		request_34	1684170633654	1684170633772	KO	status.find.in([200, 209], 304), found 400
REQUEST		request_31	1684170633598	1684170633798	KO	status.find.in([200, 209], 304), found 400
REQUEST		request_36	1684170633709	1684170633836	KO	status.find.in([200, 209], 304), found 400
REQUEST		request_35	1684170633690	1684170633836	OK	 
REQUEST		request_10	1684170635408	1684170635484	OK	 
USER	flujoReusoCheckOut	START	1684170639598
REQUEST		request_0	1684170639597	1684170639748	OK	 
REQUEST		request_11	1684170640486	1684170640496	OK	 
REQUEST		request_12	1684170640497	1684170640567	OK	 
REQUEST		request_13	1684170640498	1684170640651	OK	 
REQUEST		request_16	1684170640500	1684170640660	OK	 
REQUEST		request_17	1684170640497	1684170640660	OK	 
REQUEST		request_14	1684170640499	1684170640685	OK	 
REQUEST		request_15	1684170640500	1684170640904	OK	 
REQUEST		request_1	1684170641750	1684170641759	OK	 
REQUEST		request_5	1684170641760	1684170641772	OK	 
REQUEST		request_6	1684170641760	1684170641866	OK	 
REQUEST		request_4	1684170641762	1684170641920	KO	status.find.in([200, 209], 304), found 400
REQUEST		request_3	1684170641761	1684170641937	OK	 
REQUEST		request_2	1684170641761	1684170641969	OK	 
REQUEST		request_7	1684170642970	1684170642980	OK	 
REQUEST		request_8	1684170642981	1684170642992	OK	 
REQUEST		request_9	1684170642981	1684170643337	KO	status.find.in([200, 209], 304), found 400
REQUEST		request_18	1684170643907	1684170643983	OK	 
REQUEST		request_37	1684170643984	1684170644028	OK	 
REQUEST		request_26	1684170643989	1684170644159	KO	status.find.in([200, 209], 304), found 400
REQUEST		request_20	1684170643986	1684170644166	KO	status.find.in([200, 209], 304), found 400
REQUEST		request_29	1684170643989	1684170644166	OK	 
REQUEST		request_28	1684170643989	1684170644179	OK	 
REQUEST		request_19	1684170643988	1684170644185	KO	status.find.in([200, 209], 304), found 400
REQUEST		request_30	1684170643990	1684170644208	OK	 
REQUEST		request_25	1684170643989	1684170644209	OK	 
REQUEST		request_31	1684170644159	1684170644262	KO	status.find.in([200, 209], 304), found 400
REQUEST		request_33	1684170644166	1684170644276	KO	status.find.in([200, 209], 304), found 400
REQUEST		request_34	1684170644180	1684170644288	KO	status.find.in([200, 209], 304), found 400
REQUEST		request_36	1684170644208	1684170644318	KO	status.find.in([200, 209], 304), found 400
REQUEST		request_35	1684170644186	1684170644337	OK	 
REQUEST		request_10	1684170645340	1684170645415	OK	 
USER	flujoReusoCheckOut	START	1684170649598
REQUEST		request_0	1684170649597	1684170649745	OK	 
REQUEST		request_11	1684170650416	1684170650426	OK	 
REQUEST		request_12	1684170650426	1684170650498	OK	 
REQUEST		request_17	1684170650427	1684170650568	OK	 
REQUEST		request_13	1684170650427	1684170650576	OK	 
REQUEST		request_15	1684170650428	1684170650577	OK	 
REQUEST		request_16	1684170650428	1684170650586	OK	 
REQUEST		request_14	1684170650428	1684170650612	OK	 
REQUEST		request_1	1684170651746	1684170651753	OK	 
REQUEST		request_5	1684170651754	1684170651761	OK	 
REQUEST		request_6	1684170651754	1684170651843	OK	 
REQUEST		request_4	1684170651755	1684170651893	KO	status.find.in([200, 209], 304), found 400
REQUEST		request_3	1684170651755	1684170651924	OK	 
REQUEST		request_2	1684170651755	1684170651962	OK	 
REQUEST		request_7	1684170652964	1684170652974	OK	 
REQUEST		request_8	1684170652974	1684170652982	OK	 
REQUEST		request_9	1684170652975	1684170653201	KO	status.find.in([200, 209], 304), found 400
REQUEST		request_18	1684170653614	1684170653688	OK	 
REQUEST		request_37	1684170653689	1684170653761	OK	 
REQUEST		request_26	1684170653690	1684170653823	KO	status.find.in([200, 209], 304), found 400
REQUEST		request_25	1684170653690	1684170653840	OK	 
REQUEST		request_20	1684170653689	1684170653866	KO	status.find.in([200, 209], 304), found 400
REQUEST		request_29	1684170653732	1684170653893	OK	 
REQUEST		request_28	1684170653691	1684170653907	OK	 
REQUEST		request_33	1684170653841	1684170653943	KO	status.find.in([200, 209], 304), found 400
REQUEST		request_31	1684170653824	1684170653979	KO	status.find.in([200, 209], 304), found 400
REQUEST		request_34	1684170653893	1684170653994	KO	status.find.in([200, 209], 304), found 400
REQUEST		request_30	1684170653733	1684170654022	OK	 
REQUEST		request_36	1684170653943	1684170654058	KO	status.find.in([200, 209], 304), found 400
REQUEST		request_35	1684170653907	1684170654066	OK	 
REQUEST		request_19	1684170653690	1684170654111	KO	status.find.in([200, 209], 304), found 400
REQUEST		request_10	1684170655211	1684170655291	OK	 
REQUEST		request_11	1684170660293	1684170660303	OK	 
REQUEST		request_12	1684170660304	1684170660377	OK	 
REQUEST		request_13	1684170660305	1684170660456	OK	 
REQUEST		request_16	1684170660306	1684170660465	OK	 
REQUEST		request_15	1684170660306	1684170660466	OK	 
REQUEST		request_17	1684170660304	1684170660519	OK	 
REQUEST		request_14	1684170660305	1684170660576	OK	 
REQUEST		request_18	1684170663577	1684170663653	OK	 
REQUEST		request_37	1684170663654	1684170663688	OK	 
REQUEST		request_26	1684170663656	1684170663766	KO	status.find.in([200, 209], 304), found 400
REQUEST		request_20	1684170663655	1684170663788	KO	status.find.in([200, 209], 304), found 400
REQUEST		request_25	1684170663656	1684170663811	OK	 
REQUEST		request_28	1684170663656	1684170663819	OK	 
REQUEST		request_30	1684170663657	1684170663824	OK	 
REQUEST		request_29	1684170663656	1684170663827	OK	 
REQUEST		request_19	1684170663655	1684170663860	KO	status.find.in([200, 209], 304), found 400
REQUEST		request_31	1684170663767	1684170663884	KO	status.find.in([200, 209], 304), found 400
REQUEST		request_34	1684170663819	1684170663923	KO	status.find.in([200, 209], 304), found 400
REQUEST		request_33	1684170663811	1684170663923	KO	status.find.in([200, 209], 304), found 400
REQUEST		request_36	1684170663827	1684170663929	KO	status.find.in([200, 209], 304), found 400
REQUEST		request_35	1684170663825	1684170663997	OK	 
REQUEST		request_39	1684170679871	1684170680474	OK	 
REQUEST		request_63	1684170680498	1684170680771	OK	 
REQUEST		request_44	1684170680682	1684170680799	OK	 
REQUEST		request_61	1684170680497	1684170680834	OK	 
REQUEST		request_58	1684170680635	1684170680854	OK	 
REQUEST		request_50	1684170680476	1684170680855	OK	 
REQUEST		request_53	1684170680635	1684170680865	KO	status.find.in([200, 209], 304), found 400
REQUEST		request_56	1684170680542	1684170680869	OK	 
REQUEST		request_60	1684170680635	1684170680874	OK	 
REQUEST		request_52	1684170680634	1684170680889	OK	 
REQUEST		request_47	1684170680636	1684170680911	OK	 
REQUEST		request_40	1684170680681	1684170680958	OK	 
REQUEST		request_46	1684170680588	1684170680968	OK	 
REQUEST		request_45	1684170680682	1684170680973	OK	 
REQUEST		request_59	1684170680635	1684170680976	KO	status.find.in([200, 209], 304), found 400
REQUEST		request_49	1684170680588	1684170680997	OK	 
REQUEST		request_48	1684170680542	1684170681016	OK	 
REQUEST		request_64	1684170680855	1684170681016	OK	 
REQUEST		request_65	1684170680865	1684170681023	KO	status.find.in([200, 209], 304), found 400
REQUEST		request_62	1684170680636	1684170681029	KO	status.find.in([200, 209], 304), found 400
REQUEST		request_54	1684170680499	1684170681647	OK	 
REQUEST		request_66	1684170684650	1684170684797	OK	 
REQUEST		request_69	1684170684799	1684170684805	OK	 
REQUEST		request_39	1684170688791	1684170689024	OK	 
REQUEST		request_63	1684170689027	1684170689137	OK	 
REQUEST		request_53	1684170689030	1684170689172	KO	status.find.in([200, 209], 304), found 400
REQUEST		request_49	1684170689028	1684170689178	OK	 
REQUEST		request_62	1684170689031	1684170689181	KO	status.find.in([200, 209], 304), found 400
REQUEST		request_59	1684170689031	1684170689192	KO	status.find.in([200, 209], 304), found 400
REQUEST		request_74	1684170688807	1684170689192	OK	 
REQUEST		request_56	1684170689027	1684170689199	OK	 
REQUEST		request_76	1684170689192	1684170689199	OK	 
REQUEST		request_61	1684170689026	1684170689200	OK	 
REQUEST		request_58	1684170689030	1684170689213	OK	 
REQUEST		request_52	1684170689028	1684170689215	OK	 
REQUEST		request_54	1684170689027	1684170689220	OK	 
REQUEST		request_50	1684170689026	1684170689224	OK	 
REQUEST		request_48	1684170689027	1684170689227	OK	 
REQUEST		request_46	1684170689028	1684170689262	OK	 
REQUEST		request_65	1684170689181	1684170689282	KO	status.find.in([200, 209], 304), found 400
REQUEST		request_44	1684170689032	1684170689287	OK	 
REQUEST		request_47	1684170689031	1684170689298	OK	 
REQUEST		request_60	1684170689031	1684170689298	OK	 
REQUEST		request_40	1684170689032	1684170689299	OK	 
REQUEST		request_45	1684170689032	1684170689320	OK	 
REQUEST		request_64	1684170689172	1684170689331	OK	 
REQUEST		request_75	1684170689193	1684170689460	KO	status.find.in([200, 209], 304), found 400
REQUEST		request_79	1684170691462	1684170691618	OK	 
REQUEST		request_80	1684170691619	1684170691838	KO	status.find.in([200, 209], 304), found 400
REQUEST		request_66	1684170692334	1684170692482	OK	 
REQUEST		request_69	1684170692483	1684170692490	OK	 
REQUEST		request_81	1684170692840	1684170692982	OK	 
REQUEST		request_82	1684170692982	1684170693422	KO	status.find.in([200, 209], 304), found 400
REQUEST		request_83	1684170695424	1684170695573	OK	 
REQUEST		request_84	1684170695573	1684170695679	KO	status.find.in([200, 209], 304), found 400
REQUEST		request_74	1684170696493	1684170696652	OK	 
REQUEST		request_76	1684170696652	1684170696661	OK	 
REQUEST		request_75	1684170696653	1684170696778	KO	status.find.in([200, 209], 304), found 400
REQUEST		request_85	1684170697681	1684170697819	OK	 
REQUEST		request_86	1684170697820	1684170697958	KO	status.find.in([200, 209], 304), found 400
REQUEST		request_79	1684170698780	1684170698941	OK	 
REQUEST		request_80	1684170698942	1684170699044	KO	status.find.in([200, 209], 304), found 400
REQUEST		request_39	1684170699425	1684170699657	OK	 
REQUEST		request_63	1684170699659	1684170699755	OK	 
REQUEST		request_62	1684170699662	1684170699793	KO	status.find.in([200, 209], 304), found 400
REQUEST		request_49	1684170699660	1684170699795	OK	 
REQUEST		request_48	1684170699660	1684170699827	OK	 
REQUEST		request_53	1684170699661	1684170699827	KO	status.find.in([200, 209], 304), found 400
REQUEST		request_61	1684170699659	1684170699828	OK	 
REQUEST		request_56	1684170699659	1684170699829	OK	 
REQUEST		request_60	1684170699661	1684170699839	OK	 
REQUEST		request_52	1684170699660	1684170699840	OK	 
REQUEST		request_50	1684170699658	1684170699841	OK	 
REQUEST		request_58	1684170699661	1684170699850	OK	 
REQUEST		request_47	1684170699662	1684170699854	OK	 
REQUEST		request_44	1684170699662	1684170699904	OK	 
REQUEST		request_40	1684170699662	1684170699915	OK	 
REQUEST		request_46	1684170699660	1684170699926	OK	 
REQUEST		request_64	1684170699793	1684170699926	OK	 
REQUEST		request_65	1684170699827	1684170699926	KO	status.find.in([200, 209], 304), found 400
REQUEST		request_45	1684170699663	1684170699954	OK	 
REQUEST		request_54	1684170699659	1684170699960	OK	 
REQUEST		request_59	1684170699661	1684170699987	KO	status.find.in([200, 209], 304), found 400
REQUEST		request_87	1684170699960	1684170700212	OK	 
REQUEST		request_81	1684170700046	1684170700212	OK	 
REQUEST		request_88	1684170700212	1684170700331	KO	status.find.in([200, 209], 304), found 400
REQUEST		request_82	1684170700212	1684170700331	KO	status.find.in([200, 209], 304), found 400
REQUEST		request_90	1684170700213	1684170700337	KO	status.find.in([200, 209], 304), found 400
REQUEST		request_89	1684170700212	1684170700382	OK	 
REQUEST		request_91	1684170701383	1684170701548	OK	 
REQUEST		request_92	1684170701548	1684170701660	KO	status.find.in([200, 209], 304), found 400
REQUEST		request_83	1684170702333	1684170702471	OK	 
REQUEST		request_84	1684170702472	1684170702602	KO	status.find.in([200, 209], 304), found 400
REQUEST		request_93	1684170702662	1684170702811	OK	 
REQUEST		request_99	1684170702812	1684170702881	OK	 
REQUEST		request_102	1684170702820	1684170702939	KO	status.find.in([200, 209], 304), found 400
REQUEST		request_95	1684170702813	1684170702973	KO	status.find.in([200, 209], 304), found 400
REQUEST		request_100	1684170702880	1684170703063	OK	 
REQUEST		request_98	1684170702880	1684170703104	OK	 
REQUEST		request_66	1684170702988	1684170703131	OK	 
REQUEST		request_69	1684170703132	1684170703141	OK	 
REQUEST		request_94	1684170702820	1684170703181	OK	 
REQUEST		request_101	1684170702819	1684170703186	OK	 
REQUEST		request_97	1684170702879	1684170703200	OK	 
USER	flujoReusoCheckOut	END	1684170703206
REQUEST		request_85	1684170704604	1684170704762	OK	 
REQUEST		request_86	1684170704762	1684170704869	KO	status.find.in([200, 209], 304), found 400
REQUEST		request_87	1684170706872	1684170707033	OK	 
REQUEST		request_88	1684170707034	1684170707138	KO	status.find.in([200, 209], 304), found 400
REQUEST		request_90	1684170707034	1684170707138	KO	status.find.in([200, 209], 304), found 400
REQUEST		request_89	1684170707034	1684170707190	OK	 
REQUEST		request_74	1684170707143	1684170707335	OK	 
REQUEST		request_76	1684170707336	1684170707345	OK	 
REQUEST		request_75	1684170707336	1684170707447	KO	status.find.in([200, 209], 304), found 400
REQUEST		request_91	1684170708191	1684170708357	OK	 
REQUEST		request_92	1684170708358	1684170708456	KO	status.find.in([200, 209], 304), found 400
REQUEST		request_39	1684170708630	1684170708867	OK	 
REQUEST		request_63	1684170708869	1684170708962	OK	 
REQUEST		request_44	1684170708873	1684170708979	OK	 
REQUEST		request_40	1684170708873	1684170708992	OK	 
REQUEST		request_46	1684170708871	1684170708997	OK	 
REQUEST		request_49	1684170708870	1684170709011	OK	 
REQUEST		request_53	1684170708871	1684170709011	KO	status.find.in([200, 209], 304), found 400
REQUEST		request_59	1684170708872	1684170709021	KO	status.find.in([200, 209], 304), found 400
REQUEST		request_47	1684170708873	1684170709029	OK	 
REQUEST		request_61	1684170708869	1684170709029	OK	 
REQUEST		request_52	1684170708871	1684170709044	OK	 
REQUEST		request_50	1684170708869	1684170709056	OK	 
REQUEST		request_62	1684170708872	1684170709060	KO	status.find.in([200, 209], 304), found 400
REQUEST		request_58	1684170708872	1684170709060	OK	 
REQUEST		request_60	1684170708872	1684170709062	OK	 
REQUEST		request_65	1684170709021	1684170709125	KO	status.find.in([200, 209], 304), found 400
REQUEST		request_54	1684170708870	1684170709135	OK	 
REQUEST		request_45	1684170708873	1684170709149	OK	 
REQUEST		request_64	1684170709012	1684170709163	OK	 
REQUEST		request_56	1684170708870	1684170709400	OK	 
REQUEST		request_48	1684170708870	1684170709444	OK	 
REQUEST		request_79	1684170709449	1684170709596	OK	 
REQUEST		request_93	1684170709457	1684170709598	OK	 
REQUEST		request_99	1684170709599	1684170709606	OK	 
REQUEST		request_80	1684170709597	1684170709697	KO	status.find.in([200, 209], 304), found 400
REQUEST		request_102	1684170709600	1684170709706	KO	status.find.in([200, 209], 304), found 400
REQUEST		request_95	1684170709599	1684170709711	KO	status.find.in([200, 209], 304), found 400
REQUEST		request_97	1684170709601	1684170709724	OK	 
REQUEST		request_100	1684170709602	1684170709727	OK	 
REQUEST		request_101	1684170709600	1684170709762	OK	 
REQUEST		request_98	1684170709601	1684170709830	OK	 
REQUEST		request_94	1684170709600	1684170709906	OK	 
USER	flujoReusoCheckOut	END	1684170709909
REQUEST		request_81	1684170710698	1684170710849	OK	 
REQUEST		request_82	1684170710850	1684170710949	KO	status.find.in([200, 209], 304), found 400
REQUEST		request_66	1684170712446	1684170712597	OK	 
REQUEST		request_69	1684170712597	1684170712609	OK	 
REQUEST		request_83	1684170712952	1684170713100	OK	 
REQUEST		request_84	1684170713101	1684170713313	KO	status.find.in([200, 209], 304), found 400
REQUEST		request_85	1684170715315	1684170715467	OK	 
REQUEST		request_86	1684170715468	1684170715570	KO	status.find.in([200, 209], 304), found 400
REQUEST		request_74	1684170716611	1684170716802	OK	 
REQUEST		request_76	1684170716802	1684170716844	OK	 
REQUEST		request_75	1684170716803	1684170717078	KO	status.find.in([200, 209], 304), found 400
REQUEST		request_87	1684170717572	1684170717750	OK	 
REQUEST		request_88	1684170717751	1684170717850	KO	status.find.in([200, 209], 304), found 400
REQUEST		request_90	1684170717751	1684170717854	KO	status.find.in([200, 209], 304), found 400
REQUEST		request_89	1684170717751	1684170717896	OK	 
REQUEST		request_91	1684170718897	1684170719045	OK	 
REQUEST		request_92	1684170719045	1684170719184	KO	status.find.in([200, 209], 304), found 400
REQUEST		request_79	1684170719079	1684170719228	OK	 
REQUEST		request_80	1684170719229	1684170719346	KO	status.find.in([200, 209], 304), found 400
REQUEST		request_39	1684170719405	1684170719667	OK	 
REQUEST		request_63	1684170719672	1684170719767	OK	 
REQUEST		request_46	1684170719676	1684170719801	OK	 
REQUEST		request_62	1684170719679	1684170719809	KO	status.find.in([200, 209], 304), found 400
REQUEST		request_53	1684170719678	1684170719811	KO	status.find.in([200, 209], 304), found 400
REQUEST		request_49	1684170719675	1684170719811	OK	 
REQUEST		request_59	1684170719679	1684170719819	KO	status.find.in([200, 209], 304), found 400
REQUEST		request_61	1684170719671	1684170719838	OK	 
REQUEST		request_58	1684170719679	1684170719844	OK	 
REQUEST		request_56	1684170719674	1684170719848	OK	 
REQUEST		request_54	1684170719672	1684170719853	OK	 
REQUEST		request_60	1684170719679	1684170719860	OK	 
REQUEST		request_50	1684170719669	1684170719878	OK	 
REQUEST		request_52	1684170719677	1684170719883	OK	 
REQUEST		request_44	1684170719681	1684170719927	OK	 
REQUEST		request_65	1684170719811	1684170719947	KO	status.find.in([200, 209], 304), found 400
REQUEST		request_64	1684170719809	1684170719957	OK	 
REQUEST		request_47	1684170719679	1684170719985	OK	 
REQUEST		request_40	1684170719681	1684170719987	OK	 
REQUEST		request_48	1684170719674	1684170719998	OK	 
REQUEST		request_45	1684170719681	1684170720003	OK	 
REQUEST		request_93	1684170720186	1684170720357	OK	 
REQUEST		request_99	1684170720358	1684170720364	OK	 
REQUEST		request_95	1684170720358	1684170720462	KO	status.find.in([200, 209], 304), found 400
REQUEST		request_97	1684170720360	1684170720503	OK	 
REQUEST		request_102	1684170720360	1684170720504	KO	status.find.in([200, 209], 304), found 400
REQUEST		request_98	1684170720360	1684170720504	OK	 
REQUEST		request_81	1684170720347	1684170720505	OK	 
REQUEST		request_101	1684170720359	1684170720505	OK	 
REQUEST		request_100	1684170720361	1684170720519	OK	 
REQUEST		request_94	1684170720360	1684170720560	OK	 
USER	flujoReusoCheckOut	END	1684170720563
REQUEST		request_82	1684170720505	1684170720619	KO	status.find.in([200, 209], 304), found 400
REQUEST		request_83	1684170722620	1684170722776	OK	 
REQUEST		request_84	1684170722777	1684170722876	KO	status.find.in([200, 209], 304), found 400
REQUEST		request_66	1684170723005	1684170723222	OK	 
REQUEST		request_69	1684170723222	1684170723229	OK	 
REQUEST		request_85	1684170724878	1684170725044	OK	 
REQUEST		request_86	1684170725045	1684170725158	KO	status.find.in([200, 209], 304), found 400
REQUEST		request_87	1684170727160	1684170727369	OK	 
REQUEST		request_74	1684170727231	1684170727416	OK	 
REQUEST		request_76	1684170727417	1684170727426	OK	 
REQUEST		request_90	1684170727370	1684170727481	KO	status.find.in([200, 209], 304), found 400
REQUEST		request_88	1684170727370	1684170727482	KO	status.find.in([200, 209], 304), found 400
REQUEST		request_89	1684170727370	1684170727541	OK	 
REQUEST		request_75	1684170727417	1684170727551	KO	status.find.in([200, 209], 304), found 400
REQUEST		request_91	1684170728542	1684170728702	OK	 
REQUEST		request_92	1684170728702	1684170728806	KO	status.find.in([200, 209], 304), found 400
REQUEST		request_39	1684170728844	1684170729365	OK	 
REQUEST		request_63	1684170729367	1684170729462	OK	 
REQUEST		request_46	1684170729368	1684170729499	OK	 
REQUEST		request_53	1684170729369	1684170729511	KO	status.find.in([200, 209], 304), found 400
REQUEST		request_59	1684170729369	1684170729511	KO	status.find.in([200, 209], 304), found 400
REQUEST		request_49	1684170729368	1684170729515	OK	 
REQUEST		request_61	1684170729367	1684170729526	OK	 
REQUEST		request_62	1684170729369	1684170729555	KO	status.find.in([200, 209], 304), found 400
REQUEST		request_48	1684170729368	1684170729561	OK	 
REQUEST		request_50	1684170729366	1684170729562	OK	 
REQUEST		request_52	1684170729368	1684170729562	OK	 
REQUEST		request_58	1684170729369	1684170729562	OK	 
REQUEST		request_54	1684170729367	1684170729563	OK	 
REQUEST		request_47	1684170729370	1684170729569	OK	 
REQUEST		request_56	1684170729367	1684170729573	OK	 
REQUEST		request_60	1684170729369	1684170729578	OK	 
REQUEST		request_44	1684170729370	1684170729619	OK	 
REQUEST		request_65	1684170729511	1684170729651	KO	status.find.in([200, 209], 304), found 400
REQUEST		request_40	1684170729370	1684170729651	OK	 
REQUEST		request_64	1684170729511	1684170729663	OK	 
REQUEST		request_45	1684170729370	1684170729684	OK	 
REQUEST		request_79	1684170729552	1684170729709	OK	 
REQUEST		request_80	1684170729709	1684170729823	KO	status.find.in([200, 209], 304), found 400
REQUEST		request_93	1684170729809	1684170729952	OK	 
REQUEST		request_99	1684170729953	1684170729959	OK	 
REQUEST		request_102	1684170729953	1684170730288	KO	status.find.in([200, 209], 304), found 400
REQUEST		request_97	1684170729954	1684170730291	OK	 
REQUEST		request_98	1684170729954	1684170730291	OK	 
REQUEST		request_95	1684170729953	1684170730291	KO	status.find.in([200, 209], 304), found 400
REQUEST		request_101	1684170729953	1684170730291	OK	 
REQUEST		request_100	1684170729955	1684170730301	OK	 
REQUEST		request_94	1684170729953	1684170730333	OK	 
USER	flujoReusoCheckOut	END	1684170730335
REQUEST		request_81	1684170730825	1684170730979	OK	 
REQUEST		request_82	1684170730980	1684170731107	KO	status.find.in([200, 209], 304), found 400
REQUEST		request_66	1684170732686	1684170732829	OK	 
REQUEST		request_69	1684170732830	1684170732839	OK	 
REQUEST		request_83	1684170733109	1684170733250	OK	 
REQUEST		request_84	1684170733251	1684170733352	KO	status.find.in([200, 209], 304), found 400
REQUEST		request_85	1684170735354	1684170735502	OK	 
REQUEST		request_86	1684170735502	1684170735603	KO	status.find.in([200, 209], 304), found 400
REQUEST		request_74	1684170736840	1684170737014	OK	 
REQUEST		request_76	1684170737014	1684170737022	OK	 
REQUEST		request_75	1684170737015	1684170737115	KO	status.find.in([200, 209], 304), found 400
REQUEST		request_87	1684170737605	1684170737780	OK	 
REQUEST		request_90	1684170737781	1684170737902	KO	status.find.in([200, 209], 304), found 400
REQUEST		request_88	1684170737780	1684170737903	KO	status.find.in([200, 209], 304), found 400
REQUEST		request_89	1684170737781	1684170737922	OK	 
REQUEST		request_39	1684170737838	1684170738081	OK	 
REQUEST		request_63	1684170738083	1684170738202	OK	 
REQUEST		request_46	1684170738084	1684170738234	OK	 
REQUEST		request_53	1684170738085	1684170738239	KO	status.find.in([200, 209], 304), found 400
REQUEST		request_59	1684170738085	1684170738254	KO	status.find.in([200, 209], 304), found 400
REQUEST		request_61	1684170738083	1684170738259	OK	 
REQUEST		request_47	1684170738086	1684170738286	OK	 
REQUEST		request_48	1684170738084	1684170738292	OK	 
REQUEST		request_56	1684170738084	1684170738292	OK	 
REQUEST		request_52	1684170738084	1684170738293	OK	 
REQUEST		request_58	1684170738085	1684170738293	OK	 
REQUEST		request_60	1684170738085	1684170738293	OK	 
REQUEST		request_54	1684170738083	1684170738294	OK	 
REQUEST		request_50	1684170738082	1684170738297	OK	 
REQUEST		request_49	1684170738084	1684170738299	OK	 
REQUEST		request_44	1684170738086	1684170738356	OK	 
REQUEST		request_65	1684170738254	1684170738356	KO	status.find.in([200, 209], 304), found 400
REQUEST		request_40	1684170738086	1684170738379	OK	 
REQUEST		request_45	1684170738087	1684170738403	OK	 
REQUEST		request_64	1684170738239	1684170738406	OK	 
REQUEST		request_91	1684170738925	1684170739078	OK	 
REQUEST		request_92	1684170739079	1684170739176	KO	status.find.in([200, 209], 304), found 400
REQUEST		request_79	1684170739116	1684170739261	OK	 
REQUEST		request_80	1684170739261	1684170739378	KO	status.find.in([200, 209], 304), found 400
REQUEST		request_62	1684170738086	1684170739483	KO	status.find.in([200, 209], 304), found 400
REQUEST		request_93	1684170740177	1684170740327	OK	 
REQUEST		request_99	1684170740328	1684170740340	OK	 
REQUEST		request_95	1684170740328	1684170740429	KO	status.find.in([200, 209], 304), found 400
REQUEST		request_102	1684170740329	1684170740434	KO	status.find.in([200, 209], 304), found 400
REQUEST		request_98	1684170740332	1684170740447	OK	 
REQUEST		request_97	1684170740331	1684170740461	OK	 
REQUEST		request_100	1684170740332	1684170740466	OK	 
REQUEST		request_101	1684170740329	1684170740480	OK	 
REQUEST		request_81	1684170740380	1684170740529	OK	 
REQUEST		request_94	1684170740329	1684170740530	OK	 
USER	flujoReusoCheckOut	END	1684170740532
REQUEST		request_82	1684170740529	1684170740698	KO	status.find.in([200, 209], 304), found 400
REQUEST		request_66	1684170742485	1684170742655	OK	 
REQUEST		request_69	1684170742655	1684170742664	OK	 
REQUEST		request_83	1684170742700	1684170742851	OK	 
REQUEST		request_84	1684170742851	1684170743498	KO	status.find.in([200, 209], 304), found 400
REQUEST		request_85	1684170745500	1684170745640	OK	 
REQUEST		request_86	1684170745641	1684170746262	KO	status.find.in([200, 209], 304), found 400
REQUEST		request_74	1684170746666	1684170746840	OK	 
REQUEST		request_76	1684170746840	1684170746849	OK	 
REQUEST		request_75	1684170746840	1684170747491	KO	status.find.in([200, 209], 304), found 400
REQUEST		request_87	1684170748264	1684170748414	OK	 
REQUEST		request_90	1684170748415	1684170748539	KO	status.find.in([200, 209], 304), found 400
REQUEST		request_89	1684170748415	1684170748573	OK	 
REQUEST		request_39	1684170748339	1684170748573	OK	 
REQUEST		request_63	1684170748575	1684170748683	OK	 
REQUEST		request_44	1684170748578	1684170748700	OK	 
REQUEST		request_46	1684170748576	1684170748714	OK	 
REQUEST		request_53	1684170748577	1684170748729	KO	status.find.in([200, 209], 304), found 400
REQUEST		request_48	1684170748576	1684170748750	OK	 
REQUEST		request_61	1684170748575	1684170748751	OK	 
REQUEST		request_56	1684170748576	1684170748759	OK	 
REQUEST		request_58	1684170748577	1684170748759	OK	 
REQUEST		request_52	1684170748577	1684170748764	OK	 
REQUEST		request_50	1684170748574	1684170748765	OK	 
REQUEST		request_47	1684170748578	1684170748781	OK	 
REQUEST		request_88	1684170748415	1684170748783	KO	status.find.in([200, 209], 304), found 400
REQUEST		request_60	1684170748577	1684170748783	OK	 
REQUEST		request_62	1684170748578	1684170748802	KO	status.find.in([200, 209], 304), found 400
REQUEST		request_49	1684170748576	1684170748828	OK	 
REQUEST		request_40	1684170748578	1684170748864	OK	 
REQUEST		request_59	1684170748577	1684170748877	KO	status.find.in([200, 209], 304), found 400
REQUEST		request_54	1684170748575	1684170748882	OK	 
REQUEST		request_64	1684170748730	1684170748882	OK	 
REQUEST		request_45	1684170748579	1684170748887	OK	 
REQUEST		request_65	1684170748759	1684170748904	KO	status.find.in([200, 209], 304), found 400
REQUEST		request_79	1684170749493	1684170749639	OK	 
REQUEST		request_80	1684170749640	1684170749741	KO	status.find.in([200, 209], 304), found 400
REQUEST		request_91	1684170749785	1684170750256	OK	 
REQUEST		request_92	1684170750256	1684170750367	KO	status.find.in([200, 209], 304), found 400
REQUEST		request_81	1684170750743	1684170750886	OK	 
REQUEST		request_82	1684170750886	1684170751015	KO	status.find.in([200, 209], 304), found 400
REQUEST		request_93	1684170751369	1684170751795	OK	 
REQUEST		request_99	1684170751795	1684170751803	OK	 
REQUEST		request_102	1684170751796	1684170751921	KO	status.find.in([200, 209], 304), found 400
REQUEST		request_98	1684170751797	1684170751924	OK	 
REQUEST		request_97	1684170751797	1684170751925	OK	 
REQUEST		request_100	1684170751798	1684170751938	OK	 
REQUEST		request_95	1684170751796	1684170751944	KO	status.find.in([200, 209], 304), found 400
REQUEST		request_101	1684170751796	1684170751944	OK	 
REQUEST		request_66	1684170751905	1684170752079	OK	 
REQUEST		request_69	1684170752079	1684170752088	OK	 
REQUEST		request_94	1684170751796	1684170752145	OK	 
USER	flujoReusoCheckOut	END	1684170752148
REQUEST		request_83	1684170753016	1684170753180	OK	 
REQUEST		request_84	1684170753180	1684170753283	KO	status.find.in([200, 209], 304), found 400
REQUEST		request_85	1684170755285	1684170755438	OK	 
REQUEST		request_86	1684170755438	1684170755547	KO	status.find.in([200, 209], 304), found 400
REQUEST		request_74	1684170756089	1684170756236	OK	 
REQUEST		request_76	1684170756237	1684170756245	OK	 
REQUEST		request_75	1684170756237	1684170756395	KO	status.find.in([200, 209], 304), found 400
REQUEST		request_87	1684170757549	1684170757697	OK	 
REQUEST		request_88	1684170757697	1684170757803	KO	status.find.in([200, 209], 304), found 400
REQUEST		request_89	1684170757697	1684170757849	OK	 
REQUEST		request_90	1684170757697	1684170758117	KO	status.find.in([200, 209], 304), found 400
REQUEST		request_39	1684170758113	1684170758467	OK	 
REQUEST		request_79	1684170758396	1684170758541	OK	 
REQUEST		request_80	1684170758542	1684170758719	KO	status.find.in([200, 209], 304), found 400
REQUEST		request_63	1684170758495	1684170758765	OK	 
REQUEST		request_46	1684170758571	1684170758795	OK	 
REQUEST		request_62	1684170758643	1684170758807	KO	status.find.in([200, 209], 304), found 400
REQUEST		request_59	1684170758642	1684170758826	KO	status.find.in([200, 209], 304), found 400
REQUEST		request_61	1684170758470	1684170758827	OK	 
REQUEST		request_52	1684170758606	1684170758839	OK	 
REQUEST		request_50	1684170758468	1684170758850	OK	 
REQUEST		request_60	1684170758642	1684170758859	OK	 
REQUEST		request_47	1684170758643	1684170758861	OK	 
REQUEST		request_54	1684170758495	1684170758861	OK	 
REQUEST		request_58	1684170758642	1684170758868	OK	 
REQUEST		request_56	1684170758533	1684170758882	OK	 
REQUEST		request_49	1684170758570	1684170758894	OK	 
REQUEST		request_53	1684170758642	1684170758899	KO	status.find.in([200, 209], 304), found 400
REQUEST		request_44	1684170758672	1684170758918	OK	 
REQUEST		request_48	1684170758533	1684170758944	OK	 
REQUEST		request_65	1684170758826	1684170758944	KO	status.find.in([200, 209], 304), found 400
REQUEST		request_40	1684170758672	1684170758950	OK	 
REQUEST		request_45	1684170758673	1684170758961	OK	 
REQUEST		request_64	1684170758807	1684170758975	OK	 
REQUEST		request_91	1684170759118	1684170759259	OK	 
REQUEST		request_92	1684170759259	1684170759472	KO	status.find.in([200, 209], 304), found 400
REQUEST		request_81	1684170759721	1684170759866	OK	 
REQUEST		request_82	1684170759867	1684170760003	KO	status.find.in([200, 209], 304), found 400
REQUEST		request_93	1684170760474	1684170760618	OK	 
REQUEST		request_99	1684170760619	1684170760630	OK	 
REQUEST		request_95	1684170760619	1684170760725	KO	status.find.in([200, 209], 304), found 400
REQUEST		request_98	1684170760621	1684170760732	OK	 
REQUEST		request_97	1684170760620	1684170760735	OK	 
REQUEST		request_102	1684170760620	1684170760737	KO	status.find.in([200, 209], 304), found 400
REQUEST		request_100	1684170760621	1684170760745	OK	 
REQUEST		request_101	1684170760620	1684170760763	OK	 
REQUEST		request_94	1684170760620	1684170760802	OK	 
USER	flujoReusoCheckOut	END	1684170760805
REQUEST		request_66	1684170761977	1684170762128	OK	 
REQUEST		request_69	1684170762129	1684170762137	OK	 
REQUEST		request_83	1684170762005	1684170762148	OK	 
REQUEST		request_84	1684170762149	1684170762251	KO	status.find.in([200, 209], 304), found 400
REQUEST		request_85	1684170764254	1684170764394	OK	 
REQUEST		request_86	1684170764395	1684170764538	KO	status.find.in([200, 209], 304), found 400
REQUEST		request_74	1684170766138	1684170766316	OK	 
REQUEST		request_76	1684170766316	1684170766323	OK	 
REQUEST		request_75	1684170766316	1684170766438	KO	status.find.in([200, 209], 304), found 400
REQUEST		request_87	1684170766540	1684170766691	OK	 
REQUEST		request_90	1684170766691	1684170766790	KO	status.find.in([200, 209], 304), found 400
REQUEST		request_88	1684170766691	1684170766824	KO	status.find.in([200, 209], 304), found 400
REQUEST		request_89	1684170766691	1684170766844	OK	 
REQUEST		request_91	1684170767845	1684170768019	OK	 
REQUEST		request_92	1684170768019	1684170768123	KO	status.find.in([200, 209], 304), found 400
REQUEST		request_39	1684170767998	1684170768247	OK	 
REQUEST		request_63	1684170768249	1684170768347	OK	 
REQUEST		request_59	1684170768252	1684170768383	KO	status.find.in([200, 209], 304), found 400
REQUEST		request_46	1684170768251	1684170768387	OK	 
REQUEST		request_53	1684170768251	1684170768397	KO	status.find.in([200, 209], 304), found 400
REQUEST		request_49	1684170768250	1684170768400	OK	 
REQUEST		request_61	1684170768249	1684170768401	OK	 
REQUEST		request_47	1684170768252	1684170768423	OK	 
REQUEST		request_50	1684170768248	1684170768424	OK	 
REQUEST		request_56	1684170768250	1684170768427	OK	 
REQUEST		request_52	1684170768251	1684170768429	OK	 
REQUEST		request_62	1684170768252	1684170768429	KO	status.find.in([200, 209], 304), found 400
REQUEST		request_58	1684170768251	1684170768436	OK	 
REQUEST		request_54	1684170768250	1684170768437	OK	 
REQUEST		request_60	1684170768252	1684170768444	OK	 
REQUEST		request_44	1684170768253	1684170768497	OK	 
REQUEST		request_65	1684170768397	1684170768511	KO	status.find.in([200, 209], 304), found 400
REQUEST		request_40	1684170768252	1684170768521	OK	 
REQUEST		request_64	1684170768383	1684170768526	OK	 
REQUEST		request_45	1684170768253	1684170768574	OK	 
REQUEST		request_48	1684170768250	1684170768598	OK	 
REQUEST		request_79	1684170768440	1684170768599	OK	 
REQUEST		request_80	1684170768599	1684170768712	KO	status.find.in([200, 209], 304), found 400
REQUEST		request_93	1684170769125	1684170769271	OK	 
REQUEST		request_99	1684170769272	1684170769283	OK	 
REQUEST		request_95	1684170769272	1684170769375	KO	status.find.in([200, 209], 304), found 400
REQUEST		request_102	1684170769273	1684170769385	KO	status.find.in([200, 209], 304), found 400
REQUEST		request_98	1684170769274	1684170769389	OK	 
REQUEST		request_97	1684170769274	1684170769389	OK	 
REQUEST		request_100	1684170769274	1684170769407	OK	 
REQUEST		request_101	1684170769273	1684170769431	OK	 
REQUEST		request_94	1684170769273	1684170769437	OK	 
USER	flujoReusoCheckOut	END	1684170769440
REQUEST		request_81	1684170769713	1684170769859	OK	 
REQUEST		request_82	1684170769859	1684170769979	KO	status.find.in([200, 209], 304), found 400
REQUEST		request_66	1684170771600	1684170771748	OK	 
REQUEST		request_69	1684170771748	1684170771756	OK	 
REQUEST		request_83	1684170771981	1684170772163	OK	 
REQUEST		request_84	1684170772163	1684170772259	KO	status.find.in([200, 209], 304), found 400
REQUEST		request_85	1684170774261	1684170774400	OK	 
REQUEST		request_86	1684170774400	1684170774500	KO	status.find.in([200, 209], 304), found 400
REQUEST		request_74	1684170775758	1684170775922	OK	 
REQUEST		request_76	1684170775922	1684170775933	OK	 
REQUEST		request_75	1684170775923	1684170776052	KO	status.find.in([200, 209], 304), found 400
REQUEST		request_87	1684170776501	1684170776708	OK	 
REQUEST		request_90	1684170776709	1684170776831	KO	status.find.in([200, 209], 304), found 400
REQUEST		request_88	1684170776708	1684170776832	KO	status.find.in([200, 209], 304), found 400
REQUEST		request_89	1684170776708	1684170776850	OK	 
REQUEST		request_79	1684170778054	1684170778411	OK	 
REQUEST		request_91	1684170777851	1684170778424	OK	 
REQUEST		request_80	1684170778412	1684170778515	KO	status.find.in([200, 209], 304), found 400
REQUEST		request_92	1684170778425	1684170778526	KO	status.find.in([200, 209], 304), found 400
REQUEST		request_81	1684170779516	1684170779676	OK	 
REQUEST		request_93	1684170779526	1684170779681	OK	 
REQUEST		request_99	1684170779682	1684170779689	OK	 
REQUEST		request_102	1684170779682	1684170780465	KO	status.find.in([200, 209], 304), found 400
REQUEST		request_82	1684170779677	1684170780467	KO	status.find.in([200, 209], 304), found 400
REQUEST		request_95	1684170779682	1684170780467	KO	status.find.in([200, 209], 304), found 400
REQUEST		request_101	1684170779682	1684170780467	OK	 
REQUEST		request_97	1684170779685	1684170780470	OK	 
REQUEST		request_98	1684170779685	1684170780482	OK	 
REQUEST		request_94	1684170779683	1684170780526	OK	 
REQUEST		request_100	1684170779685	1684170780540	OK	 
USER	flujoReusoCheckOut	END	1684170780544
REQUEST		request_83	1684170782469	1684170782625	OK	 
REQUEST		request_84	1684170782625	1684170782727	KO	status.find.in([200, 209], 304), found 400
REQUEST		request_85	1684170784729	1684170784888	OK	 
REQUEST		request_86	1684170784889	1684170784992	KO	status.find.in([200, 209], 304), found 400
REQUEST		request_87	1684170786993	1684170787162	OK	 
REQUEST		request_88	1684170787162	1684170787280	KO	status.find.in([200, 209], 304), found 400
REQUEST		request_90	1684170787163	1684170787280	KO	status.find.in([200, 209], 304), found 400
REQUEST		request_89	1684170787163	1684170787321	OK	 
REQUEST		request_91	1684170788323	1684170788475	OK	 
REQUEST		request_92	1684170788475	1684170788605	KO	status.find.in([200, 209], 304), found 400
REQUEST		request_93	1684170789606	1684170789746	OK	 
REQUEST		request_99	1684170789747	1684170789754	OK	 
REQUEST		request_95	1684170789747	1684170789847	KO	status.find.in([200, 209], 304), found 400
REQUEST		request_102	1684170789748	1684170789859	KO	status.find.in([200, 209], 304), found 400
REQUEST		request_97	1684170789748	1684170789860	OK	 
REQUEST		request_100	1684170789749	1684170789870	OK	 
REQUEST		request_98	1684170789749	1684170789877	OK	 
REQUEST		request_101	1684170789748	1684170789898	OK	 
REQUEST		request_94	1684170789748	1684170789908	OK	 
USER	flujoReusoCheckOut	END	1684170789910
