RUN	bnpl.flujoReusoCheckOutCorregido	flujoreusocheckoutcorregido	1684166343773	 	3.8.3
USER	flujoReusoCheckOut	START	1684166351641
REQUEST		request_0	1684166351401	1684166351846	OK	 
REQUEST		request_1	1684166353872	1684166354004	OK	 
REQUEST		request_5	1684166354028	1684166354036	OK	 
REQUEST		request_6	1684166354028	1684166354131	OK	 
REQUEST		request_3	1684166354029	1684166355782	OK	 
REQUEST		request_4	1684166354030	1684166355833	KO	status.find.in([200, 209], 304), found 400
REQUEST		request_2	1684166354029	1684166355862	OK	 
REQUEST		request_7	1684166356866	1684166356876	OK	 
REQUEST		request_8	1684166356877	1684166356886	OK	 
REQUEST		request_9	1684166356878	1684166357070	KO	status.find.in([200, 209], 304), found 400
REQUEST		request_10	1684166359074	1684166359155	OK	 
USER	flujoReusoCheckOut	START	1684166361353
REQUEST		request_0	1684166361352	1684166361503	OK	 
REQUEST		request_1	1684166363505	1684166363521	OK	 
REQUEST		request_5	1684166363523	1684166363530	OK	 
REQUEST		request_6	1684166363523	1684166363620	OK	 
REQUEST		request_4	1684166363525	1684166363751	KO	status.find.in([200, 209], 304), found 400
REQUEST		request_3	1684166363525	1684166364160	OK	 
REQUEST		request_2	1684166363524	1684166364160	OK	 
REQUEST		request_11	1684166364156	1684166364166	OK	 
REQUEST		request_12	1684166364168	1684166364401	OK	 
REQUEST		request_17	1684166364169	1684166364511	OK	 
REQUEST		request_13	1684166364169	1684166364589	OK	 
REQUEST		request_15	1684166364399	1684166364594	OK	 
REQUEST		request_16	1684166364400	1684166364595	OK	 
REQUEST		request_14	1684166364399	1684166364717	OK	 
REQUEST		request_7	1684166365162	1684166365172	OK	 
REQUEST		request_8	1684166365173	1684166365186	OK	 
REQUEST		request_9	1684166365174	1684166366192	KO	status.find.in([200, 209], 304), found 400
REQUEST		request_18	1684166367719	1684166367790	OK	 
REQUEST		request_37	1684166367794	1684166367956	OK	 
REQUEST		request_29	1684166367926	1684166368198	OK	 
REQUEST		request_25	1684166367924	1684166368200	OK	 
REQUEST		request_10	1684166368194	1684166368265	OK	 
REQUEST		request_30	1684166367926	1684166368286	OK	 
REQUEST		request_28	1684166367925	1684166368352	OK	 
REQUEST		request_33	1684166368200	1684166368461	KO	status.find.in([200, 209], 304), found 400
REQUEST		request_34	1684166368286	1684166368873	KO	status.find.in([200, 209], 304), found 400
REQUEST		request_26	1684166367925	1684166368913	KO	status.find.in([200, 209], 304), found 400
REQUEST		request_35	1684166368352	1684166368965	OK	 
REQUEST		request_36	1684166368463	1684166368973	KO	status.find.in([200, 209], 304), found 400
REQUEST		request_19	1684166367919	1684166369328	KO	status.find.in([200, 209], 304), found 400
REQUEST		request_20	1684166367874	1684166369343	KO	status.find.in([200, 209], 304), found 400
REQUEST		request_31	1684166368199	1684166369480	KO	status.find.in([200, 209], 304), found 400
USER	flujoReusoCheckOut	START	1684166371355
REQUEST		request_0	1684166371354	1684166371508	OK	 
REQUEST		request_66	1684166372481	1684166372664	OK	 
REQUEST		request_69	1684166372691	1684166372699	OK	 
REQUEST		request_68	1684166372666	1684166372988	OK	 
REQUEST		request_11	1684166373267	1684166373277	OK	 
REQUEST		request_12	1684166373279	1684166373349	OK	 
REQUEST		request_13	1684166373280	1684166373436	OK	 
REQUEST		request_15	1684166373281	1684166373437	OK	 
REQUEST		request_16	1684166373282	1684166373447	OK	 
REQUEST		request_17	1684166373279	1684166373459	OK	 
REQUEST		request_14	1684166373280	1684166373486	OK	 
REQUEST		request_1	1684166373511	1684166373518	OK	 
REQUEST		request_5	1684166373519	1684166373527	OK	 
REQUEST		request_6	1684166373520	1684166373607	OK	 
REQUEST		request_4	1684166373521	1684166373679	KO	status.find.in([200, 209], 304), found 400
REQUEST		request_3	1684166373521	1684166373683	OK	 
REQUEST		request_2	1684166373521	1684166373717	OK	 
REQUEST		request_7	1684166374719	1684166374757	OK	 
REQUEST		request_8	1684166374758	1684166374766	OK	 
REQUEST		request_9	1684166374759	1684166374996	KO	status.find.in([200, 209], 304), found 400
REQUEST		request_79	1684166374990	1684166375632	OK	 
REQUEST		request_80	1684166375633	1684166376098	KO	status.find.in([200, 209], 304), found 400
REQUEST		request_18	1684166376488	1684166376561	OK	 
REQUEST		request_37	1684166376563	1684166376601	OK	 
REQUEST		request_26	1684166376568	1684166376699	KO	status.find.in([200, 209], 304), found 400
REQUEST		request_25	1684166376567	1684166376721	OK	 
REQUEST		request_29	1684166376570	1684166376747	OK	 
REQUEST		request_30	1684166376571	1684166376765	OK	 
REQUEST		request_28	1684166376568	1684166376788	OK	 
REQUEST		request_20	1684166376564	1684166376803	KO	status.find.in([200, 209], 304), found 400
REQUEST		request_33	1684166376722	1684166376820	KO	status.find.in([200, 209], 304), found 400
REQUEST		request_34	1684166376748	1684166376850	KO	status.find.in([200, 209], 304), found 400
REQUEST		request_36	1684166376788	1684166376908	KO	status.find.in([200, 209], 304), found 400
REQUEST		request_35	1684166376765	1684166376928	OK	 
REQUEST		request_31	1684166376699	1684166377060	KO	status.find.in([200, 209], 304), found 400
REQUEST		request_10	1684166376999	1684166377073	OK	 
REQUEST		request_81	1684166377100	1684166377270	OK	 
REQUEST		request_19	1684166376565	1684166377330	KO	status.find.in([200, 209], 304), found 400
REQUEST		request_82	1684166377270	1684166377412	KO	status.find.in([200, 209], 304), found 400
REQUEST		request_83	1684166379415	1684166379576	OK	 
REQUEST		request_84	1684166379576	1684166380035	KO	status.find.in([200, 209], 304), found 400
REQUEST		request_66	1684166380332	1684166380482	OK	 
REQUEST		request_69	1684166380484	1684166380494	OK	 
REQUEST		request_68	1684166380483	1684166380706	OK	 
USER	flujoReusoCheckOut	START	1684166381354
REQUEST		request_0	1684166381353	1684166381508	OK	 
REQUEST		request_11	1684166382075	1684166382084	OK	 
REQUEST		request_12	1684166382085	1684166382155	OK	 
REQUEST		request_15	1684166382087	1684166382238	OK	 
REQUEST		request_13	1684166382086	1684166382240	OK	 
REQUEST		request_16	1684166382087	1684166382251	OK	 
REQUEST		request_17	1684166382085	1684166382267	OK	 
REQUEST		request_14	1684166382086	1684166382274	OK	 
REQUEST		request_85	1684166382037	1684166382332	OK	 
REQUEST		request_86	1684166382332	1684166382652	KO	status.find.in([200, 209], 304), found 400
REQUEST		request_79	1684166382709	1684166382892	OK	 
REQUEST		request_80	1684166382893	1684166383210	KO	status.find.in([200, 209], 304), found 400
REQUEST		request_1	1684166383510	1684166383518	OK	 
REQUEST		request_5	1684166383519	1684166383527	OK	 
REQUEST		request_6	1684166383519	1684166383606	OK	 
REQUEST		request_4	1684166383522	1684166383639	KO	status.find.in([200, 209], 304), found 400
REQUEST		request_3	1684166383521	1684166383673	OK	 
REQUEST		request_2	1684166383521	1684166383725	OK	 
REQUEST		request_81	1684166384212	1684166384367	OK	 
REQUEST		request_82	1684166384368	1684166384467	KO	status.find.in([200, 209], 304), found 400
REQUEST		request_7	1684166384727	1684166384735	OK	 
REQUEST		request_8	1684166384736	1684166384743	OK	 
REQUEST		request_87	1684166384654	1684166384827	OK	 
REQUEST		request_9	1684166384736	1684166384837	KO	status.find.in([200, 209], 304), found 400
REQUEST		request_88	1684166384827	1684166384931	KO	status.find.in([200, 209], 304), found 400
REQUEST		request_89	1684166384828	1684166384972	OK	 
REQUEST		request_90	1684166384828	1684166385258	KO	status.find.in([200, 209], 304), found 400
REQUEST		request_18	1684166385276	1684166385346	OK	 
REQUEST		request_37	1684166385348	1684166385382	OK	 
REQUEST		request_26	1684166385351	1684166385454	KO	status.find.in([200, 209], 304), found 400
REQUEST		request_25	1684166385351	1684166385507	OK	 
REQUEST		request_28	1684166385352	1684166385528	OK	 
REQUEST		request_29	1684166385352	1684166385545	OK	 
REQUEST		request_30	1684166385352	1684166385569	OK	 
REQUEST		request_31	1684166385454	1684166385595	KO	status.find.in([200, 209], 304), found 400
REQUEST		request_33	1684166385507	1684166385611	KO	status.find.in([200, 209], 304), found 400
REQUEST		request_34	1684166385529	1684166385677	KO	status.find.in([200, 209], 304), found 400
REQUEST		request_36	1684166385570	1684166385688	KO	status.find.in([200, 209], 304), found 400
REQUEST		request_35	1684166385546	1684166385716	OK	 
REQUEST		request_20	1684166385349	1684166385786	KO	status.find.in([200, 209], 304), found 400
REQUEST		request_91	1684166386260	1684166386424	OK	 
REQUEST		request_19	1684166385350	1684166386591	KO	status.find.in([200, 209], 304), found 400
REQUEST		request_83	1684166386469	1684166386641	OK	 
REQUEST		request_92	1684166386425	1684166386728	KO	status.find.in([200, 209], 304), found 400
REQUEST		request_10	1684166386839	1684166386917	OK	 
REQUEST		request_84	1684166386642	1684166386949	KO	status.find.in([200, 209], 304), found 400
REQUEST		request_93	1684166387730	1684166387939	OK	 
REQUEST		request_99	1684166387943	1684166387997	OK	 
REQUEST		request_95	1684166387943	1684166388068	KO	status.find.in([200, 209], 304), found 400
REQUEST		request_101	1684166387950	1684166388101	OK	 
REQUEST		request_102	1684166387950	1684166388238	KO	status.find.in([200, 209], 304), found 400
REQUEST		request_94	1684166387951	1684166388892	OK	 
REQUEST		request_97	1684166387995	1684166388970	OK	 
REQUEST		request_98	1684166387996	1684166389009	OK	 
REQUEST		request_100	1684166387996	1684166389029	OK	 
USER	flujoReusoCheckOut	END	1684166389043
REQUEST		request_85	1684166388951	1684166389103	OK	 
REQUEST		request_86	1684166389104	1684166389246	KO	status.find.in([200, 209], 304), found 400
REQUEST		request_66	1684166389592	1684166389736	OK	 
REQUEST		request_69	1684166389738	1684166389747	OK	 
REQUEST		request_68	1684166389737	1684166389949	OK	 
USER	flujoReusoCheckOut	START	1684166391355
REQUEST		request_87	1684166391248	1684166391465	OK	 
REQUEST		request_0	1684166391353	1684166391508	OK	 
REQUEST		request_89	1684166391466	1684166391606	OK	 
REQUEST		request_90	1684166391467	1684166391794	KO	status.find.in([200, 209], 304), found 400
REQUEST		request_88	1684166391466	1684166391849	KO	status.find.in([200, 209], 304), found 400
REQUEST		request_11	1684166391918	1684166391928	OK	 
REQUEST		request_12	1684166391929	1684166392010	OK	 
REQUEST		request_15	1684166391932	1684166392085	OK	 
REQUEST		request_13	1684166391930	1684166392086	OK	 
REQUEST		request_16	1684166391932	1684166392100	OK	 
REQUEST		request_17	1684166391930	1684166392100	OK	 
REQUEST		request_14	1684166391931	1684166392127	OK	 
REQUEST		request_79	1684166391951	1684166392131	OK	 
REQUEST		request_80	1684166392132	1684166392268	KO	status.find.in([200, 209], 304), found 400
REQUEST		request_91	1684166392852	1684166393081	OK	 
REQUEST		request_92	1684166393082	1684166393190	KO	status.find.in([200, 209], 304), found 400
REQUEST		request_81	1684166393270	1684166393449	OK	 
REQUEST		request_1	1684166393509	1684166393518	OK	 
REQUEST		request_5	1684166393519	1684166393529	OK	 
REQUEST		request_82	1684166393450	1684166393573	KO	status.find.in([200, 209], 304), found 400
REQUEST		request_6	1684166393519	1684166393603	OK	 
REQUEST		request_4	1684166393520	1684166393651	KO	status.find.in([200, 209], 304), found 400
REQUEST		request_2	1684166393520	1684166393682	OK	 
REQUEST		request_3	1684166393520	1684166393708	OK	 
REQUEST		request_93	1684166394191	1684166394344	OK	 
REQUEST		request_99	1684166394345	1684166394354	OK	 
REQUEST		request_95	1684166394346	1684166394438	KO	status.find.in([200, 209], 304), found 400
REQUEST		request_97	1684166394348	1684166394472	OK	 
REQUEST		request_98	1684166394348	1684166394473	OK	 
REQUEST		request_102	1684166394347	1684166394510	KO	status.find.in([200, 209], 304), found 400
REQUEST		request_101	1684166394347	1684166394513	OK	 
REQUEST		request_94	1684166394347	1684166394561	OK	 
REQUEST		request_100	1684166394349	1684166394617	OK	 
USER	flujoReusoCheckOut	END	1684166394622
REQUEST		request_7	1684166394710	1684166394721	OK	 
REQUEST		request_8	1684166394721	1684166394729	OK	 
REQUEST		request_9	1684166394722	1684166394838	KO	status.find.in([200, 209], 304), found 400
REQUEST		request_18	1684166395128	1684166395198	OK	 
REQUEST		request_37	1684166395200	1684166395230	OK	 
REQUEST		request_26	1684166395202	1684166395308	KO	status.find.in([200, 209], 304), found 400
REQUEST		request_25	1684166395202	1684166395369	OK	 
REQUEST		request_29	1684166395202	1684166395371	OK	 
REQUEST		request_28	1684166395202	1684166395374	OK	 
REQUEST		request_31	1684166395309	1684166395410	KO	status.find.in([200, 209], 304), found 400
REQUEST		request_19	1684166395201	1684166395431	KO	status.find.in([200, 209], 304), found 400
REQUEST		request_34	1684166395371	1684166395472	KO	status.find.in([200, 209], 304), found 400
REQUEST		request_33	1684166395370	1684166395487	KO	status.find.in([200, 209], 304), found 400
REQUEST		request_36	1684166395410	1684166395517	KO	status.find.in([200, 209], 304), found 400
REQUEST		request_35	1684166395374	1684166395555	OK	 
REQUEST		request_20	1684166395200	1684166395605	KO	status.find.in([200, 209], 304), found 400
REQUEST		request_83	1684166395574	1684166395805	OK	 
REQUEST		request_30	1684166395203	1684166395805	OK	 
REQUEST		request_84	1684166395806	1684166395908	KO	status.find.in([200, 209], 304), found 400
REQUEST		request_10	1684166396839	1684166396913	OK	 
REQUEST		request_85	1684166397910	1684166398102	OK	 
REQUEST		request_86	1684166398102	1684166398311	KO	status.find.in([200, 209], 304), found 400
REQUEST		request_66	1684166398809	1684166399082	OK	 
REQUEST		request_69	1684166399083	1684166399092	OK	 
REQUEST		request_68	1684166399082	1684166399260	OK	 
REQUEST		request_87	1684166400313	1684166400473	OK	 
REQUEST		request_88	1684166400474	1684166400608	KO	status.find.in([200, 209], 304), found 400
REQUEST		request_90	1684166400474	1684166400632	KO	status.find.in([200, 209], 304), found 400
REQUEST		request_89	1684166400474	1684166400665	OK	 
USER	flujoReusoCheckOut	START	1684166401354
REQUEST		request_0	1684166401353	1684166401514	OK	 
REQUEST		request_79	1684166401261	1684166401559	OK	 
REQUEST		request_80	1684166401560	1684166401692	KO	status.find.in([200, 209], 304), found 400
REQUEST		request_91	1684166401666	1684166401918	OK	 
REQUEST		request_11	1684166401914	1684166401924	OK	 
REQUEST		request_12	1684166401924	1684166401999	OK	 
REQUEST		request_92	1684166401919	1684166402058	KO	status.find.in([200, 209], 304), found 400
REQUEST		request_15	1684166401927	1684166402077	OK	 
REQUEST		request_13	1684166401925	1684166402079	OK	 
REQUEST		request_17	1684166401925	1684166402081	OK	 
REQUEST		request_16	1684166401927	1684166402087	OK	 
REQUEST		request_14	1684166401926	1684166402109	OK	 
REQUEST		request_81	1684166402694	1684166402844	OK	 
REQUEST		request_82	1684166402844	1684166403075	KO	status.find.in([200, 209], 304), found 400
REQUEST		request_93	1684166403060	1684166403211	OK	 
REQUEST		request_99	1684166403212	1684166403223	OK	 
REQUEST		request_101	1684166403213	1684166403403	OK	 
REQUEST		request_98	1684166403214	1684166403439	OK	 
REQUEST		request_97	1684166403214	1684166403446	OK	 
REQUEST		request_100	1684166403215	1684166403459	OK	 
REQUEST		request_102	1684166403213	1684166403469	KO	status.find.in([200, 209], 304), found 400
REQUEST		request_95	1684166403213	1684166403475	KO	status.find.in([200, 209], 304), found 400
REQUEST		request_1	1684166403515	1684166403525	OK	 
REQUEST		request_94	1684166403214	1684166403526	OK	 
USER	flujoReusoCheckOut	END	1684166403530
REQUEST		request_5	1684166403526	1684166403534	OK	 
REQUEST		request_6	1684166403526	1684166403618	OK	 
REQUEST		request_4	1684166403527	1684166403691	KO	status.find.in([200, 209], 304), found 400
REQUEST		request_3	1684166403527	1684166403699	OK	 
REQUEST		request_2	1684166403527	1684166403710	OK	 
REQUEST		request_7	1684166404712	1684166404747	OK	 
REQUEST		request_8	1684166404747	1684166404756	OK	 
REQUEST		request_9	1684166404748	1684166404879	KO	status.find.in([200, 209], 304), found 400
REQUEST		request_18	1684166405111	1684166405183	OK	 
REQUEST		request_37	1684166405185	1684166405224	OK	 
REQUEST		request_83	1684166405077	1684166405279	OK	 
REQUEST		request_26	1684166405190	1684166405329	KO	status.find.in([200, 209], 304), found 400
REQUEST		request_20	1684166405187	1684166405344	KO	status.find.in([200, 209], 304), found 400
REQUEST		request_25	1684166405189	1684166405354	OK	 
REQUEST		request_28	1684166405190	1684166405372	OK	 
REQUEST		request_29	1684166405190	1684166405385	OK	 
REQUEST		request_31	1684166405329	1684166405447	KO	status.find.in([200, 209], 304), found 400
REQUEST		request_33	1684166405354	1684166405452	KO	status.find.in([200, 209], 304), found 400
REQUEST		request_34	1684166405373	1684166405491	KO	status.find.in([200, 209], 304), found 400
REQUEST		request_30	1684166405190	1684166405505	OK	 
REQUEST		request_84	1684166405280	1684166405537	KO	status.find.in([200, 209], 304), found 400
REQUEST		request_35	1684166405386	1684166405550	OK	 
REQUEST		request_19	1684166405189	1684166405570	KO	status.find.in([200, 209], 304), found 400
REQUEST		request_36	1684166405447	1684166405586	KO	status.find.in([200, 209], 304), found 400
REQUEST		request_10	1684166406881	1684166406958	OK	 
REQUEST		request_85	1684166407539	1684166407683	OK	 
REQUEST		request_86	1684166407683	1684166407784	KO	status.find.in([200, 209], 304), found 400
REQUEST		request_66	1684166408587	1684166408770	OK	 
REQUEST		request_69	1684166408773	1684166408782	OK	 
REQUEST		request_68	1684166408771	1684166408940	OK	 
REQUEST		request_87	1684166409786	1684166409982	OK	 
REQUEST		request_88	1684166409983	1684166410119	KO	status.find.in([200, 209], 304), found 400
REQUEST		request_90	1684166409983	1684166410131	KO	status.find.in([200, 209], 304), found 400
REQUEST		request_89	1684166409983	1684166410135	OK	 
REQUEST		request_79	1684166410941	1684166411149	OK	 
USER	flujoReusoCheckOut	START	1684166411354
REQUEST		request_91	1684166411137	1684166411748	OK	 
REQUEST		request_80	1684166411149	1684166411748	KO	status.find.in([200, 209], 304), found 400
REQUEST		request_0	1684166411353	1684166411821	OK	 
REQUEST		request_92	1684166411749	1684166411963	KO	status.find.in([200, 209], 304), found 400
REQUEST		request_11	1684166411960	1684166411969	OK	 
REQUEST		request_12	1684166411970	1684166412040	OK	 
REQUEST		request_15	1684166411972	1684166412121	OK	 
REQUEST		request_13	1684166411971	1684166412123	OK	 
REQUEST		request_17	1684166411970	1684166412128	OK	 
REQUEST		request_16	1684166411972	1684166412143	OK	 
REQUEST		request_14	1684166411971	1684166412154	OK	 
REQUEST		request_81	1684166412751	1684166412927	OK	 
REQUEST		request_82	1684166412928	1684166413034	KO	status.find.in([200, 209], 304), found 400
REQUEST		request_93	1684166412965	1684166413110	OK	 
REQUEST		request_99	1684166413111	1684166413118	OK	 
REQUEST		request_102	1684166413112	1684166413279	KO	status.find.in([200, 209], 304), found 400
REQUEST		request_101	1684166413112	1684166413279	OK	 
REQUEST		request_100	1684166413114	1684166413298	OK	 
REQUEST		request_97	1684166413113	1684166413328	OK	 
REQUEST		request_94	1684166413112	1684166413364	OK	 
REQUEST		request_98	1684166413113	1684166413364	OK	 
REQUEST		request_95	1684166413111	1684166413658	KO	status.find.in([200, 209], 304), found 400
USER	flujoReusoCheckOut	END	1684166413662
REQUEST		request_1	1684166413823	1684166413830	OK	 
REQUEST		request_5	1684166413831	1684166413838	OK	 
REQUEST		request_6	1684166413832	1684166413918	OK	 
REQUEST		request_4	1684166413835	1684166413950	KO	status.find.in([200, 209], 304), found 400
REQUEST		request_2	1684166413833	1684166413999	OK	 
REQUEST		request_3	1684166413835	1684166414013	OK	 
REQUEST		request_7	1684166415015	1684166415024	OK	 
REQUEST		request_8	1684166415024	1684166415031	OK	 
REQUEST		request_9	1684166415025	1684166415139	KO	status.find.in([200, 209], 304), found 400
REQUEST		request_18	1684166415155	1684166415230	OK	 
REQUEST		request_37	1684166415231	1684166415263	OK	 
REQUEST		request_83	1684166415036	1684166415266	OK	 
REQUEST		request_26	1684166415233	1684166415341	KO	status.find.in([200, 209], 304), found 400
REQUEST		request_25	1684166415233	1684166415387	OK	 
REQUEST		request_84	1684166415267	1684166415398	KO	status.find.in([200, 209], 304), found 400
REQUEST		request_20	1684166415232	1684166415407	KO	status.find.in([200, 209], 304), found 400
REQUEST		request_28	1684166415233	1684166415408	OK	 
REQUEST		request_29	1684166415233	1684166415409	OK	 
REQUEST		request_19	1684166415232	1684166415415	KO	status.find.in([200, 209], 304), found 400
REQUEST		request_31	1684166415341	1684166415457	KO	status.find.in([200, 209], 304), found 400
REQUEST		request_33	1684166415387	1684166415497	KO	status.find.in([200, 209], 304), found 400
REQUEST		request_34	1684166415409	1684166415513	KO	status.find.in([200, 209], 304), found 400
REQUEST		request_36	1684166415416	1684166415519	KO	status.find.in([200, 209], 304), found 400
REQUEST		request_35	1684166415409	1684166415561	OK	 
REQUEST		request_30	1684166415234	1684166415596	OK	 
REQUEST		request_10	1684166417142	1684166417217	OK	 
REQUEST		request_85	1684166417400	1684166417557	OK	 
REQUEST		request_86	1684166417558	1684166417656	KO	status.find.in([200, 209], 304), found 400
REQUEST		request_66	1684166418598	1684166418743	OK	 
REQUEST		request_69	1684166418745	1684166418753	OK	 
REQUEST		request_68	1684166418744	1684166418910	OK	 
REQUEST		request_87	1684166419657	1684166419847	OK	 
REQUEST		request_88	1684166419848	1684166419952	KO	status.find.in([200, 209], 304), found 400
REQUEST		request_90	1684166419849	1684166419971	KO	status.find.in([200, 209], 304), found 400
REQUEST		request_89	1684166419849	1684166420031	OK	 
REQUEST		request_79	1684166420912	1684166421099	OK	 
REQUEST		request_91	1684166421033	1684166421184	OK	 
REQUEST		request_80	1684166421100	1684166421231	KO	status.find.in([200, 209], 304), found 400
REQUEST		request_92	1684166421184	1684166421291	KO	status.find.in([200, 209], 304), found 400
USER	flujoReusoCheckOut	START	1684166421354
REQUEST		request_0	1684166421353	1684166421502	OK	 
REQUEST		request_11	1684166422218	1684166422227	OK	 
REQUEST		request_12	1684166422228	1684166422298	OK	 
REQUEST		request_17	1684166422228	1684166422373	OK	 
REQUEST		request_13	1684166422229	1684166422376	OK	 
REQUEST		request_15	1684166422230	1684166422379	OK	 
REQUEST		request_16	1684166422230	1684166422402	OK	 
REQUEST		request_14	1684166422229	1684166422417	OK	 
REQUEST		request_93	1684166422293	1684166422445	OK	 
REQUEST		request_99	1684166422446	1684166422454	OK	 
REQUEST		request_81	1684166422232	1684166422488	OK	 
REQUEST		request_95	1684166422447	1684166422573	KO	status.find.in([200, 209], 304), found 400
REQUEST		request_102	1684166422448	1684166422574	KO	status.find.in([200, 209], 304), found 400
REQUEST		request_98	1684166422450	1684166422578	OK	 
REQUEST		request_101	1684166422447	1684166422593	OK	 
REQUEST		request_82	1684166422489	1684166422624	KO	status.find.in([200, 209], 304), found 400
REQUEST		request_100	1684166422451	1684166422630	OK	 
REQUEST		request_97	1684166422450	1684166422690	OK	 
REQUEST		request_94	1684166422448	1684166423194	OK	 
USER	flujoReusoCheckOut	END	1684166423198
REQUEST		request_1	1684166423504	1684166423528	OK	 
REQUEST		request_5	1684166423528	1684166423537	OK	 
REQUEST		request_6	1684166423529	1684166423610	OK	 
REQUEST		request_4	1684166423530	1684166423653	KO	status.find.in([200, 209], 304), found 400
REQUEST		request_3	1684166423529	1684166423691	OK	 
REQUEST		request_2	1684166423529	1684166423745	OK	 
REQUEST		request_7	1684166424746	1684166424755	OK	 
REQUEST		request_8	1684166424755	1684166424763	OK	 
REQUEST		request_83	1684166424627	1684166424771	OK	 
REQUEST		request_9	1684166424756	1684166424871	KO	status.find.in([200, 209], 304), found 400
REQUEST		request_84	1684166424772	1684166424871	KO	status.find.in([200, 209], 304), found 400
REQUEST		request_18	1684166425418	1684166425491	OK	 
REQUEST		request_37	1684166425492	1684166425524	OK	 
REQUEST		request_26	1684166425493	1684166425614	KO	status.find.in([200, 209], 304), found 400
REQUEST		request_20	1684166425492	1684166425644	KO	status.find.in([200, 209], 304), found 400
REQUEST		request_25	1684166425493	1684166425659	OK	 
REQUEST		request_28	1684166425494	1684166425660	OK	 
REQUEST		request_29	1684166425494	1684166425666	OK	 
REQUEST		request_19	1684166425493	1684166425676	KO	status.find.in([200, 209], 304), found 400
REQUEST		request_33	1684166425659	1684166425758	KO	status.find.in([200, 209], 304), found 400
REQUEST		request_36	1684166425677	1684166425780	KO	status.find.in([200, 209], 304), found 400
REQUEST		request_34	1684166425660	1684166425794	KO	status.find.in([200, 209], 304), found 400
REQUEST		request_31	1684166425614	1684166425796	KO	status.find.in([200, 209], 304), found 400
REQUEST		request_35	1684166425667	1684166425801	OK	 
REQUEST		request_30	1684166425494	1684166425850	OK	 
REQUEST		request_10	1684166426873	1684166426948	OK	 
REQUEST		request_85	1684166426873	1684166427020	OK	 
REQUEST		request_86	1684166427021	1684166427119	KO	status.find.in([200, 209], 304), found 400
REQUEST		request_66	1684166428852	1684166428993	OK	 
REQUEST		request_69	1684166428995	1684166429025	OK	 
REQUEST		request_68	1684166428994	1684166429192	OK	 
REQUEST		request_87	1684166429120	1684166429269	OK	 
REQUEST		request_90	1684166429270	1684166429373	KO	status.find.in([200, 209], 304), found 400
REQUEST		request_88	1684166429270	1684166429373	KO	status.find.in([200, 209], 304), found 400
REQUEST		request_89	1684166429270	1684166429700	OK	 
REQUEST		request_91	1684166430703	1684166430893	OK	 
USER	flujoReusoCheckOut	START	1684166431353
REQUEST		request_79	1684166431194	1684166431366	OK	 
REQUEST		request_80	1684166431367	1684166431473	KO	status.find.in([200, 209], 304), found 400
REQUEST		request_0	1684166431352	1684166431510	OK	 
REQUEST		request_92	1684166430894	1684166431622	KO	status.find.in([200, 209], 304), found 400
REQUEST		request_11	1684166431949	1684166431959	OK	 
REQUEST		request_12	1684166431960	1684166432031	OK	 
REQUEST		request_15	1684166431962	1684166432113	OK	 
REQUEST		request_13	1684166431961	1684166432115	OK	 
REQUEST		request_17	1684166431960	1684166432115	OK	 
REQUEST		request_16	1684166431962	1684166432123	OK	 
REQUEST		request_14	1684166431962	1684166432138	OK	 
REQUEST		request_81	1684166432474	1684166432621	OK	 
REQUEST		request_82	1684166432621	1684166432751	KO	status.find.in([200, 209], 304), found 400
REQUEST		request_93	1684166432622	1684166432772	OK	 
REQUEST		request_99	1684166432773	1684166432780	OK	 
REQUEST		request_97	1684166432775	1684166432885	OK	 
REQUEST		request_95	1684166432773	1684166432891	KO	status.find.in([200, 209], 304), found 400
REQUEST		request_98	1684166432775	1684166432896	OK	 
REQUEST		request_100	1684166432775	1684166432903	OK	 
REQUEST		request_101	1684166432774	1684166432932	OK	 
REQUEST		request_102	1684166432774	1684166432944	KO	status.find.in([200, 209], 304), found 400
REQUEST		request_94	1684166432774	1684166433391	OK	 
USER	flujoReusoCheckOut	END	1684166433394
REQUEST		request_1	1684166433511	1684166433519	OK	 
REQUEST		request_5	1684166433520	1684166433530	OK	 
REQUEST		request_6	1684166433520	1684166433606	OK	 
REQUEST		request_4	1684166433522	1684166433656	KO	status.find.in([200, 209], 304), found 400
REQUEST		request_3	1684166433521	1684166433682	OK	 
REQUEST		request_2	1684166433521	1684166433688	OK	 
REQUEST		request_7	1684166434689	1684166434699	OK	 
REQUEST		request_8	1684166434699	1684166434706	OK	 
REQUEST		request_9	1684166434700	1684166434811	KO	status.find.in([200, 209], 304), found 400
REQUEST		request_83	1684166434754	1684166434908	OK	 
REQUEST		request_84	1684166434909	1684166435014	KO	status.find.in([200, 209], 304), found 400
REQUEST		request_18	1684166435140	1684166435220	OK	 
REQUEST		request_37	1684166435221	1684166435257	OK	 
REQUEST		request_20	1684166435223	1684166435375	KO	status.find.in([200, 209], 304), found 400
REQUEST		request_19	1684166435225	1684166435380	KO	status.find.in([200, 209], 304), found 400
REQUEST		request_28	1684166435225	1684166435392	OK	 
REQUEST		request_29	1684166435226	1684166435412	OK	 
REQUEST		request_26	1684166435225	1684166435420	KO	status.find.in([200, 209], 304), found 400
REQUEST		request_25	1684166435225	1684166435443	OK	 
REQUEST		request_30	1684166435226	1684166435464	OK	 
REQUEST		request_33	1684166435393	1684166435493	KO	status.find.in([200, 209], 304), found 400
REQUEST		request_34	1684166435412	1684166435531	KO	status.find.in([200, 209], 304), found 400
REQUEST		request_36	1684166435444	1684166435553	KO	status.find.in([200, 209], 304), found 400
REQUEST		request_35	1684166435420	1684166435562	OK	 
REQUEST		request_31	1684166435380	1684166435763	KO	status.find.in([200, 209], 304), found 400
REQUEST		request_10	1684166436812	1684166436889	OK	 
REQUEST		request_85	1684166437015	1684166437195	OK	 
REQUEST		request_86	1684166437195	1684166437483	KO	status.find.in([200, 209], 304), found 400
REQUEST		request_66	1684166438765	1684166438951	OK	 
REQUEST		request_69	1684166438954	1684166438962	OK	 
REQUEST		request_68	1684166438952	1684166439164	OK	 
REQUEST		request_87	1684166439485	1684166439631	OK	 
REQUEST		request_90	1684166439632	1684166439735	KO	status.find.in([200, 209], 304), found 400
REQUEST		request_89	1684166439632	1684166439798	OK	 
REQUEST		request_88	1684166439632	1684166440109	KO	status.find.in([200, 209], 304), found 400
REQUEST		request_91	1684166441112	1684166441267	OK	 
REQUEST		request_79	1684166441165	1684166441310	OK	 
USER	flujoReusoCheckOut	START	1684166441353
REQUEST		request_80	1684166441311	1684166441412	KO	status.find.in([200, 209], 304), found 400
REQUEST		request_0	1684166441352	1684166441504	OK	 
REQUEST		request_92	1684166441267	1684166441603	KO	status.find.in([200, 209], 304), found 400
REQUEST		request_11	1684166441891	1684166441902	OK	 
REQUEST		request_12	1684166441903	1684166441974	OK	 
REQUEST		request_17	1684166441903	1684166442054	OK	 
REQUEST		request_15	1684166441905	1684166442055	OK	 
REQUEST		request_13	1684166441904	1684166442056	OK	 
REQUEST		request_16	1684166441905	1684166442062	OK	 
REQUEST		request_14	1684166441905	1684166442088	OK	 
REQUEST		request_81	1684166442414	1684166442613	OK	 
REQUEST		request_82	1684166442614	1684166442713	KO	status.find.in([200, 209], 304), found 400
REQUEST		request_93	1684166442604	1684166442744	OK	 
REQUEST		request_99	1684166442745	1684166442752	OK	 
REQUEST		request_102	1684166442746	1684166442845	KO	status.find.in([200, 209], 304), found 400
REQUEST		request_97	1684166442747	1684166442858	OK	 
REQUEST		request_100	1684166442748	1684166442865	OK	 
REQUEST		request_101	1684166442746	1684166442900	OK	 
REQUEST		request_94	1684166442747	1684166442930	OK	 
REQUEST		request_98	1684166442748	1684166442983	OK	 
REQUEST		request_95	1684166442746	1684166442998	KO	status.find.in([200, 209], 304), found 400
USER	flujoReusoCheckOut	END	1684166443002
REQUEST		request_1	1684166443505	1684166443514	OK	 
REQUEST		request_5	1684166443514	1684166443524	OK	 
REQUEST		request_6	1684166443515	1684166443607	OK	 
REQUEST		request_4	1684166443516	1684166443676	KO	status.find.in([200, 209], 304), found 400
REQUEST		request_2	1684166443515	1684166443688	OK	 
REQUEST		request_3	1684166443516	1684166444650	OK	 
REQUEST		request_83	1684166444715	1684166444914	OK	 
REQUEST		request_84	1684166444914	1684166445039	KO	status.find.in([200, 209], 304), found 400
REQUEST		request_18	1684166445089	1684166445159	OK	 
REQUEST		request_37	1684166445160	1684166445241	OK	 
REQUEST		request_26	1684166445162	1684166445280	KO	status.find.in([200, 209], 304), found 400
REQUEST		request_19	1684166445161	1684166445316	KO	status.find.in([200, 209], 304), found 400
REQUEST		request_25	1684166445162	1684166445353	OK	 
REQUEST		request_20	1684166445161	1684166445367	KO	status.find.in([200, 209], 304), found 400
REQUEST		request_30	1684166445211	1684166445377	OK	 
REQUEST		request_29	1684166445211	1684166445393	OK	 
REQUEST		request_33	1684166445316	1684166445414	KO	status.find.in([200, 209], 304), found 400
REQUEST		request_28	1684166445162	1684166445415	OK	 
REQUEST		request_31	1684166445280	1684166445417	KO	status.find.in([200, 209], 304), found 400
REQUEST		request_34	1684166445354	1684166445459	KO	status.find.in([200, 209], 304), found 400
REQUEST		request_36	1684166445394	1684166445495	KO	status.find.in([200, 209], 304), found 400
REQUEST		request_35	1684166445377	1684166445524	OK	 
REQUEST		request_7	1684166445652	1684166445660	OK	 
REQUEST		request_8	1684166445661	1684166445674	OK	 
REQUEST		request_9	1684166445661	1684166445778	KO	status.find.in([200, 209], 304), found 400
REQUEST		request_85	1684166447041	1684166447208	OK	 
REQUEST		request_86	1684166447209	1684166447318	KO	status.find.in([200, 209], 304), found 400
REQUEST		request_10	1684166447779	1684166447856	OK	 
REQUEST		request_66	1684166448526	1684166448682	OK	 
REQUEST		request_69	1684166448683	1684166448695	OK	 
REQUEST		request_68	1684166448682	1684166448891	OK	 
REQUEST		request_87	1684166449319	1684166449553	OK	 
REQUEST		request_90	1684166449554	1684166449658	KO	status.find.in([200, 209], 304), found 400
REQUEST		request_88	1684166449554	1684166449707	KO	status.find.in([200, 209], 304), found 400
REQUEST		request_89	1684166449554	1684166449752	OK	 
REQUEST		request_91	1684166450754	1684166450943	OK	 
REQUEST		request_92	1684166450944	1684166451087	KO	status.find.in([200, 209], 304), found 400
REQUEST		request_79	1684166450893	1684166451095	OK	 
REQUEST		request_80	1684166451095	1684166451194	KO	status.find.in([200, 209], 304), found 400
REQUEST		request_93	1684166452089	1684166452231	OK	 
REQUEST		request_99	1684166452232	1684166452238	OK	 
REQUEST		request_95	1684166452233	1684166452330	KO	status.find.in([200, 209], 304), found 400
REQUEST		request_97	1684166452234	1684166452338	OK	 
REQUEST		request_98	1684166452234	1684166452342	OK	 
REQUEST		request_102	1684166452233	1684166452344	KO	status.find.in([200, 209], 304), found 400
REQUEST		request_100	1684166452235	1684166452353	OK	 
REQUEST		request_101	1684166452233	1684166452377	OK	 
REQUEST		request_81	1684166452196	1684166452388	OK	 
REQUEST		request_94	1684166452233	1684166452427	OK	 
USER	flujoReusoCheckOut	END	1684166452429
REQUEST		request_82	1684166452389	1684166452492	KO	status.find.in([200, 209], 304), found 400
REQUEST		request_11	1684166452858	1684166452867	OK	 
REQUEST		request_12	1684166452868	1684166452941	OK	 
REQUEST		request_13	1684166452868	1684166453019	OK	 
REQUEST		request_15	1684166452869	1684166453021	OK	 
REQUEST		request_16	1684166452870	1684166453027	OK	 
REQUEST		request_17	1684166452868	1684166453033	OK	 
REQUEST		request_14	1684166452869	1684166453045	OK	 
REQUEST		request_83	1684166454494	1684166454632	OK	 
REQUEST		request_84	1684166454633	1684166454752	KO	status.find.in([200, 209], 304), found 400
REQUEST		request_18	1684166456048	1684166456119	OK	 
REQUEST		request_37	1684166456120	1684166456155	OK	 
REQUEST		request_26	1684166456122	1684166456232	KO	status.find.in([200, 209], 304), found 400
REQUEST		request_25	1684166456121	1684166456268	OK	 
REQUEST		request_20	1684166456120	1684166456270	KO	status.find.in([200, 209], 304), found 400
REQUEST		request_29	1684166456122	1684166456284	OK	 
REQUEST		request_28	1684166456122	1684166456298	OK	 
REQUEST		request_30	1684166456122	1684166456330	OK	 
REQUEST		request_31	1684166456232	1684166456340	KO	status.find.in([200, 209], 304), found 400
REQUEST		request_19	1684166456121	1684166456340	KO	status.find.in([200, 209], 304), found 400
REQUEST		request_33	1684166456268	1684166456372	KO	status.find.in([200, 209], 304), found 400
REQUEST		request_34	1684166456285	1684166456383	KO	status.find.in([200, 209], 304), found 400
REQUEST		request_36	1684166456330	1684166456432	KO	status.find.in([200, 209], 304), found 400
REQUEST		request_35	1684166456298	1684166456444	OK	 
REQUEST		request_85	1684166456754	1684166456903	OK	 
REQUEST		request_86	1684166456903	1684166457002	KO	status.find.in([200, 209], 304), found 400
REQUEST		request_87	1684166459003	1684166459153	OK	 
REQUEST		request_88	1684166459153	1684166459258	KO	status.find.in([200, 209], 304), found 400
REQUEST		request_90	1684166459154	1684166459272	KO	status.find.in([200, 209], 304), found 400
REQUEST		request_89	1684166459153	1684166459306	OK	 
REQUEST		request_66	1684166459446	1684166459610	OK	 
REQUEST		request_69	1684166459611	1684166459619	OK	 
REQUEST		request_68	1684166459610	1684166459810	OK	 
REQUEST		request_91	1684166460308	1684166460761	OK	 
REQUEST		request_92	1684166460761	1684166460877	KO	status.find.in([200, 209], 304), found 400
REQUEST		request_79	1684166461811	1684166461964	OK	 
REQUEST		request_93	1684166461879	1684166462019	OK	 
REQUEST		request_99	1684166462020	1684166462026	OK	 
REQUEST		request_80	1684166461965	1684166462077	KO	status.find.in([200, 209], 304), found 400
REQUEST		request_95	1684166462020	1684166462122	KO	status.find.in([200, 209], 304), found 400
REQUEST		request_97	1684166462023	1684166462132	OK	 
REQUEST		request_98	1684166462023	1684166462141	OK	 
REQUEST		request_101	1684166462021	1684166462175	OK	 
REQUEST		request_94	1684166462021	1684166462208	OK	 
REQUEST		request_100	1684166462023	1684166462209	OK	 
REQUEST		request_102	1684166462021	1684166462215	KO	status.find.in([200, 209], 304), found 400
USER	flujoReusoCheckOut	END	1684166462218
REQUEST		request_81	1684166463079	1684166463223	OK	 
REQUEST		request_82	1684166463223	1684166463335	KO	status.find.in([200, 209], 304), found 400
REQUEST		request_83	1684166465337	1684166465480	OK	 
REQUEST		request_84	1684166465481	1684166465580	KO	status.find.in([200, 209], 304), found 400
REQUEST		request_85	1684166467582	1684166467730	OK	 
REQUEST		request_86	1684166467731	1684166467828	KO	status.find.in([200, 209], 304), found 400
REQUEST		request_87	1684166469829	1684166469970	OK	 
REQUEST		request_88	1684166469971	1684166470078	KO	status.find.in([200, 209], 304), found 400
REQUEST		request_89	1684166469971	1684166470140	OK	 
REQUEST		request_90	1684166469971	1684166470243	KO	status.find.in([200, 209], 304), found 400
REQUEST		request_91	1684166471244	1684166471392	OK	 
REQUEST		request_92	1684166471393	1684166471583	KO	status.find.in([200, 209], 304), found 400
REQUEST		request_93	1684166472585	1684166472728	OK	 
REQUEST		request_99	1684166472729	1684166472736	OK	 
REQUEST		request_98	1684166472731	1684166472839	OK	 
REQUEST		request_97	1684166472730	1684166472844	OK	 
REQUEST		request_100	1684166472731	1684166472854	OK	 
REQUEST		request_102	1684166472729	1684166472861	KO	status.find.in([200, 209], 304), found 400
REQUEST		request_101	1684166472729	1684166472878	OK	 
REQUEST		request_95	1684166472729	1684166472898	KO	status.find.in([200, 209], 304), found 400
REQUEST		request_94	1684166472730	1684166473062	OK	 
USER	flujoReusoCheckOut	END	1684166473065
