RUN	bnpl.flujoReusoCheckOutCorregido	flujoreusocheckoutcorregido	1684177465174	 	3.8.3
USER	flujoReusoCheckOut	START	1684177471548
REQUEST		request_0	1684177471534	1684177471711	OK	 
REQUEST		request_1	1684177473733	1684177473783	OK	 
REQUEST		request_5	1684177473807	1684177473814	OK	 
REQUEST		request_6	1684177473808	1684177473892	OK	 
REQUEST		request_4	1684177473809	1684177474014	KO	status.find.in([200, 209], 304), found 400
REQUEST		request_3	1684177473809	1684177474101	OK	 
REQUEST		request_2	1684177473808	1684177474140	OK	 
REQUEST		request_7	1684177475142	1684177475151	OK	 
REQUEST		request_8	1684177475153	1684177475164	OK	 
REQUEST		request_9	1684177475154	1684177475168	KO	status.find.in([200, 209], 304), found 403
REQUEST		request_10	1684177477178	1684177477273	OK	 
USER	flujoReusoCheckOut	START	1684177481477
REQUEST		request_0	1684177481475	1684177481643	OK	 
REQUEST		request_11	1684177482276	1684177482286	OK	 
REQUEST		request_12	1684177482287	1684177482374	OK	 
REQUEST		request_15	1684177482325	1684177482524	OK	 
REQUEST		request_13	1684177482290	1684177482530	OK	 
REQUEST		request_16	1684177482326	1684177482534	OK	 
REQUEST		request_14	1684177482324	1684177482545	OK	 
REQUEST		request_17	1684177482289	1684177482617	OK	 
REQUEST		request_1	1684177483645	1684177483655	OK	 
REQUEST		request_5	1684177483656	1684177483663	OK	 
REQUEST		request_6	1684177483657	1684177483742	OK	 
REQUEST		request_4	1684177483658	1684177483802	KO	status.find.in([200, 209], 304), found 400
REQUEST		request_2	1684177483657	1684177483827	OK	 
REQUEST		request_3	1684177483658	1684177483828	OK	 
REQUEST		request_7	1684177484829	1684177484840	OK	 
REQUEST		request_9	1684177484841	1684177484849	KO	status.find.in([200, 209], 304), found 403
REQUEST		request_8	1684177484841	1684177484852	OK	 
REQUEST		request_18	1684177485618	1684177485691	OK	 
REQUEST		request_37	1684177485698	1684177485940	OK	 
REQUEST		request_26	1684177485900	1684177486076	KO	status.find.in([200, 209], 304), found 400
REQUEST		request_30	1684177485903	1684177486083	OK	 
REQUEST		request_19	1684177485893	1684177486124	KO	status.find.in([200, 209], 304), found 400
REQUEST		request_28	1684177485901	1684177486126	OK	 
REQUEST		request_31	1684177486077	1684177486181	KO	status.find.in([200, 209], 304), found 400
REQUEST		request_33	1684177486084	1684177486189	KO	status.find.in([200, 209], 304), found 400
REQUEST		request_29	1684177485902	1684177486193	OK	 
REQUEST		request_34	1684177486124	1684177486235	KO	status.find.in([200, 209], 304), found 400
REQUEST		request_25	1684177485899	1684177486262	OK	 
REQUEST		request_35	1684177486127	1684177486284	OK	 
REQUEST		request_36	1684177486182	1684177486320	KO	status.find.in([200, 209], 304), found 400
REQUEST		request_20	1684177485848	1684177486362	KO	status.find.in([200, 209], 304), found 400
REQUEST		request_10	1684177486854	1684177486932	OK	 
USER	flujoReusoCheckOut	START	1684177491476
REQUEST		request_0	1684177491475	1684177491627	OK	 
REQUEST		request_11	1684177491934	1684177491946	OK	 
REQUEST		request_12	1684177491947	1684177492018	OK	 
REQUEST		request_13	1684177491949	1684177492103	OK	 
REQUEST		request_15	1684177491950	1684177492112	OK	 
REQUEST		request_16	1684177491951	1684177492126	OK	 
REQUEST		request_14	1684177491950	1684177492142	OK	 
REQUEST		request_17	1684177491948	1684177492237	OK	 
REQUEST		request_1	1684177493628	1684177493636	OK	 
REQUEST		request_5	1684177493637	1684177493648	OK	 
REQUEST		request_6	1684177493638	1684177493721	OK	 
REQUEST		request_4	1684177493639	1684177493769	KO	status.find.in([200, 209], 304), found 400
REQUEST		request_3	1684177493639	1684177493841	OK	 
REQUEST		request_2	1684177493638	1684177493914	OK	 
REQUEST		request_7	1684177494916	1684177494926	OK	 
REQUEST		request_8	1684177494927	1684177494935	OK	 
REQUEST		request_9	1684177494928	1684177494935	KO	status.find.in([200, 209], 304), found 403
REQUEST		request_18	1684177495240	1684177495315	OK	 
REQUEST		request_37	1684177495318	1684177495358	OK	 
REQUEST		request_26	1684177495323	1684177495424	KO	status.find.in([200, 209], 304), found 400
REQUEST		request_25	1684177495322	1684177495499	OK	 
REQUEST		request_19	1684177495320	1684177495501	KO	status.find.in([200, 209], 304), found 400
REQUEST		request_28	1684177495323	1684177495502	OK	 
REQUEST		request_29	1684177495323	1684177495506	OK	 
REQUEST		request_30	1684177495324	1684177495522	OK	 
REQUEST		request_31	1684177495425	1684177495528	KO	status.find.in([200, 209], 304), found 400
REQUEST		request_34	1684177495502	1684177495608	KO	status.find.in([200, 209], 304), found 400
REQUEST		request_33	1684177495499	1684177495609	KO	status.find.in([200, 209], 304), found 400
REQUEST		request_36	1684177495506	1684177495630	KO	status.find.in([200, 209], 304), found 400
REQUEST		request_35	1684177495503	1684177495642	OK	 
REQUEST		request_20	1684177495319	1684177495869	KO	status.find.in([200, 209], 304), found 400
REQUEST		request_10	1684177496937	1684177497025	OK	 
USER	flujoReusoCheckOut	START	1684177501479
REQUEST		request_0	1684177501477	1684177501638	OK	 
REQUEST		request_11	1684177502028	1684177502036	OK	 
REQUEST		request_12	1684177502037	1684177502124	OK	 
REQUEST		request_17	1684177502038	1684177502181	OK	 
REQUEST		request_13	1684177502038	1684177502200	OK	 
REQUEST		request_15	1684177502039	1684177502203	OK	 
REQUEST		request_14	1684177502039	1684177502250	OK	 
REQUEST		request_16	1684177502039	1684177502262	OK	 
REQUEST		request_1	1684177503639	1684177503647	OK	 
REQUEST		request_5	1684177503649	1684177503672	OK	 
REQUEST		request_6	1684177503650	1684177503762	OK	 
REQUEST		request_4	1684177503671	1684177503788	KO	status.find.in([200, 209], 304), found 400
REQUEST		request_3	1684177503670	1684177503826	OK	 
REQUEST		request_2	1684177503668	1684177503881	OK	 
REQUEST		request_7	1684177504883	1684177504890	OK	 
REQUEST		request_9	1684177504892	1684177504900	KO	status.find.in([200, 209], 304), found 403
REQUEST		request_8	1684177504892	1684177504901	OK	 
REQUEST		request_18	1684177505265	1684177505335	OK	 
REQUEST		request_37	1684177505337	1684177505374	OK	 
REQUEST		request_26	1684177505340	1684177505445	KO	status.find.in([200, 209], 304), found 400
REQUEST		request_25	1684177505339	1684177505494	OK	 
REQUEST		request_29	1684177505341	1684177505500	OK	 
REQUEST		request_28	1684177505340	1684177505513	OK	 
REQUEST		request_30	1684177505341	1684177505515	OK	 
REQUEST		request_19	1684177505338	1684177505518	KO	status.find.in([200, 209], 304), found 400
REQUEST		request_31	1684177505446	1684177505556	KO	status.find.in([200, 209], 304), found 400
REQUEST		request_20	1684177505338	1684177505590	KO	status.find.in([200, 209], 304), found 400
REQUEST		request_33	1684177505495	1684177505600	KO	status.find.in([200, 209], 304), found 400
REQUEST		request_34	1684177505501	1684177505612	KO	status.find.in([200, 209], 304), found 400
REQUEST		request_36	1684177505516	1684177505631	KO	status.find.in([200, 209], 304), found 400
REQUEST		request_35	1684177505514	1684177505662	OK	 
REQUEST		request_10	1684177506904	1684177506977	OK	 
USER	flujoReusoCheckOut	START	1684177511477
REQUEST		request_0	1684177511476	1684177511641	OK	 
REQUEST		request_11	1684177511979	1684177511989	OK	 
REQUEST		request_12	1684177511990	1684177512060	OK	 
REQUEST		request_17	1684177511991	1684177512146	OK	 
REQUEST		request_15	1684177511993	1684177512150	OK	 
REQUEST		request_13	1684177511992	1684177512159	OK	 
REQUEST		request_16	1684177511994	1684177512173	OK	 
REQUEST		request_14	1684177511993	1684177512188	OK	 
REQUEST		request_1	1684177513642	1684177513653	OK	 
REQUEST		request_5	1684177513654	1684177513663	OK	 
REQUEST		request_6	1684177513654	1684177513772	OK	 
REQUEST		request_4	1684177513655	1684177513788	KO	status.find.in([200, 209], 304), found 400
REQUEST		request_2	1684177513655	1684177513831	OK	 
REQUEST		request_3	1684177513655	1684177513850	OK	 
REQUEST		request_7	1684177514851	1684177514860	OK	 
REQUEST		request_8	1684177514860	1684177514869	OK	 
REQUEST		request_9	1684177514861	1684177514870	KO	status.find.in([200, 209], 304), found 403
REQUEST		request_18	1684177515192	1684177515271	OK	 
REQUEST		request_37	1684177515274	1684177515311	OK	 
REQUEST		request_26	1684177515277	1684177515389	KO	status.find.in([200, 209], 304), found 400
REQUEST		request_25	1684177515276	1684177515419	OK	 
REQUEST		request_20	1684177515274	1684177515420	KO	status.find.in([200, 209], 304), found 400
REQUEST		request_19	1684177515275	1684177515450	KO	status.find.in([200, 209], 304), found 400
REQUEST		request_30	1684177515279	1684177515451	OK	 
REQUEST		request_29	1684177515278	1684177515465	OK	 
REQUEST		request_28	1684177515277	1684177515483	OK	 
REQUEST		request_31	1684177515389	1684177515506	KO	status.find.in([200, 209], 304), found 400
REQUEST		request_33	1684177515419	1684177515520	KO	status.find.in([200, 209], 304), found 400
REQUEST		request_34	1684177515450	1684177515553	KO	status.find.in([200, 209], 304), found 400
REQUEST		request_36	1684177515466	1684177515558	KO	status.find.in([200, 209], 304), found 400
REQUEST		request_35	1684177515451	1684177515641	OK	 
REQUEST		request_10	1684177516871	1684177516946	OK	 
USER	flujoReusoCheckOut	START	1684177521476
REQUEST		request_0	1684177521475	1684177521737	OK	 
REQUEST		request_11	1684177521948	1684177521956	OK	 
REQUEST		request_12	1684177521957	1684177522036	OK	 
REQUEST		request_13	1684177521958	1684177522111	OK	 
REQUEST		request_15	1684177521960	1684177522113	OK	 
REQUEST		request_17	1684177521958	1684177522114	OK	 
REQUEST		request_16	1684177521961	1684177522140	OK	 
REQUEST		request_14	1684177521960	1684177522171	OK	 
REQUEST		request_1	1684177523738	1684177523745	OK	 
REQUEST		request_5	1684177523746	1684177523754	OK	 
REQUEST		request_6	1684177523747	1684177523847	OK	 
REQUEST		request_4	1684177523750	1684177523872	KO	status.find.in([200, 209], 304), found 400
REQUEST		request_2	1684177523748	1684177523917	OK	 
REQUEST		request_3	1684177523749	1684177523919	OK	 
REQUEST		request_7	1684177524921	1684177524929	OK	 
REQUEST		request_9	1684177524930	1684177524939	KO	status.find.in([200, 209], 304), found 403
REQUEST		request_8	1684177524929	1684177524940	OK	 
REQUEST		request_18	1684177525173	1684177525267	OK	 
REQUEST		request_37	1684177525268	1684177525312	OK	 
REQUEST		request_26	1684177525276	1684177525423	KO	status.find.in([200, 209], 304), found 400
REQUEST		request_20	1684177525272	1684177525429	KO	status.find.in([200, 209], 304), found 400
REQUEST		request_25	1684177525276	1684177525434	OK	 
REQUEST		request_30	1684177525278	1684177525442	OK	 
REQUEST		request_28	1684177525277	1684177525446	OK	 
REQUEST		request_29	1684177525277	1684177525454	OK	 
REQUEST		request_19	1684177525275	1684177525460	KO	status.find.in([200, 209], 304), found 400
REQUEST		request_31	1684177525423	1684177525521	KO	status.find.in([200, 209], 304), found 400
REQUEST		request_33	1684177525434	1684177525536	KO	status.find.in([200, 209], 304), found 400
REQUEST		request_36	1684177525455	1684177525564	KO	status.find.in([200, 209], 304), found 400
REQUEST		request_34	1684177525442	1684177525564	KO	status.find.in([200, 209], 304), found 400
REQUEST		request_35	1684177525447	1684177525629	OK	 
REQUEST		request_10	1684177526942	1684177527022	OK	 
USER	flujoReusoCheckOut	START	1684177531477
REQUEST		request_0	1684177531476	1684177531648	OK	 
REQUEST		request_11	1684177532024	1684177532034	OK	 
REQUEST		request_12	1684177532035	1684177532124	OK	 
REQUEST		request_17	1684177532036	1684177532182	OK	 
REQUEST		request_13	1684177532036	1684177532193	OK	 
REQUEST		request_15	1684177532037	1684177532197	OK	 
REQUEST		request_16	1684177532037	1684177532217	OK	 
REQUEST		request_14	1684177532037	1684177532230	OK	 
REQUEST		request_1	1684177533649	1684177533656	OK	 
REQUEST		request_5	1684177533657	1684177533663	OK	 
REQUEST		request_4	1684177533658	1684177534057	KO	status.find.in([200, 209], 304), found 400
REQUEST		request_2	1684177533657	1684177534058	OK	 
REQUEST		request_3	1684177533658	1684177534058	OK	 
REQUEST		request_6	1684177533657	1684177534063	OK	 
REQUEST		request_7	1684177535064	1684177535072	OK	 
REQUEST		request_9	1684177535074	1684177535082	KO	status.find.in([200, 209], 304), found 403
REQUEST		request_8	1684177535073	1684177535082	OK	 
REQUEST		request_18	1684177535232	1684177535301	OK	 
REQUEST		request_37	1684177535303	1684177535336	OK	 
REQUEST		request_26	1684177535304	1684177535461	KO	status.find.in([200, 209], 304), found 400
REQUEST		request_25	1684177535304	1684177535469	OK	 
REQUEST		request_19	1684177535303	1684177535471	KO	status.find.in([200, 209], 304), found 400
REQUEST		request_28	1684177535305	1684177535472	OK	 
REQUEST		request_20	1684177535303	1684177535474	KO	status.find.in([200, 209], 304), found 400
REQUEST		request_29	1684177535307	1684177535482	OK	 
REQUEST		request_30	1684177535307	1684177535493	OK	 
REQUEST		request_31	1684177535462	1684177535561	KO	status.find.in([200, 209], 304), found 400
REQUEST		request_33	1684177535470	1684177535568	KO	status.find.in([200, 209], 304), found 400
REQUEST		request_34	1684177535471	1684177535583	KO	status.find.in([200, 209], 304), found 400
REQUEST		request_36	1684177535482	1684177535599	KO	status.find.in([200, 209], 304), found 400
REQUEST		request_35	1684177535473	1684177535627	OK	 
REQUEST		request_10	1684177537083	1684177537160	OK	 
USER	flujoReusoCheckOut	START	1684177541477
REQUEST		request_0	1684177541475	1684177541628	OK	 
REQUEST		request_11	1684177542162	1684177542170	OK	 
REQUEST		request_12	1684177542171	1684177542241	OK	 
REQUEST		request_17	1684177542171	1684177542324	OK	 
REQUEST		request_13	1684177542171	1684177542329	OK	 
REQUEST		request_15	1684177542173	1684177542333	OK	 
REQUEST		request_16	1684177542173	1684177542344	OK	 
REQUEST		request_14	1684177542172	1684177542365	OK	 
REQUEST		request_1	1684177543629	1684177543638	OK	 
REQUEST		request_5	1684177543639	1684177543647	OK	 
REQUEST		request_6	1684177543639	1684177543726	OK	 
REQUEST		request_4	1684177543640	1684177543746	KO	status.find.in([200, 209], 304), found 400
REQUEST		request_2	1684177543640	1684177543827	OK	 
REQUEST		request_3	1684177543640	1684177543830	OK	 
REQUEST		request_7	1684177544831	1684177544840	OK	 
REQUEST		request_8	1684177544841	1684177544849	OK	 
REQUEST		request_9	1684177544841	1684177544851	KO	status.find.in([200, 209], 304), found 403
REQUEST		request_18	1684177545367	1684177545437	OK	 
REQUEST		request_37	1684177545439	1684177545475	OK	 
REQUEST		request_26	1684177545440	1684177545546	KO	status.find.in([200, 209], 304), found 400
REQUEST		request_20	1684177545439	1684177545582	KO	status.find.in([200, 209], 304), found 400
REQUEST		request_25	1684177545440	1684177545597	OK	 
REQUEST		request_30	1684177545441	1684177545605	OK	 
REQUEST		request_28	1684177545441	1684177545610	OK	 
REQUEST		request_29	1684177545441	1684177545623	OK	 
REQUEST		request_19	1684177545440	1684177545635	KO	status.find.in([200, 209], 304), found 400
REQUEST		request_31	1684177545547	1684177545657	KO	status.find.in([200, 209], 304), found 400
REQUEST		request_34	1684177545606	1684177545710	KO	status.find.in([200, 209], 304), found 400
REQUEST		request_33	1684177545597	1684177545714	KO	status.find.in([200, 209], 304), found 400
REQUEST		request_36	1684177545623	1684177545734	KO	status.find.in([200, 209], 304), found 400
REQUEST		request_35	1684177545610	1684177545757	OK	 
REQUEST		request_10	1684177546853	1684177546933	OK	 
USER	flujoReusoCheckOut	START	1684177551477
REQUEST		request_0	1684177551476	1684177551639	OK	 
REQUEST		request_11	1684177551935	1684177551944	OK	 
REQUEST		request_12	1684177551945	1684177552019	OK	 
REQUEST		request_13	1684177551946	1684177552117	OK	 
REQUEST		request_17	1684177551945	1684177552117	OK	 
REQUEST		request_16	1684177551947	1684177552127	OK	 
REQUEST		request_15	1684177551946	1684177552128	OK	 
REQUEST		request_14	1684177551946	1684177552138	OK	 
REQUEST		request_1	1684177553639	1684177553647	OK	 
REQUEST		request_5	1684177553648	1684177553656	OK	 
REQUEST		request_6	1684177553648	1684177553744	OK	 
REQUEST		request_4	1684177553650	1684177553771	KO	status.find.in([200, 209], 304), found 400
REQUEST		request_3	1684177553649	1684177553818	OK	 
REQUEST		request_2	1684177553649	1684177553895	OK	 
REQUEST		request_7	1684177554896	1684177554904	OK	 
REQUEST		request_9	1684177554905	1684177554915	KO	status.find.in([200, 209], 304), found 403
REQUEST		request_8	1684177554905	1684177554915	OK	 
REQUEST		request_18	1684177555141	1684177555223	OK	 
REQUEST		request_37	1684177555225	1684177555264	OK	 
REQUEST		request_26	1684177555227	1684177555337	KO	status.find.in([200, 209], 304), found 400
REQUEST		request_20	1684177555225	1684177555386	KO	status.find.in([200, 209], 304), found 400
REQUEST		request_25	1684177555226	1684177555393	OK	 
REQUEST		request_29	1684177555228	1684177555395	OK	 
REQUEST		request_30	1684177555228	1684177555396	OK	 
REQUEST		request_28	1684177555227	1684177555405	OK	 
REQUEST		request_19	1684177555226	1684177555429	KO	status.find.in([200, 209], 304), found 400
REQUEST		request_31	1684177555337	1684177555446	KO	status.find.in([200, 209], 304), found 400
REQUEST		request_34	1684177555395	1684177555494	KO	status.find.in([200, 209], 304), found 400
REQUEST		request_33	1684177555393	1684177555500	KO	status.find.in([200, 209], 304), found 400
REQUEST		request_36	1684177555405	1684177555519	KO	status.find.in([200, 209], 304), found 400
REQUEST		request_35	1684177555396	1684177555549	OK	 
REQUEST		request_10	1684177556917	1684177556990	OK	 
USER	flujoReusoCheckOut	START	1684177561482
REQUEST		request_0	1684177561481	1684177561648	OK	 
REQUEST		request_11	1684177561992	1684177562001	OK	 
REQUEST		request_12	1684177562002	1684177562074	OK	 
REQUEST		request_17	1684177562002	1684177562147	OK	 
REQUEST		request_13	1684177562002	1684177562161	OK	 
REQUEST		request_15	1684177562005	1684177562162	OK	 
REQUEST		request_16	1684177562005	1684177562172	OK	 
REQUEST		request_14	1684177562004	1684177562197	OK	 
REQUEST		request_1	1684177563650	1684177563690	OK	 
REQUEST		request_5	1684177563691	1684177563718	OK	 
REQUEST		request_6	1684177563692	1684177563839	OK	 
REQUEST		request_4	1684177563704	1684177563858	KO	status.find.in([200, 209], 304), found 400
REQUEST		request_2	1684177563703	1684177563914	OK	 
REQUEST		request_3	1684177563703	1684177563914	OK	 
REQUEST		request_7	1684177564916	1684177564925	OK	 
REQUEST		request_8	1684177564926	1684177564934	OK	 
REQUEST		request_9	1684177564926	1684177564934	KO	status.find.in([200, 209], 304), found 403
REQUEST		request_18	1684177565199	1684177565269	OK	 
REQUEST		request_26	1684177565344	1684177565468	KO	status.find.in([200, 209], 304), found 400
REQUEST		request_25	1684177565344	1684177565502	OK	 
REQUEST		request_20	1684177565307	1684177565571	KO	status.find.in([200, 209], 304), found 400
REQUEST		request_29	1684177565392	1684177565583	OK	 
REQUEST		request_28	1684177565344	1684177565590	OK	 
REQUEST		request_30	1684177565393	1684177565594	OK	 
REQUEST		request_31	1684177565468	1684177565601	KO	status.find.in([200, 209], 304), found 400
REQUEST		request_33	1684177565502	1684177565602	KO	status.find.in([200, 209], 304), found 400
REQUEST		request_19	1684177565343	1684177565617	KO	status.find.in([200, 209], 304), found 400
REQUEST		request_34	1684177565584	1684177565694	KO	status.find.in([200, 209], 304), found 400
REQUEST		request_36	1684177565594	1684177565694	KO	status.find.in([200, 209], 304), found 400
REQUEST		request_35	1684177565591	1684177565764	OK	 
REQUEST		request_37	1684177565270	1684177566418	OK	 
REQUEST		request_10	1684177566935	1684177567008	OK	 
REQUEST		request_11	1684177572010	1684177572020	OK	 
REQUEST		request_12	1684177572022	1684177572104	OK	 
REQUEST		request_13	1684177572022	1684177572174	OK	 
REQUEST		request_15	1684177572023	1684177572185	OK	 
REQUEST		request_16	1684177572024	1684177572206	OK	 
REQUEST		request_17	1684177572022	1684177572208	OK	 
REQUEST		request_14	1684177572023	1684177572227	OK	 
REQUEST		request_18	1684177575229	1684177575303	OK	 
REQUEST		request_37	1684177575305	1684177575342	OK	 
REQUEST		request_26	1684177575306	1684177575466	KO	status.find.in([200, 209], 304), found 400
REQUEST		request_25	1684177575306	1684177575467	OK	 
REQUEST		request_20	1684177575305	1684177575469	KO	status.find.in([200, 209], 304), found 400
REQUEST		request_30	1684177575307	1684177575478	OK	 
REQUEST		request_28	1684177575307	1684177575487	OK	 
REQUEST		request_29	1684177575307	1684177575499	OK	 
REQUEST		request_31	1684177575467	1684177575562	KO	status.find.in([200, 209], 304), found 400
REQUEST		request_33	1684177575467	1684177575574	KO	status.find.in([200, 209], 304), found 400
REQUEST		request_34	1684177575478	1684177575577	KO	status.find.in([200, 209], 304), found 400
REQUEST		request_19	1684177575306	1684177575590	KO	status.find.in([200, 209], 304), found 400
REQUEST		request_36	1684177575500	1684177575629	KO	status.find.in([200, 209], 304), found 400
REQUEST		request_35	1684177575487	1684177575668	OK	 
REQUEST		request_39	1684177590364	1684177590858	OK	 
REQUEST		request_63	1684177590884	1684177591165	OK	 
REQUEST		request_44	1684177591066	1684177591192	OK	 
REQUEST		request_59	1684177591020	1684177591216	KO	status.find.in([200, 209], 304), found 400
REQUEST		request_53	1684177591020	1684177591228	KO	status.find.in([200, 209], 304), found 400
REQUEST		request_61	1684177590883	1684177591236	OK	 
REQUEST		request_62	1684177591021	1684177591242	KO	status.find.in([200, 209], 304), found 400
REQUEST		request_52	1684177591019	1684177591262	OK	 
REQUEST		request_60	1684177591020	1684177591262	OK	 
REQUEST		request_58	1684177591020	1684177591264	OK	 
REQUEST		request_50	1684177590860	1684177591266	OK	 
REQUEST		request_46	1684177590974	1684177591309	OK	 
REQUEST		request_56	1684177590929	1684177591321	OK	 
REQUEST		request_48	1684177590929	1684177591331	OK	 
REQUEST		request_40	1684177591066	1684177591333	OK	 
REQUEST		request_54	1684177590884	1684177591340	OK	 
REQUEST		request_64	1684177591217	1684177591362	OK	 
REQUEST		request_47	1684177591021	1684177591366	OK	 
REQUEST		request_65	1684177591228	1684177591366	KO	status.find.in([200, 209], 304), found 400
REQUEST		request_45	1684177591066	1684177591374	OK	 
REQUEST		request_49	1684177590974	1684177591387	OK	 
REQUEST		request_66	1684177594389	1684177594541	OK	 
REQUEST		request_69	1684177594543	1684177594551	OK	 
REQUEST		request_74	1684177598554	1684177598701	OK	 
REQUEST		request_76	1684177598702	1684177598709	OK	 
REQUEST		request_75	1684177598702	1684177599043	KO	status.find.in([200, 209], 304), found 400
REQUEST		request_39	1684177599871	1684177599972	OK	 
REQUEST		request_63	1684177599974	1684177600084	OK	 
REQUEST		request_40	1684177599979	1684177600102	OK	 
REQUEST		request_59	1684177599978	1684177600116	KO	status.find.in([200, 209], 304), found 400
REQUEST		request_53	1684177599977	1684177600148	KO	status.find.in([200, 209], 304), found 400
REQUEST		request_61	1684177599974	1684177600151	OK	 
REQUEST		request_62	1684177599979	1684177600162	KO	status.find.in([200, 209], 304), found 400
REQUEST		request_46	1684177599975	1684177600163	OK	 
REQUEST		request_52	1684177599976	1684177600164	OK	 
REQUEST		request_58	1684177599978	1684177600165	OK	 
REQUEST		request_50	1684177599973	1684177600166	OK	 
REQUEST		request_60	1684177599978	1684177600186	OK	 
REQUEST		request_49	1684177599975	1684177600186	OK	 
REQUEST		request_44	1684177599980	1684177600236	OK	 
REQUEST		request_54	1684177599974	1684177600241	OK	 
REQUEST		request_48	1684177599975	1684177600273	OK	 
REQUEST		request_65	1684177600148	1684177600273	KO	status.find.in([200, 209], 304), found 400
REQUEST		request_56	1684177599975	1684177600274	OK	 
REQUEST		request_45	1684177599980	1684177600284	OK	 
REQUEST		request_64	1684177600117	1684177600299	OK	 
REQUEST		request_47	1684177599979	1684177600391	OK	 
REQUEST		request_79	1684177601044	1684177601335	OK	 
REQUEST		request_80	1684177601336	1684177601465	KO	status.find.in([200, 209], 304), found 400
REQUEST		request_81	1684177602467	1684177602622	OK	 
REQUEST		request_82	1684177602622	1684177602744	KO	status.find.in([200, 209], 304), found 400
REQUEST		request_66	1684177603393	1684177603541	OK	 
REQUEST		request_69	1684177603542	1684177603550	OK	 
REQUEST		request_83	1684177604746	1684177604895	OK	 
REQUEST		request_84	1684177604895	1684177605002	KO	status.find.in([200, 209], 304), found 400
REQUEST		request_85	1684177607004	1684177607163	OK	 
REQUEST		request_86	1684177607164	1684177607264	KO	status.find.in([200, 209], 304), found 400
REQUEST		request_74	1684177607551	1684177607716	OK	 
REQUEST		request_76	1684177607717	1684177607726	OK	 
REQUEST		request_75	1684177607717	1684177607940	KO	status.find.in([200, 209], 304), found 400
REQUEST		request_87	1684177609266	1684177609413	OK	 
REQUEST		request_88	1684177609414	1684177609531	KO	status.find.in([200, 209], 304), found 400
REQUEST		request_90	1684177609414	1684177609532	KO	status.find.in([200, 209], 304), found 400
REQUEST		request_89	1684177609414	1684177609577	OK	 
REQUEST		request_39	1684177609663	1684177609760	OK	 
REQUEST		request_63	1684177609763	1684177609861	OK	 
REQUEST		request_46	1684177609765	1684177609894	OK	 
REQUEST		request_62	1684177609767	1684177609901	KO	status.find.in([200, 209], 304), found 400
REQUEST		request_49	1684177609764	1684177609916	OK	 
REQUEST		request_53	1684177609765	1684177609921	KO	status.find.in([200, 209], 304), found 400
REQUEST		request_59	1684177609766	1684177609928	KO	status.find.in([200, 209], 304), found 400
REQUEST		request_56	1684177609764	1684177609941	OK	 
REQUEST		request_61	1684177609762	1684177609942	OK	 
REQUEST		request_60	1684177609767	1684177609948	OK	 
REQUEST		request_58	1684177609766	1684177609949	OK	 
REQUEST		request_54	1684177609763	1684177609952	OK	 
REQUEST		request_50	1684177609762	1684177609966	OK	 
REQUEST		request_52	1684177609765	1684177609969	OK	 
REQUEST		request_44	1684177609769	1684177610015	OK	 
REQUEST		request_65	1684177609922	1684177610020	KO	status.find.in([200, 209], 304), found 400
REQUEST		request_47	1684177609768	1684177610025	OK	 
REQUEST		request_40	1684177609768	1684177610030	OK	 
REQUEST		request_45	1684177609769	1684177610058	OK	 
REQUEST		request_64	1684177609901	1684177610063	OK	 
REQUEST		request_48	1684177609764	1684177610073	OK	 
REQUEST		request_79	1684177609942	1684177610106	OK	 
REQUEST		request_80	1684177610107	1684177610208	KO	status.find.in([200, 209], 304), found 400
REQUEST		request_91	1684177610578	1684177610755	OK	 
REQUEST		request_92	1684177610756	1684177610869	KO	status.find.in([200, 209], 304), found 400
REQUEST		request_81	1684177611210	1684177611347	OK	 
REQUEST		request_82	1684177611348	1684177611487	KO	status.find.in([200, 209], 304), found 400
REQUEST		request_93	1684177611871	1684177612127	OK	 
REQUEST		request_99	1684177612128	1684177612180	OK	 
REQUEST		request_102	1684177612132	1684177612229	KO	status.find.in([200, 209], 304), found 400
REQUEST		request_95	1684177612129	1684177612246	KO	status.find.in([200, 209], 304), found 400
REQUEST		request_101	1684177612132	1684177612285	OK	 
REQUEST		request_97	1684177612179	1684177612306	OK	 
REQUEST		request_98	1684177612179	1684177612340	OK	 
REQUEST		request_100	1684177612179	1684177612357	OK	 
REQUEST		request_94	1684177612132	1684177612390	OK	 
USER	flujoReusoCheckOut	END	1684177612395
REQUEST		request_66	1684177613075	1684177613225	OK	 
REQUEST		request_69	1684177613225	1684177613233	OK	 
REQUEST		request_83	1684177613489	1684177613643	OK	 
REQUEST		request_84	1684177613644	1684177613747	KO	status.find.in([200, 209], 304), found 400
REQUEST		request_85	1684177615749	1684177616080	OK	 
REQUEST		request_86	1684177616081	1684177616180	KO	status.find.in([200, 209], 304), found 400
REQUEST		request_74	1684177617235	1684177617531	OK	 
REQUEST		request_76	1684177617532	1684177617541	OK	 
REQUEST		request_75	1684177617532	1684177617665	KO	status.find.in([200, 209], 304), found 400
REQUEST		request_87	1684177618182	1684177618358	OK	 
REQUEST		request_88	1684177618359	1684177618481	KO	status.find.in([200, 209], 304), found 400
REQUEST		request_90	1684177618359	1684177618492	KO	status.find.in([200, 209], 304), found 400
REQUEST		request_89	1684177618359	1684177618505	OK	 
REQUEST		request_91	1684177619507	1684177619654	OK	 
REQUEST		request_92	1684177619654	1684177619794	KO	status.find.in([200, 209], 304), found 400
REQUEST		request_79	1684177619667	1684177619839	OK	 
REQUEST		request_39	1684177619644	1684177619895	OK	 
REQUEST		request_80	1684177619839	1684177619955	KO	status.find.in([200, 209], 304), found 400
REQUEST		request_63	1684177619897	1684177619994	OK	 
REQUEST		request_46	1684177619898	1684177620018	OK	 
REQUEST		request_53	1684177619899	1684177620025	KO	status.find.in([200, 209], 304), found 400
REQUEST		request_62	1684177619900	1684177620046	KO	status.find.in([200, 209], 304), found 400
REQUEST		request_59	1684177619899	1684177620063	KO	status.find.in([200, 209], 304), found 400
REQUEST		request_61	1684177619897	1684177620063	OK	 
REQUEST		request_60	1684177619899	1684177620065	OK	 
REQUEST		request_56	1684177619898	1684177620065	OK	 
REQUEST		request_58	1684177619899	1684177620076	OK	 
REQUEST		request_54	1684177619897	1684177620079	OK	 
REQUEST		request_52	1684177619899	1684177620085	OK	 
REQUEST		request_50	1684177619896	1684177620096	OK	 
REQUEST		request_44	1684177619900	1684177620153	OK	 
REQUEST		request_47	1684177619900	1684177620155	OK	 
REQUEST		request_40	1684177619900	1684177620168	OK	 
REQUEST		request_65	1684177620047	1684177620181	KO	status.find.in([200, 209], 304), found 400
REQUEST		request_64	1684177620025	1684177620188	OK	 
REQUEST		request_45	1684177619900	1684177620198	OK	 
REQUEST		request_49	1684177619898	1684177620241	OK	 
REQUEST		request_48	1684177619898	1684177620357	OK	 
REQUEST		request_93	1684177620795	1684177620936	OK	 
REQUEST		request_99	1684177620937	1684177620944	OK	 
REQUEST		request_98	1684177620939	1684177621046	OK	 
REQUEST		request_95	1684177620937	1684177621049	KO	status.find.in([200, 209], 304), found 400
REQUEST		request_102	1684177620938	1684177621060	KO	status.find.in([200, 209], 304), found 400
REQUEST		request_97	1684177620939	1684177621065	OK	 
REQUEST		request_81	1684177620957	1684177621098	OK	 
REQUEST		request_101	1684177620938	1684177621121	OK	 
REQUEST		request_100	1684177620939	1684177621216	OK	 
REQUEST		request_82	1684177621099	1684177621266	KO	status.find.in([200, 209], 304), found 400
REQUEST		request_94	1684177620938	1684177621267	OK	 
USER	flujoReusoCheckOut	END	1684177621269
REQUEST		request_83	1684177623268	1684177623429	OK	 
REQUEST		request_66	1684177623359	1684177623508	OK	 
REQUEST		request_69	1684177623509	1684177623519	OK	 
REQUEST		request_84	1684177623429	1684177623554	KO	status.find.in([200, 209], 304), found 400
REQUEST		request_85	1684177625556	1684177625724	OK	 
REQUEST		request_86	1684177625724	1684177625849	KO	status.find.in([200, 209], 304), found 400
REQUEST		request_74	1684177627521	1684177627675	OK	 
REQUEST		request_76	1684177627676	1684177627685	OK	 
REQUEST		request_75	1684177627676	1684177627853	KO	status.find.in([200, 209], 304), found 400
REQUEST		request_87	1684177627850	1684177628018	OK	 
REQUEST		request_88	1684177628019	1684177628127	KO	status.find.in([200, 209], 304), found 400
REQUEST		request_90	1684177628019	1684177628128	KO	status.find.in([200, 209], 304), found 400
REQUEST		request_89	1684177628019	1684177628170	OK	 
REQUEST		request_91	1684177629173	1684177629338	OK	 
REQUEST		request_92	1684177629338	1684177629446	KO	status.find.in([200, 209], 304), found 400
REQUEST		request_39	1684177629631	1684177629886	OK	 
REQUEST		request_63	1684177629891	1684177629997	OK	 
REQUEST		request_46	1684177629894	1684177630021	OK	 
REQUEST		request_79	1684177629855	1684177630055	OK	 
REQUEST		request_62	1684177629897	1684177630056	KO	status.find.in([200, 209], 304), found 400
REQUEST		request_53	1684177629896	1684177630056	KO	status.find.in([200, 209], 304), found 400
REQUEST		request_40	1684177629898	1684177630056	OK	 
REQUEST		request_59	1684177629896	1684177630057	KO	status.find.in([200, 209], 304), found 400
REQUEST		request_61	1684177629889	1684177630066	OK	 
REQUEST		request_49	1684177629894	1684177630069	OK	 
REQUEST		request_58	1684177629896	1684177630075	OK	 
REQUEST		request_60	1684177629896	1684177630076	OK	 
REQUEST		request_52	1684177629896	1684177630085	OK	 
REQUEST		request_54	1684177629891	1684177630092	OK	 
REQUEST		request_48	1684177629893	1684177630100	OK	 
REQUEST		request_50	1684177629888	1684177630103	OK	 
REQUEST		request_56	1684177629892	1684177630118	OK	 
REQUEST		request_47	1684177629897	1684177630127	OK	 
REQUEST		request_44	1684177629898	1684177630144	OK	 
REQUEST		request_80	1684177630055	1684177630159	KO	status.find.in([200, 209], 304), found 400
REQUEST		request_45	1684177629901	1684177630187	OK	 
REQUEST		request_64	1684177630056	1684177630201	OK	 
REQUEST		request_65	1684177630056	1684177630203	KO	status.find.in([200, 209], 304), found 400
REQUEST		request_93	1684177630448	1684177630626	OK	 
REQUEST		request_99	1684177630627	1684177630635	OK	 
REQUEST		request_97	1684177630629	1684177630739	OK	 
REQUEST		request_98	1684177630630	1684177630747	OK	 
REQUEST		request_95	1684177630628	1684177630747	KO	status.find.in([200, 209], 304), found 400
REQUEST		request_102	1684177630629	1684177630748	KO	status.find.in([200, 209], 304), found 400
REQUEST		request_100	1684177630630	1684177630759	OK	 
REQUEST		request_101	1684177630628	1684177630780	OK	 
REQUEST		request_94	1684177630629	1684177630823	OK	 
USER	flujoReusoCheckOut	END	1684177630827
REQUEST		request_81	1684177631160	1684177631302	OK	 
REQUEST		request_82	1684177631303	1684177631444	KO	status.find.in([200, 209], 304), found 400
REQUEST		request_66	1684177633204	1684177633362	OK	 
REQUEST		request_69	1684177633363	1684177633370	OK	 
REQUEST		request_83	1684177633447	1684177633598	OK	 
REQUEST		request_84	1684177633598	1684177633705	KO	status.find.in([200, 209], 304), found 400
REQUEST		request_85	1684177635706	1684177635851	OK	 
REQUEST		request_86	1684177635852	1684177636049	KO	status.find.in([200, 209], 304), found 400
REQUEST		request_74	1684177637373	1684177637650	OK	 
REQUEST		request_76	1684177637651	1684177637659	OK	 
REQUEST		request_75	1684177637651	1684177637812	KO	status.find.in([200, 209], 304), found 400
REQUEST		request_87	1684177638051	1684177638194	OK	 
REQUEST		request_88	1684177638194	1684177638303	KO	status.find.in([200, 209], 304), found 400
REQUEST		request_90	1684177638195	1684177638318	KO	status.find.in([200, 209], 304), found 400
REQUEST		request_89	1684177638194	1684177638342	OK	 
REQUEST		request_91	1684177639343	1684177639506	OK	 
REQUEST		request_92	1684177639506	1684177639633	KO	status.find.in([200, 209], 304), found 400
REQUEST		request_39	1684177639629	1684177639865	OK	 
REQUEST		request_63	1684177639867	1684177639979	OK	 
REQUEST		request_40	1684177639872	1684177639988	OK	 
REQUEST		request_79	1684177639813	1684177639993	OK	 
REQUEST		request_46	1684177639869	1684177639994	OK	 
REQUEST		request_59	1684177639871	1684177640009	KO	status.find.in([200, 209], 304), found 400
REQUEST		request_49	1684177639868	1684177640011	OK	 
REQUEST		request_53	1684177639871	1684177640022	KO	status.find.in([200, 209], 304), found 400
REQUEST		request_56	1684177639868	1684177640027	OK	 
REQUEST		request_58	1684177639871	1684177640036	OK	 
REQUEST		request_52	1684177639869	1684177640036	OK	 
REQUEST		request_61	1684177639867	1684177640037	OK	 
REQUEST		request_62	1684177639872	1684177640043	KO	status.find.in([200, 209], 304), found 400
REQUEST		request_60	1684177639872	1684177640089	OK	 
REQUEST		request_54	1684177639868	1684177640089	OK	 
REQUEST		request_50	1684177639866	1684177640091	OK	 
REQUEST		request_44	1684177639873	1684177640109	OK	 
REQUEST		request_80	1684177639994	1684177640125	KO	status.find.in([200, 209], 304), found 400
REQUEST		request_65	1684177640022	1684177640127	KO	status.find.in([200, 209], 304), found 400
REQUEST		request_48	1684177639868	1684177640144	OK	 
REQUEST		request_64	1684177640009	1684177640147	OK	 
REQUEST		request_45	1684177639873	1684177640180	OK	 
REQUEST		request_47	1684177639872	1684177640201	OK	 
REQUEST		request_93	1684177640636	1684177640784	OK	 
REQUEST		request_99	1684177640784	1684177640791	OK	 
REQUEST		request_97	1684177640785	1684177640897	OK	 
REQUEST		request_100	1684177640786	1684177640902	OK	 
REQUEST		request_95	1684177640784	1684177640913	KO	status.find.in([200, 209], 304), found 400
REQUEST		request_102	1684177640785	1684177640931	KO	status.find.in([200, 209], 304), found 400
REQUEST		request_101	1684177640785	1684177640931	OK	 
REQUEST		request_94	1684177640785	1684177640980	OK	 
REQUEST		request_98	1684177640786	1684177641048	OK	 
USER	flujoReusoCheckOut	END	1684177641051
REQUEST		request_81	1684177641126	1684177641271	OK	 
REQUEST		request_82	1684177641272	1684177641366	KO	status.find.in([200, 209], 304), found 400
REQUEST		request_66	1684177643202	1684177643359	OK	 
REQUEST		request_69	1684177643360	1684177643370	OK	 
REQUEST		request_83	1684177643369	1684177643519	OK	 
REQUEST		request_84	1684177643519	1684177643618	KO	status.find.in([200, 209], 304), found 400
REQUEST		request_85	1684177645619	1684177645761	OK	 
REQUEST		request_86	1684177645761	1684177645867	KO	status.find.in([200, 209], 304), found 400
REQUEST		request_74	1684177647371	1684177647520	OK	 
REQUEST		request_76	1684177647521	1684177647530	OK	 
REQUEST		request_75	1684177647521	1684177647647	KO	status.find.in([200, 209], 304), found 400
REQUEST		request_87	1684177647869	1684177648338	OK	 
REQUEST		request_88	1684177648339	1684177648440	KO	status.find.in([200, 209], 304), found 400
REQUEST		request_90	1684177648339	1684177648448	KO	status.find.in([200, 209], 304), found 400
REQUEST		request_89	1684177648339	1684177648502	OK	 
REQUEST		request_91	1684177649504	1684177649651	OK	 
REQUEST		request_92	1684177649651	1684177649784	KO	status.find.in([200, 209], 304), found 400
REQUEST		request_79	1684177649649	1684177649793	OK	 
REQUEST		request_80	1684177649794	1684177649901	KO	status.find.in([200, 209], 304), found 400
REQUEST		request_39	1684177649759	1684177649990	OK	 
REQUEST		request_63	1684177649992	1684177650088	OK	 
REQUEST		request_46	1684177649993	1684177650136	OK	 
REQUEST		request_53	1684177649994	1684177650136	KO	status.find.in([200, 209], 304), found 400
REQUEST		request_59	1684177649994	1684177650145	KO	status.find.in([200, 209], 304), found 400
REQUEST		request_61	1684177649991	1684177650161	OK	 
REQUEST		request_56	1684177649992	1684177650161	OK	 
REQUEST		request_62	1684177649995	1684177650163	KO	status.find.in([200, 209], 304), found 400
REQUEST		request_60	1684177649994	1684177650172	OK	 
REQUEST		request_54	1684177649992	1684177650177	OK	 
REQUEST		request_58	1684177649994	1684177650180	OK	 
REQUEST		request_48	1684177649992	1684177650192	OK	 
REQUEST		request_50	1684177649991	1684177650193	OK	 
REQUEST		request_52	1684177649993	1684177650196	OK	 
REQUEST		request_47	1684177649995	1684177650207	OK	 
REQUEST		request_49	1684177649992	1684177650230	OK	 
REQUEST		request_65	1684177650146	1684177650242	KO	status.find.in([200, 209], 304), found 400
REQUEST		request_44	1684177649995	1684177650259	OK	 
REQUEST		request_40	1684177649995	1684177650272	OK	 
REQUEST		request_45	1684177649996	1684177650291	OK	 
REQUEST		request_64	1684177650137	1684177650292	OK	 
REQUEST		request_93	1684177650790	1684177650927	OK	 
REQUEST		request_99	1684177650927	1684177650937	OK	 
REQUEST		request_95	1684177650927	1684177651025	KO	status.find.in([200, 209], 304), found 400
REQUEST		request_102	1684177650928	1684177651030	KO	status.find.in([200, 209], 304), found 400
REQUEST		request_81	1684177650902	1684177651033	OK	 
REQUEST		request_98	1684177650932	1684177651039	OK	 
REQUEST		request_97	1684177650931	1684177651044	OK	 
REQUEST		request_94	1684177650929	1684177651084	OK	 
REQUEST		request_101	1684177650928	1684177651085	OK	 
REQUEST		request_82	1684177651033	1684177651188	KO	status.find.in([200, 209], 304), found 400
REQUEST		request_100	1684177650932	1684177651235	OK	 
USER	flujoReusoCheckOut	END	1684177651238
REQUEST		request_83	1684177653190	1684177653352	OK	 
REQUEST		request_66	1684177653293	1684177653434	OK	 
REQUEST		request_69	1684177653435	1684177653442	OK	 
REQUEST		request_84	1684177653352	1684177653464	KO	status.find.in([200, 209], 304), found 400
REQUEST		request_85	1684177655466	1684177655622	OK	 
REQUEST		request_86	1684177655623	1684177655725	KO	status.find.in([200, 209], 304), found 400
REQUEST		request_74	1684177657444	1684177657678	OK	 
REQUEST		request_76	1684177657679	1684177657689	OK	 
REQUEST		request_75	1684177657679	1684177657806	KO	status.find.in([200, 209], 304), found 400
REQUEST		request_87	1684177657727	1684177657868	OK	 
REQUEST		request_88	1684177657869	1684177657969	KO	status.find.in([200, 209], 304), found 400
REQUEST		request_90	1684177657869	1684177657985	KO	status.find.in([200, 209], 304), found 400
REQUEST		request_89	1684177657869	1684177658020	OK	 
REQUEST		request_91	1684177659022	1684177659174	OK	 
REQUEST		request_92	1684177659174	1684177659305	KO	status.find.in([200, 209], 304), found 400
REQUEST		request_39	1684177659550	1684177659785	OK	 
REQUEST		request_79	1684177659808	1684177659966	OK	 
REQUEST		request_80	1684177659967	1684177660086	KO	status.find.in([200, 209], 304), found 400
REQUEST		request_93	1684177660305	1684177660463	OK	 
REQUEST		request_99	1684177660464	1684177660474	OK	 
REQUEST		request_97	1684177660467	1684177660589	OK	 
REQUEST		request_102	1684177660466	1684177660590	KO	status.find.in([200, 209], 304), found 400
REQUEST		request_98	1684177660467	1684177660591	OK	 
REQUEST		request_95	1684177660464	1684177660593	KO	status.find.in([200, 209], 304), found 400
REQUEST		request_100	1684177660468	1684177660629	OK	 
REQUEST		request_101	1684177660466	1684177660629	OK	 
REQUEST		request_94	1684177660466	1684177660700	OK	 
USER	flujoReusoCheckOut	END	1684177660710
REQUEST		request_40	1684177659790	1684177660817	OK	 
REQUEST		request_63	1684177659787	1684177660957	OK	 
REQUEST		request_49	1684177659787	1684177660960	OK	 
REQUEST		request_62	1684177659789	1684177660960	KO	status.find.in([200, 209], 304), found 400
REQUEST		request_45	1684177660814	1684177661000	OK	 
REQUEST		request_53	1684177659788	1684177661000	KO	status.find.in([200, 209], 304), found 400
REQUEST		request_56	1684177659787	1684177661004	OK	 
REQUEST		request_59	1684177659789	1684177661024	KO	status.find.in([200, 209], 304), found 400
REQUEST		request_61	1684177659786	1684177661024	OK	 
REQUEST		request_58	1684177659789	1684177661024	OK	 
REQUEST		request_54	1684177659787	1684177661024	OK	 
REQUEST		request_52	1684177659788	1684177661024	OK	 
REQUEST		request_60	1684177659789	1684177661025	OK	 
REQUEST		request_50	1684177659786	1684177661026	OK	 
REQUEST		request_46	1684177659788	1684177661039	OK	 
REQUEST		request_47	1684177659790	1684177661051	OK	 
REQUEST		request_48	1684177659787	1684177661054	OK	 
REQUEST		request_44	1684177659790	1684177661076	OK	 
REQUEST		request_64	1684177660961	1684177661103	OK	 
REQUEST		request_65	1684177661000	1684177661152	KO	status.find.in([200, 209], 304), found 400
REQUEST		request_81	1684177661087	1684177661264	OK	 
REQUEST		request_82	1684177661265	1684177661365	KO	status.find.in([200, 209], 304), found 400
REQUEST		request_83	1684177663366	1684177663510	OK	 
REQUEST		request_84	1684177663510	1684177663625	KO	status.find.in([200, 209], 304), found 400
REQUEST		request_66	1684177664153	1684177664305	OK	 
REQUEST		request_69	1684177664306	1684177664324	OK	 
REQUEST		request_85	1684177665626	1684177665760	OK	 
REQUEST		request_86	1684177665760	1684177665885	KO	status.find.in([200, 209], 304), found 400
REQUEST		request_87	1684177667886	1684177668036	OK	 
REQUEST		request_88	1684177668037	1684177668141	KO	status.find.in([200, 209], 304), found 400
REQUEST		request_90	1684177668037	1684177668164	KO	status.find.in([200, 209], 304), found 400
REQUEST		request_89	1684177668037	1684177668175	OK	 
REQUEST		request_74	1684177668325	1684177668461	OK	 
REQUEST		request_76	1684177668461	1684177668470	OK	 
REQUEST		request_75	1684177668461	1684177668586	KO	status.find.in([200, 209], 304), found 400
REQUEST		request_91	1684177669178	1684177669328	OK	 
REQUEST		request_92	1684177669328	1684177669428	KO	status.find.in([200, 209], 304), found 400
REQUEST		request_93	1684177670429	1684177670584	OK	 
REQUEST		request_99	1684177670585	1684177670629	OK	 
REQUEST		request_39	1684177670419	1684177670652	OK	 
REQUEST		request_102	1684177670585	1684177670688	KO	status.find.in([200, 209], 304), found 400
REQUEST		request_95	1684177670585	1684177670692	KO	status.find.in([200, 209], 304), found 400
REQUEST		request_97	1684177670586	1684177670730	OK	 
REQUEST		request_98	1684177670586	1684177670730	OK	 
REQUEST		request_79	1684177670587	1684177670736	OK	 
REQUEST		request_101	1684177670585	1684177670737	OK	 
REQUEST		request_100	1684177670587	1684177670754	OK	 
REQUEST		request_80	1684177670737	1684177670850	KO	status.find.in([200, 209], 304), found 400
REQUEST		request_63	1684177670669	1684177670938	OK	 
REQUEST		request_46	1684177670741	1684177670960	OK	 
REQUEST		request_59	1684177670778	1684177670966	KO	status.find.in([200, 209], 304), found 400
REQUEST		request_62	1684177670778	1684177670966	KO	status.find.in([200, 209], 304), found 400
REQUEST		request_53	1684177670778	1684177670967	KO	status.find.in([200, 209], 304), found 400
REQUEST		request_58	1684177670778	1684177670994	OK	 
REQUEST		request_60	1684177670778	1684177670999	OK	 
REQUEST		request_61	1684177670668	1684177671005	OK	 
REQUEST		request_52	1684177670776	1684177671006	OK	 
REQUEST		request_56	1684177670704	1684177671007	OK	 
REQUEST		request_54	1684177670669	1684177671012	OK	 
REQUEST		request_94	1684177670585	1684177671018	OK	 
USER	flujoReusoCheckOut	END	1684177671020
REQUEST		request_47	1684177670778	1684177671026	OK	 
REQUEST		request_49	1684177670741	1684177671030	OK	 
REQUEST		request_50	1684177670653	1684177671040	OK	 
REQUEST		request_44	1684177670811	1684177671083	OK	 
REQUEST		request_40	1684177670810	1684177671083	OK	 
REQUEST		request_65	1684177670966	1684177671091	KO	status.find.in([200, 209], 304), found 400
REQUEST		request_64	1684177670966	1684177671105	OK	 
REQUEST		request_48	1684177670705	1684177671110	OK	 
REQUEST		request_45	1684177670811	1684177671138	OK	 
REQUEST		request_81	1684177671851	1684177671998	OK	 
REQUEST		request_82	1684177671998	1684177672094	KO	status.find.in([200, 209], 304), found 400
REQUEST		request_83	1684177674095	1684177674244	OK	 
REQUEST		request_66	1684177674140	1684177674278	OK	 
REQUEST		request_69	1684177674278	1684177674286	OK	 
REQUEST		request_84	1684177674245	1684177674353	KO	status.find.in([200, 209], 304), found 400
REQUEST		request_85	1684177676355	1684177676503	OK	 
REQUEST		request_86	1684177676503	1684177676612	KO	status.find.in([200, 209], 304), found 400
REQUEST		request_74	1684177678290	1684177678460	OK	 
REQUEST		request_76	1684177678460	1684177678467	OK	 
REQUEST		request_75	1684177678460	1684177678589	KO	status.find.in([200, 209], 304), found 400
REQUEST		request_87	1684177678613	1684177678829	OK	 
REQUEST		request_88	1684177678830	1684177678933	KO	status.find.in([200, 209], 304), found 400
REQUEST		request_90	1684177678830	1684177678938	KO	status.find.in([200, 209], 304), found 400
REQUEST		request_89	1684177678830	1684177678971	OK	 
REQUEST		request_39	1684177679670	1684177679901	OK	 
REQUEST		request_63	1684177679903	1684177680034	OK	 
REQUEST		request_46	1684177679904	1684177680054	OK	 
REQUEST		request_53	1684177679904	1684177680057	KO	status.find.in([200, 209], 304), found 400
REQUEST		request_59	1684177679905	1684177680061	KO	status.find.in([200, 209], 304), found 400
REQUEST		request_61	1684177679903	1684177680073	OK	 
REQUEST		request_56	1684177679903	1684177680107	OK	 
REQUEST		request_62	1684177679905	1684177680110	KO	status.find.in([200, 209], 304), found 400
REQUEST		request_60	1684177679905	1684177680113	OK	 
REQUEST		request_45	1684177679906	1684177680114	OK	 
REQUEST		request_50	1684177679902	1684177680116	OK	 
REQUEST		request_54	1684177679903	1684177680117	OK	 
REQUEST		request_47	1684177679905	1684177680118	OK	 
REQUEST		request_49	1684177679904	1684177680122	OK	 
REQUEST		request_52	1684177679904	1684177680122	OK	 
REQUEST		request_91	1684177679973	1684177680135	OK	 
REQUEST		request_48	1684177679904	1684177680146	OK	 
REQUEST		request_58	1684177679905	1684177680146	OK	 
REQUEST		request_40	1684177679906	1684177680170	OK	 
REQUEST		request_65	1684177680061	1684177680171	KO	status.find.in([200, 209], 304), found 400
REQUEST		request_44	1684177679906	1684177680175	OK	 
REQUEST		request_64	1684177680057	1684177680256	OK	 
REQUEST		request_92	1684177680136	1684177680256	KO	status.find.in([200, 209], 304), found 400
REQUEST		request_79	1684177680596	1684177680753	OK	 
REQUEST		request_80	1684177680754	1684177680888	KO	status.find.in([200, 209], 304), found 400
REQUEST		request_93	1684177681258	1684177681398	OK	 
REQUEST		request_99	1684177681399	1684177681405	OK	 
REQUEST		request_95	1684177681399	1684177681494	KO	status.find.in([200, 209], 304), found 400
REQUEST		request_102	1684177681400	1684177681507	KO	status.find.in([200, 209], 304), found 400
REQUEST		request_97	1684177681402	1684177681517	OK	 
REQUEST		request_98	1684177681402	1684177681521	OK	 
REQUEST		request_100	1684177681402	1684177681530	OK	 
REQUEST		request_101	1684177681399	1684177681552	OK	 
REQUEST		request_94	1684177681400	1684177681557	OK	 
USER	flujoReusoCheckOut	END	1684177681559
REQUEST		request_81	1684177681889	1684177682041	OK	 
REQUEST		request_82	1684177682042	1684177682166	KO	status.find.in([200, 209], 304), found 400
REQUEST		request_66	1684177683257	1684177683399	OK	 
REQUEST		request_69	1684177683399	1684177683410	OK	 
REQUEST		request_83	1684177684167	1684177684309	OK	 
REQUEST		request_84	1684177684310	1684177684428	KO	status.find.in([200, 209], 304), found 400
REQUEST		request_85	1684177686429	1684177686565	OK	 
REQUEST		request_86	1684177686566	1684177686685	KO	status.find.in([200, 209], 304), found 400
REQUEST		request_74	1684177687412	1684177687659	OK	 
REQUEST		request_76	1684177687660	1684177687667	OK	 
REQUEST		request_75	1684177687660	1684177687790	KO	status.find.in([200, 209], 304), found 400
REQUEST		request_87	1684177688687	1684177688832	OK	 
REQUEST		request_90	1684177688832	1684177688965	KO	status.find.in([200, 209], 304), found 400
REQUEST		request_88	1684177688832	1684177688967	KO	status.find.in([200, 209], 304), found 400
REQUEST		request_89	1684177688832	1684177688990	OK	 
REQUEST		request_79	1684177689791	1684177689943	OK	 
REQUEST		request_80	1684177689943	1684177690076	KO	status.find.in([200, 209], 304), found 400
REQUEST		request_91	1684177689991	1684177690135	OK	 
REQUEST		request_92	1684177690135	1684177690266	KO	status.find.in([200, 209], 304), found 400
REQUEST		request_81	1684177691077	1684177691238	OK	 
REQUEST		request_82	1684177691238	1684177691338	KO	status.find.in([200, 209], 304), found 400
REQUEST		request_93	1684177691268	1684177691419	OK	 
REQUEST		request_99	1684177691419	1684177691428	OK	 
REQUEST		request_95	1684177691419	1684177691528	KO	status.find.in([200, 209], 304), found 400
REQUEST		request_98	1684177691421	1684177691534	OK	 
REQUEST		request_97	1684177691421	1684177691536	OK	 
REQUEST		request_100	1684177691422	1684177691552	OK	 
REQUEST		request_102	1684177691420	1684177691572	KO	status.find.in([200, 209], 304), found 400
REQUEST		request_101	1684177691420	1684177691572	OK	 
REQUEST		request_94	1684177691420	1684177691613	OK	 
USER	flujoReusoCheckOut	END	1684177691616
REQUEST		request_83	1684177693339	1684177693484	OK	 
REQUEST		request_84	1684177693484	1684177693605	KO	status.find.in([200, 209], 304), found 400
REQUEST		request_85	1684177695606	1684177695749	OK	 
REQUEST		request_86	1684177695749	1684177695885	KO	status.find.in([200, 209], 304), found 400
REQUEST		request_87	1684177697887	1684177698038	OK	 
REQUEST		request_90	1684177698039	1684177698140	KO	status.find.in([200, 209], 304), found 400
REQUEST		request_88	1684177698039	1684177698164	KO	status.find.in([200, 209], 304), found 400
REQUEST		request_89	1684177698039	1684177698187	OK	 
REQUEST		request_91	1684177699189	1684177699382	OK	 
REQUEST		request_92	1684177699382	1684177699486	KO	status.find.in([200, 209], 304), found 400
REQUEST		request_93	1684177700487	1684177700643	OK	 
REQUEST		request_99	1684177700644	1684177700686	OK	 
REQUEST		request_95	1684177700644	1684177700748	KO	status.find.in([200, 209], 304), found 400
REQUEST		request_102	1684177700645	1684177700752	KO	status.find.in([200, 209], 304), found 400
REQUEST		request_97	1684177700646	1684177700785	OK	 
REQUEST		request_98	1684177700646	1684177700789	OK	 
REQUEST		request_100	1684177700647	1684177700807	OK	 
REQUEST		request_101	1684177700645	1684177700809	OK	 
REQUEST		request_94	1684177700645	1684177700867	OK	 
USER	flujoReusoCheckOut	END	1684177700869
