RUN	bnpl.flujoReusoCheckOutCorregido	flujoreusocheckoutcorregido	1684169180112	 	3.8.3
USER	flujoReusoCheckOut	START	1684169186334
REQUEST		request_0	1684169186306	1684169186636	OK	 
REQUEST		request_1	1684169188666	1684169188687	OK	 
REQUEST		request_5	1684169188715	1684169188723	OK	 
REQUEST		request_6	1684169188716	1684169188809	OK	 
REQUEST		request_4	1684169188718	1684169190509	KO	status.find.in([200, 209], 304), found 400
REQUEST		request_3	1684169188718	1684169190512	OK	 
REQUEST		request_2	1684169188717	1684169190567	OK	 
REQUEST		request_7	1684169191569	1684169191579	OK	 
REQUEST		request_8	1684169191579	1684169191591	OK	 
REQUEST		request_9	1684169191580	1684169191812	KO	status.find.in([200, 209], 304), found 400
REQUEST		request_10	1684169193814	1684169193897	OK	 
USER	flujoReusoCheckOut	START	1684169196248
REQUEST		request_0	1684169196247	1684169197407	OK	 
REQUEST		request_11	1684169198899	1684169198910	OK	 
REQUEST		request_12	1684169198912	1684169198984	OK	 
REQUEST		request_15	1684169198938	1684169199124	OK	 
REQUEST		request_13	1684169198913	1684169199129	OK	 
REQUEST		request_16	1684169198938	1684169199184	OK	 
REQUEST		request_14	1684169198937	1684169199215	OK	 
REQUEST		request_1	1684169199408	1684169199416	OK	 
REQUEST		request_5	1684169199417	1684169199425	OK	 
REQUEST		request_6	1684169199418	1684169199510	OK	 
REQUEST		request_17	1684169198913	1684169199582	OK	 
REQUEST		request_2	1684169199419	1684169199583	OK	 
REQUEST		request_4	1684169199419	1684169199632	KO	status.find.in([200, 209], 304), found 400
REQUEST		request_3	1684169199419	1684169199771	OK	 
REQUEST		request_7	1684169200773	1684169200782	OK	 
REQUEST		request_8	1684169200783	1684169200791	OK	 
REQUEST		request_9	1684169200783	1684169202599	KO	status.find.in([200, 209], 304), found 400
REQUEST		request_18	1684169202585	1684169202666	OK	 
REQUEST		request_37	1684169202668	1684169202810	OK	 
REQUEST		request_29	1684169202772	1684169203401	OK	 
REQUEST		request_28	1684169202771	1684169203403	OK	 
REQUEST		request_25	1684169202770	1684169203405	OK	 
REQUEST		request_30	1684169202772	1684169203408	OK	 
REQUEST		request_26	1684169202770	1684169203412	KO	status.find.in([200, 209], 304), found 400
REQUEST		request_35	1684169203408	1684169203575	OK	 
REQUEST		request_34	1684169203405	1684169204077	KO	status.find.in([200, 209], 304), found 400
REQUEST		request_36	1684169203412	1684169204077	KO	status.find.in([200, 209], 304), found 400
REQUEST		request_33	1684169203403	1684169204078	KO	status.find.in([200, 209], 304), found 400
REQUEST		request_20	1684169202723	1684169204078	KO	status.find.in([200, 209], 304), found 400
REQUEST		request_19	1684169202765	1684169204379	KO	status.find.in([200, 209], 304), found 400
REQUEST		request_31	1684169203401	1684169204615	KO	status.find.in([200, 209], 304), found 400
REQUEST		request_10	1684169204601	1684169204674	OK	 
USER	flujoReusoCheckOut	START	1684169206247
REQUEST		request_0	1684169206245	1684169206407	OK	 
REQUEST		request_1	1684169208409	1684169208417	OK	 
REQUEST		request_5	1684169208419	1684169208427	OK	 
REQUEST		request_6	1684169208420	1684169208510	OK	 
REQUEST		request_2	1684169208420	1684169208619	OK	 
REQUEST		request_3	1684169208421	1684169208643	OK	 
REQUEST		request_4	1684169208421	1684169208778	KO	status.find.in([200, 209], 304), found 400
REQUEST		request_11	1684169209677	1684169209689	OK	 
REQUEST		request_12	1684169209690	1684169209763	OK	 
REQUEST		request_7	1684169209780	1684169209788	OK	 
REQUEST		request_8	1684169209789	1684169209796	OK	 
REQUEST		request_13	1684169209692	1684169209844	OK	 
REQUEST		request_15	1684169209693	1684169209847	OK	 
REQUEST		request_16	1684169209693	1684169209855	OK	 
REQUEST		request_17	1684169209691	1684169209873	OK	 
REQUEST		request_14	1684169209693	1684169209884	OK	 
REQUEST		request_9	1684169209789	1684169210221	KO	status.find.in([200, 209], 304), found 400
REQUEST		request_10	1684169212224	1684169212300	OK	 
REQUEST		request_18	1684169212885	1684169212958	OK	 
REQUEST		request_37	1684169212960	1684169212994	OK	 
REQUEST		request_25	1684169212964	1684169213173	OK	 
REQUEST		request_28	1684169212965	1684169213221	OK	 
REQUEST		request_26	1684169212965	1684169213252	KO	status.find.in([200, 209], 304), found 400
REQUEST		request_29	1684169212967	1684169213297	OK	 
REQUEST		request_30	1684169212967	1684169213314	OK	 
REQUEST		request_33	1684169213221	1684169213346	KO	status.find.in([200, 209], 304), found 400
REQUEST		request_36	1684169213315	1684169213460	KO	status.find.in([200, 209], 304), found 400
REQUEST		request_35	1684169213297	1684169213483	OK	 
REQUEST		request_20	1684169212961	1684169213648	KO	status.find.in([200, 209], 304), found 400
REQUEST		request_31	1684169213174	1684169213908	KO	status.find.in([200, 209], 304), found 400
REQUEST		request_34	1684169213253	1684169213908	KO	status.find.in([200, 209], 304), found 400
REQUEST		request_19	1684169212962	1684169214522	KO	status.find.in([200, 209], 304), found 400
USER	flujoReusoCheckOut	START	1684169216248
REQUEST		request_0	1684169216247	1684169216437	OK	 
REQUEST		request_11	1684169217303	1684169217309	OK	 
REQUEST		request_12	1684169217311	1684169217379	OK	 
REQUEST		request_13	1684169217311	1684169217461	OK	 
REQUEST		request_15	1684169217312	1684169217463	OK	 
REQUEST		request_16	1684169217313	1684169217472	OK	 
REQUEST		request_14	1684169217312	1684169217497	OK	 
REQUEST		request_17	1684169217311	1684169217618	OK	 
REQUEST		request_1	1684169218439	1684169218448	OK	 
REQUEST		request_5	1684169218450	1684169218457	OK	 
REQUEST		request_6	1684169218450	1684169218541	OK	 
REQUEST		request_3	1684169218453	1684169218627	OK	 
REQUEST		request_2	1684169218452	1684169218652	OK	 
REQUEST		request_4	1684169218453	1684169219436	KO	status.find.in([200, 209], 304), found 400
REQUEST		request_7	1684169220438	1684169220448	OK	 
REQUEST		request_8	1684169220449	1684169220456	OK	 
REQUEST		request_9	1684169220449	1684169220612	KO	status.find.in([200, 209], 304), found 400
REQUEST		request_18	1684169220620	1684169220690	OK	 
REQUEST		request_37	1684169220692	1684169220730	OK	 
REQUEST		request_25	1684169220694	1684169220850	OK	 
REQUEST		request_29	1684169220696	1684169220864	OK	 
REQUEST		request_33	1684169220865	1684169220960	KO	status.find.in([200, 209], 304), found 400
REQUEST		request_31	1684169220850	1684169220961	KO	status.find.in([200, 209], 304), found 400
REQUEST		request_26	1684169220695	1684169220975	KO	status.find.in([200, 209], 304), found 400
REQUEST		request_30	1684169220696	1684169221008	OK	 
REQUEST		request_28	1684169220695	1684169221070	OK	 
REQUEST		request_35	1684169220962	1684169221105	OK	 
REQUEST		request_36	1684169220976	1684169221108	KO	status.find.in([200, 209], 304), found 400
REQUEST		request_34	1684169220960	1684169221153	KO	status.find.in([200, 209], 304), found 400
REQUEST		request_20	1684169220693	1684169221593	KO	status.find.in([200, 209], 304), found 400
REQUEST		request_19	1684169220693	1684169221593	KO	status.find.in([200, 209], 304), found 400
REQUEST		request_10	1684169222615	1684169222694	OK	 
USER	flujoReusoCheckOut	START	1684169226248
REQUEST		request_0	1684169226247	1684169226503	OK	 
REQUEST		request_11	1684169227697	1684169227710	OK	 
REQUEST		request_12	1684169227711	1684169227786	OK	 
REQUEST		request_13	1684169227712	1684169227862	OK	 
REQUEST		request_15	1684169227712	1684169227868	OK	 
REQUEST		request_17	1684169227711	1684169227883	OK	 
REQUEST		request_16	1684169227713	1684169227885	OK	 
REQUEST		request_14	1684169227712	1684169227901	OK	 
REQUEST		request_1	1684169228505	1684169228514	OK	 
REQUEST		request_5	1684169228515	1684169228524	OK	 
REQUEST		request_6	1684169228516	1684169228607	OK	 
REQUEST		request_2	1684169228516	1684169228676	OK	 
REQUEST		request_3	1684169228517	1684169228685	OK	 
REQUEST		request_4	1684169228517	1684169228791	KO	status.find.in([200, 209], 304), found 400
REQUEST		request_7	1684169229793	1684169229804	OK	 
REQUEST		request_8	1684169229805	1684169229812	OK	 
REQUEST		request_9	1684169229805	1684169229911	KO	status.find.in([200, 209], 304), found 400
REQUEST		request_18	1684169230903	1684169230977	OK	 
REQUEST		request_37	1684169230979	1684169231015	OK	 
REQUEST		request_30	1684169230982	1684169231157	OK	 
REQUEST		request_28	1684169230981	1684169231194	OK	 
REQUEST		request_29	1684169230982	1684169231195	OK	 
REQUEST		request_25	1684169230981	1684169231196	OK	 
REQUEST		request_20	1684169230979	1684169231251	KO	status.find.in([200, 209], 304), found 400
REQUEST		request_33	1684169231194	1684169231332	KO	status.find.in([200, 209], 304), found 400
REQUEST		request_35	1684169231196	1684169231345	OK	 
REQUEST		request_26	1684169230981	1684169231404	KO	status.find.in([200, 209], 304), found 400
REQUEST		request_34	1684169231196	1684169231411	KO	status.find.in([200, 209], 304), found 400
REQUEST		request_36	1684169231332	1684169231490	KO	status.find.in([200, 209], 304), found 400
REQUEST		request_31	1684169231158	1684169231498	KO	status.find.in([200, 209], 304), found 400
REQUEST		request_10	1684169231912	1684169231990	OK	 
REQUEST		request_19	1684169230980	1684169232640	KO	status.find.in([200, 209], 304), found 400
USER	flujoReusoCheckOut	START	1684169236248
REQUEST		request_0	1684169236247	1684169236439	OK	 
REQUEST		request_11	1684169236992	1684169237001	OK	 
REQUEST		request_12	1684169237001	1684169237100	OK	 
REQUEST		request_15	1684169237004	1684169237169	OK	 
REQUEST		request_17	1684169237002	1684169237170	OK	 
REQUEST		request_13	1684169237002	1684169237174	OK	 
REQUEST		request_16	1684169237004	1684169237184	OK	 
REQUEST		request_14	1684169237004	1684169237207	OK	 
REQUEST		request_1	1684169238441	1684169238452	OK	 
REQUEST		request_5	1684169238453	1684169238463	OK	 
REQUEST		request_6	1684169238454	1684169238540	OK	 
REQUEST		request_4	1684169238455	1684169238592	KO	status.find.in([200, 209], 304), found 400
REQUEST		request_3	1684169238455	1684169238626	OK	 
REQUEST		request_2	1684169238455	1684169238641	OK	 
REQUEST		request_7	1684169239643	1684169239652	OK	 
REQUEST		request_8	1684169239653	1684169239661	OK	 
REQUEST		request_9	1684169239653	1684169239757	KO	status.find.in([200, 209], 304), found 400
REQUEST		request_18	1684169240208	1684169240282	OK	 
REQUEST		request_37	1684169240283	1684169240319	OK	 
REQUEST		request_26	1684169240288	1684169240418	KO	status.find.in([200, 209], 304), found 400
REQUEST		request_25	1684169240288	1684169240457	OK	 
REQUEST		request_20	1684169240286	1684169240466	KO	status.find.in([200, 209], 304), found 400
REQUEST		request_30	1684169240289	1684169240479	OK	 
REQUEST		request_29	1684169240289	1684169240480	OK	 
REQUEST		request_28	1684169240289	1684169240496	OK	 
REQUEST		request_31	1684169240419	1684169240551	KO	status.find.in([200, 209], 304), found 400
REQUEST		request_33	1684169240457	1684169240572	KO	status.find.in([200, 209], 304), found 400
REQUEST		request_36	1684169240496	1684169240611	KO	status.find.in([200, 209], 304), found 400
REQUEST		request_35	1684169240481	1684169240647	OK	 
REQUEST		request_34	1684169240480	1684169240694	KO	status.find.in([200, 209], 304), found 400
REQUEST		request_19	1684169240287	1684169240741	KO	status.find.in([200, 209], 304), found 400
REQUEST		request_10	1684169241758	1684169241833	OK	 
USER	flujoReusoCheckOut	START	1684169246248
REQUEST		request_0	1684169246247	1684169246404	OK	 
REQUEST		request_11	1684169246834	1684169246843	OK	 
REQUEST		request_12	1684169246844	1684169246917	OK	 
REQUEST		request_15	1684169246846	1684169247003	OK	 
REQUEST		request_13	1684169246845	1684169247012	OK	 
REQUEST		request_16	1684169246846	1684169247013	OK	 
REQUEST		request_17	1684169246844	1684169247014	OK	 
REQUEST		request_14	1684169246846	1684169247028	OK	 
REQUEST		request_1	1684169248405	1684169248414	OK	 
REQUEST		request_5	1684169248415	1684169248428	OK	 
REQUEST		request_6	1684169248416	1684169248508	OK	 
REQUEST		request_4	1684169248419	1684169248577	KO	status.find.in([200, 209], 304), found 400
REQUEST		request_3	1684169248419	1684169248600	OK	 
REQUEST		request_2	1684169248416	1684169248647	OK	 
REQUEST		request_7	1684169249649	1684169249657	OK	 
REQUEST		request_8	1684169249658	1684169249671	OK	 
REQUEST		request_18	1684169250029	1684169250101	OK	 
REQUEST		request_9	1684169249658	1684169250119	KO	status.find.in([200, 209], 304), found 400
REQUEST		request_37	1684169250103	1684169250152	OK	 
REQUEST		request_26	1684169250105	1684169250234	KO	status.find.in([200, 209], 304), found 400
REQUEST		request_25	1684169250104	1684169250277	OK	 
REQUEST		request_29	1684169250106	1684169250321	OK	 
REQUEST		request_30	1684169250106	1684169250332	OK	 
REQUEST		request_31	1684169250235	1684169250338	KO	status.find.in([200, 209], 304), found 400
REQUEST		request_20	1684169250103	1684169250339	KO	status.find.in([200, 209], 304), found 400
REQUEST		request_28	1684169250105	1684169250349	OK	 
REQUEST		request_19	1684169250104	1684169250358	KO	status.find.in([200, 209], 304), found 400
REQUEST		request_33	1684169250277	1684169250390	KO	status.find.in([200, 209], 304), found 400
REQUEST		request_34	1684169250321	1684169250425	KO	status.find.in([200, 209], 304), found 400
REQUEST		request_36	1684169250338	1684169250461	KO	status.find.in([200, 209], 304), found 400
REQUEST		request_35	1684169250333	1684169250479	OK	 
REQUEST		request_10	1684169252120	1684169252196	OK	 
USER	flujoReusoCheckOut	START	1684169256249
REQUEST		request_0	1684169256247	1684169256743	OK	 
REQUEST		request_11	1684169257198	1684169257207	OK	 
REQUEST		request_12	1684169257208	1684169257278	OK	 
REQUEST		request_13	1684169257208	1684169257365	OK	 
REQUEST		request_15	1684169257209	1684169257366	OK	 
REQUEST		request_16	1684169257210	1684169257384	OK	 
REQUEST		request_17	1684169257208	1684169257387	OK	 
REQUEST		request_14	1684169257209	1684169257754	OK	 
REQUEST		request_1	1684169258745	1684169258757	OK	 
REQUEST		request_5	1684169258758	1684169258767	OK	 
REQUEST		request_6	1684169258758	1684169258845	OK	 
REQUEST		request_3	1684169258760	1684169258930	OK	 
REQUEST		request_2	1684169258759	1684169259027	OK	 
REQUEST		request_4	1684169258760	1684169259055	KO	status.find.in([200, 209], 304), found 400
REQUEST		request_7	1684169260057	1684169260067	OK	 
REQUEST		request_8	1684169260068	1684169260076	OK	 
REQUEST		request_9	1684169260068	1684169260534	KO	status.find.in([200, 209], 304), found 400
REQUEST		request_18	1684169260757	1684169260826	OK	 
REQUEST		request_37	1684169260828	1684169260858	OK	 
REQUEST		request_20	1684169260828	1684169260989	KO	status.find.in([200, 209], 304), found 400
REQUEST		request_25	1684169260829	1684169260995	OK	 
REQUEST		request_19	1684169260829	1684169261014	KO	status.find.in([200, 209], 304), found 400
REQUEST		request_30	1684169260830	1684169261015	OK	 
REQUEST		request_29	1684169260830	1684169261035	OK	 
REQUEST		request_28	1684169260830	1684169261115	OK	 
REQUEST		request_33	1684169261014	1684169261124	KO	status.find.in([200, 209], 304), found 400
REQUEST		request_34	1684169261015	1684169261125	KO	status.find.in([200, 209], 304), found 400
REQUEST		request_31	1684169260995	1684169261170	KO	status.find.in([200, 209], 304), found 400
REQUEST		request_35	1684169261035	1684169261182	OK	 
REQUEST		request_26	1684169260829	1684169261205	KO	status.find.in([200, 209], 304), found 400
REQUEST		request_36	1684169261115	1684169261232	KO	status.find.in([200, 209], 304), found 400
REQUEST		request_10	1684169262536	1684169262607	OK	 
USER	flujoReusoCheckOut	START	1684169266248
REQUEST		request_0	1684169266247	1684169266779	OK	 
REQUEST		request_11	1684169267608	1684169268591	OK	 
REQUEST		request_1	1684169268779	1684169268973	OK	 
REQUEST		request_12	1684169268592	1684169268974	OK	 
REQUEST		request_17	1684169268592	1684169268976	OK	 
REQUEST		request_5	1684169268974	1684169268979	OK	 
REQUEST		request_15	1684169268594	1684169269050	OK	 
REQUEST		request_13	1684169268592	1684169269060	OK	 
REQUEST		request_16	1684169268595	1684169269064	OK	 
REQUEST		request_6	1684169268974	1684169269068	OK	 
REQUEST		request_14	1684169268594	1684169269072	OK	 
REQUEST		request_2	1684169268975	1684169269160	OK	 
REQUEST		request_3	1684169268975	1684169269162	OK	 
REQUEST		request_4	1684169268976	1684169269361	KO	status.find.in([200, 209], 304), found 400
REQUEST		request_7	1684169270363	1684169270376	OK	 
REQUEST		request_8	1684169270377	1684169270384	OK	 
REQUEST		request_9	1684169270377	1684169270496	KO	status.find.in([200, 209], 304), found 400
REQUEST		request_18	1684169272074	1684169272146	OK	 
REQUEST		request_37	1684169272147	1684169272203	OK	 
REQUEST		request_25	1684169272152	1684169272311	OK	 
REQUEST		request_20	1684169272150	1684169272327	KO	status.find.in([200, 209], 304), found 400
REQUEST		request_28	1684169272153	1684169272337	OK	 
REQUEST		request_29	1684169272153	1684169272338	OK	 
REQUEST		request_26	1684169272152	1684169272356	KO	status.find.in([200, 209], 304), found 400
REQUEST		request_30	1684169272154	1684169272427	OK	 
REQUEST		request_34	1684169272338	1684169272444	KO	status.find.in([200, 209], 304), found 400
REQUEST		request_33	1684169272337	1684169272450	KO	status.find.in([200, 209], 304), found 400
REQUEST		request_31	1684169272311	1684169272454	KO	status.find.in([200, 209], 304), found 400
REQUEST		request_35	1684169272357	1684169272510	OK	 
REQUEST		request_19	1684169272152	1684169272519	KO	status.find.in([200, 209], 304), found 400
REQUEST		request_36	1684169272427	1684169272563	KO	status.find.in([200, 209], 304), found 400
REQUEST		request_10	1684169272497	1684169273157	OK	 
USER	flujoReusoCheckOut	START	1684169276248
REQUEST		request_0	1684169276247	1684169276411	OK	 
REQUEST		request_11	1684169278159	1684169278169	OK	 
REQUEST		request_12	1684169278170	1684169278243	OK	 
REQUEST		request_15	1684169278172	1684169278320	OK	 
REQUEST		request_13	1684169278171	1684169278325	OK	 
REQUEST		request_16	1684169278172	1684169278721	OK	 
REQUEST		request_17	1684169278171	1684169278721	OK	 
REQUEST		request_1	1684169278412	1684169278721	OK	 
REQUEST		request_14	1684169278171	1684169278728	OK	 
REQUEST		request_5	1684169278722	1684169278769	OK	 
REQUEST		request_6	1684169278722	1684169278853	OK	 
REQUEST		request_3	1684169278768	1684169278930	OK	 
REQUEST		request_2	1684169278723	1684169278946	OK	 
REQUEST		request_4	1684169278768	1684169279180	KO	status.find.in([200, 209], 304), found 400
REQUEST		request_7	1684169280182	1684169280194	OK	 
REQUEST		request_8	1684169280195	1684169280203	OK	 
REQUEST		request_9	1684169280195	1684169280304	KO	status.find.in([200, 209], 304), found 400
REQUEST		request_18	1684169281729	1684169281854	OK	 
REQUEST		request_37	1684169281855	1684169281902	OK	 
REQUEST		request_26	1684169281857	1684169281999	KO	status.find.in([200, 209], 304), found 400
REQUEST		request_25	1684169281857	1684169282011	OK	 
REQUEST		request_29	1684169281858	1684169282059	OK	 
REQUEST		request_28	1684169281857	1684169282059	OK	 
REQUEST		request_30	1684169281858	1684169282060	OK	 
REQUEST		request_20	1684169281856	1684169282061	KO	status.find.in([200, 209], 304), found 400
REQUEST		request_19	1684169281856	1684169282101	KO	status.find.in([200, 209], 304), found 400
REQUEST		request_31	1684169281999	1684169282103	KO	status.find.in([200, 209], 304), found 400
REQUEST		request_33	1684169282012	1684169282121	KO	status.find.in([200, 209], 304), found 400
REQUEST		request_34	1684169282059	1684169282168	KO	status.find.in([200, 209], 304), found 400
REQUEST		request_36	1684169282060	1684169282178	KO	status.find.in([200, 209], 304), found 400
REQUEST		request_35	1684169282060	1684169282209	OK	 
REQUEST		request_10	1684169282305	1684169282386	OK	 
REQUEST		request_11	1684169287389	1684169287400	OK	 
REQUEST		request_12	1684169287401	1684169287473	OK	 
REQUEST		request_17	1684169287402	1684169287556	OK	 
REQUEST		request_15	1684169287403	1684169287571	OK	 
REQUEST		request_13	1684169287402	1684169287572	OK	 
REQUEST		request_16	1684169287403	1684169287582	OK	 
REQUEST		request_14	1684169287403	1684169287612	OK	 
REQUEST		request_18	1684169290614	1684169290687	OK	 
REQUEST		request_37	1684169290688	1684169290722	OK	 
REQUEST		request_20	1684169290689	1684169290847	KO	status.find.in([200, 209], 304), found 400
REQUEST		request_25	1684169290690	1684169290856	OK	 
REQUEST		request_28	1684169290690	1684169290857	OK	 
REQUEST		request_30	1684169290692	1684169290867	OK	 
REQUEST		request_19	1684169290689	1684169290880	KO	status.find.in([200, 209], 304), found 400
REQUEST		request_29	1684169290691	1684169290893	OK	 
REQUEST		request_31	1684169290856	1684169290982	KO	status.find.in([200, 209], 304), found 400
REQUEST		request_33	1684169290857	1684169290998	KO	status.find.in([200, 209], 304), found 400
REQUEST		request_36	1684169290893	1684169290999	KO	status.find.in([200, 209], 304), found 400
REQUEST		request_35	1684169290880	1684169291034	OK	 
REQUEST		request_26	1684169290690	1684169291069	KO	status.find.in([200, 209], 304), found 400
REQUEST		request_34	1684169290867	1684169291232	KO	status.find.in([200, 209], 304), found 400
REQUEST		request_39	1684169308617	1684169308977	OK	 
REQUEST		request_63	1684169309022	1684169309284	OK	 
REQUEST		request_62	1684169309147	1684169309333	KO	status.find.in([200, 209], 304), found 400
REQUEST		request_61	1684169309001	1684169309347	OK	 
REQUEST		request_59	1684169309147	1684169309419	KO	status.find.in([200, 209], 304), found 400
REQUEST		request_52	1684169309145	1684169309427	OK	 
REQUEST		request_60	1684169309147	1684169309427	OK	 
REQUEST		request_53	1684169309146	1684169309444	KO	status.find.in([200, 209], 304), found 400
REQUEST		request_50	1684169308980	1684169309446	OK	 
REQUEST		request_44	1684169309189	1684169309446	OK	 
REQUEST		request_40	1684169309188	1684169309447	OK	 
REQUEST		request_64	1684169309333	1684169309470	OK	 
REQUEST		request_45	1684169309189	1684169309480	OK	 
REQUEST		request_58	1684169309147	1684169309558	OK	 
REQUEST		request_65	1684169309419	1684169309599	KO	status.find.in([200, 209], 304), found 400
REQUEST		request_49	1684169309105	1684169310094	OK	 
REQUEST		request_56	1684169309064	1684169310109	OK	 
REQUEST		request_46	1684169309105	1684169310280	OK	 
REQUEST		request_48	1684169309064	1684169310330	OK	 
REQUEST		request_47	1684169309147	1684169310345	OK	 
REQUEST		request_54	1684169309022	1684169310455	OK	 
REQUEST		request_66	1684169313457	1684169313607	OK	 
REQUEST		request_69	1684169313609	1684169313618	OK	 
REQUEST		request_74	1684169317620	1684169317985	OK	 
REQUEST		request_76	1684169317986	1684169317994	OK	 
REQUEST		request_75	1684169317986	1684169318487	KO	status.find.in([200, 209], 304), found 400
REQUEST		request_39	1684169318524	1684169318834	OK	 
REQUEST		request_63	1684169318836	1684169318928	OK	 
REQUEST		request_40	1684169318841	1684169318987	OK	 
REQUEST		request_61	1684169318835	1684169318996	OK	 
REQUEST		request_62	1684169318840	1684169319003	KO	status.find.in([200, 209], 304), found 400
REQUEST		request_60	1684169318840	1684169319038	OK	 
REQUEST		request_50	1684169318835	1684169319043	OK	 
REQUEST		request_52	1684169318838	1684169319052	OK	 
REQUEST		request_58	1684169318839	1684169319073	OK	 
REQUEST		request_44	1684169318841	1684169319091	OK	 
REQUEST		request_49	1684169318837	1684169319108	OK	 
REQUEST		request_46	1684169318837	1684169319111	OK	 
REQUEST		request_45	1684169318841	1684169319132	OK	 
REQUEST		request_65	1684169319039	1684169319143	KO	status.find.in([200, 209], 304), found 400
REQUEST		request_64	1684169319003	1684169319166	OK	 
REQUEST		request_59	1684169318839	1684169319187	KO	status.find.in([200, 209], 304), found 400
REQUEST		request_53	1684169318839	1684169319193	KO	status.find.in([200, 209], 304), found 400
REQUEST		request_56	1684169318836	1684169319289	OK	 
REQUEST		request_47	1684169318840	1684169319306	OK	 
REQUEST		request_48	1684169318837	1684169319325	OK	 
REQUEST		request_54	1684169318836	1684169319364	OK	 
REQUEST		request_79	1684169320489	1684169320649	OK	 
REQUEST		request_80	1684169320649	1684169320773	KO	status.find.in([200, 209], 304), found 400
REQUEST		request_81	1684169321774	1684169321926	OK	 
REQUEST		request_82	1684169321926	1684169322350	KO	status.find.in([200, 209], 304), found 400
REQUEST		request_66	1684169322366	1684169322518	OK	 
REQUEST		request_69	1684169322519	1684169322528	OK	 
REQUEST		request_83	1684169324352	1684169324493	OK	 
REQUEST		request_84	1684169324494	1684169324611	KO	status.find.in([200, 209], 304), found 400
REQUEST		request_39	1684169325595	1684169326038	OK	 
REQUEST		request_63	1684169326041	1684169326144	OK	 
REQUEST		request_40	1684169326044	1684169326161	OK	 
REQUEST		request_59	1684169326043	1684169326208	KO	status.find.in([200, 209], 304), found 400
REQUEST		request_53	1684169326042	1684169326208	KO	status.find.in([200, 209], 304), found 400
REQUEST		request_61	1684169326040	1684169326211	OK	 
REQUEST		request_62	1684169326043	1684169326215	KO	status.find.in([200, 209], 304), found 400
REQUEST		request_45	1684169326044	1684169326227	OK	 
REQUEST		request_60	1684169326043	1684169326229	OK	 
REQUEST		request_52	1684169326042	1684169326233	OK	 
REQUEST		request_50	1684169326040	1684169326282	OK	 
REQUEST		request_58	1684169326043	1684169326294	OK	 
REQUEST		request_44	1684169326044	1684169326306	OK	 
REQUEST		request_65	1684169326208	1684169326313	KO	status.find.in([200, 209], 304), found 400
REQUEST		request_64	1684169326208	1684169326342	OK	 
REQUEST		request_56	1684169326041	1684169326387	OK	 
REQUEST		request_48	1684169326041	1684169326437	OK	 
REQUEST		request_46	1684169326042	1684169326437	OK	 
REQUEST		request_47	1684169326044	1684169326444	OK	 
REQUEST		request_54	1684169326041	1684169326488	OK	 
REQUEST		request_49	1684169326042	1684169326508	OK	 
REQUEST		request_74	1684169326531	1684169326700	OK	 
REQUEST		request_76	1684169326701	1684169326710	OK	 
REQUEST		request_85	1684169326614	1684169326757	OK	 
REQUEST		request_75	1684169326701	1684169326870	KO	status.find.in([200, 209], 304), found 400
REQUEST		request_86	1684169326758	1684169326871	KO	status.find.in([200, 209], 304), found 400
REQUEST		request_79	1684169328871	1684169329057	OK	 
REQUEST		request_87	1684169328872	1684169329304	OK	 
REQUEST		request_80	1684169329058	1684169329304	KO	status.find.in([200, 209], 304), found 400
REQUEST		request_89	1684169329305	1684169329817	OK	 
REQUEST		request_88	1684169329305	1684169329818	KO	status.find.in([200, 209], 304), found 400
REQUEST		request_66	1684169329511	1684169329818	OK	 
REQUEST		request_90	1684169329305	1684169329818	KO	status.find.in([200, 209], 304), found 400
REQUEST		request_69	1684169329819	1684169329826	OK	 
REQUEST		request_81	1684169330306	1684169330491	OK	 
REQUEST		request_82	1684169330491	1684169330595	KO	status.find.in([200, 209], 304), found 400
REQUEST		request_91	1684169330820	1684169331015	OK	 
REQUEST		request_92	1684169331016	1684169331227	KO	status.find.in([200, 209], 304), found 400
REQUEST		request_93	1684169332229	1684169332499	OK	 
REQUEST		request_99	1684169332500	1684169332552	OK	 
REQUEST		request_95	1684169332501	1684169332618	KO	status.find.in([200, 209], 304), found 400
REQUEST		request_102	1684169332508	1684169332635	KO	status.find.in([200, 209], 304), found 400
REQUEST		request_101	1684169332508	1684169332651	OK	 
REQUEST		request_98	1684169332551	1684169332729	OK	 
REQUEST		request_83	1684169332597	1684169332750	OK	 
REQUEST		request_97	1684169332550	1684169332765	OK	 
REQUEST		request_100	1684169332551	1684169332786	OK	 
REQUEST		request_94	1684169332508	1684169332844	OK	 
USER	flujoReusoCheckOut	END	1684169332849
REQUEST		request_84	1684169332751	1684169333263	KO	status.find.in([200, 209], 304), found 400
REQUEST		request_74	1684169333829	1684169333983	OK	 
REQUEST		request_76	1684169333983	1684169333992	OK	 
REQUEST		request_75	1684169333984	1684169334097	KO	status.find.in([200, 209], 304), found 400
REQUEST		request_85	1684169335265	1684169335432	OK	 
REQUEST		request_86	1684169335433	1684169335537	KO	status.find.in([200, 209], 304), found 400
REQUEST		request_79	1684169336099	1684169336255	OK	 
REQUEST		request_80	1684169336256	1684169336356	KO	status.find.in([200, 209], 304), found 400
REQUEST		request_39	1684169336642	1684169337363	OK	 
REQUEST		request_63	1684169337365	1684169337463	OK	 
REQUEST		request_81	1684169337357	1684169337503	OK	 
REQUEST		request_59	1684169337367	1684169337518	KO	status.find.in([200, 209], 304), found 400
REQUEST		request_46	1684169337366	1684169337521	OK	 
REQUEST		request_61	1684169337364	1684169337525	OK	 
REQUEST		request_62	1684169337368	1684169337540	KO	status.find.in([200, 209], 304), found 400
REQUEST		request_58	1684169337367	1684169337547	OK	 
REQUEST		request_56	1684169337365	1684169337559	OK	 
REQUEST		request_52	1684169337367	1684169337560	OK	 
REQUEST		request_54	1684169337365	1684169337570	OK	 
REQUEST		request_50	1684169337364	1684169337574	OK	 
REQUEST		request_44	1684169337368	1684169337623	OK	 
REQUEST		request_60	1684169337368	1684169337632	OK	 
REQUEST		request_40	1684169337368	1684169337637	OK	 
REQUEST		request_49	1684169337366	1684169337639	OK	 
REQUEST		request_82	1684169337504	1684169337643	KO	status.find.in([200, 209], 304), found 400
REQUEST		request_47	1684169337368	1684169337651	OK	 
REQUEST		request_45	1684169337369	1684169337653	OK	 
REQUEST		request_48	1684169337365	1684169337657	OK	 
REQUEST		request_65	1684169337541	1684169337657	KO	status.find.in([200, 209], 304), found 400
REQUEST		request_53	1684169337367	1684169337672	KO	status.find.in([200, 209], 304), found 400
REQUEST		request_64	1684169337518	1684169337689	OK	 
REQUEST		request_87	1684169337539	1684169337750	OK	 
REQUEST		request_90	1684169337751	1684169337850	KO	status.find.in([200, 209], 304), found 400
REQUEST		request_89	1684169337751	1684169337904	OK	 
REQUEST		request_88	1684169337750	1684169337997	KO	status.find.in([200, 209], 304), found 400
REQUEST		request_91	1684169338999	1684169339161	OK	 
REQUEST		request_92	1684169339162	1684169339604	KO	status.find.in([200, 209], 304), found 400
REQUEST		request_83	1684169339645	1684169339792	OK	 
REQUEST		request_84	1684169339793	1684169339891	KO	status.find.in([200, 209], 304), found 400
REQUEST		request_93	1684169340605	1684169340749	OK	 
REQUEST		request_99	1684169340750	1684169340760	OK	 
REQUEST		request_102	1684169340751	1684169340848	KO	status.find.in([200, 209], 304), found 400
REQUEST		request_66	1684169340692	1684169340860	OK	 
REQUEST		request_98	1684169340752	1684169340864	OK	 
REQUEST		request_69	1684169340861	1684169340869	OK	 
REQUEST		request_97	1684169340752	1684169340880	OK	 
REQUEST		request_94	1684169340751	1684169340899	OK	 
REQUEST		request_101	1684169340751	1684169340899	OK	 
REQUEST		request_100	1684169340753	1684169340943	OK	 
REQUEST		request_95	1684169340750	1684169340980	KO	status.find.in([200, 209], 304), found 400
USER	flujoReusoCheckOut	END	1684169340983
REQUEST		request_85	1684169341894	1684169342551	OK	 
REQUEST		request_86	1684169342552	1684169343135	KO	status.find.in([200, 209], 304), found 400
REQUEST		request_74	1684169344871	1684169345050	OK	 
REQUEST		request_39	1684169344742	1684169345056	OK	 
REQUEST		request_76	1684169345050	1684169345059	OK	 
REQUEST		request_63	1684169345061	1684169345153	OK	 
REQUEST		request_75	1684169345051	1684169345159	KO	status.find.in([200, 209], 304), found 400
REQUEST		request_46	1684169345064	1684169345218	OK	 
REQUEST		request_53	1684169345066	1684169345218	KO	status.find.in([200, 209], 304), found 400
REQUEST		request_61	1684169345060	1684169345221	OK	 
REQUEST		request_62	1684169345067	1684169345221	KO	status.find.in([200, 209], 304), found 400
REQUEST		request_59	1684169345067	1684169345240	KO	status.find.in([200, 209], 304), found 400
REQUEST		request_52	1684169345065	1684169345255	OK	 
REQUEST		request_50	1684169345058	1684169345270	OK	 
REQUEST		request_49	1684169345064	1684169345279	OK	 
REQUEST		request_58	1684169345067	1684169345279	OK	 
REQUEST		request_87	1684169345137	1684169345300	OK	 
REQUEST		request_48	1684169345062	1684169345302	OK	 
REQUEST		request_54	1684169345061	1684169345307	OK	 
REQUEST		request_40	1684169345069	1684169345314	OK	 
REQUEST		request_47	1684169345067	1684169345320	OK	 
REQUEST		request_65	1684169345221	1684169345325	KO	status.find.in([200, 209], 304), found 400
REQUEST		request_44	1684169345069	1684169345330	OK	 
REQUEST		request_60	1684169345067	1684169345357	OK	 
REQUEST		request_45	1684169345069	1684169345389	OK	 
REQUEST		request_64	1684169345218	1684169345396	OK	 
REQUEST		request_88	1684169345300	1684169345406	KO	status.find.in([200, 209], 304), found 400
REQUEST		request_56	1684169345062	1684169345429	OK	 
REQUEST		request_89	1684169345301	1684169345457	OK	 
REQUEST		request_90	1684169345301	1684169345461	KO	status.find.in([200, 209], 304), found 400
REQUEST		request_91	1684169346463	1684169346610	OK	 
REQUEST		request_92	1684169346610	1684169346735	KO	status.find.in([200, 209], 304), found 400
REQUEST		request_79	1684169347161	1684169347352	OK	 
REQUEST		request_80	1684169347352	1684169347461	KO	status.find.in([200, 209], 304), found 400
REQUEST		request_93	1684169347737	1684169347898	OK	 
REQUEST		request_99	1684169347898	1684169347905	OK	 
REQUEST		request_102	1684169347900	1684169348003	KO	status.find.in([200, 209], 304), found 400
REQUEST		request_101	1684169347899	1684169348046	OK	 
REQUEST		request_98	1684169347901	1684169348062	OK	 
REQUEST		request_94	1684169347900	1684169348089	OK	 
REQUEST		request_97	1684169347901	1684169348099	OK	 
REQUEST		request_100	1684169347901	1684169348147	OK	 
REQUEST		request_95	1684169347899	1684169348173	KO	status.find.in([200, 209], 304), found 400
USER	flujoReusoCheckOut	END	1684169348176
REQUEST		request_66	1684169348431	1684169348593	OK	 
REQUEST		request_81	1684169348462	1684169348602	OK	 
REQUEST		request_69	1684169348594	1684169348602	OK	 
REQUEST		request_82	1684169348602	1684169348730	KO	status.find.in([200, 209], 304), found 400
REQUEST		request_83	1684169350733	1684169350887	OK	 
REQUEST		request_84	1684169350888	1684169351005	KO	status.find.in([200, 209], 304), found 400
REQUEST		request_74	1684169352603	1684169352759	OK	 
REQUEST		request_76	1684169352759	1684169352767	OK	 
REQUEST		request_75	1684169352760	1684169352889	KO	status.find.in([200, 209], 304), found 400
REQUEST		request_85	1684169353006	1684169353380	OK	 
REQUEST		request_86	1684169353381	1684169353481	KO	status.find.in([200, 209], 304), found 400
REQUEST		request_39	1684169354480	1684169354725	OK	 
REQUEST		request_63	1684169354728	1684169354821	OK	 
REQUEST		request_53	1684169354730	1684169354859	KO	status.find.in([200, 209], 304), found 400
REQUEST		request_46	1684169354729	1684169354864	OK	 
REQUEST		request_62	1684169354731	1684169354881	KO	status.find.in([200, 209], 304), found 400
REQUEST		request_61	1684169354728	1684169354885	OK	 
REQUEST		request_56	1684169354728	1684169354894	OK	 
REQUEST		request_58	1684169354730	1684169354905	OK	 
REQUEST		request_48	1684169354729	1684169354929	OK	 
REQUEST		request_54	1684169354728	1684169354929	OK	 
REQUEST		request_50	1684169354727	1684169354930	OK	 
REQUEST		request_49	1684169354729	1684169354934	OK	 
REQUEST		request_52	1684169354729	1684169354934	OK	 
REQUEST		request_40	1684169354731	1684169355524	OK	 
REQUEST		request_79	1684169354890	1684169355524	OK	 
REQUEST		request_59	1684169354730	1684169355524	KO	status.find.in([200, 209], 304), found 400
REQUEST		request_64	1684169354859	1684169355524	OK	 
REQUEST		request_45	1684169354732	1684169355525	OK	 
REQUEST		request_60	1684169354731	1684169355525	OK	 
REQUEST		request_44	1684169354732	1684169355525	OK	 
REQUEST		request_65	1684169354881	1684169355525	KO	status.find.in([200, 209], 304), found 400
REQUEST		request_47	1684169354731	1684169355577	OK	 
REQUEST		request_87	1684169355482	1684169355640	OK	 
REQUEST		request_89	1684169355640	1684169356158	OK	 
REQUEST		request_88	1684169355640	1684169356158	KO	status.find.in([200, 209], 304), found 400
REQUEST		request_90	1684169355640	1684169356158	KO	status.find.in([200, 209], 304), found 400
REQUEST		request_80	1684169355525	1684169356159	KO	status.find.in([200, 209], 304), found 400
REQUEST		request_91	1684169357161	1684169357304	OK	 
REQUEST		request_81	1684169357161	1684169357313	OK	 
REQUEST		request_92	1684169357304	1684169357419	KO	status.find.in([200, 209], 304), found 400
REQUEST		request_82	1684169357313	1684169357420	KO	status.find.in([200, 209], 304), found 400
REQUEST		request_93	1684169358421	1684169358557	OK	 
REQUEST		request_99	1684169358558	1684169358565	OK	 
REQUEST		request_102	1684169358559	1684169358657	KO	status.find.in([200, 209], 304), found 400
REQUEST		request_97	1684169358559	1684169358668	OK	 
REQUEST		request_98	1684169358560	1684169358679	OK	 
REQUEST		request_95	1684169358558	1684169358680	KO	status.find.in([200, 209], 304), found 400
REQUEST		request_100	1684169358560	1684169358683	OK	 
REQUEST		request_94	1684169358559	1684169358713	OK	 
REQUEST		request_101	1684169358558	1684169358720	OK	 
USER	flujoReusoCheckOut	END	1684169358723
REQUEST		request_66	1684169358578	1684169358726	OK	 
REQUEST		request_69	1684169358726	1684169358734	OK	 
REQUEST		request_83	1684169359423	1684169359581	OK	 
REQUEST		request_84	1684169359582	1684169359802	KO	status.find.in([200, 209], 304), found 400
REQUEST		request_85	1684169361804	1684169361948	OK	 
REQUEST		request_86	1684169361949	1684169362063	KO	status.find.in([200, 209], 304), found 400
REQUEST		request_74	1684169362736	1684169363211	OK	 
REQUEST		request_76	1684169363211	1684169363222	OK	 
REQUEST		request_75	1684169363211	1684169363329	KO	status.find.in([200, 209], 304), found 400
REQUEST		request_87	1684169364065	1684169364217	OK	 
REQUEST		request_88	1684169364218	1684169364322	KO	status.find.in([200, 209], 304), found 400
REQUEST		request_90	1684169364219	1684169364340	KO	status.find.in([200, 209], 304), found 400
REQUEST		request_89	1684169364218	1684169364392	OK	 
REQUEST		request_39	1684169365233	1684169365471	OK	 
REQUEST		request_91	1684169365394	1684169365550	OK	 
REQUEST		request_63	1684169365476	1684169365581	OK	 
REQUEST		request_44	1684169365480	1684169365600	OK	 
REQUEST		request_62	1684169365479	1684169365617	KO	status.find.in([200, 209], 304), found 400
REQUEST		request_59	1684169365478	1684169365619	KO	status.find.in([200, 209], 304), found 400
REQUEST		request_49	1684169365477	1684169365631	OK	 
REQUEST		request_79	1684169365332	1684169365634	OK	 
REQUEST		request_53	1684169365478	1684169365638	KO	status.find.in([200, 209], 304), found 400
REQUEST		request_61	1684169365475	1684169365650	OK	 
REQUEST		request_48	1684169365477	1684169365657	OK	 
REQUEST		request_60	1684169365479	1684169365659	OK	 
REQUEST		request_92	1684169365551	1684169365677	KO	status.find.in([200, 209], 304), found 400
REQUEST		request_54	1684169365476	1684169365678	OK	 
REQUEST		request_52	1684169365478	1684169365678	OK	 
REQUEST		request_56	1684169365477	1684169365689	OK	 
REQUEST		request_50	1684169365472	1684169365690	OK	 
REQUEST		request_46	1684169365478	1684169365715	OK	 
REQUEST		request_40	1684169365479	1684169365738	OK	 
REQUEST		request_80	1684169365634	1684169365758	KO	status.find.in([200, 209], 304), found 400
REQUEST		request_65	1684169365619	1684169365762	KO	status.find.in([200, 209], 304), found 400
REQUEST		request_47	1684169365479	1684169365763	OK	 
REQUEST		request_64	1684169365617	1684169365769	OK	 
REQUEST		request_45	1684169365480	1684169365784	OK	 
REQUEST		request_58	1684169365478	1684169365866	OK	 
REQUEST		request_81	1684169366759	1684169366900	OK	 
REQUEST		request_93	1684169366679	1684169366958	OK	 
REQUEST		request_99	1684169366958	1684169366966	OK	 
REQUEST		request_102	1684169366959	1684169367059	KO	status.find.in([200, 209], 304), found 400
REQUEST		request_95	1684169366959	1684169367060	KO	status.find.in([200, 209], 304), found 400
REQUEST		request_97	1684169366961	1684169367076	OK	 
REQUEST		request_100	1684169366962	1684169367096	OK	 
REQUEST		request_101	1684169366959	1684169367126	OK	 
REQUEST		request_98	1684169366962	1684169367135	OK	 
REQUEST		request_94	1684169366959	1684169367219	OK	 
USER	flujoReusoCheckOut	END	1684169367223
REQUEST		request_82	1684169366900	1684169367966	KO	status.find.in([200, 209], 304), found 400
REQUEST		request_66	1684169368867	1684169369052	OK	 
REQUEST		request_69	1684169369053	1684169369060	OK	 
REQUEST		request_83	1684169369967	1684169370149	OK	 
REQUEST		request_84	1684169370150	1684169370303	KO	status.find.in([200, 209], 304), found 400
REQUEST		request_85	1684169372304	1684169372497	OK	 
REQUEST		request_86	1684169372498	1684169372733	KO	status.find.in([200, 209], 304), found 400
REQUEST		request_74	1684169373061	1684169373224	OK	 
REQUEST		request_76	1684169373224	1684169373232	OK	 
REQUEST		request_75	1684169373225	1684169373962	KO	status.find.in([200, 209], 304), found 400
REQUEST		request_87	1684169374734	1684169375190	OK	 
REQUEST		request_90	1684169375191	1684169375293	KO	status.find.in([200, 209], 304), found 400
REQUEST		request_88	1684169375191	1684169375305	KO	status.find.in([200, 209], 304), found 400
REQUEST		request_89	1684169375191	1684169375340	OK	 
REQUEST		request_79	1684169375964	1684169376115	OK	 
REQUEST		request_91	1684169376342	1684169376568	OK	 
REQUEST		request_80	1684169376116	1684169376568	KO	status.find.in([200, 209], 304), found 400
REQUEST		request_39	1684169376564	1684169376850	OK	 
REQUEST		request_92	1684169376568	1684169376923	KO	status.find.in([200, 209], 304), found 400
REQUEST		request_44	1684169376897	1684169377003	OK	 
REQUEST		request_63	1684169376854	1684169377007	OK	 
REQUEST		request_62	1684169376895	1684169377021	KO	status.find.in([200, 209], 304), found 400
REQUEST		request_46	1684169376858	1684169377023	OK	 
REQUEST		request_49	1684169376858	1684169377036	OK	 
REQUEST		request_58	1684169376894	1684169377060	OK	 
REQUEST		request_59	1684169376894	1684169377063	KO	status.find.in([200, 209], 304), found 400
REQUEST		request_60	1684169376895	1684169377069	OK	 
REQUEST		request_52	1684169376860	1684169377070	OK	 
REQUEST		request_61	1684169376853	1684169377071	OK	 
REQUEST		request_47	1684169376895	1684169377080	OK	 
REQUEST		request_56	1684169376856	1684169377083	OK	 
REQUEST		request_48	1684169376856	1684169377100	OK	 
REQUEST		request_50	1684169376852	1684169377118	OK	 
REQUEST		request_53	1684169376894	1684169377132	KO	status.find.in([200, 209], 304), found 400
REQUEST		request_40	1684169376896	1684169377165	OK	 
REQUEST		request_64	1684169377022	1684169377169	OK	 
REQUEST		request_65	1684169377060	1684169377219	KO	status.find.in([200, 209], 304), found 400
REQUEST		request_45	1684169376897	1684169377240	OK	 
REQUEST		request_54	1684169376855	1684169377341	OK	 
REQUEST		request_81	1684169377570	1684169377714	OK	 
REQUEST		request_82	1684169377715	1684169377825	KO	status.find.in([200, 209], 304), found 400
REQUEST		request_93	1684169377925	1684169378074	OK	 
REQUEST		request_99	1684169378074	1684169378083	OK	 
REQUEST		request_95	1684169378074	1684169378178	KO	status.find.in([200, 209], 304), found 400
REQUEST		request_102	1684169378075	1684169378191	KO	status.find.in([200, 209], 304), found 400
REQUEST		request_97	1684169378076	1684169378195	OK	 
REQUEST		request_100	1684169378076	1684169378201	OK	 
REQUEST		request_101	1684169378075	1684169378235	OK	 
REQUEST		request_94	1684169378075	1684169378264	OK	 
REQUEST		request_98	1684169378076	1684169378267	OK	 
USER	flujoReusoCheckOut	END	1684169378271
REQUEST		request_83	1684169379827	1684169379962	OK	 
REQUEST		request_84	1684169379963	1684169380206	KO	status.find.in([200, 209], 304), found 400
REQUEST		request_66	1684169380342	1684169380491	OK	 
REQUEST		request_69	1684169380492	1684169380499	OK	 
REQUEST		request_85	1684169382207	1684169382379	OK	 
REQUEST		request_86	1684169382380	1684169382564	KO	status.find.in([200, 209], 304), found 400
REQUEST		request_74	1684169384501	1684169384656	OK	 
REQUEST		request_76	1684169384657	1684169384665	OK	 
REQUEST		request_87	1684169384566	1684169384726	OK	 
REQUEST		request_90	1684169384727	1684169384835	KO	status.find.in([200, 209], 304), found 400
REQUEST		request_88	1684169384727	1684169384856	KO	status.find.in([200, 209], 304), found 400
REQUEST		request_89	1684169384727	1684169384872	OK	 
REQUEST		request_75	1684169384657	1684169384924	KO	status.find.in([200, 209], 304), found 400
REQUEST		request_91	1684169385873	1684169386214	OK	 
REQUEST		request_39	1684169386211	1684169386311	OK	 
REQUEST		request_63	1684169386313	1684169386425	OK	 
REQUEST		request_46	1684169386314	1684169386445	OK	 
REQUEST		request_53	1684169386315	1684169386460	KO	status.find.in([200, 209], 304), found 400
REQUEST		request_49	1684169386314	1684169386461	OK	 
REQUEST		request_59	1684169386315	1684169386462	KO	status.find.in([200, 209], 304), found 400
REQUEST		request_62	1684169386315	1684169386492	KO	status.find.in([200, 209], 304), found 400
REQUEST		request_61	1684169386313	1684169386494	OK	 
REQUEST		request_56	1684169386314	1684169386495	OK	 
REQUEST		request_48	1684169386314	1684169386497	OK	 
REQUEST		request_52	1684169386314	1684169386497	OK	 
REQUEST		request_58	1684169386315	1684169386500	OK	 
REQUEST		request_60	1684169386315	1684169386500	OK	 
REQUEST		request_54	1684169386313	1684169386509	OK	 
REQUEST		request_47	1684169386316	1684169386521	OK	 
REQUEST		request_50	1684169386312	1684169386533	OK	 
REQUEST		request_44	1684169386316	1684169386566	OK	 
REQUEST		request_40	1684169386316	1684169386585	OK	 
REQUEST		request_64	1684169386460	1684169386599	OK	 
REQUEST		request_92	1684169386214	1684169386603	KO	status.find.in([200, 209], 304), found 400
REQUEST		request_45	1684169386316	1684169386629	OK	 
REQUEST		request_65	1684169386462	1684169386670	KO	status.find.in([200, 209], 304), found 400
REQUEST		request_79	1684169386925	1684169387073	OK	 
REQUEST		request_80	1684169387074	1684169387179	KO	status.find.in([200, 209], 304), found 400
REQUEST		request_93	1684169387604	1684169387762	OK	 
REQUEST		request_99	1684169387763	1684169387770	OK	 
REQUEST		request_95	1684169387763	1684169387861	KO	status.find.in([200, 209], 304), found 400
REQUEST		request_98	1684169387765	1684169387876	OK	 
REQUEST		request_97	1684169387765	1684169387880	OK	 
REQUEST		request_102	1684169387764	1684169387881	KO	status.find.in([200, 209], 304), found 400
REQUEST		request_100	1684169387765	1684169387892	OK	 
REQUEST		request_101	1684169387764	1684169387919	OK	 
REQUEST		request_94	1684169387764	1684169387952	OK	 
USER	flujoReusoCheckOut	END	1684169387955
REQUEST		request_81	1684169388181	1684169388324	OK	 
REQUEST		request_82	1684169388324	1684169388456	KO	status.find.in([200, 209], 304), found 400
REQUEST		request_66	1684169389671	1684169389823	OK	 
REQUEST		request_69	1684169389824	1684169389831	OK	 
REQUEST		request_83	1684169390458	1684169390747	OK	 
REQUEST		request_84	1684169390747	1684169390938	KO	status.find.in([200, 209], 304), found 400
REQUEST		request_85	1684169392941	1684169393111	OK	 
REQUEST		request_86	1684169393112	1684169393217	KO	status.find.in([200, 209], 304), found 400
REQUEST		request_74	1684169393832	1684169394107	OK	 
REQUEST		request_76	1684169394108	1684169394115	OK	 
REQUEST		request_75	1684169394108	1684169394216	KO	status.find.in([200, 209], 304), found 400
REQUEST		request_87	1684169395219	1684169395364	OK	 
REQUEST		request_39	1684169395234	1684169395471	OK	 
REQUEST		request_90	1684169395365	1684169395481	KO	status.find.in([200, 209], 304), found 400
REQUEST		request_89	1684169395365	1684169395547	OK	 
REQUEST		request_63	1684169395473	1684169395580	OK	 
REQUEST		request_88	1684169395365	1684169395598	KO	status.find.in([200, 209], 304), found 400
REQUEST		request_46	1684169395474	1684169395599	OK	 
REQUEST		request_62	1684169395476	1684169395621	KO	status.find.in([200, 209], 304), found 400
REQUEST		request_61	1684169395473	1684169395631	OK	 
REQUEST		request_54	1684169395473	1684169395652	OK	 
REQUEST		request_60	1684169395475	1684169395652	OK	 
REQUEST		request_52	1684169395475	1684169395658	OK	 
REQUEST		request_48	1684169395474	1684169395672	OK	 
REQUEST		request_49	1684169395474	1684169395676	OK	 
REQUEST		request_58	1684169395475	1684169395678	OK	 
REQUEST		request_50	1684169395472	1684169395682	OK	 
REQUEST		request_44	1684169395476	1684169395719	OK	 
REQUEST		request_40	1684169395476	1684169395728	OK	 
REQUEST		request_45	1684169395476	1684169395758	OK	 
REQUEST		request_56	1684169395474	1684169395763	OK	 
REQUEST		request_59	1684169395475	1684169395763	KO	status.find.in([200, 209], 304), found 400
REQUEST		request_65	1684169395652	1684169395777	KO	status.find.in([200, 209], 304), found 400
REQUEST		request_64	1684169395621	1684169395781	OK	 
REQUEST		request_53	1684169395475	1684169395811	KO	status.find.in([200, 209], 304), found 400
REQUEST		request_47	1684169395476	1684169395865	OK	 
REQUEST		request_79	1684169396217	1684169396371	OK	 
REQUEST		request_80	1684169396371	1684169396483	KO	status.find.in([200, 209], 304), found 400
REQUEST		request_91	1684169396599	1684169396776	OK	 
REQUEST		request_92	1684169396776	1684169396930	KO	status.find.in([200, 209], 304), found 400
REQUEST		request_81	1684169397485	1684169397622	OK	 
REQUEST		request_82	1684169397622	1684169397720	KO	status.find.in([200, 209], 304), found 400
REQUEST		request_93	1684169397931	1684169398072	OK	 
REQUEST		request_99	1684169398073	1684169398082	OK	 
REQUEST		request_95	1684169398073	1684169398178	KO	status.find.in([200, 209], 304), found 400
REQUEST		request_102	1684169398074	1684169398183	KO	status.find.in([200, 209], 304), found 400
REQUEST		request_98	1684169398076	1684169398192	OK	 
REQUEST		request_97	1684169398076	1684169398197	OK	 
REQUEST		request_100	1684169398076	1684169398208	OK	 
REQUEST		request_101	1684169398073	1684169398231	OK	 
REQUEST		request_94	1684169398074	1684169398264	OK	 
USER	flujoReusoCheckOut	END	1684169398266
REQUEST		request_66	1684169398867	1684169399096	OK	 
REQUEST		request_69	1684169399096	1684169399111	OK	 
REQUEST		request_83	1684169399722	1684169399882	OK	 
REQUEST		request_84	1684169399883	1684169399994	KO	status.find.in([200, 209], 304), found 400
REQUEST		request_85	1684169401996	1684169402140	OK	 
REQUEST		request_86	1684169402141	1684169402274	KO	status.find.in([200, 209], 304), found 400
REQUEST		request_74	1684169403112	1684169403259	OK	 
REQUEST		request_76	1684169403260	1684169403269	OK	 
REQUEST		request_75	1684169403260	1684169403393	KO	status.find.in([200, 209], 304), found 400
REQUEST		request_87	1684169404277	1684169404431	OK	 
REQUEST		request_90	1684169404432	1684169404530	KO	status.find.in([200, 209], 304), found 400
REQUEST		request_88	1684169404432	1684169404537	KO	status.find.in([200, 209], 304), found 400
REQUEST		request_89	1684169404432	1684169404579	OK	 
REQUEST		request_79	1684169405395	1684169405531	OK	 
REQUEST		request_80	1684169405531	1684169405631	KO	status.find.in([200, 209], 304), found 400
REQUEST		request_91	1684169405581	1684169405748	OK	 
REQUEST		request_92	1684169405748	1684169405856	KO	status.find.in([200, 209], 304), found 400
REQUEST		request_81	1684169406632	1684169406811	OK	 
REQUEST		request_82	1684169406811	1684169406926	KO	status.find.in([200, 209], 304), found 400
REQUEST		request_93	1684169406858	1684169407013	OK	 
REQUEST		request_99	1684169407013	1684169407023	OK	 
REQUEST		request_95	1684169407013	1684169407119	KO	status.find.in([200, 209], 304), found 400
REQUEST		request_98	1684169407015	1684169407131	OK	 
REQUEST		request_97	1684169407015	1684169407133	OK	 
REQUEST		request_102	1684169407014	1684169407135	KO	status.find.in([200, 209], 304), found 400
REQUEST		request_100	1684169407015	1684169407147	OK	 
REQUEST		request_94	1684169407014	1684169407214	OK	 
REQUEST		request_101	1684169407014	1684169407227	OK	 
USER	flujoReusoCheckOut	END	1684169407229
REQUEST		request_83	1684169408927	1684169409072	OK	 
REQUEST		request_84	1684169409072	1684169409196	KO	status.find.in([200, 209], 304), found 400
REQUEST		request_85	1684169411198	1684169411348	OK	 
REQUEST		request_86	1684169411349	1684169411770	KO	status.find.in([200, 209], 304), found 400
REQUEST		request_87	1684169413771	1684169413917	OK	 
REQUEST		request_88	1684169413917	1684169414019	KO	status.find.in([200, 209], 304), found 400
REQUEST		request_90	1684169413918	1684169414026	KO	status.find.in([200, 209], 304), found 400
REQUEST		request_89	1684169413917	1684169414064	OK	 
REQUEST		request_91	1684169415065	1684169415217	OK	 
REQUEST		request_92	1684169415217	1684169415321	KO	status.find.in([200, 209], 304), found 400
REQUEST		request_93	1684169416323	1684169416664	OK	 
REQUEST		request_99	1684169416665	1684169416672	OK	 
REQUEST		request_98	1684169416666	1684169416815	OK	 
REQUEST		request_97	1684169416666	1684169416816	OK	 
REQUEST		request_95	1684169416665	1684169416844	KO	status.find.in([200, 209], 304), found 400
REQUEST		request_101	1684169416665	1684169416896	OK	 
REQUEST		request_102	1684169416666	1684169416938	KO	status.find.in([200, 209], 304), found 400
REQUEST		request_100	1684169416667	1684169416954	OK	 
REQUEST		request_94	1684169416666	1684169417090	OK	 
USER	flujoReusoCheckOut	END	1684169417093
