RUN	bnpl.FlujoOriginacionCheckOutCorregido	flujooriginacioncheckoutcorregido	1684436344929	 	3.8.3
USER	FlujoOriginacionCheckOut	START	1684436347477
REQUEST		request_0	1684436347193	1684436348247	OK	 
REQUEST		request_0 Redirect 1	1684436348259	1684436348951	OK	 
REQUEST		style.min.css?ver=6.2.1	1684436362799	1684436363213	OK	 
REQUEST		classic-themes.min.css?ver=6.2.1	1684436363234	1684436364117	OK	 
REQUEST		megamenu.css?ver=6.2.1	1684436364119	1684436371292	OK	 
REQUEST		bdb-ecommerce-easy-to-pay-widget.loader.js?token=f374eca5-80de-4940-ae7f-8f12fb8b33c5	1684436349193	1684436371430	KO	status.find.in([200, 209], 304), found 403
REQUEST		request_95	1684436354704	1684436371433	OK	 
REQUEST		request_79	1684436350566	1684436371442	OK	 
REQUEST		request_1	1684436350565	1684436371443	OK	 
REQUEST		css2?family=Roboto&display=swap	1684436349510	1684436371444	OK	 
REQUEST		request_80	1684436351642	1684436371447	OK	 
REQUEST		request_152	1684436354702	1684436371463	OK	 
REQUEST		request_169	1684436354702	1684436371481	OK	 
REQUEST		request_141	1684436351643	1684436371489	OK	 
REQUEST		font-awesome.min.css?ver=4.7.0	1684436371295	1684436371535	OK	 
REQUEST		request_172	1684436362799	1684436372032	OK	 
REQUEST		request_94	1684436362197	1684436372033	OK	 
REQUEST		request_99	1684436362199	1684436372035	OK	 
REQUEST		request_74	1684436349191	1684436372464	OK	 
REQUEST		request_170	1684436362798	1684436372480	OK	 
REQUEST		request_168	1684436362200	1684436372481	OK	 
REQUEST		request_161	1684436360407	1684436372482	OK	 
REQUEST		request_154	1684436349192	1684436372487	OK	 
REQUEST		request_82	1684436349191	1684436372492	OK	 
REQUEST		request_166	1684436360409	1684436372493	OK	 
REQUEST		request_163	1684436360408	1684436372494	KO	status.find.in([200, 209], 304), found 400
REQUEST		bdb-ecommerce-widget.loader.js?token=8cb789be-2396-45c0-9fe2-04e42b88c4bc	1684436349129	1684436372495	KO	status.find.in([200, 209], 304), found 502
REQUEST		request_160	1684436358662	1684436372496	OK	 
REQUEST		request_149	1684436349192	1684436372497	OK	 
REQUEST		select2.css?ver=7.2.2	1684436371538	1684436372557	OK	 
REQUEST		request_101	1684436362200	1684436372667	OK	 
REQUEST		request_78	1684436349508	1684436372671	OK	 
REQUEST		request_100	1684436362199	1684436372672	OK	 
REQUEST		request_81	1684436360410	1684436372678	OK	 
REQUEST		request_171	1684436360408	1684436372679	KO	status.find.in([200, 209], 304), found 400
REQUEST		request_143	1684436349509	1684436372681	OK	 
REQUEST		request_72	1684436349508	1684436372683	OK	 
REQUEST		request_92	1684436349192	1684436372685	OK	 
REQUEST		request_142	1684436349509	1684436372687	OK	 
REQUEST		request_144	1684436349509	1684436372688	OK	 
REQUEST		request_145	1684436371431	1684436372689	OK	 
REQUEST		request_159	1684436360408	1684436372875	OK	 
REQUEST		request_148	1684436358660	1684436372877	OK	 
REQUEST		request_167	1684436360407	1684436372879	KO	status.find.in([200, 209], 304), found 400
REQUEST		request_150	1684436358660	1684436372880	OK	 
REQUEST		request_146	1684436356634	1684436372882	OK	 
REQUEST		request_96	1684436362198	1684436372883	OK	 
REQUEST		request_147	1684436358659	1684436372884	OK	 
REQUEST		request_153	1684436358662	1684436372885	OK	 
REQUEST		request_151	1684436358661	1684436372886	OK	 
REQUEST		request_173	1684436360410	1684436372887	KO	status.find.in([200, 209], 304), found 400
REQUEST		request_110	1684436356632	1684436372897	OK	 
REQUEST		request_108	1684436356632	1684436372913	OK	 
REQUEST		request_109	1684436356632	1684436372915	OK	 
REQUEST		request_107	1684436356604	1684436372917	OK	 
REQUEST		request_112	1684436356633	1684436372919	OK	 
REQUEST		request_164	1684436360409	1684436372921	OK	 
REQUEST		request_111	1684436356633	1684436372922	OK	 
REQUEST		request_105	1684436372035	1684436372926	OK	 
REQUEST		request_104	1684436372034	1684436372928	OK	 
REQUEST		request_106	1684436372668	1684436372929	OK	 
REQUEST		woocommerce-layout.css?ver=7.2.2	1684436372558	1684436372988	OK	 
REQUEST		jquery.selectBox.css?ver=1.2.0	1684436362800	1684436373130	OK	 
REQUEST		wc-blocks-vendors-style.css?ver=8.9.2	1684436362800	1684436373330	OK	 
REQUEST		font-awesome.css?ver=4.7.0	1684436362801	1684436373332	OK	 
REQUEST		request_157	1684436372877	1684436373334	OK	 
REQUEST		request_140	1684436362801	1684436373337	OK	 
REQUEST		request_114	1684436372914	1684436373348	OK	 
REQUEST		request_162	1684436363202	1684436373349	OK	 
REQUEST		request_158	1684436372881	1684436373350	OK	 
REQUEST		style.css?ver=3.0.20	1684436362801	1684436373350	OK	 
REQUEST		request_165	1684436360409	1684436373353	KO	status.find.in([200, 209], 304), found 400
REQUEST		request_115	1684436372916	1684436373354	OK	 
REQUEST		request_116	1684436372918	1684436373355	OK	 
REQUEST		request_117	1684436372920	1684436373357	OK	 
REQUEST		request_176	1684436372875	1684436373358	OK	 
REQUEST		request_175	1684436372494	1684436373358	KO	status.find.in([200, 209], 304), found 400
REQUEST		request_156	1684436372488	1684436373360	OK	 
REQUEST		request_155	1684436372477	1684436373361	OK	 
REQUEST		request_174	1684436372493	1684436373361	OK	 
REQUEST		request_118	1684436372924	1684436373362	OK	 
REQUEST		wc-blocks-style.css?ver=8.9.2	1684436362800	1684436373426	OK	 
REQUEST		fstyle.css?ver=6.2.1	1684436373331	1684436373441	OK	 
REQUEST		woocommerce-smallscreen.css?ver=7.2.2	1684436372989	1684436373443	OK	 
REQUEST		colorbox.css?ver=6.2.1	1684436373352	1684436373448	OK	 
REQUEST		dashicons.min.css?ver=6.2.1	1684436373333	1684436373509	OK	 
REQUEST		request_119	1684436373348	1684436373512	OK	 
REQUEST		request_120	1684436373354	1684436373524	OK	 
REQUEST		prettyPhoto.css?ver=6.2.1	1684436373440	1684436373525	OK	 
REQUEST		request_121	1684436373356	1684436373527	OK	 
REQUEST		request_128	1684436373357	1684436373535	OK	 
REQUEST		font-awesome.css?ver=1.0.0	1684436373442	1684436373539	OK	 
REQUEST		animate.css?ver=1.0.0	1684436373445	1684436373542	OK	 
REQUEST		request_129	1684436373362	1684436373544	OK	 
REQUEST		owl.carousel.css?ver=1.0.0	1684436373449	1684436373546	OK	 
REQUEST		big-store-menu.css?ver=1.0.0	1684436373511	1684436373595	OK	 
REQUEST		woocommerce.css?ver=7.2.2	1684436373131	1684436373610	OK	 
REQUEST		style.css?ver=1.0.0	1684436373541	1684436373630	OK	 
REQUEST		quick-view.css?ver=6.2.1	1684436373543	1684436373635	OK	 
REQUEST		f-style.css?ver=6.2.1	1684436373547	1684436373648	OK	 
REQUEST		request_130	1684436373512	1684436373675	OK	 
REQUEST		style.css?ver=1.0.0	1684436373526	1684436373714	OK	 
REQUEST		request_131	1684436373524	1684436373717	OK	 
REQUEST		jquery-migrate.min.js?ver=3.4.0	1684436373612	1684436373719	OK	 
REQUEST		request_132	1684436373527	1684436373721	OK	 
REQUEST		request_133	1684436373536	1684436373722	OK	 
REQUEST		megamenu.js?ver=6.2.1	1684436373631	1684436373724	OK	 
REQUEST		request_134	1684436373544	1684436373725	OK	 
REQUEST		jquery.selectBox.min.js?ver=1.2.0	1684436373636	1684436373729	OK	 
REQUEST		jquery.yith-wcwl.min.js?ver=3.0.20	1684436373649	1684436373746	OK	 
REQUEST		request_113	1684436372897	1684436373789	OK	 
REQUEST		jquery.min.js?ver=3.6.4	1684436373596	1684436373794	OK	 
REQUEST		hoverIntent.min.js?ver=1.10.2	1684436373716	1684436373800	OK	 
REQUEST		jquery.blockUI.min.js?ver=2.7.0-wc.7.2.2	1684436373720	1684436373813	OK	 
REQUEST		add-to-cart.min.js?ver=7.2.2	1684436373724	1684436373814	OK	 
REQUEST		js.cookie.min.js?ver=2.1.4-wc.7.2.2	1684436373729	1684436373821	OK	 
REQUEST		request_135	1684436373675	1684436373836	OK	 
REQUEST		woocommerce.min.js?ver=7.2.2	1684436373747	1684436373842	OK	 
REQUEST		country-select.min.js?ver=7.2.2	1684436373795	1684436373880	OK	 
REQUEST		address-i18n.min.js?ver=7.2.2	1684436373801	1684436373886	OK	 
REQUEST		cart.min.js?ver=7.2.2	1684436373813	1684436373905	OK	 
REQUEST		selectWoo.full.min.js?ver=1.0.9-wc.7.2.2	1684436373815	1684436373908	OK	 
REQUEST		cart-fragments.min.js?ver=7.2.2	1684436373822	1684436373914	OK	 
REQUEST		fscript.js?ver=1	1684436373842	1684436373939	OK	 
REQUEST		request_136	1684436373718	1684436373981	OK	 
REQUEST		request_137	1684436373721	1684436373982	OK	 
REQUEST		request_139	1684436373723	1684436373982	OK	 
REQUEST		woocompare.min.js?ver=2.4.5	1684436373880	1684436374064	OK	 
REQUEST		jquery.colorbox-min.js?ver=1.4.21	1684436373886	1684436374066	OK	 
REQUEST		effect.min.js?ver=1.13.2	1684436373908	1684436374072	OK	 
REQUEST		jquery.prettyPhoto.min.js?ver=3.1.6	1684436373906	1684436374073	OK	 
REQUEST		core.min.js?ver=1.13.2	1684436373915	1684436374074	OK	 
REQUEST		menu.min.js?ver=1.13.2	1684436373939	1684436374077	OK	 
REQUEST		wp-polyfill-inert.min.js?ver=3.1.2	1684436374065	1684436374148	OK	 
REQUEST		regenerator-runtime.min.js?ver=0.13.11	1684436374066	1684436374150	OK	 
REQUEST		wp-polyfill.min.js?ver=3.15.0	1684436374072	1684436374162	OK	 
REQUEST		dom-ready.min.js?ver=392bdd43726760d1f3ca	1684436374073	1684436374164	OK	 
REQUEST		hooks.min.js?ver=4169d3cf8e8d95a3d6d5	1684436374075	1684436374172	OK	 
REQUEST		i18n.min.js?ver=9e794f35a71bb98672ae	1684436374077	1684436374175	OK	 
REQUEST		a11y.min.js?ver=ecce20f002eda4c19664	1684436374149	1684436374232	OK	 
REQUEST		autocomplete.min.js?ver=1.13.2	1684436374150	1684436374235	OK	 
REQUEST		imagesloaded.min.js?ver=4.1.4	1684436374163	1684436374253	OK	 
REQUEST		big-store-menu.js?ver=1.0.0	1684436374165	1684436374261	OK	 
REQUEST		big-store-accordian-menu.js?ver=1.0.0	1684436374175	1684436374270	OK	 
REQUEST		owl.carousel.js?ver=1.0.1	1684436374172	1684436374375	OK	 
REQUEST		big-store-custom.js?ver=1.0.0	1684436374232	1684436374467	OK	 
REQUEST		woocommerce.js?ver=1.0.0	1684436374235	1684436374471	OK	 
REQUEST		quick-view.js?ver=6.2.1	1684436374254	1684436374473	OK	 
REQUEST		datepicker.min.js?ver=1.13.2	1684436374262	1684436374476	OK	 
REQUEST		f-script.js?ver=1.5.4	1684436374271	1684436374481	OK	 
REQUEST		wp-util.min.js?ver=6.2.1	1684436374468	1684436374682	OK	 
REQUEST		add-to-cart-variation.min.js?ver=7.2.2	1684436374471	1684436374684	OK	 
REQUEST		request_3	1684436374476	1684436374689	OK	 
REQUEST		underscore.min.js?ver=1.13.4	1684436374375	1684436374693	OK	 
REQUEST		jquery.flexslider.min.js?ver=2.7.2-wc.7.2.2	1684436374474	1684436374695	OK	 
REQUEST		request_25	1684436374484	1684436374696	OK	 
REQUEST		request_30	1684436374683	1684436374885	OK	 
REQUEST		request_31	1684436374684	1684436374886	OK	 
REQUEST		request_64	1684436374692	1684436374888	OK	 
REQUEST		request_67	1684436374694	1684436374889	OK	 
REQUEST		request_68	1684436374695	1684436374891	OK	 
REQUEST		request_70	1684436374697	1684436374893	OK	 
REQUEST		request_76	1684436374887	1684436374974	OK	 
REQUEST		request_71	1684436374885	1684436374976	OK	 
REQUEST		request_77	1684436374888	1684436374989	OK	 
REQUEST		request_85	1684436374890	1684436374991	OK	 
REQUEST		request_86	1684436374892	1684436374993	OK	 
REQUEST		request_87	1684436374894	1684436375001	OK	 
REQUEST		request_89	1684436374977	1684436375062	OK	 
REQUEST		request_88	1684436374975	1684436375064	OK	 
REQUEST		request_90	1684436374990	1684436375086	OK	 
REQUEST		request_91	1684436374992	1684436375087	OK	 
REQUEST		request_102	1684436375002	1684436375110	OK	 
REQUEST		request_97	1684436374994	1684436375272	OK	 
REQUEST		request_138	1684436375065	1684436375283	OK	 
REQUEST		request_103	1684436375063	1684436375529	KO	status.find.in([200, 209], 304), found 403
REQUEST		request_97 Redirect 1	1684436375274	1684436375803	OK	 
REQUEST		request_177	1684436376807	1684436376868	OK	 
REQUEST		request_181	1684436376879	1684436376896	OK	 
REQUEST		request_178	1684436376879	1684436376997	KO	status.find.in([200, 209], 304), found 400
REQUEST		request_182	1684436376878	1684436377047	KO	status.find.in([200, 209], 304), found 403
REQUEST		request_179	1684436376879	1684436377065	OK	 
REQUEST		request_180	1684436376880	1684436377700	KO	status.find.in([200, 209], 304), found 400
REQUEST		request_183	1684436378702	1684436378734	OK	 
REQUEST		request_187	1684436378737	1684436378747	OK	 
REQUEST		request_188	1684436378738	1684436378747	OK	 
REQUEST		request_184	1684436378739	1684436378894	OK	 
REQUEST		request_190	1684436378737	1684436378906	KO	status.find.in([200, 209], 304), found 403
REQUEST		request_185	1684436378739	1684436378915	OK	 
REQUEST		request_186	1684436378740	1684436378968	KO	status.find.in([200, 209], 304), found 400
REQUEST		request_189	1684436378740	1684436379019	KO	status.find.in([200, 209], 304), found 400
REQUEST		request_191	1684436380021	1684436380029	OK	 
REQUEST		request_192	1684436380030	1684436380039	OK	 
REQUEST		request_193	1684436380031	1684436380097	OK	 
REQUEST		request_194	1684436386100	1684436386110	OK	 
REQUEST		request_215	1684436386463	1684436386701	OK	 
REQUEST		request_202	1684436386462	1684436386702	OK	 
REQUEST		request_203	1684436386464	1684436386702	KO	status.find.in([200, 209], 304), found 400
REQUEST		request_205	1684436386465	1684436386703	KO	status.find.in([200, 209], 304), found 400
REQUEST		request_204	1684436386465	1684436386704	OK	 
REQUEST		request_201	1684436386464	1684436386704	OK	 
REQUEST		request_199	1684436386463	1684436386741	OK	 
REQUEST		request_195	1684436386465	1684436386840	OK	 
REQUEST		request_197	1684436386699	1684436386842	OK	 
REQUEST		request_196	1684436386699	1684436386863	OK	 
REQUEST		request_208	1684436386704	1684436386864	OK	 
REQUEST		request_198	1684436386700	1684436386865	OK	 
REQUEST		request_210	1684436386742	1684436386905	OK	 
REQUEST		request_212	1684436386114	1684436386950	OK	 
REQUEST		request_206	1684436386702	1684436386964	OK	 
REQUEST		request_209	1684436386704	1684436386986	KO	status.find.in([200, 209], 304), found 400
REQUEST		request_211	1684436386864	1684436387019	OK	 
REQUEST		request_200	1684436386463	1684436387105	KO	status.find.in([200, 209], 304), found 400
REQUEST		request_213	1684436386905	1684436387347	KO	status.find.in([200, 209], 304), found 400
REQUEST		request_214	1684436386965	1684436387470	KO	status.find.in([200, 209], 304), found 400
REQUEST		request_207	1684436386703	1684436387864	KO	status.find.is(404), but actually found 400
REQUEST		request_216	1684436391867	1684436391938	OK	 
REQUEST		request_217	1684436403939	1684436404006	OK	 
REQUEST		request_229	1684436404008	1684436404330	OK	 
REQUEST		request_221	1684436404298	1684436404366	OK	 
REQUEST		request_224	1684436404299	1684436404422	KO	status.find.in([200, 209], 304), found 400
REQUEST		request_220	1684436404299	1684436404498	OK	 
REQUEST		request_218	1684436404298	1684436404584	OK	 
REQUEST		request_223	1684436404299	1684436404608	OK	 
REQUEST		request_222	1684436404299	1684436404618	KO	status.find.in([200, 209], 304), found 400
REQUEST		request_219	1684436404298	1684436404648	KO	status.find.in([200, 209], 304), found 400
REQUEST		request_226	1684436404499	1684436404656	OK	 
REQUEST		request_225	1684436404422	1684436404678	OK	 
REQUEST		request_227	1684436404585	1684436404718	KO	status.find.in([200, 209], 304), found 400
REQUEST		request_228	1684436404608	1684436404780	KO	status.find.in([200, 209], 304), found 400
REQUEST		request_230	1684436419782	1684436419996	OK	 
REQUEST		request_261	1684436420000	1684436420743	OK	 
REQUEST		request_262	1684436420000	1684436420743	OK	 
REQUEST		request_250	1684436420000	1684436420744	OK	 
REQUEST		request_252	1684436420137	1684436420744	KO	status.find.in([200, 209], 304), found 400
REQUEST		request_248	1684436420134	1684436420745	OK	 
REQUEST		request_251	1684436420136	1684436420752	OK	 
REQUEST		request_244	1684436420133	1684436420753	OK	 
REQUEST		request_246	1684436420000	1684436420755	OK	 
REQUEST		request_247	1684436420001	1684436420756	OK	 
REQUEST		request_245	1684436420134	1684436420756	KO	status.find.in([200, 209], 304), found 400
REQUEST		request_231	1684436420570	1684436420980	KO	status.find.in([200, 209], 304), found 404
REQUEST		request_258	1684436420752	1684436420981	OK	 
REQUEST		request_253	1684436420744	1684436420981	OK	 
REQUEST		request_257	1684436420746	1684436420982	KO	status.find.in([200, 209], 304), found 400
REQUEST		request_232	1684436420571	1684436421054	OK	 
REQUEST		request_234	1684436420740	1684436421057	OK	 
REQUEST		request_259	1684436420754	1684436421168	KO	status.find.in([200, 209], 304), found 400
REQUEST		request_236	1684436420740	1684436421190	OK	 
REQUEST		request_233	1684436420740	1684436421232	OK	 
REQUEST		request_237	1684436420980	1684436421242	OK	 
REQUEST		request_243	1684436421055	1684436421299	KO	status.find.in([200, 209], 304), found 404
REQUEST		request_235	1684436420740	1684436421443	OK	 
REQUEST		request_249	1684436420134	1684436421520	KO	status.find.in([200, 209], 304), found 400
REQUEST		request_256	1684436420133	1684436421861	OK	 
REQUEST		request_242	1684436420073	1684436421876	OK	 
REQUEST		request_239	1684436420138	1684436421883	OK	 
REQUEST		request_254	1684436420132	1684436421935	OK	 
REQUEST		request_238	1684436420074	1684436421951	OK	 
REQUEST		request_255	1684436420133	1684436422007	OK	 
REQUEST		request_240	1684436420001	1684436422143	OK	 
REQUEST		request_263	1684436423145	1684436423155	OK	 
REQUEST		request_265	1684436423156	1684436423321	KO	status.find.in([200, 209], 304), found 400
REQUEST		request_264	1684436423156	1684436423325	OK	 
REQUEST		request_266	1684436426327	1684436426337	OK	 
REQUEST		request_274	1684436426632	1684436427090	OK	 
REQUEST		request_268	1684436427082	1684436427227	OK	 
REQUEST		request_271	1684436426338	1684436427461	OK	 
REQUEST		request_269	1684436427082	1684436427462	KO	status.find.in([200, 209], 304), found 400
REQUEST		request_270	1684436427082	1684436427476	OK	 
REQUEST		request_267	1684436426632	1684436427608	OK	 
REQUEST		request_272	1684436426632	1684436428054	OK	 
REQUEST		request_275	1684436432055	1684436432090	OK	 
REQUEST		request_281	1684436432091	1684436432101	OK	 
REQUEST		request_276	1684436432092	1684436432240	OK	 
REQUEST		request_278	1684436432099	1684436432256	OK	 
REQUEST		request_279	1684436432099	1684436432441	KO	status.find.in([200, 209], 304), found 400
REQUEST		request_277	1684436432092	1684436432610	KO	status.find.in([200, 209], 304), found 400
REQUEST		request_282	1684436444613	1684436444993	OK	 
REQUEST		request_284	1684436445229	1684436445298	OK	 
REQUEST		request_298	1684436445229	1684436445298	OK	 
REQUEST		request_288	1684436445232	1684436445383	KO	status.find.in([200, 209], 304), found 400
REQUEST		request_291	1684436445234	1684436445400	OK	 
REQUEST		request_287	1684436445227	1684436445446	OK	 
REQUEST		request_289	1684436445233	1684436445447	OK	 
REQUEST		request_286	1684436445227	1684436445462	OK	 
REQUEST		request_299	1684436445227	1684436445502	OK	 
REQUEST		request_300	1684436445228	1684436445518	OK	 
REQUEST		request_294	1684436445383	1684436445526	OK	 
REQUEST		request_285	1684436444995	1684436445538	OK	 
REQUEST		request_295	1684436445400	1684436445548	KO	status.find.in([200, 209], 304), found 400
REQUEST		request_296	1684436445296	1684436445881	OK	 
REQUEST		request_293	1684436445236	1684436445915	OK	 
REQUEST		request_292	1684436445235	1684436445959	KO	status.find.in([200, 209], 304), found 400
REQUEST		request_290	1684436445233	1684436446332	KO	status.find.in([200, 209], 304), found 400
REQUEST		request_283	1684436445229	1684436446415	KO	status.find.in([200, 209], 304), found 400
REQUEST		request_301	1684436448416	1684436448592	OK	 
REQUEST		request_303	1684436448593	1684436448605	OK	 
REQUEST		request_306	1684436448594	1684436448606	OK	 
REQUEST		request_302	1684436448594	1684436448747	KO	status.find.in([200, 209], 304), found 400
REQUEST		request_304	1684436448601	1684436448748	OK	 
REQUEST		request_305	1684436448601	1684436448755	KO	status.find.in([200, 209], 304), found 400
REQUEST		request_307	1684436452758	1684436452913	OK	 
REQUEST		request_314	1684436452914	1684436452923	OK	 
REQUEST		request_311	1684436452914	1684436453002	OK	 
REQUEST		request_309	1684436452921	1684436453072	OK	 
REQUEST		request_312	1684436452922	1684436453075	OK	 
REQUEST		request_310	1684436452921	1684436453138	KO	status.find.in([200, 209], 304), found 400
REQUEST		request_308	1684436452914	1684436453147	KO	status.find.in([200, 209], 304), found 400
REQUEST		request_313	1684436452922	1684436453175	KO	status.find.in([200, 209], 304), found 400
REQUEST		request_315	1684436455177	1684436455346	OK	 
REQUEST		request_317	1684436456402	1684436456412	OK	 
REQUEST		request_316	1684436456403	1684436456608	KO	status.find.in([200, 209], 304), found 400
REQUEST		request_319	1684436456402	1684436456983	KO	status.find.in([200, 209], 304), found 400
REQUEST		request_318	1684436455347	1684436457597	OK	 
REQUEST		request_320	1684436461599	1684436461796	OK	 
REQUEST		request_330	1684436461798	1684436461807	OK	 
REQUEST		request_329	1684436461798	1684436461807	OK	 
REQUEST		request_322	1684436461798	1684436462000	OK	 
REQUEST		request_324	1684436461799	1684436462002	OK	 
REQUEST		request_325	1684436461799	1684436462079	KO	status.find.in([200, 209], 304), found 400
REQUEST		request_327	1684436461800	1684436462099	KO	status.find.in([200, 209], 304), found 400
REQUEST		request_326	1684436461800	1684436462125	OK	 
REQUEST		request_331	1684436462001	1684436462139	OK	 
REQUEST		request_323	1684436461798	1684436462210	KO	status.find.in([200, 209], 304), found 400
REQUEST		request_332	1684436462002	1684436462390	KO	status.find.in([200, 209], 304), found 400
REQUEST		request_321	1684436461797	1684436463844	KO	status.find.in([200, 209], 304), found 401
REQUEST		request_333	1684436465846	1684436466035	OK	 
REQUEST		request_334	1684436466036	1684436466271	KO	status.find.in([200, 209], 304), found 400
REQUEST		request_335	1684436468272	1684436468656	OK	 
REQUEST		request_336	1684436468656	1684436468758	KO	status.find.in([200, 209], 304), found 400
REQUEST		request_337	1684436470759	1684436471013	OK	 
REQUEST		request_338	1684436471013	1684436471421	KO	status.find.in([200, 209], 304), found 400
REQUEST		request_339	1684436473423	1684436473581	OK	 
REQUEST		request_340	1684436473582	1684436473709	KO	status.find.in([200, 209], 304), found 400
REQUEST		request_341	1684436475710	1684436475885	OK	 
REQUEST		request_342	1684436475886	1684436476027	KO	status.find.in([200, 209], 304), found 400
REQUEST		request_343	1684436478028	1684436478211	OK	 
REQUEST		request_344	1684436478211	1684436478416	KO	status.find.in([200, 209], 304), found 400
REQUEST		request_345	1684436480418	1684436480564	OK	 
REQUEST		request_346	1684436480565	1684436480744	KO	status.find.in([200, 209], 304), found 400
REQUEST		request_347	1684436482745	1684436482900	OK	 
REQUEST		request_348	1684436482901	1684436483170	KO	status.find.in([200, 209], 304), found 400
REQUEST		request_349	1684436484171	1684436484336	OK	 
REQUEST		request_350	1684436484337	1684436484442	KO	status.find.in([200, 209], 304), found 400
REQUEST		request_351	1684436486444	1684436486650	OK	 
REQUEST		request_352	1684436486650	1684436486763	KO	status.find.in([200, 209], 304), found 400
REQUEST		request_353	1684436488765	1684436488915	OK	 
REQUEST		request_362	1684436488917	1684436488932	OK	 
REQUEST		request_356	1684436488917	1684436488932	OK	 
REQUEST		request_366	1684436488924	1684436489042	KO	status.find.in([200, 209], 304), found 400
REQUEST		request_363	1684436488924	1684436489074	OK	 
REQUEST		request_359	1684436488917	1684436489088	OK	 
REQUEST		request_360	1684436488916	1684436489117	OK	 
REQUEST		request_357	1684436488917	1684436489176	OK	 
REQUEST		request_361	1684436488917	1684436489251	KO	status.find.in([200, 209], 304), found 400
REQUEST		request_354	1684436488917	1684436489275	KO	status.find.in([200, 209], 304), found 400
REQUEST		request_358	1684436488916	1684436489282	OK	 
REQUEST		request_364	1684436488924	1684436489397	OK	 
REQUEST		request_365	1684436488924	1684436489441	OK	 
REQUEST		request_367	1684436507442	1684436507581	OK	 
REQUEST		request_368	1684436507581	1684436508276	KO	status.find.in([200, 209], 304), found 400
USER	FlujoOriginacionCheckOut	END	1684436508300
