RUN	bnpl.flujoReusoCheckOutCorregido	flujoreusocheckoutcorregido	1684176168607	 	3.8.3
USER	flujoReusoCheckOut	START	1684176175133
REQUEST		request_0	1684176175104	1684176175318	OK	 
REQUEST		request_1	1684176177344	1684176177363	OK	 
REQUEST		request_5	1684176177385	1684176177396	OK	 
REQUEST		request_6	1684176177385	1684176177484	OK	 
REQUEST		request_4	1684176177387	1684176177726	KO	status.find.in([200, 209], 304), found 400
REQUEST		request_2	1684176177386	1684176178731	OK	 
REQUEST		request_3	1684176177387	1684176178732	OK	 
USER	flujoReusoCheckOut	START	1684176185068
REQUEST		request_0	1684176185067	1684176185235	OK	 
REQUEST		request_1	1684176187238	1684176187248	OK	 
REQUEST		request_5	1684176187249	1684176187256	OK	 
REQUEST		request_6	1684176187250	1684176187337	OK	 
REQUEST		request_4	1684176187252	1684176187404	KO	status.find.in([200, 209], 304), found 400
REQUEST		request_3	1684176187251	1684176187579	OK	 
REQUEST		request_2	1684176187251	1684176187729	OK	 
REQUEST		request_7	1684176193735	1684176193745	OK	 
REQUEST		request_8	1684176193746	1684176193756	OK	 
REQUEST		request_9	1684176193747	1684176193888	KO	status.find.in([200, 209], 304), found 400
USER	flujoReusoCheckOut	START	1684176195066
REQUEST		request_0	1684176195065	1684176195240	OK	 
REQUEST		request_10	1684176195891	1684176195977	OK	 
REQUEST		request_1	1684176197243	1684176197253	OK	 
REQUEST		request_5	1684176197254	1684176197263	OK	 
REQUEST		request_6	1684176197255	1684176197354	OK	 
REQUEST		request_4	1684176197257	1684176197523	KO	status.find.in([200, 209], 304), found 400
REQUEST		request_3	1684176197257	1684176197759	OK	 
REQUEST		request_2	1684176197256	1684176197759	OK	 
REQUEST		request_11	1684176200980	1684176200989	OK	 
REQUEST		request_12	1684176200991	1684176201069	OK	 
REQUEST		request_13	1684176200992	1684176201189	OK	 
REQUEST		request_15	1684176201018	1684176201192	OK	 
REQUEST		request_16	1684176201018	1684176201194	OK	 
REQUEST		request_14	1684176201017	1684176201228	OK	 
REQUEST		request_17	1684176200992	1684176201337	OK	 
REQUEST		request_7	1684176202730	1684176202738	OK	 
REQUEST		request_8	1684176202739	1684176202747	OK	 
REQUEST		request_9	1684176202739	1684176203887	KO	status.find.in([200, 209], 304), found 400
REQUEST		request_18	1684176204338	1684176204417	OK	 
REQUEST		request_37	1684176204433	1684176204741	OK	 
REQUEST		request_26	1684176204694	1684176204883	KO	status.find.in([200, 209], 304), found 400
REQUEST		request_29	1684176204697	1684176204890	OK	 
REQUEST		request_30	1684176204697	1684176204900	OK	 
REQUEST		request_25	1684176204694	1684176204947	OK	 
REQUEST		request_28	1684176204695	1684176204991	OK	 
REQUEST		request_33	1684176204890	1684176205025	KO	status.find.in([200, 209], 304), found 400
USER	flujoReusoCheckOut	START	1684176205067
REQUEST		request_20	1684176204612	1684176205199	KO	status.find.in([200, 209], 304), found 400
REQUEST		request_0	1684176205066	1684176205226	OK	 
REQUEST		request_36	1684176204991	1684176205368	KO	status.find.in([200, 209], 304), found 400
REQUEST		request_35	1684176204948	1684176205377	OK	 
REQUEST		request_19	1684176204688	1684176205764	KO	status.find.in([200, 209], 304), found 400
REQUEST		request_34	1684176204901	1684176205765	KO	status.find.in([200, 209], 304), found 400
REQUEST		request_10	1684176205890	1684176205970	OK	 
REQUEST		request_31	1684176204884	1684176205973	KO	status.find.in([200, 209], 304), found 400
REQUEST		request_1	1684176207229	1684176207239	OK	 
REQUEST		request_5	1684176207240	1684176207247	OK	 
REQUEST		request_6	1684176207241	1684176207336	OK	 
REQUEST		request_4	1684176207243	1684176207398	KO	status.find.in([200, 209], 304), found 400
REQUEST		request_3	1684176207243	1684176207414	OK	 
REQUEST		request_2	1684176207242	1684176207520	OK	 
REQUEST		request_11	1684176210973	1684176210983	OK	 
REQUEST		request_12	1684176210984	1684176211063	OK	 
REQUEST		request_15	1684176210986	1684176211142	OK	 
REQUEST		request_13	1684176210985	1684176211143	OK	 
REQUEST		request_17	1684176210985	1684176211146	OK	 
REQUEST		request_16	1684176210987	1684176211208	OK	 
REQUEST		request_14	1684176210986	1684176211227	OK	 
REQUEST		request_7	1684176212761	1684176212769	OK	 
REQUEST		request_8	1684176212770	1684176212779	OK	 
REQUEST		request_9	1684176212771	1684176212913	KO	status.find.in([200, 209], 304), found 400
REQUEST		request_18	1684176214228	1684176214320	OK	 
REQUEST		request_37	1684176214322	1684176214361	OK	 
REQUEST		request_25	1684176214326	1684176214479	OK	 
REQUEST		request_30	1684176214328	1684176214507	OK	 
REQUEST		request_28	1684176214327	1684176214523	OK	 
REQUEST		request_29	1684176214328	1684176214557	OK	 
REQUEST		request_26	1684176214327	1684176214606	KO	status.find.in([200, 209], 304), found 400
REQUEST		request_35	1684176214557	1684176214701	OK	 
REQUEST		request_36	1684176214606	1684176214712	KO	status.find.in([200, 209], 304), found 400
REQUEST		request_31	1684176214479	1684176214772	KO	status.find.in([200, 209], 304), found 400
REQUEST		request_20	1684176214323	1684176214819	KO	status.find.in([200, 209], 304), found 400
REQUEST		request_33	1684176214507	1684176214865	KO	status.find.in([200, 209], 304), found 400
REQUEST		request_34	1684176214524	1684176214891	KO	status.find.in([200, 209], 304), found 400
REQUEST		request_10	1684176214916	1684176214992	OK	 
USER	flujoReusoCheckOut	START	1684176215067
REQUEST		request_0	1684176215066	1684176215225	OK	 
REQUEST		request_19	1684176214324	1684176215556	KO	status.find.in([200, 209], 304), found 400
REQUEST		request_1	1684176217227	1684176217239	OK	 
REQUEST		request_5	1684176217240	1684176217248	OK	 
REQUEST		request_6	1684176217241	1684176217332	OK	 
REQUEST		request_4	1684176217242	1684176217382	KO	status.find.in([200, 209], 304), found 400
REQUEST		request_2	1684176217241	1684176217436	OK	 
REQUEST		request_3	1684176217242	1684176217443	OK	 
REQUEST		request_11	1684176219994	1684176220006	OK	 
REQUEST		request_12	1684176220008	1684176220078	OK	 
REQUEST		request_15	1684176220010	1684176220171	OK	 
REQUEST		request_13	1684176220009	1684176220173	OK	 
REQUEST		request_14	1684176220010	1684176220227	OK	 
REQUEST		request_16	1684176220010	1684176220241	OK	 
REQUEST		request_17	1684176220008	1684176220278	OK	 
REQUEST		request_7	1684176222522	1684176222531	OK	 
REQUEST		request_8	1684176222532	1684176222541	OK	 
REQUEST		request_9	1684176222533	1684176222974	KO	status.find.in([200, 209], 304), found 400
REQUEST		request_18	1684176223280	1684176223379	OK	 
REQUEST		request_37	1684176223381	1684176223416	OK	 
REQUEST		request_26	1684176223384	1684176223502	KO	status.find.in([200, 209], 304), found 400
REQUEST		request_19	1684176223383	1684176223552	KO	status.find.in([200, 209], 304), found 400
REQUEST		request_25	1684176223384	1684176223558	OK	 
REQUEST		request_20	1684176223382	1684176223610	KO	status.find.in([200, 209], 304), found 400
REQUEST		request_30	1684176223385	1684176223611	OK	 
REQUEST		request_28	1684176223385	1684176223638	OK	 
REQUEST		request_33	1684176223552	1684176223652	KO	status.find.in([200, 209], 304), found 400
REQUEST		request_34	1684176223559	1684176223688	KO	status.find.in([200, 209], 304), found 400
REQUEST		request_35	1684176223611	1684176223768	OK	 
REQUEST		request_29	1684176223385	1684176223786	OK	 
REQUEST		request_31	1684176223503	1684176223789	KO	status.find.in([200, 209], 304), found 400
REQUEST		request_36	1684176223639	1684176223791	KO	status.find.in([200, 209], 304), found 400
REQUEST		request_10	1684176224976	1684176225050	OK	 
USER	flujoReusoCheckOut	START	1684176225067
REQUEST		request_0	1684176225066	1684176225243	OK	 
REQUEST		request_1	1684176227246	1684176227254	OK	 
REQUEST		request_5	1684176227255	1684176227265	OK	 
REQUEST		request_6	1684176227256	1684176227341	OK	 
REQUEST		request_4	1684176227257	1684176227379	KO	status.find.in([200, 209], 304), found 400
REQUEST		request_3	1684176227257	1684176227432	OK	 
REQUEST		request_2	1684176227256	1684176227436	OK	 
REQUEST		request_11	1684176230052	1684176230067	OK	 
REQUEST		request_12	1684176230068	1684176230148	OK	 
REQUEST		request_17	1684176230069	1684176230226	OK	 
REQUEST		request_15	1684176230071	1684176230231	OK	 
REQUEST		request_16	1684176230073	1684176230238	OK	 
REQUEST		request_13	1684176230069	1684176230241	OK	 
REQUEST		request_14	1684176230070	1684176230272	OK	 
REQUEST		request_7	1684176232445	1684176232456	OK	 
REQUEST		request_8	1684176232457	1684176232465	OK	 
REQUEST		request_9	1684176232457	1684176233205	KO	status.find.in([200, 209], 304), found 400
REQUEST		request_18	1684176233275	1684176233355	OK	 
REQUEST		request_37	1684176233357	1684176233391	OK	 
REQUEST		request_26	1684176233359	1684176233471	KO	status.find.in([200, 209], 304), found 400
REQUEST		request_25	1684176233359	1684176233518	OK	 
REQUEST		request_20	1684176233357	1684176233520	KO	status.find.in([200, 209], 304), found 400
REQUEST		request_30	1684176233360	1684176233533	OK	 
REQUEST		request_28	1684176233359	1684176233542	OK	 
REQUEST		request_29	1684176233360	1684176233547	OK	 
REQUEST		request_31	1684176233471	1684176233591	KO	status.find.in([200, 209], 304), found 400
REQUEST		request_34	1684176233534	1684176233651	KO	status.find.in([200, 209], 304), found 400
REQUEST		request_33	1684176233518	1684176233670	KO	status.find.in([200, 209], 304), found 400
REQUEST		request_36	1684176233548	1684176233683	KO	status.find.in([200, 209], 304), found 400
REQUEST		request_35	1684176233543	1684176233695	OK	 
REQUEST		request_19	1684176233358	1684176234546	KO	status.find.in([200, 209], 304), found 400
USER	flujoReusoCheckOut	START	1684176235067
REQUEST		request_0	1684176235066	1684176235233	OK	 
REQUEST		request_10	1684176235207	1684176235285	OK	 
REQUEST		request_1	1684176237234	1684176237243	OK	 
REQUEST		request_5	1684176237244	1684176237250	OK	 
REQUEST		request_6	1684176237244	1684176237333	OK	 
REQUEST		request_4	1684176237248	1684176237380	KO	status.find.in([200, 209], 304), found 400
REQUEST		request_3	1684176237247	1684176237410	OK	 
REQUEST		request_2	1684176237246	1684176237441	OK	 
REQUEST		request_11	1684176240287	1684176240298	OK	 
REQUEST		request_12	1684176240299	1684176240379	OK	 
REQUEST		request_15	1684176240302	1684176240455	OK	 
REQUEST		request_17	1684176240300	1684176240459	OK	 
REQUEST		request_16	1684176240302	1684176240481	OK	 
REQUEST		request_13	1684176240300	1684176240491	OK	 
REQUEST		request_14	1684176240302	1684176240498	OK	 
REQUEST		request_7	1684176242437	1684176242445	OK	 
REQUEST		request_8	1684176242447	1684176242456	OK	 
REQUEST		request_9	1684176242448	1684176242765	KO	status.find.in([200, 209], 304), found 400
REQUEST		request_18	1684176243501	1684176243580	OK	 
REQUEST		request_37	1684176243581	1684176243619	OK	 
REQUEST		request_20	1684176243583	1684176243728	KO	status.find.in([200, 209], 304), found 400
REQUEST		request_25	1684176243586	1684176243747	OK	 
REQUEST		request_29	1684176243587	1684176243758	OK	 
REQUEST		request_30	1684176243587	1684176243796	OK	 
REQUEST		request_28	1684176243586	1684176243802	OK	 
REQUEST		request_26	1684176243586	1684176243803	KO	status.find.in([200, 209], 304), found 400
REQUEST		request_33	1684176243758	1684176243884	KO	status.find.in([200, 209], 304), found 400
REQUEST		request_34	1684176243796	1684176243917	KO	status.find.in([200, 209], 304), found 400
REQUEST		request_36	1684176243804	1684176243917	KO	status.find.in([200, 209], 304), found 400
REQUEST		request_35	1684176243802	1684176243954	OK	 
REQUEST		request_31	1684176243747	1684176243989	KO	status.find.in([200, 209], 304), found 400
REQUEST		request_10	1684176244766	1684176244884	OK	 
USER	flujoReusoCheckOut	START	1684176245067
REQUEST		request_0	1684176245066	1684176245220	OK	 
REQUEST		request_19	1684176243585	1684176245393	KO	status.find.in([200, 209], 304), found 400
REQUEST		request_1	1684176247222	1684176247233	OK	 
REQUEST		request_5	1684176247234	1684176247242	OK	 
REQUEST		request_6	1684176247235	1684176247347	OK	 
REQUEST		request_4	1684176247236	1684176247388	KO	status.find.in([200, 209], 304), found 400
REQUEST		request_3	1684176247236	1684176247397	OK	 
REQUEST		request_2	1684176247235	1684176247422	OK	 
REQUEST		request_11	1684176249887	1684176249897	OK	 
REQUEST		request_12	1684176249898	1684176249975	OK	 
REQUEST		request_15	1684176249900	1684176250053	OK	 
REQUEST		request_13	1684176249899	1684176250074	OK	 
REQUEST		request_16	1684176249900	1684176250075	OK	 
REQUEST		request_17	1684176249899	1684176250076	OK	 
REQUEST		request_14	1684176249900	1684176250095	OK	 
REQUEST		request_7	1684176252443	1684176252453	OK	 
REQUEST		request_8	1684176252454	1684176252462	OK	 
REQUEST		request_9	1684176252454	1684176252588	KO	status.find.in([200, 209], 304), found 400
REQUEST		request_18	1684176253097	1684176253176	OK	 
REQUEST		request_37	1684176253177	1684176253214	OK	 
REQUEST		request_20	1684176253178	1684176253324	KO	status.find.in([200, 209], 304), found 400
REQUEST		request_25	1684176253179	1684176253326	OK	 
REQUEST		request_29	1684176253180	1684176253367	OK	 
REQUEST		request_30	1684176253180	1684176253383	OK	 
REQUEST		request_26	1684176253179	1684176253488	KO	status.find.in([200, 209], 304), found 400
REQUEST		request_34	1684176253383	1684176253492	KO	status.find.in([200, 209], 304), found 400
REQUEST		request_33	1684176253368	1684176253504	KO	status.find.in([200, 209], 304), found 400
REQUEST		request_28	1684176253179	1684176253510	OK	 
REQUEST		request_36	1684176253492	1684176253611	KO	status.find.in([200, 209], 304), found 400
REQUEST		request_35	1684176253488	1684176253634	OK	 
REQUEST		request_19	1684176253178	1684176253646	KO	status.find.in([200, 209], 304), found 400
REQUEST		request_31	1684176253326	1684176253674	KO	status.find.in([200, 209], 304), found 400
REQUEST		request_10	1684176254591	1684176254688	OK	 
USER	flujoReusoCheckOut	START	1684176255066
REQUEST		request_0	1684176255065	1684176255230	OK	 
REQUEST		request_1	1684176257232	1684176257240	OK	 
REQUEST		request_5	1684176257241	1684176257247	OK	 
REQUEST		request_6	1684176257241	1684176257335	OK	 
REQUEST		request_4	1684176257242	1684176257363	KO	status.find.in([200, 209], 304), found 400
REQUEST		request_2	1684176257242	1684176257434	OK	 
REQUEST		request_3	1684176257242	1684176257563	OK	 
REQUEST		request_11	1684176259690	1684176259699	OK	 
REQUEST		request_12	1684176259700	1684176259771	OK	 
REQUEST		request_15	1684176259702	1684176259856	OK	 
REQUEST		request_13	1684176259701	1684176259857	OK	 
REQUEST		request_16	1684176259702	1684176259871	OK	 
REQUEST		request_17	1684176259701	1684176259887	OK	 
REQUEST		request_14	1684176259702	1684176259896	OK	 
REQUEST		request_7	1684176262424	1684176262433	OK	 
REQUEST		request_8	1684176262434	1684176262442	OK	 
REQUEST		request_9	1684176262434	1684176262535	KO	status.find.in([200, 209], 304), found 400
REQUEST		request_18	1684176262898	1684176262971	OK	 
REQUEST		request_37	1684176262972	1684176263006	OK	 
REQUEST		request_26	1684176262974	1684176263079	KO	status.find.in([200, 209], 304), found 400
REQUEST		request_20	1684176262973	1684176263119	KO	status.find.in([200, 209], 304), found 400
REQUEST		request_19	1684176262973	1684176263132	KO	status.find.in([200, 209], 304), found 400
REQUEST		request_28	1684176262974	1684176263139	OK	 
REQUEST		request_25	1684176262974	1684176263141	OK	 
REQUEST		request_30	1684176262975	1684176263155	OK	 
REQUEST		request_29	1684176262975	1684176263182	OK	 
REQUEST		request_33	1684176263132	1684176263239	KO	status.find.in([200, 209], 304), found 400
REQUEST		request_34	1684176263140	1684176263242	KO	status.find.in([200, 209], 304), found 400
REQUEST		request_36	1684176263156	1684176263258	KO	status.find.in([200, 209], 304), found 400
REQUEST		request_35	1684176263141	1684176263291	OK	 
REQUEST		request_31	1684176263079	1684176263695	KO	status.find.in([200, 209], 304), found 400
REQUEST		request_10	1684176264537	1684176264622	OK	 
USER	flujoReusoCheckOut	START	1684176265065
REQUEST		request_0	1684176265064	1684176265223	OK	 
REQUEST		request_1	1684176267226	1684176267240	OK	 
REQUEST		request_5	1684176267241	1684176267252	OK	 
REQUEST		request_6	1684176267242	1684176267332	OK	 
REQUEST		request_2	1684176267242	1684176267416	OK	 
REQUEST		request_3	1684176267243	1684176267416	OK	 
REQUEST		request_4	1684176267243	1684176267448	KO	status.find.in([200, 209], 304), found 400
REQUEST		request_11	1684176269623	1684176269642	OK	 
REQUEST		request_12	1684176269644	1684176269721	OK	 
REQUEST		request_15	1684176269645	1684176269808	OK	 
REQUEST		request_13	1684176269644	1684176269822	OK	 
REQUEST		request_14	1684176269645	1684176269854	OK	 
REQUEST		request_16	1684176269645	1684176269857	OK	 
REQUEST		request_17	1684176269644	1684176269861	OK	 
REQUEST		request_7	1684176272564	1684176272572	OK	 
REQUEST		request_8	1684176272572	1684176272583	OK	 
REQUEST		request_9	1684176272572	1684176272684	KO	status.find.in([200, 209], 304), found 400
REQUEST		request_18	1684176272864	1684176272942	OK	 
REQUEST		request_26	1684176272944	1684176273216	KO	status.find.in([200, 209], 304), found 400
REQUEST		request_25	1684176272944	1684176273217	OK	 
REQUEST		request_37	1684176272942	1684176273243	OK	 
REQUEST		request_33	1684176273217	1684176273355	KO	status.find.in([200, 209], 304), found 400
REQUEST		request_19	1684176272943	1684176273369	KO	status.find.in([200, 209], 304), found 400
REQUEST		request_28	1684176272944	1684176273376	OK	 
REQUEST		request_30	1684176273216	1684176273376	OK	 
REQUEST		request_29	1684176273215	1684176273382	OK	 
REQUEST		request_20	1684176272943	1684176273443	KO	status.find.in([200, 209], 304), found 400
REQUEST		request_34	1684176273355	1684176273457	KO	status.find.in([200, 209], 304), found 400
REQUEST		request_36	1684176273376	1684176273485	KO	status.find.in([200, 209], 304), found 400
REQUEST		request_35	1684176273369	1684176273510	OK	 
REQUEST		request_31	1684176273217	1684176273607	KO	status.find.in([200, 209], 304), found 400
REQUEST		request_10	1684176274685	1684176274765	OK	 
REQUEST		request_11	1684176279767	1684176279777	OK	 
REQUEST		request_12	1684176279778	1684176279857	OK	 
REQUEST		request_15	1684176279781	1684176279936	OK	 
REQUEST		request_16	1684176279781	1684176279943	OK	 
REQUEST		request_13	1684176279779	1684176279947	OK	 
REQUEST		request_17	1684176279778	1684176279965	OK	 
REQUEST		request_14	1684176279780	1684176279975	OK	 
REQUEST		request_7	1684176282451	1684176282460	OK	 
REQUEST		request_8	1684176282461	1684176282469	OK	 
REQUEST		request_9	1684176282461	1684176282569	KO	status.find.in([200, 209], 304), found 400
REQUEST		request_18	1684176282977	1684176283054	OK	 
REQUEST		request_37	1684176283055	1684176283231	OK	 
REQUEST		request_26	1684176283198	1684176283311	KO	status.find.in([200, 209], 304), found 400
REQUEST		request_20	1684176283144	1684176283340	KO	status.find.in([200, 209], 304), found 400
REQUEST		request_25	1684176283198	1684176283344	OK	 
REQUEST		request_28	1684176283198	1684176283376	OK	 
REQUEST		request_30	1684176283199	1684176283383	OK	 
REQUEST		request_29	1684176283198	1684176283405	OK	 
REQUEST		request_31	1684176283312	1684176283428	KO	status.find.in([200, 209], 304), found 400
REQUEST		request_33	1684176283344	1684176283448	KO	status.find.in([200, 209], 304), found 400
REQUEST		request_36	1684176283405	1684176283504	KO	status.find.in([200, 209], 304), found 400
REQUEST		request_35	1684176283383	1684176283546	OK	 
REQUEST		request_34	1684176283376	1684176283549	KO	status.find.in([200, 209], 304), found 400
REQUEST		request_19	1684176283197	1684176284026	KO	status.find.in([200, 209], 304), found 400
REQUEST		request_10	1684176284571	1684176284653	OK	 
REQUEST		request_11	1684176289655	1684176289666	OK	 
REQUEST		request_12	1684176289667	1684176289744	OK	 
REQUEST		request_17	1684176289667	1684176289808	OK	 
REQUEST		request_13	1684176289667	1684176289835	OK	 
REQUEST		request_15	1684176289668	1684176289848	OK	 
REQUEST		request_16	1684176289668	1684176289860	OK	 
REQUEST		request_14	1684176289668	1684176289867	OK	 
REQUEST		request_18	1684176292869	1684176292957	OK	 
REQUEST		request_37	1684176292962	1684176292993	OK	 
REQUEST		request_20	1684176292963	1684176293119	KO	status.find.in([200, 209], 304), found 400
REQUEST		request_25	1684176292963	1684176293126	OK	 
REQUEST		request_30	1684176292964	1684176293128	OK	 
REQUEST		request_26	1684176292964	1684176293144	KO	status.find.in([200, 209], 304), found 400
REQUEST		request_19	1684176292963	1684176293150	KO	status.find.in([200, 209], 304), found 400
REQUEST		request_29	1684176292964	1684176293151	OK	 
REQUEST		request_31	1684176293126	1684176293223	KO	status.find.in([200, 209], 304), found 400
REQUEST		request_33	1684176293128	1684176293228	KO	status.find.in([200, 209], 304), found 400
REQUEST		request_28	1684176292964	1684176293235	OK	 
REQUEST		request_36	1684176293151	1684176293253	KO	status.find.in([200, 209], 304), found 400
REQUEST		request_34	1684176293144	1684176293273	KO	status.find.in([200, 209], 304), found 400
REQUEST		request_35	1684176293150	1684176293309	OK	 
REQUEST		request_39	1684176309974	1684176310386	OK	 
REQUEST		request_63	1684176310429	1684176310728	OK	 
REQUEST		request_53	1684176310580	1684176310771	KO	status.find.in([200, 209], 304), found 400
REQUEST		request_61	1684176310412	1684176310783	OK	 
REQUEST		request_45	1684176310627	1684176310791	OK	 
REQUEST		request_52	1684176310579	1684176310804	OK	 
REQUEST		request_60	1684176310581	1684176310830	OK	 
REQUEST		request_50	1684176310388	1684176310830	OK	 
REQUEST		request_44	1684176310626	1684176310873	OK	 
REQUEST		request_40	1684176310626	1684176311137	OK	 
REQUEST		request_64	1684176310771	1684176311138	OK	 
REQUEST		request_65	1684176310805	1684176311138	KO	status.find.in([200, 209], 304), found 400
REQUEST		request_62	1684176310581	1684176311138	KO	status.find.in([200, 209], 304), found 400
REQUEST		request_59	1684176310581	1684176311138	KO	status.find.in([200, 209], 304), found 400
REQUEST		request_58	1684176310580	1684176311139	OK	 
REQUEST		request_56	1684176310485	1684176311750	OK	 
REQUEST		request_54	1684176310430	1684176311753	OK	 
REQUEST		request_46	1684176310535	1684176311754	OK	 
REQUEST		request_49	1684176310534	1684176311768	OK	 
REQUEST		request_47	1684176310581	1684176311828	OK	 
REQUEST		request_48	1684176310486	1684176311834	OK	 
REQUEST		request_66	1684176314836	1684176315001	OK	 
REQUEST		request_69	1684176315003	1684176315016	OK	 
REQUEST		request_74	1684176319018	1684176319574	OK	 
REQUEST		request_76	1684176319575	1684176319583	OK	 
REQUEST		request_39	1684176319558	1684176319794	OK	 
REQUEST		request_75	1684176319575	1684176319888	KO	status.find.in([200, 209], 304), found 400
REQUEST		request_63	1684176319797	1684176319896	OK	 
REQUEST		request_61	1684176319796	1684176319967	OK	 
REQUEST		request_53	1684176319799	1684176319987	KO	status.find.in([200, 209], 304), found 400
REQUEST		request_50	1684176319796	1684176319988	OK	 
REQUEST		request_58	1684176319799	1684176319989	OK	 
REQUEST		request_60	1684176319800	1684176319992	OK	 
REQUEST		request_52	1684176319799	1684176319996	OK	 
REQUEST		request_44	1684176319801	1684176320063	OK	 
REQUEST		request_49	1684176319798	1684176320065	OK	 
REQUEST		request_40	1684176319801	1684176320086	OK	 
REQUEST		request_65	1684176319989	1684176320093	KO	status.find.in([200, 209], 304), found 400
REQUEST		request_48	1684176319798	1684176320122	OK	 
REQUEST		request_45	1684176319801	1684176320122	OK	 
REQUEST		request_47	1684176319800	1684176320124	OK	 
REQUEST		request_64	1684176319987	1684176320136	OK	 
REQUEST		request_46	1684176319798	1684176320142	OK	 
REQUEST		request_59	1684176319800	1684176320153	KO	status.find.in([200, 209], 304), found 400
REQUEST		request_56	1684176319797	1684176320246	OK	 
REQUEST		request_54	1684176319797	1684176320287	OK	 
REQUEST		request_62	1684176319800	1684176320966	KO	status.find.in([200, 209], 304), found 400
REQUEST		request_79	1684176321890	1684176322502	OK	 
REQUEST		request_80	1684176322503	1684176322681	KO	status.find.in([200, 209], 304), found 400
REQUEST		request_81	1684176323683	1684176323837	OK	 
REQUEST		request_82	1684176323838	1684176324063	KO	status.find.in([200, 209], 304), found 400
REQUEST		request_66	1684176323968	1684176324123	OK	 
REQUEST		request_69	1684176324123	1684176324131	OK	 
REQUEST		request_83	1684176326065	1684176326239	OK	 
REQUEST		request_84	1684176326240	1684176326803	KO	status.find.in([200, 209], 304), found 400
REQUEST		request_39	1684176327794	1684176328137	OK	 
REQUEST		request_63	1684176328139	1684176328241	OK	 
REQUEST		request_61	1684176328138	1684176328306	OK	 
REQUEST		request_52	1684176328141	1684176328311	OK	 
REQUEST		request_74	1684176328133	1684176328319	OK	 
REQUEST		request_53	1684176328141	1684176328326	KO	status.find.in([200, 209], 304), found 400
REQUEST		request_76	1684176328319	1684176328326	OK	 
REQUEST		request_60	1684176328141	1684176328328	OK	 
REQUEST		request_50	1684176328138	1684176328335	OK	 
REQUEST		request_46	1684176328140	1684176328338	OK	 
REQUEST		request_58	1684176328141	1684176328356	OK	 
REQUEST		request_56	1684176328140	1684176328385	OK	 
REQUEST		request_44	1684176328142	1684176328388	OK	 
REQUEST		request_40	1684176328142	1684176328416	OK	 
REQUEST		request_49	1684176328140	1684176328418	OK	 
REQUEST		request_59	1684176328141	1684176328430	KO	status.find.in([200, 209], 304), found 400
REQUEST		request_45	1684176328143	1684176328437	OK	 
REQUEST		request_65	1684176328327	1684176328446	KO	status.find.in([200, 209], 304), found 400
REQUEST		request_75	1684176328320	1684176328484	KO	status.find.in([200, 209], 304), found 400
REQUEST		request_64	1684176328312	1684176328495	OK	 
REQUEST		request_48	1684176328140	1684176328514	OK	 
REQUEST		request_62	1684176328142	1684176328562	KO	status.find.in([200, 209], 304), found 400
REQUEST		request_47	1684176328142	1684176328569	OK	 
REQUEST		request_54	1684176328139	1684176328591	OK	 
REQUEST		request_85	1684176328805	1684176328991	OK	 
REQUEST		request_86	1684176328991	1684176329568	KO	status.find.in([200, 209], 304), found 400
REQUEST		request_79	1684176330485	1684176330649	OK	 
REQUEST		request_80	1684176330650	1684176330785	KO	status.find.in([200, 209], 304), found 400
REQUEST		request_87	1684176331570	1684176331740	OK	 
REQUEST		request_66	1684176331594	1684176331745	OK	 
REQUEST		request_69	1684176331746	1684176331755	OK	 
REQUEST		request_89	1684176331741	1684176331888	OK	 
REQUEST		request_81	1684176331786	1684176331948	OK	 
REQUEST		request_88	1684176331741	1684176332026	KO	status.find.in([200, 209], 304), found 400
REQUEST		request_82	1684176331949	1684176332066	KO	status.find.in([200, 209], 304), found 400
REQUEST		request_90	1684176331741	1684176332182	KO	status.find.in([200, 209], 304), found 400
REQUEST		request_91	1684176333183	1684176333358	OK	 
REQUEST		request_92	1684176333359	1684176333868	KO	status.find.in([200, 209], 304), found 400
REQUEST		request_83	1684176334067	1684176334274	OK	 
REQUEST		request_84	1684176334275	1684176334382	KO	status.find.in([200, 209], 304), found 400
REQUEST		request_93	1684176334870	1684176335023	OK	 
REQUEST		request_99	1684176335024	1684176335079	OK	 
REQUEST		request_102	1684176335031	1684176335158	KO	status.find.in([200, 209], 304), found 400
REQUEST		request_95	1684176335024	1684176335185	KO	status.find.in([200, 209], 304), found 400
REQUEST		request_101	1684176335031	1684176335208	OK	 
REQUEST		request_97	1684176335078	1684176335292	OK	 
REQUEST		request_98	1684176335078	1684176335408	OK	 
REQUEST		request_100	1684176335079	1684176335412	OK	 
REQUEST		request_94	1684176335031	1684176335700	OK	 
USER	flujoReusoCheckOut	END	1684176335705
REQUEST		request_74	1684176335756	1684176335932	OK	 
REQUEST		request_76	1684176335932	1684176335939	OK	 
REQUEST		request_75	1684176335933	1684176336326	KO	status.find.in([200, 209], 304), found 400
REQUEST		request_85	1684176336384	1684176336524	OK	 
REQUEST		request_86	1684176336524	1684176336665	KO	status.find.in([200, 209], 304), found 400
REQUEST		request_79	1684176338328	1684176338517	OK	 
REQUEST		request_80	1684176338518	1684176338625	KO	status.find.in([200, 209], 304), found 400
REQUEST		request_39	1684176338547	1684176338784	OK	 
REQUEST		request_87	1684176338666	1684176338838	OK	 
REQUEST		request_63	1684176338786	1684176338896	OK	 
REQUEST		request_44	1684176338790	1684176338928	OK	 
REQUEST		request_46	1684176338787	1684176338936	OK	 
REQUEST		request_59	1684176338788	1684176338942	KO	status.find.in([200, 209], 304), found 400
REQUEST		request_88	1684176338839	1684176338955	KO	status.find.in([200, 209], 304), found 400
REQUEST		request_61	1684176338786	1684176338959	OK	 
REQUEST		request_53	1684176338788	1684176338960	KO	status.find.in([200, 209], 304), found 400
REQUEST		request_48	1684176338787	1684176338985	OK	 
REQUEST		request_52	1684176338788	1684176338986	OK	 
REQUEST		request_60	1684176338789	1684176338986	OK	 
REQUEST		request_90	1684176338840	1684176338989	KO	status.find.in([200, 209], 304), found 400
REQUEST		request_50	1684176338785	1684176338993	OK	 
REQUEST		request_89	1684176338839	1684176338995	OK	 
REQUEST		request_56	1684176338787	1684176338995	OK	 
REQUEST		request_58	1684176338788	1684176339002	OK	 
REQUEST		request_54	1684176338786	1684176339006	OK	 
REQUEST		request_40	1684176338789	1684176339072	OK	 
REQUEST		request_64	1684176338942	1684176339074	OK	 
REQUEST		request_65	1684176338960	1684176339077	KO	status.find.in([200, 209], 304), found 400
REQUEST		request_49	1684176338787	1684176339088	OK	 
REQUEST		request_45	1684176338790	1684176339091	OK	 
REQUEST		request_62	1684176338789	1684176339104	KO	status.find.in([200, 209], 304), found 400
REQUEST		request_47	1684176338789	1684176339316	OK	 
REQUEST		request_81	1684176339627	1684176339767	OK	 
REQUEST		request_82	1684176339768	1684176339884	KO	status.find.in([200, 209], 304), found 400
REQUEST		request_91	1684176339997	1684176340199	OK	 
REQUEST		request_92	1684176340199	1684176340297	KO	status.find.in([200, 209], 304), found 400
REQUEST		request_93	1684176341298	1684176341447	OK	 
REQUEST		request_99	1684176341448	1684176341461	OK	 
REQUEST		request_102	1684176341449	1684176341554	KO	status.find.in([200, 209], 304), found 400
REQUEST		request_97	1684176341450	1684176341568	OK	 
REQUEST		request_95	1684176341449	1684176341582	KO	status.find.in([200, 209], 304), found 400
REQUEST		request_100	1684176341450	1684176341592	OK	 
REQUEST		request_101	1684176341449	1684176341603	OK	 
REQUEST		request_98	1684176341450	1684176341635	OK	 
REQUEST		request_94	1684176341449	1684176341697	OK	 
USER	flujoReusoCheckOut	END	1684176341700
REQUEST		request_83	1684176341885	1684176342164	OK	 
REQUEST		request_84	1684176342164	1684176342264	KO	status.find.in([200, 209], 304), found 400
REQUEST		request_66	1684176342319	1684176342467	OK	 
REQUEST		request_69	1684176342468	1684176342479	OK	 
REQUEST		request_85	1684176344264	1684176344418	OK	 
REQUEST		request_86	1684176344418	1684176344684	KO	status.find.in([200, 209], 304), found 400
REQUEST		request_74	1684176346481	1684176346636	OK	 
REQUEST		request_76	1684176346636	1684176346645	OK	 
REQUEST		request_75	1684176346637	1684176346785	KO	status.find.in([200, 209], 304), found 400
REQUEST		request_87	1684176346685	1684176346835	OK	 
REQUEST		request_88	1684176346835	1684176346947	KO	status.find.in([200, 209], 304), found 400
REQUEST		request_90	1684176346836	1684176346967	KO	status.find.in([200, 209], 304), found 400
REQUEST		request_89	1684176346835	1684176346980	OK	 
REQUEST		request_91	1684176347983	1684176348145	OK	 
REQUEST		request_92	1684176348146	1684176348250	KO	status.find.in([200, 209], 304), found 400
REQUEST		request_79	1684176348786	1684176348953	OK	 
REQUEST		request_80	1684176348953	1684176349069	KO	status.find.in([200, 209], 304), found 400
REQUEST		request_93	1684176349251	1684176349403	OK	 
REQUEST		request_99	1684176349404	1684176349416	OK	 
REQUEST		request_102	1684176349405	1684176349523	KO	status.find.in([200, 209], 304), found 400
REQUEST		request_97	1684176349405	1684176349523	OK	 
REQUEST		request_95	1684176349404	1684176349539	KO	status.find.in([200, 209], 304), found 400
REQUEST		request_101	1684176349405	1684176349558	OK	 
REQUEST		request_98	1684176349406	1684176349600	OK	 
REQUEST		request_100	1684176349406	1684176349608	OK	 
REQUEST		request_39	1684176349394	1684176349658	OK	 
REQUEST		request_63	1684176349663	1684176349783	OK	 
REQUEST		request_44	1684176349673	1684176349791	OK	 
REQUEST		request_94	1684176349405	1684176349797	OK	 
USER	flujoReusoCheckOut	END	1684176349799
REQUEST		request_53	1684176349670	1684176349813	KO	status.find.in([200, 209], 304), found 400
REQUEST		request_59	1684176349671	1684176349816	KO	status.find.in([200, 209], 304), found 400
REQUEST		request_46	1684176349667	1684176349817	OK	 
REQUEST		request_49	1684176349667	1684176349818	OK	 
REQUEST		request_62	1684176349671	1684176349824	KO	status.find.in([200, 209], 304), found 400
REQUEST		request_61	1684176349662	1684176349846	OK	 
REQUEST		request_52	1684176349669	1684176349851	OK	 
REQUEST		request_54	1684176349664	1684176349851	OK	 
REQUEST		request_60	1684176349671	1684176349863	OK	 
REQUEST		request_48	1684176349665	1684176349875	OK	 
REQUEST		request_50	1684176349660	1684176349880	OK	 
REQUEST		request_58	1684176349670	1684176349884	OK	 
REQUEST		request_47	1684176349671	1684176349917	OK	 
REQUEST		request_65	1684176349816	1684176349921	KO	status.find.in([200, 209], 304), found 400
REQUEST		request_40	1684176349673	1684176349960	OK	 
REQUEST		request_64	1684176349813	1684176349994	OK	 
REQUEST		request_45	1684176349674	1684176349995	OK	 
REQUEST		request_56	1684176349665	1684176349996	OK	 
REQUEST		request_81	1684176350070	1684176350259	OK	 
REQUEST		request_82	1684176350259	1684176350765	KO	status.find.in([200, 209], 304), found 400
REQUEST		request_83	1684176352767	1684176352934	OK	 
REQUEST		request_84	1684176352935	1684176353044	KO	status.find.in([200, 209], 304), found 400
REQUEST		request_66	1684176352998	1684176353185	OK	 
REQUEST		request_69	1684176353186	1684176353198	OK	 
REQUEST		request_85	1684176355046	1684176355207	OK	 
REQUEST		request_86	1684176355208	1684176355336	KO	status.find.in([200, 209], 304), found 400
REQUEST		request_74	1684176357200	1684176357360	OK	 
REQUEST		request_76	1684176357360	1684176357368	OK	 
REQUEST		request_87	1684176357338	1684176357500	OK	 
REQUEST		request_75	1684176357361	1684176357504	KO	status.find.in([200, 209], 304), found 400
REQUEST		request_90	1684176357501	1684176357601	KO	status.find.in([200, 209], 304), found 400
REQUEST		request_89	1684176357501	1684176357655	OK	 
REQUEST		request_88	1684176357501	1684176357657	KO	status.find.in([200, 209], 304), found 400
REQUEST		request_39	1684176357675	1684176358100	OK	 
REQUEST		request_63	1684176358102	1684176358219	OK	 
REQUEST		request_44	1684176358106	1684176358226	OK	 
REQUEST		request_62	1684176358105	1684176358237	KO	status.find.in([200, 209], 304), found 400
REQUEST		request_53	1684176358104	1684176358238	KO	status.find.in([200, 209], 304), found 400
REQUEST		request_59	1684176358105	1684176358244	KO	status.find.in([200, 209], 304), found 400
REQUEST		request_49	1684176358103	1684176358248	OK	 
REQUEST		request_61	1684176358102	1684176358279	OK	 
REQUEST		request_60	1684176358105	1684176358281	OK	 
REQUEST		request_58	1684176358104	1684176358281	OK	 
REQUEST		request_54	1684176358103	1684176358288	OK	 
REQUEST		request_52	1684176358104	1684176358294	OK	 
REQUEST		request_50	1684176358102	1684176358299	OK	 
REQUEST		request_56	1684176358103	1684176358306	OK	 
REQUEST		request_65	1684176358238	1684176358350	KO	status.find.in([200, 209], 304), found 400
REQUEST		request_48	1684176358103	1684176358367	OK	 
REQUEST		request_64	1684176358237	1684176358380	OK	 
REQUEST		request_40	1684176358106	1684176358390	OK	 
REQUEST		request_46	1684176358104	1684176358390	OK	 
REQUEST		request_45	1684176358106	1684176358432	OK	 
REQUEST		request_47	1684176358105	1684176358508	OK	 
REQUEST		request_91	1684176358659	1684176358832	OK	 
REQUEST		request_92	1684176358833	1684176359374	KO	status.find.in([200, 209], 304), found 400
REQUEST		request_79	1684176359506	1684176359661	OK	 
REQUEST		request_80	1684176359662	1684176359814	KO	status.find.in([200, 209], 304), found 400
REQUEST		request_93	1684176360375	1684176360517	OK	 
REQUEST		request_99	1684176360518	1684176360527	OK	 
REQUEST		request_102	1684176360519	1684176360668	KO	status.find.in([200, 209], 304), found 400
REQUEST		request_98	1684176360520	1684176360669	OK	 
REQUEST		request_97	1684176360519	1684176360669	OK	 
REQUEST		request_95	1684176360518	1684176360669	KO	status.find.in([200, 209], 304), found 400
REQUEST		request_101	1684176360519	1684176360671	OK	 
REQUEST		request_94	1684176360519	1684176360725	OK	 
REQUEST		request_100	1684176360520	1684176360725	OK	 
USER	flujoReusoCheckOut	END	1684176360727
REQUEST		request_81	1684176360816	1684176360972	OK	 
REQUEST		request_82	1684176360973	1684176361112	KO	status.find.in([200, 209], 304), found 400
REQUEST		request_66	1684176361509	1684176361663	OK	 
REQUEST		request_69	1684176361663	1684176361671	OK	 
REQUEST		request_83	1684176363114	1684176363254	OK	 
REQUEST		request_84	1684176363254	1684176363384	KO	status.find.in([200, 209], 304), found 400
REQUEST		request_85	1684176365386	1684176365562	OK	 
REQUEST		request_86	1684176365562	1684176365690	KO	status.find.in([200, 209], 304), found 400
REQUEST		request_74	1684176365672	1684176365950	OK	 
REQUEST		request_76	1684176365950	1684176365963	OK	 
REQUEST		request_75	1684176365950	1684176366085	KO	status.find.in([200, 209], 304), found 400
REQUEST		request_87	1684176367692	1684176367856	OK	 
REQUEST		request_39	1684176367696	1684176367935	OK	 
REQUEST		request_88	1684176367856	1684176367954	KO	status.find.in([200, 209], 304), found 400
REQUEST		request_90	1684176367857	1684176367958	KO	status.find.in([200, 209], 304), found 400
REQUEST		request_89	1684176367857	1684176368037	OK	 
REQUEST		request_63	1684176367937	1684176368042	OK	 
REQUEST		request_62	1684176367940	1684176368071	KO	status.find.in([200, 209], 304), found 400
REQUEST		request_46	1684176367938	1684176368077	OK	 
REQUEST		request_48	1684176367938	1684176368112	OK	 
REQUEST		request_53	1684176367939	1684176368112	KO	status.find.in([200, 209], 304), found 400
REQUEST		request_61	1684176367937	1684176368114	OK	 
REQUEST		request_59	1684176367939	1684176368116	KO	status.find.in([200, 209], 304), found 400
REQUEST		request_56	1684176367938	1684176368116	OK	 
REQUEST		request_54	1684176367937	1684176368124	OK	 
REQUEST		request_49	1684176367938	1684176368135	OK	 
REQUEST		request_58	1684176367939	1684176368136	OK	 
REQUEST		request_47	1684176367940	1684176368144	OK	 
REQUEST		request_50	1684176367936	1684176368145	OK	 
REQUEST		request_52	1684176367938	1684176368145	OK	 
REQUEST		request_60	1684176367939	1684176368146	OK	 
REQUEST		request_44	1684176367940	1684176368194	OK	 
REQUEST		request_40	1684176367940	1684176368210	OK	 
REQUEST		request_65	1684176368113	1684176368213	KO	status.find.in([200, 209], 304), found 400
REQUEST		request_64	1684176368072	1684176368213	OK	 
REQUEST		request_45	1684176367940	1684176368229	OK	 
REQUEST		request_79	1684176368086	1684176368253	OK	 
REQUEST		request_80	1684176368253	1684176368357	KO	status.find.in([200, 209], 304), found 400
REQUEST		request_91	1684176369039	1684176369194	OK	 
REQUEST		request_92	1684176369194	1684176369434	KO	status.find.in([200, 209], 304), found 400
REQUEST		request_81	1684176369359	1684176369501	OK	 
REQUEST		request_82	1684176369502	1684176369654	KO	status.find.in([200, 209], 304), found 400
REQUEST		request_93	1684176370436	1684176370583	OK	 
REQUEST		request_99	1684176370584	1684176370592	OK	 
REQUEST		request_102	1684176370585	1684176370708	KO	status.find.in([200, 209], 304), found 400
REQUEST		request_95	1684176370584	1684176370709	KO	status.find.in([200, 209], 304), found 400
REQUEST		request_97	1684176370587	1684176370711	OK	 
REQUEST		request_98	1684176370587	1684176370712	OK	 
REQUEST		request_100	1684176370587	1684176370722	OK	 
REQUEST		request_101	1684176370584	1684176370732	OK	 
REQUEST		request_94	1684176370585	1684176370905	OK	 
USER	flujoReusoCheckOut	END	1684176370908
REQUEST		request_66	1684176371231	1684176371383	OK	 
REQUEST		request_69	1684176371384	1684176371391	OK	 
REQUEST		request_83	1684176371655	1684176371807	OK	 
REQUEST		request_84	1684176371807	1684176371909	KO	status.find.in([200, 209], 304), found 400
REQUEST		request_85	1684176373911	1684176374064	OK	 
REQUEST		request_86	1684176374064	1684176374170	KO	status.find.in([200, 209], 304), found 400
REQUEST		request_74	1684176375394	1684176375555	OK	 
REQUEST		request_76	1684176375555	1684176375565	OK	 
REQUEST		request_75	1684176375555	1684176375957	KO	status.find.in([200, 209], 304), found 400
REQUEST		request_87	1684176376171	1684176376570	OK	 
REQUEST		request_90	1684176376571	1684176376671	KO	status.find.in([200, 209], 304), found 400
REQUEST		request_88	1684176376571	1684176376673	KO	status.find.in([200, 209], 304), found 400
REQUEST		request_89	1684176376571	1684176376728	OK	 
REQUEST		request_39	1684176377608	1684176377846	OK	 
REQUEST		request_91	1684176377730	1684176377886	OK	 
REQUEST		request_63	1684176377848	1684176377959	OK	 
REQUEST		request_46	1684176377849	1684176377982	OK	 
REQUEST		request_59	1684176377850	1684176377988	KO	status.find.in([200, 209], 304), found 400
REQUEST		request_53	1684176377849	1684176377988	KO	status.find.in([200, 209], 304), found 400
REQUEST		request_92	1684176377887	1684176377995	KO	status.find.in([200, 209], 304), found 400
REQUEST		request_61	1684176377847	1684176378014	OK	 
REQUEST		request_58	1684176377850	1684176378014	OK	 
REQUEST		request_56	1684176377848	1684176378023	OK	 
REQUEST		request_60	1684176377850	1684176378023	OK	 
REQUEST		request_50	1684176377847	1684176378034	OK	 
REQUEST		request_54	1684176377848	1684176378043	OK	 
REQUEST		request_62	1684176377850	1684176378043	KO	status.find.in([200, 209], 304), found 400
REQUEST		request_47	1684176377851	1684176378066	OK	 
REQUEST		request_52	1684176377849	1684176378068	OK	 
REQUEST		request_65	1684176377988	1684176378089	KO	status.find.in([200, 209], 304), found 400
REQUEST		request_48	1684176377849	1684176378102	OK	 
REQUEST		request_79	1684176377959	1684176378103	OK	 
REQUEST		request_44	1684176377851	1684176378103	OK	 
REQUEST		request_49	1684176377849	1684176378110	OK	 
REQUEST		request_40	1684176377851	1684176378120	OK	 
REQUEST		request_64	1684176377988	1684176378128	OK	 
REQUEST		request_45	1684176377851	1684176378150	OK	 
REQUEST		request_80	1684176378103	1684176378317	KO	status.find.in([200, 209], 304), found 400
REQUEST		request_93	1684176378997	1684176379148	OK	 
REQUEST		request_99	1684176379149	1684176379156	OK	 
REQUEST		request_102	1684176379150	1684176379248	KO	status.find.in([200, 209], 304), found 400
REQUEST		request_95	1684176379149	1684176379249	KO	status.find.in([200, 209], 304), found 400
REQUEST		request_97	1684176379150	1684176379256	OK	 
REQUEST		request_98	1684176379151	1684176379267	OK	 
REQUEST		request_100	1684176379151	1684176379296	OK	 
REQUEST		request_101	1684176379150	1684176379302	OK	 
REQUEST		request_94	1684176379150	1684176379413	OK	 
USER	flujoReusoCheckOut	END	1684176379416
REQUEST		request_81	1684176379318	1684176379500	OK	 
REQUEST		request_82	1684176379501	1684176379630	KO	status.find.in([200, 209], 304), found 400
REQUEST		request_66	1684176381152	1684176381336	OK	 
REQUEST		request_69	1684176381336	1684176381344	OK	 
REQUEST		request_83	1684176381632	1684176381848	OK	 
REQUEST		request_84	1684176381848	1684176381951	KO	status.find.in([200, 209], 304), found 400
REQUEST		request_85	1684176383953	1684176384097	OK	 
REQUEST		request_86	1684176384098	1684176384194	KO	status.find.in([200, 209], 304), found 400
REQUEST		request_74	1684176385346	1684176385507	OK	 
REQUEST		request_76	1684176385507	1684176385547	OK	 
REQUEST		request_75	1684176385508	1684176385630	KO	status.find.in([200, 209], 304), found 400
REQUEST		request_87	1684176386195	1684176386368	OK	 
REQUEST		request_90	1684176386369	1684176386466	KO	status.find.in([200, 209], 304), found 400
REQUEST		request_88	1684176386369	1684176386475	KO	status.find.in([200, 209], 304), found 400
REQUEST		request_89	1684176386369	1684176386520	OK	 
REQUEST		request_91	1684176387522	1684176387675	OK	 
REQUEST		request_92	1684176387676	1684176387779	KO	status.find.in([200, 209], 304), found 400
REQUEST		request_79	1684176387631	1684176387780	OK	 
REQUEST		request_80	1684176387780	1684176387884	KO	status.find.in([200, 209], 304), found 400
REQUEST		request_39	1684176388028	1684176388449	OK	 
REQUEST		request_93	1684176388781	1684176388929	OK	 
REQUEST		request_99	1684176388929	1684176388941	OK	 
REQUEST		request_63	1684176388469	1684176388961	OK	 
REQUEST		request_46	1684176388794	1684176388999	OK	 
REQUEST		request_53	1684176388833	1684176389008	KO	status.find.in([200, 209], 304), found 400
REQUEST		request_62	1684176388834	1684176389011	KO	status.find.in([200, 209], 304), found 400
REQUEST		request_59	1684176388833	1684176389023	KO	status.find.in([200, 209], 304), found 400
REQUEST		request_95	1684176388930	1684176389032	KO	status.find.in([200, 209], 304), found 400
REQUEST		request_61	1684176388451	1684176389033	OK	 
REQUEST		request_81	1684176388885	1684176389034	OK	 
REQUEST		request_52	1684176388831	1684176389038	OK	 
REQUEST		request_58	1684176388833	1684176389041	OK	 
REQUEST		request_97	1684176388931	1684176389042	OK	 
REQUEST		request_98	1684176388931	1684176389043	OK	 
REQUEST		request_56	1684176388507	1684176389045	OK	 
REQUEST		request_102	1684176388930	1684176389052	KO	status.find.in([200, 209], 304), found 400
REQUEST		request_60	1684176388834	1684176389058	OK	 
REQUEST		request_49	1684176388793	1684176389060	OK	 
REQUEST		request_48	1684176388507	1684176389062	OK	 
REQUEST		request_47	1684176388834	1684176389073	OK	 
REQUEST		request_50	1684176388450	1684176389073	OK	 
REQUEST		request_101	1684176388930	1684176389086	OK	 
REQUEST		request_44	1684176388873	1684176389122	OK	 
REQUEST		request_94	1684176388931	1684176389125	OK	 
REQUEST		request_65	1684176389011	1684176389140	KO	status.find.in([200, 209], 304), found 400
REQUEST		request_82	1684176389035	1684176389141	KO	status.find.in([200, 209], 304), found 400
REQUEST		request_64	1684176389008	1684176389163	OK	 
REQUEST		request_40	1684176388872	1684176389166	OK	 
REQUEST		request_54	1684176388470	1684176389166	OK	 
REQUEST		request_100	1684176388932	1684176389177	OK	 
USER	flujoReusoCheckOut	END	1684176389180
REQUEST		request_45	1684176388873	1684176389186	OK	 
REQUEST		request_83	1684176391143	1684176391319	OK	 
REQUEST		request_84	1684176391320	1684176391423	KO	status.find.in([200, 209], 304), found 400
REQUEST		request_66	1684176392188	1684176392345	OK	 
REQUEST		request_69	1684176392346	1684176392353	OK	 
REQUEST		request_85	1684176393424	1684176393560	OK	 
REQUEST		request_86	1684176393561	1684176393673	KO	status.find.in([200, 209], 304), found 400
REQUEST		request_87	1684176395676	1684176395845	OK	 
REQUEST		request_88	1684176395846	1684176395953	KO	status.find.in([200, 209], 304), found 400
REQUEST		request_89	1684176395846	1684176395995	OK	 
REQUEST		request_90	1684176395846	1684176396037	KO	status.find.in([200, 209], 304), found 400
REQUEST		request_74	1684176396354	1684176396504	OK	 
REQUEST		request_76	1684176396504	1684176396512	OK	 
REQUEST		request_75	1684176396504	1684176396604	KO	status.find.in([200, 209], 304), found 400
REQUEST		request_91	1684176397038	1684176397192	OK	 
REQUEST		request_92	1684176397192	1684176397293	KO	status.find.in([200, 209], 304), found 400
REQUEST		request_39	1684176397311	1684176397415	OK	 
REQUEST		request_63	1684176397417	1684176397518	OK	 
REQUEST		request_49	1684176397418	1684176397556	OK	 
REQUEST		request_46	1684176397418	1684176397570	OK	 
REQUEST		request_59	1684176397419	1684176397570	KO	status.find.in([200, 209], 304), found 400
REQUEST		request_53	1684176397419	1684176397593	KO	status.find.in([200, 209], 304), found 400
REQUEST		request_61	1684176397417	1684176397594	OK	 
REQUEST		request_62	1684176397420	1684176397594	KO	status.find.in([200, 209], 304), found 400
REQUEST		request_48	1684176397418	1684176397610	OK	 
REQUEST		request_58	1684176397419	1684176397610	OK	 
REQUEST		request_50	1684176397416	1684176397616	OK	 
REQUEST		request_52	1684176397419	1684176397617	OK	 
REQUEST		request_54	1684176397417	1684176397621	OK	 
REQUEST		request_56	1684176397418	1684176397625	OK	 
REQUEST		request_60	1684176397419	1684176397635	OK	 
REQUEST		request_44	1684176397420	1684176397694	OK	 
REQUEST		request_40	1684176397420	1684176397701	OK	 
REQUEST		request_65	1684176397593	1684176397715	KO	status.find.in([200, 209], 304), found 400
REQUEST		request_64	1684176397570	1684176397721	OK	 
REQUEST		request_45	1684176397421	1684176397746	OK	 
REQUEST		request_47	1684176397420	1684176397847	OK	 
REQUEST		request_93	1684176398294	1684176398443	OK	 
REQUEST		request_99	1684176398444	1684176398452	OK	 
REQUEST		request_95	1684176398444	1684176398549	KO	status.find.in([200, 209], 304), found 400
REQUEST		request_98	1684176398446	1684176398554	OK	 
REQUEST		request_97	1684176398445	1684176398559	OK	 
REQUEST		request_102	1684176398445	1684176398572	KO	status.find.in([200, 209], 304), found 400
REQUEST		request_94	1684176398445	1684176398603	OK	 
REQUEST		request_101	1684176398444	1684176398603	OK	 
REQUEST		request_100	1684176398446	1684176398627	OK	 
USER	flujoReusoCheckOut	END	1684176398632
REQUEST		request_79	1684176398605	1684176398788	OK	 
REQUEST		request_80	1684176398789	1684176398894	KO	status.find.in([200, 209], 304), found 400
REQUEST		request_81	1684176399896	1684176400048	OK	 
REQUEST		request_82	1684176400049	1684176400196	KO	status.find.in([200, 209], 304), found 400
REQUEST		request_66	1684176400848	1684176401013	OK	 
REQUEST		request_69	1684176401013	1684176401022	OK	 
REQUEST		request_83	1684176402197	1684176402371	OK	 
REQUEST		request_84	1684176402371	1684176402494	KO	status.find.in([200, 209], 304), found 400
REQUEST		request_85	1684176404496	1684176404677	OK	 
REQUEST		request_86	1684176404678	1684176404817	KO	status.find.in([200, 209], 304), found 400
REQUEST		request_74	1684176405024	1684176405185	OK	 
REQUEST		request_76	1684176405186	1684176405225	OK	 
REQUEST		request_75	1684176405186	1684176405355	KO	status.find.in([200, 209], 304), found 400
REQUEST		request_87	1684176406819	1684176406976	OK	 
REQUEST		request_88	1684176406977	1684176407079	KO	status.find.in([200, 209], 304), found 400
REQUEST		request_90	1684176406977	1684176407094	KO	status.find.in([200, 209], 304), found 400
REQUEST		request_89	1684176406977	1684176407126	OK	 
REQUEST		request_79	1684176407358	1684176407518	OK	 
REQUEST		request_80	1684176407519	1684176407656	KO	status.find.in([200, 209], 304), found 400
REQUEST		request_91	1684176408127	1684176408286	OK	 
REQUEST		request_92	1684176408286	1684176408399	KO	status.find.in([200, 209], 304), found 400
REQUEST		request_81	1684176408658	1684176408813	OK	 
REQUEST		request_82	1684176408814	1684176408934	KO	status.find.in([200, 209], 304), found 400
REQUEST		request_93	1684176409401	1684176409541	OK	 
REQUEST		request_99	1684176409542	1684176409559	OK	 
REQUEST		request_95	1684176409542	1684176409644	KO	status.find.in([200, 209], 304), found 400
REQUEST		request_102	1684176409542	1684176409653	KO	status.find.in([200, 209], 304), found 400
REQUEST		request_97	1684176409545	1684176409676	OK	 
REQUEST		request_98	1684176409545	1684176409683	OK	 
REQUEST		request_101	1684176409542	1684176409723	OK	 
REQUEST		request_94	1684176409542	1684176409761	OK	 
REQUEST		request_100	1684176409545	1684176409761	OK	 
USER	flujoReusoCheckOut	END	1684176409764
REQUEST		request_83	1684176410935	1684176411086	OK	 
REQUEST		request_84	1684176411086	1684176411293	KO	status.find.in([200, 209], 304), found 400
REQUEST		request_85	1684176413294	1684176413439	OK	 
REQUEST		request_86	1684176413439	1684176413540	KO	status.find.in([200, 209], 304), found 400
REQUEST		request_87	1684176415541	1684176415696	OK	 
REQUEST		request_90	1684176415697	1684176415809	KO	status.find.in([200, 209], 304), found 400
REQUEST		request_88	1684176415697	1684176415834	KO	status.find.in([200, 209], 304), found 400
REQUEST		request_89	1684176415697	1684176415851	OK	 
REQUEST		request_91	1684176416854	1684176417005	OK	 
REQUEST		request_92	1684176417005	1684176417114	KO	status.find.in([200, 209], 304), found 400
REQUEST		request_93	1684176418115	1684176418263	OK	 
REQUEST		request_99	1684176418264	1684176418274	OK	 
REQUEST		request_102	1684176418265	1684176418373	KO	status.find.in([200, 209], 304), found 400
REQUEST		request_97	1684176418266	1684176418377	OK	 
REQUEST		request_98	1684176418266	1684176418379	OK	 
REQUEST		request_100	1684176418266	1684176418384	OK	 
REQUEST		request_95	1684176418264	1684176418395	KO	status.find.in([200, 209], 304), found 400
REQUEST		request_94	1684176418265	1684176418423	OK	 
REQUEST		request_101	1684176418265	1684176418424	OK	 
USER	flujoReusoCheckOut	END	1684176418426
