RUN	bnpl.flujoReusoCheckOutCorregido	flujoreusocheckoutcorregido	1684178233332	 	3.8.3
USER	flujoReusoCheckOut	START	1684178240560
REQUEST		request_0	1684178239765	1684178240811	OK	 
REQUEST		request_1	1684178242833	1684178242969	OK	 
REQUEST		request_5	1684178242987	1684178242996	OK	 
REQUEST		request_6	1684178242988	1684178243109	OK	 
REQUEST		request_4	1684178242990	1684178243136	KO	status.find.in([200, 209], 304), found 400
REQUEST		request_3	1684178242989	1684178243252	OK	 
REQUEST		request_2	1684178242989	1684178243281	OK	 
REQUEST		request_7	1684178244289	1684178244313	OK	 
REQUEST		request_8	1684178244314	1684178244323	OK	 
REQUEST		request_9	1684178244315	1684178244327	KO	status.find.in([200, 209], 304), found 403
REQUEST		request_10	1684178246337	1684178246422	OK	 
USER	flujoReusoCheckOut	START	1684178249725
REQUEST		request_0	1684178249724	1684178249889	OK	 
REQUEST		request_11	1684178251424	1684178251436	OK	 
REQUEST		request_12	1684178251437	1684178251518	OK	 
REQUEST		request_15	1684178251463	1684178251635	OK	 
REQUEST		request_13	1684178251438	1684178251639	OK	 
REQUEST		request_16	1684178251464	1684178251651	OK	 
REQUEST		request_14	1684178251463	1684178251667	OK	 
REQUEST		request_17	1684178251438	1684178251686	OK	 
REQUEST		request_1	1684178251891	1684178251901	OK	 
REQUEST		request_5	1684178251902	1684178251912	OK	 
REQUEST		request_6	1684178251903	1684178251989	OK	 
REQUEST		request_4	1684178251905	1684178252074	KO	status.find.in([200, 209], 304), found 400
REQUEST		request_2	1684178251904	1684178252075	OK	 
REQUEST		request_3	1684178251904	1684178252161	OK	 
REQUEST		request_7	1684178253164	1684178253205	OK	 
REQUEST		request_9	1684178253206	1684178253215	KO	status.find.in([200, 209], 304), found 403
REQUEST		request_8	1684178253206	1684178253215	OK	 
REQUEST		request_18	1684178254689	1684178254773	OK	 
REQUEST		request_37	1684178254785	1684178254913	OK	 
REQUEST		request_19	1684178254879	1684178255002	KO	status.find.in([200, 209], 304), found 400
REQUEST		request_28	1684178254881	1684178255102	OK	 
REQUEST		request_26	1684178254880	1684178255105	KO	status.find.in([200, 209], 304), found 400
REQUEST		request_31	1684178255002	1684178255127	KO	status.find.in([200, 209], 304), found 400
REQUEST		request_30	1684178254881	1684178255142	OK	 
REQUEST		request_25	1684178254880	1684178255157	OK	 
REQUEST		request_29	1684178254881	1684178255165	OK	 
REQUEST		request_20	1684178254842	1684178255174	KO	status.find.in([200, 209], 304), found 400
REQUEST		request_33	1684178255102	1684178255228	KO	status.find.in([200, 209], 304), found 400
REQUEST		request_36	1684178255142	1684178255247	KO	status.find.in([200, 209], 304), found 400
REQUEST		request_34	1684178255106	1684178255248	KO	status.find.in([200, 209], 304), found 400
REQUEST		request_35	1684178255127	1684178255273	OK	 
REQUEST		request_10	1684178255218	1684178255291	OK	 
USER	flujoReusoCheckOut	START	1684178259725
REQUEST		request_0	1684178259724	1684178259875	OK	 
REQUEST		request_11	1684178260293	1684178260310	OK	 
REQUEST		request_12	1684178260311	1684178260386	OK	 
REQUEST		request_17	1684178260312	1684178260453	OK	 
REQUEST		request_13	1684178260312	1684178260465	OK	 
REQUEST		request_15	1684178260313	1684178260477	OK	 
REQUEST		request_16	1684178260314	1684178260486	OK	 
REQUEST		request_14	1684178260313	1684178260503	OK	 
REQUEST		request_1	1684178261878	1684178261887	OK	 
REQUEST		request_5	1684178261888	1684178261900	OK	 
REQUEST		request_6	1684178261889	1684178261975	OK	 
REQUEST		request_4	1684178261890	1684178262010	KO	status.find.in([200, 209], 304), found 400
REQUEST		request_3	1684178261890	1684178262102	OK	 
REQUEST		request_2	1684178261889	1684178262181	OK	 
REQUEST		request_7	1684178263182	1684178263191	OK	 
REQUEST		request_9	1684178263193	1684178263200	KO	status.find.in([200, 209], 304), found 403
REQUEST		request_8	1684178263192	1684178263201	OK	 
REQUEST		request_18	1684178263505	1684178263579	OK	 
REQUEST		request_37	1684178263581	1684178263622	OK	 
REQUEST		request_19	1684178263583	1684178263686	KO	status.find.in([200, 209], 304), found 400
REQUEST		request_26	1684178263584	1684178263733	KO	status.find.in([200, 209], 304), found 400
REQUEST		request_25	1684178263583	1684178263734	OK	 
REQUEST		request_29	1684178263584	1684178263758	OK	 
REQUEST		request_31	1684178263687	1684178263803	KO	status.find.in([200, 209], 304), found 400
REQUEST		request_20	1684178263582	1684178263836	KO	status.find.in([200, 209], 304), found 400
REQUEST		request_28	1684178263584	1684178263839	OK	 
REQUEST		request_33	1684178263733	1684178263840	KO	status.find.in([200, 209], 304), found 400
REQUEST		request_34	1684178263735	1684178263842	KO	status.find.in([200, 209], 304), found 400
REQUEST		request_35	1684178263758	1684178263904	OK	 
REQUEST		request_36	1684178263803	1684178263907	KO	status.find.in([200, 209], 304), found 400
REQUEST		request_30	1684178263585	1684178263953	OK	 
REQUEST		request_10	1684178265203	1684178265274	OK	 
USER	flujoReusoCheckOut	START	1684178269726
REQUEST		request_11	1684178270276	1684178270286	OK	 
REQUEST		request_12	1684178270287	1684178270377	OK	 
REQUEST		request_17	1684178270288	1684178270431	OK	 
REQUEST		request_15	1684178270289	1684178270458	OK	 
REQUEST		request_13	1684178270288	1684178270477	OK	 
REQUEST		request_16	1684178270290	1684178270478	OK	 
REQUEST		request_14	1684178270289	1684178270500	OK	 
REQUEST		request_0	1684178269725	1684178270882	OK	 
REQUEST		request_1	1684178272884	1684178272895	OK	 
REQUEST		request_5	1684178272896	1684178272903	OK	 
REQUEST		request_6	1684178272896	1684178273019	OK	 
REQUEST		request_4	1684178272900	1684178273020	KO	status.find.in([200, 209], 304), found 400
REQUEST		request_3	1684178272900	1684178273109	OK	 
REQUEST		request_2	1684178272898	1684178273147	OK	 
REQUEST		request_18	1684178273502	1684178273580	OK	 
REQUEST		request_37	1684178273582	1684178273614	OK	 
REQUEST		request_26	1684178273584	1684178273683	KO	status.find.in([200, 209], 304), found 400
REQUEST		request_30	1684178273585	1684178273754	OK	 
REQUEST		request_19	1684178273583	1684178273761	KO	status.find.in([200, 209], 304), found 400
REQUEST		request_25	1684178273584	1684178273768	OK	 
REQUEST		request_28	1684178273585	1684178273787	OK	 
REQUEST		request_31	1684178273683	1684178273795	KO	status.find.in([200, 209], 304), found 400
REQUEST		request_29	1684178273585	1684178273812	OK	 
REQUEST		request_33	1684178273755	1684178273859	KO	status.find.in([200, 209], 304), found 400
REQUEST		request_20	1684178273583	1684178273861	KO	status.find.in([200, 209], 304), found 400
REQUEST		request_34	1684178273762	1684178273862	KO	status.find.in([200, 209], 304), found 400
REQUEST		request_36	1684178273787	1684178273893	KO	status.find.in([200, 209], 304), found 400
REQUEST		request_35	1684178273769	1684178273913	OK	 
REQUEST		request_7	1684178274150	1684178274159	OK	 
REQUEST		request_8	1684178274160	1684178274169	OK	 
REQUEST		request_9	1684178274161	1684178274170	KO	status.find.in([200, 209], 304), found 403
REQUEST		request_10	1684178276172	1684178276251	OK	 
USER	flujoReusoCheckOut	START	1684178279724
REQUEST		request_0	1684178279723	1684178279876	OK	 
REQUEST		request_11	1684178281251	1684178281260	OK	 
REQUEST		request_12	1684178281261	1684178281338	OK	 
REQUEST		request_13	1684178281262	1684178281415	OK	 
REQUEST		request_17	1684178281262	1684178281416	OK	 
REQUEST		request_15	1684178281263	1684178281418	OK	 
REQUEST		request_16	1684178281264	1684178281433	OK	 
REQUEST		request_14	1684178281263	1684178281507	OK	 
REQUEST		request_1	1684178281878	1684178281885	OK	 
REQUEST		request_5	1684178281887	1684178281897	OK	 
REQUEST		request_6	1684178281887	1684178281983	OK	 
REQUEST		request_4	1684178281888	1684178282037	KO	status.find.in([200, 209], 304), found 400
REQUEST		request_3	1684178281888	1684178282046	OK	 
REQUEST		request_2	1684178281888	1684178282057	OK	 
REQUEST		request_7	1684178283060	1684178283067	OK	 
REQUEST		request_9	1684178283068	1684178283076	KO	status.find.in([200, 209], 304), found 403
REQUEST		request_8	1684178283068	1684178283076	OK	 
REQUEST		request_18	1684178284509	1684178284579	OK	 
REQUEST		request_37	1684178284581	1684178284615	OK	 
REQUEST		request_19	1684178284582	1684178284686	KO	status.find.in([200, 209], 304), found 400
REQUEST		request_26	1684178284582	1684178284701	KO	status.find.in([200, 209], 304), found 400
REQUEST		request_25	1684178284582	1684178284731	OK	 
REQUEST		request_29	1684178284583	1684178284751	OK	 
REQUEST		request_30	1684178284583	1684178284766	OK	 
REQUEST		request_28	1684178284583	1684178284770	OK	 
REQUEST		request_31	1684178284687	1684178284782	KO	status.find.in([200, 209], 304), found 400
REQUEST		request_33	1684178284701	1684178284798	KO	status.find.in([200, 209], 304), found 400
REQUEST		request_34	1684178284732	1684178284837	KO	status.find.in([200, 209], 304), found 400
REQUEST		request_20	1684178284581	1684178284842	KO	status.find.in([200, 209], 304), found 400
REQUEST		request_36	1684178284767	1684178284871	KO	status.find.in([200, 209], 304), found 400
REQUEST		request_35	1684178284751	1684178284904	OK	 
REQUEST		request_10	1684178285078	1684178285462	OK	 
USER	flujoReusoCheckOut	START	1684178289725
REQUEST		request_0	1684178289724	1684178289883	OK	 
REQUEST		request_11	1684178290464	1684178290472	OK	 
REQUEST		request_12	1684178290474	1684178290550	OK	 
REQUEST		request_13	1684178290475	1684178290623	OK	 
REQUEST		request_15	1684178290476	1684178290630	OK	 
REQUEST		request_16	1684178290477	1684178290653	OK	 
REQUEST		request_14	1684178290476	1684178290670	OK	 
REQUEST		request_17	1684178290474	1684178290770	OK	 
REQUEST		request_1	1684178291885	1684178291910	OK	 
REQUEST		request_5	1684178291911	1684178291919	OK	 
REQUEST		request_4	1684178291913	1684178292044	KO	status.find.in([200, 209], 304), found 400
REQUEST		request_6	1684178291912	1684178292050	OK	 
REQUEST		request_2	1684178291912	1684178292076	OK	 
REQUEST		request_3	1684178291913	1684178292238	OK	 
REQUEST		request_7	1684178293239	1684178293248	OK	 
REQUEST		request_9	1684178293249	1684178293257	KO	status.find.in([200, 209], 304), found 403
REQUEST		request_8	1684178293249	1684178293258	OK	 
REQUEST		request_18	1684178293773	1684178293858	OK	 
REQUEST		request_37	1684178293860	1684178293901	OK	 
REQUEST		request_19	1684178293864	1684178293961	KO	status.find.in([200, 209], 304), found 400
REQUEST		request_30	1684178293866	1684178294022	OK	 
REQUEST		request_29	1684178293866	1684178294026	OK	 
REQUEST		request_25	1684178293865	1684178294027	OK	 
REQUEST		request_28	1684178293865	1684178294042	OK	 
REQUEST		request_31	1684178293962	1684178294058	KO	status.find.in([200, 209], 304), found 400
REQUEST		request_26	1684178293865	1684178294064	KO	status.find.in([200, 209], 304), found 400
REQUEST		request_33	1684178294022	1684178294121	KO	status.find.in([200, 209], 304), found 400
REQUEST		request_34	1684178294026	1684178294157	KO	status.find.in([200, 209], 304), found 400
REQUEST		request_20	1684178293862	1684178294157	KO	status.find.in([200, 209], 304), found 400
REQUEST		request_35	1684178294028	1684178294206	OK	 
REQUEST		request_36	1684178294042	1684178294207	KO	status.find.in([200, 209], 304), found 400
REQUEST		request_10	1684178295260	1684178295335	OK	 
USER	flujoReusoCheckOut	START	1684178299725
REQUEST		request_0	1684178299724	1684178299874	OK	 
REQUEST		request_11	1684178300336	1684178300344	OK	 
REQUEST		request_12	1684178300345	1684178300417	OK	 
REQUEST		request_13	1684178300346	1684178300495	OK	 
REQUEST		request_15	1684178300347	1684178300510	OK	 
REQUEST		request_16	1684178300347	1684178300511	OK	 
REQUEST		request_17	1684178300345	1684178300527	OK	 
REQUEST		request_14	1684178300346	1684178300529	OK	 
REQUEST		request_1	1684178301877	1684178301886	OK	 
REQUEST		request_5	1684178301887	1684178301897	OK	 
REQUEST		request_6	1684178301888	1684178301971	OK	 
REQUEST		request_4	1684178301889	1684178302004	KO	status.find.in([200, 209], 304), found 400
REQUEST		request_3	1684178301889	1684178302053	OK	 
REQUEST		request_2	1684178301888	1684178302086	OK	 
REQUEST		request_7	1684178303088	1684178303129	OK	 
REQUEST		request_8	1684178303130	1684178303137	OK	 
REQUEST		request_9	1684178303130	1684178303139	KO	status.find.in([200, 209], 304), found 403
REQUEST		request_18	1684178303531	1684178303604	OK	 
REQUEST		request_37	1684178303606	1684178303638	OK	 
REQUEST		request_19	1684178303607	1684178303708	KO	status.find.in([200, 209], 304), found 400
REQUEST		request_26	1684178303607	1684178303737	KO	status.find.in([200, 209], 304), found 400
REQUEST		request_25	1684178303607	1684178303768	OK	 
REQUEST		request_30	1684178303610	1684178303776	OK	 
REQUEST		request_29	1684178303610	1684178303791	OK	 
REQUEST		request_28	1684178303608	1684178303792	OK	 
REQUEST		request_31	1684178303708	1684178303806	KO	status.find.in([200, 209], 304), found 400
REQUEST		request_33	1684178303738	1684178303852	KO	status.find.in([200, 209], 304), found 400
REQUEST		request_34	1684178303768	1684178303873	KO	status.find.in([200, 209], 304), found 400
REQUEST		request_20	1684178303606	1684178303874	KO	status.find.in([200, 209], 304), found 400
REQUEST		request_36	1684178303791	1684178303895	KO	status.find.in([200, 209], 304), found 400
REQUEST		request_35	1684178303776	1684178303922	OK	 
REQUEST		request_10	1684178305141	1684178305213	OK	 
USER	flujoReusoCheckOut	START	1684178309726
REQUEST		request_0	1684178309724	1684178309894	OK	 
REQUEST		request_11	1684178310216	1684178310226	OK	 
REQUEST		request_12	1684178310227	1684178310297	OK	 
REQUEST		request_13	1684178310228	1684178310378	OK	 
REQUEST		request_15	1684178310229	1684178310383	OK	 
REQUEST		request_17	1684178310228	1684178310389	OK	 
REQUEST		request_16	1684178310230	1684178310398	OK	 
REQUEST		request_14	1684178310229	1684178310423	OK	 
REQUEST		request_1	1684178311896	1684178311903	OK	 
REQUEST		request_5	1684178311904	1684178311913	OK	 
REQUEST		request_6	1684178311904	1684178312018	OK	 
REQUEST		request_4	1684178311905	1684178312023	KO	status.find.in([200, 209], 304), found 400
REQUEST		request_3	1684178311905	1684178312074	OK	 
REQUEST		request_2	1684178311905	1684178312078	OK	 
REQUEST		request_7	1684178313080	1684178313087	OK	 
REQUEST		request_9	1684178313088	1684178313095	KO	status.find.in([200, 209], 304), found 403
REQUEST		request_8	1684178313088	1684178313096	OK	 
REQUEST		request_18	1684178313424	1684178313495	OK	 
REQUEST		request_37	1684178313497	1684178313528	OK	 
REQUEST		request_19	1684178313498	1684178313592	KO	status.find.in([200, 209], 304), found 400
REQUEST		request_26	1684178313499	1684178313620	KO	status.find.in([200, 209], 304), found 400
REQUEST		request_28	1684178313499	1684178313658	OK	 
REQUEST		request_25	1684178313498	1684178313665	OK	 
REQUEST		request_30	1684178313500	1684178313708	OK	 
REQUEST		request_29	1684178313499	1684178313709	OK	 
REQUEST		request_31	1684178313592	1684178313709	KO	status.find.in([200, 209], 304), found 400
REQUEST		request_33	1684178313620	1684178313735	KO	status.find.in([200, 209], 304), found 400
REQUEST		request_20	1684178313498	1684178313740	KO	status.find.in([200, 209], 304), found 400
REQUEST		request_34	1684178313658	1684178313760	KO	status.find.in([200, 209], 304), found 400
REQUEST		request_36	1684178313708	1684178313814	KO	status.find.in([200, 209], 304), found 400
REQUEST		request_10	1684178315097	1684178315174	OK	 
REQUEST		request_35	1684178313665	1684178315877	OK	 
USER	flujoReusoCheckOut	START	1684178319725
REQUEST		request_0	1684178319724	1684178319873	OK	 
REQUEST		request_11	1684178320176	1684178320193	OK	 
REQUEST		request_12	1684178320194	1684178320274	OK	 
REQUEST		request_13	1684178320195	1684178320353	OK	 
REQUEST		request_16	1684178320197	1684178320359	OK	 
REQUEST		request_15	1684178320196	1684178320361	OK	 
REQUEST		request_14	1684178320196	1684178320389	OK	 
REQUEST		request_17	1684178320195	1684178320445	OK	 
REQUEST		request_1	1684178321875	1684178321913	OK	 
REQUEST		request_5	1684178321914	1684178321925	OK	 
REQUEST		request_6	1684178321914	1684178321998	OK	 
REQUEST		request_4	1684178321916	1684178322052	KO	status.find.in([200, 209], 304), found 400
REQUEST		request_2	1684178321915	1684178322096	OK	 
REQUEST		request_3	1684178321915	1684178322113	OK	 
REQUEST		request_7	1684178323115	1684178323124	OK	 
REQUEST		request_8	1684178323125	1684178323133	OK	 
REQUEST		request_9	1684178323125	1684178323133	KO	status.find.in([200, 209], 304), found 403
REQUEST		request_18	1684178323447	1684178323526	OK	 
REQUEST		request_37	1684178323527	1684178323557	OK	 
REQUEST		request_19	1684178323528	1684178323629	KO	status.find.in([200, 209], 304), found 400
REQUEST		request_26	1684178323529	1684178323655	KO	status.find.in([200, 209], 304), found 400
REQUEST		request_25	1684178323529	1684178323680	OK	 
REQUEST		request_30	1684178323530	1684178323692	OK	 
REQUEST		request_28	1684178323529	1684178323707	OK	 
REQUEST		request_29	1684178323530	1684178323712	OK	 
REQUEST		request_31	1684178323629	1684178323733	KO	status.find.in([200, 209], 304), found 400
REQUEST		request_33	1684178323656	1684178323809	KO	status.find.in([200, 209], 304), found 400
REQUEST		request_34	1684178323680	1684178323809	KO	status.find.in([200, 209], 304), found 400
REQUEST		request_36	1684178323707	1684178323811	KO	status.find.in([200, 209], 304), found 400
REQUEST		request_20	1684178323528	1684178323821	KO	status.find.in([200, 209], 304), found 400
REQUEST		request_35	1684178323693	1684178323870	OK	 
REQUEST		request_10	1684178325134	1684178325220	OK	 
USER	flujoReusoCheckOut	START	1684178329725
REQUEST		request_0	1684178329724	1684178329880	OK	 
REQUEST		request_11	1684178330222	1684178330233	OK	 
REQUEST		request_12	1684178330233	1684178330303	OK	 
REQUEST		request_15	1684178330236	1684178330393	OK	 
REQUEST		request_17	1684178330234	1684178330395	OK	 
REQUEST		request_13	1684178330234	1684178330405	OK	 
REQUEST		request_16	1684178330236	1684178330418	OK	 
REQUEST		request_14	1684178330236	1684178330418	OK	 
REQUEST		request_1	1684178331882	1684178331891	OK	 
REQUEST		request_5	1684178331892	1684178331903	OK	 
REQUEST		request_6	1684178331892	1684178331998	OK	 
REQUEST		request_4	1684178331894	1684178332051	KO	status.find.in([200, 209], 304), found 400
REQUEST		request_3	1684178331893	1684178332061	OK	 
REQUEST		request_2	1684178331893	1684178332130	OK	 
REQUEST		request_7	1684178333132	1684178333141	OK	 
REQUEST		request_8	1684178333141	1684178333149	OK	 
REQUEST		request_9	1684178333142	1684178333152	KO	status.find.in([200, 209], 304), found 403
REQUEST		request_18	1684178333420	1684178333490	OK	 
REQUEST		request_37	1684178333492	1684178333598	OK	 
REQUEST		request_19	1684178333569	1684178333664	KO	status.find.in([200, 209], 304), found 400
REQUEST		request_26	1684178333569	1684178333686	KO	status.find.in([200, 209], 304), found 400
REQUEST		request_25	1684178333569	1684178333719	OK	 
REQUEST		request_29	1684178333570	1684178333736	OK	 
REQUEST		request_30	1684178333570	1684178333749	OK	 
REQUEST		request_20	1684178333532	1684178333775	KO	status.find.in([200, 209], 304), found 400
REQUEST		request_31	1684178333664	1684178333783	KO	status.find.in([200, 209], 304), found 400
REQUEST		request_33	1684178333686	1684178333783	KO	status.find.in([200, 209], 304), found 400
REQUEST		request_34	1684178333720	1684178333825	KO	status.find.in([200, 209], 304), found 400
REQUEST		request_28	1684178333570	1684178333843	OK	 
REQUEST		request_36	1684178333749	1684178333849	KO	status.find.in([200, 209], 304), found 400
REQUEST		request_35	1684178333736	1684178333871	OK	 
REQUEST		request_10	1684178335153	1684178335227	OK	 
REQUEST		request_11	1684178340228	1684178340238	OK	 
REQUEST		request_12	1684178340238	1684178340316	OK	 
REQUEST		request_17	1684178340239	1684178340388	OK	 
REQUEST		request_15	1684178340240	1684178340394	OK	 
REQUEST		request_13	1684178340239	1684178340398	OK	 
REQUEST		request_16	1684178340240	1684178340411	OK	 
REQUEST		request_14	1684178340240	1684178340434	OK	 
REQUEST		request_18	1684178343435	1684178343511	OK	 
REQUEST		request_37	1684178343512	1684178343573	OK	 
REQUEST		request_19	1684178343513	1684178343610	KO	status.find.in([200, 209], 304), found 400
REQUEST		request_25	1684178343513	1684178343651	OK	 
REQUEST		request_29	1684178343545	1684178343712	OK	 
REQUEST		request_31	1684178343611	1684178343713	KO	status.find.in([200, 209], 304), found 400
REQUEST		request_28	1684178343513	1684178343721	OK	 
REQUEST		request_26	1684178343513	1684178343740	KO	status.find.in([200, 209], 304), found 400
REQUEST		request_33	1684178343652	1684178343755	KO	status.find.in([200, 209], 304), found 400
REQUEST		request_20	1684178343512	1684178343789	KO	status.find.in([200, 209], 304), found 400
REQUEST		request_34	1684178343713	1684178343821	KO	status.find.in([200, 209], 304), found 400
REQUEST		request_36	1684178343722	1684178343832	KO	status.find.in([200, 209], 304), found 400
REQUEST		request_35	1684178343713	1684178343863	OK	 
REQUEST		request_30	1684178343546	1684178343965	OK	 
REQUEST		request_39	1684178359275	1684178359619	OK	 
REQUEST		request_63	1684178359669	1684178359917	OK	 
REQUEST		request_59	1684178359791	1684178359965	KO	status.find.in([200, 209], 304), found 400
REQUEST		request_61	1684178359652	1684178359976	OK	 
REQUEST		request_53	1684178359790	1684178360015	KO	status.find.in([200, 209], 304), found 400
REQUEST		request_50	1684178359621	1684178360033	OK	 
REQUEST		request_60	1684178359791	1684178360034	OK	 
REQUEST		request_58	1684178359791	1684178360034	OK	 
REQUEST		request_62	1684178359791	1684178360034	KO	status.find.in([200, 209], 304), found 400
REQUEST		request_52	1684178359790	1684178360034	OK	 
REQUEST		request_44	1684178359829	1684178360084	OK	 
REQUEST		request_64	1684178359966	1684178360113	OK	 
REQUEST		request_65	1684178360016	1684178360120	KO	status.find.in([200, 209], 304), found 400
REQUEST		request_49	1684178359752	1684178360302	OK	 
REQUEST		request_46	1684178359753	1684178360392	OK	 
REQUEST		request_47	1684178359792	1684178360401	OK	 
REQUEST		request_48	1684178359714	1684178360407	OK	 
REQUEST		request_56	1684178359714	1684178360783	OK	 
REQUEST		request_54	1684178359670	1684178360824	OK	 
REQUEST		request_40	1684178359828	1684178365335	KO	status.find.in([200, 209], 304), found 504
REQUEST		request_45	1684178359829	1684178365336	KO	status.find.in([200, 209], 304), found 504
REQUEST		request_66	1684178368338	1684178368487	OK	 
REQUEST		request_69	1684178368488	1684178368497	OK	 
REQUEST		request_39	1684178367955	1684178369190	OK	 
REQUEST		request_63	1684178369195	1684178369295	OK	 
REQUEST		request_44	1684178369199	1684178369317	OK	 
REQUEST		request_59	1684178369198	1684178369320	KO	status.find.in([200, 209], 304), found 400
REQUEST		request_53	1684178369197	1684178369347	KO	status.find.in([200, 209], 304), found 400
REQUEST		request_61	1684178369192	1684178369353	OK	 
REQUEST		request_60	1684178369198	1684178369364	OK	 
REQUEST		request_62	1684178369198	1684178369370	KO	status.find.in([200, 209], 304), found 400
REQUEST		request_52	1684178369197	1684178369380	OK	 
REQUEST		request_58	1684178369198	1684178369404	OK	 
REQUEST		request_50	1684178369192	1684178369412	OK	 
REQUEST		request_49	1684178369197	1684178369433	OK	 
REQUEST		request_64	1684178369320	1684178369462	OK	 
REQUEST		request_65	1684178369348	1684178369468	KO	status.find.in([200, 209], 304), found 400
REQUEST		request_47	1684178369199	1684178369494	OK	 
REQUEST		request_48	1684178369197	1684178369509	OK	 
REQUEST		request_46	1684178369197	1684178369532	OK	 
REQUEST		request_56	1684178369196	1684178369563	OK	 
REQUEST		request_54	1684178369196	1684178369599	OK	 
REQUEST		request_74	1684178372498	1684178372651	OK	 
REQUEST		request_76	1684178372652	1684178372661	OK	 
REQUEST		request_75	1684178372652	1684178372777	KO	status.find.in([200, 209], 304), found 400
REQUEST		request_40	1684178369199	1684178374433	KO	status.find.in([200, 209], 304), found 504
REQUEST		request_45	1684178369199	1684178374469	KO	status.find.in([200, 209], 304), found 504
REQUEST		request_79	1684178374778	1684178374918	OK	 
REQUEST		request_80	1684178374919	1684178375149	KO	status.find.in([200, 209], 304), found 400
REQUEST		request_81	1684178376151	1684178376297	OK	 
REQUEST		request_82	1684178376298	1684178376427	KO	status.find.in([200, 209], 304), found 400
REQUEST		request_66	1684178377469	1684178377636	OK	 
REQUEST		request_69	1684178377637	1684178377646	OK	 
REQUEST		request_39	1684178377915	1684178378238	OK	 
REQUEST		request_63	1684178378240	1684178378342	OK	 
REQUEST		request_59	1684178378244	1684178378377	KO	status.find.in([200, 209], 304), found 400
REQUEST		request_53	1684178378244	1684178378415	KO	status.find.in([200, 209], 304), found 400
REQUEST		request_60	1684178378245	1684178378417	OK	 
REQUEST		request_62	1684178378245	1684178378417	KO	status.find.in([200, 209], 304), found 400
REQUEST		request_61	1684178378240	1684178378417	OK	 
REQUEST		request_52	1684178378242	1684178378437	OK	 
REQUEST		request_50	1684178378240	1684178378446	OK	 
REQUEST		request_58	1684178378244	1684178378454	OK	 
REQUEST		request_56	1684178378241	1684178378463	OK	 
REQUEST		request_44	1684178378246	1684178378500	OK	 
REQUEST		request_46	1684178378242	1684178378514	OK	 
REQUEST		request_65	1684178378415	1684178378525	KO	status.find.in([200, 209], 304), found 400
REQUEST		request_47	1684178378245	1684178378551	OK	 
REQUEST		request_64	1684178378377	1684178378564	OK	 
REQUEST		request_83	1684178378428	1684178378566	OK	 
REQUEST		request_49	1684178378242	1684178378604	OK	 
REQUEST		request_54	1684178378241	1684178378614	OK	 
REQUEST		request_48	1684178378241	1684178378661	OK	 
REQUEST		request_84	1684178378567	1684178378668	KO	status.find.in([200, 209], 304), found 400
REQUEST		request_85	1684178380670	1684178380850	OK	 
REQUEST		request_86	1684178380850	1684178380961	KO	status.find.in([200, 209], 304), found 400
REQUEST		request_74	1684178381649	1684178381812	OK	 
REQUEST		request_76	1684178381812	1684178381819	OK	 
REQUEST		request_75	1684178381813	1684178381943	KO	status.find.in([200, 209], 304), found 400
REQUEST		request_87	1684178382963	1684178383140	OK	 
REQUEST		request_88	1684178383140	1684178383314	KO	status.find.in([200, 209], 304), found 400
REQUEST		request_89	1684178383141	1684178383331	OK	 
REQUEST		request_40	1684178378245	1684178383481	KO	status.find.in([200, 209], 304), found 504
REQUEST		request_45	1684178378246	1684178383507	KO	status.find.in([200, 209], 304), found 504
REQUEST		request_90	1684178383141	1684178383991	KO	status.find.in([200, 209], 304), found 400
REQUEST		request_79	1684178383944	1684178384123	OK	 
REQUEST		request_80	1684178384123	1684178384273	KO	status.find.in([200, 209], 304), found 400
REQUEST		request_91	1684178384993	1684178385278	OK	 
REQUEST		request_92	1684178385279	1684178385413	KO	status.find.in([200, 209], 304), found 400
REQUEST		request_81	1684178385275	1684178385424	OK	 
REQUEST		request_82	1684178385424	1684178385552	KO	status.find.in([200, 209], 304), found 400
REQUEST		request_93	1684178386415	1684178386574	OK	 
REQUEST		request_99	1684178386575	1684178386625	OK	 
REQUEST		request_66	1684178386509	1684178386661	OK	 
REQUEST		request_69	1684178386662	1684178386671	OK	 
REQUEST		request_95	1684178386575	1684178386680	KO	status.find.in([200, 209], 304), found 400
REQUEST		request_102	1684178386581	1684178386684	KO	status.find.in([200, 209], 304), found 400
REQUEST		request_101	1684178386581	1684178386723	OK	 
REQUEST		request_97	1684178386624	1684178386737	OK	 
REQUEST		request_100	1684178386624	1684178386755	OK	 
REQUEST		request_94	1684178386582	1684178387003	OK	 
REQUEST		request_98	1684178386624	1684178387044	OK	 
USER	flujoReusoCheckOut	END	1684178387052
REQUEST		request_83	1684178387554	1684178388060	OK	 
REQUEST		request_84	1684178388061	1684178388684	KO	status.find.in([200, 209], 304), found 400
REQUEST		request_39	1684178388906	1684178389149	OK	 
REQUEST		request_63	1684178389151	1684178389249	OK	 
REQUEST		request_44	1684178389154	1684178389271	OK	 
REQUEST		request_46	1684178389152	1684178389293	OK	 
REQUEST		request_53	1684178389152	1684178389298	KO	status.find.in([200, 209], 304), found 400
REQUEST		request_59	1684178389153	1684178389299	KO	status.find.in([200, 209], 304), found 400
REQUEST		request_62	1684178389153	1684178389323	KO	status.find.in([200, 209], 304), found 400
REQUEST		request_49	1684178389152	1684178389325	OK	 
REQUEST		request_61	1684178389150	1684178389328	OK	 
REQUEST		request_60	1684178389153	1684178389336	OK	 
REQUEST		request_56	1684178389151	1684178389338	OK	 
REQUEST		request_50	1684178389150	1684178389341	OK	 
REQUEST		request_58	1684178389152	1684178389341	OK	 
REQUEST		request_47	1684178389153	1684178389348	OK	 
REQUEST		request_54	1684178389151	1684178389349	OK	 
REQUEST		request_65	1684178389299	1684178389415	KO	status.find.in([200, 209], 304), found 400
REQUEST		request_64	1684178389298	1684178389432	OK	 
REQUEST		request_52	1684178389152	1684178389458	OK	 
REQUEST		request_48	1684178389151	1684178389630	OK	 
REQUEST		request_74	1684178390674	1684178390880	OK	 
REQUEST		request_76	1684178390881	1684178390888	OK	 
REQUEST		request_85	1684178390685	1684178390961	OK	 
REQUEST		request_75	1684178390881	1684178391015	KO	status.find.in([200, 209], 304), found 400
REQUEST		request_86	1684178390961	1684178391081	KO	status.find.in([200, 209], 304), found 400
REQUEST		request_79	1684178393017	1684178393221	OK	 
REQUEST		request_87	1684178393083	1684178393271	OK	 
REQUEST		request_80	1684178393222	1684178393343	KO	status.find.in([200, 209], 304), found 400
REQUEST		request_90	1684178393272	1684178393390	KO	status.find.in([200, 209], 304), found 400
REQUEST		request_89	1684178393272	1684178393422	OK	 
REQUEST		request_88	1684178393271	1684178393472	KO	status.find.in([200, 209], 304), found 400
REQUEST		request_40	1684178389154	1684178394348	KO	status.find.in([200, 209], 304), found 504
REQUEST		request_45	1684178389154	1684178394436	KO	status.find.in([200, 209], 304), found 504
REQUEST		request_81	1684178394344	1684178394488	OK	 
REQUEST		request_91	1684178394473	1684178394624	OK	 
REQUEST		request_92	1684178394625	1684178394729	KO	status.find.in([200, 209], 304), found 400
REQUEST		request_82	1684178394489	1684178394852	KO	status.find.in([200, 209], 304), found 400
REQUEST		request_93	1684178395730	1684178395871	OK	 
REQUEST		request_99	1684178395872	1684178395882	OK	 
REQUEST		request_102	1684178395873	1684178395984	KO	status.find.in([200, 209], 304), found 400
REQUEST		request_98	1684178395874	1684178396047	OK	 
REQUEST		request_101	1684178395873	1684178396049	OK	 
REQUEST		request_97	1684178395874	1684178396050	OK	 
REQUEST		request_100	1684178395874	1684178396066	OK	 
REQUEST		request_95	1684178395872	1684178396075	KO	status.find.in([200, 209], 304), found 400
REQUEST		request_94	1684178395873	1684178396099	OK	 
USER	flujoReusoCheckOut	END	1684178396102
REQUEST		request_83	1684178396854	1684178396996	OK	 
REQUEST		request_84	1684178396997	1684178397452	KO	status.find.in([200, 209], 304), found 400
REQUEST		request_66	1684178397438	1684178397635	OK	 
REQUEST		request_69	1684178397636	1684178397644	OK	 
REQUEST		request_39	1684178398209	1684178398624	OK	 
REQUEST		request_63	1684178398629	1684178398738	OK	 
REQUEST		request_46	1684178398632	1684178398756	OK	 
REQUEST		request_62	1684178398635	1684178398762	KO	status.find.in([200, 209], 304), found 400
REQUEST		request_53	1684178398634	1684178398763	KO	status.find.in([200, 209], 304), found 400
REQUEST		request_52	1684178398634	1684178398799	OK	 
REQUEST		request_60	1684178398635	1684178398803	OK	 
REQUEST		request_54	1684178398629	1684178398805	OK	 
REQUEST		request_61	1684178398627	1684178398807	OK	 
REQUEST		request_47	1684178398635	1684178398830	OK	 
REQUEST		request_58	1684178398634	1684178398831	OK	 
REQUEST		request_50	1684178398626	1684178398832	OK	 
REQUEST		request_59	1684178398635	1684178398833	KO	status.find.in([200, 209], 304), found 400
REQUEST		request_49	1684178398632	1684178398843	OK	 
REQUEST		request_64	1684178398762	1684178398905	OK	 
REQUEST		request_56	1684178398630	1684178398921	OK	 
REQUEST		request_44	1684178398637	1684178398953	OK	 
REQUEST		request_48	1684178398631	1684178399072	OK	 
REQUEST		request_65	1684178398764	1684178399133	KO	status.find.in([200, 209], 304), found 400
REQUEST		request_85	1684178399455	1684178399596	OK	 
REQUEST		request_86	1684178399597	1684178399713	KO	status.find.in([200, 209], 304), found 400
REQUEST		request_74	1684178401646	1684178401830	OK	 
REQUEST		request_76	1684178401831	1684178401839	OK	 
REQUEST		request_87	1684178401715	1684178401869	OK	 
REQUEST		request_75	1684178401831	1684178401964	KO	status.find.in([200, 209], 304), found 400
REQUEST		request_88	1684178401869	1684178401970	KO	status.find.in([200, 209], 304), found 400
REQUEST		request_90	1684178401870	1684178401983	KO	status.find.in([200, 209], 304), found 400
REQUEST		request_89	1684178401870	1684178402004	OK	 
REQUEST		request_91	1684178403005	1684178403185	OK	 
REQUEST		request_92	1684178403185	1684178403311	KO	status.find.in([200, 209], 304), found 400
REQUEST		request_40	1684178398637	1684178403870	KO	status.find.in([200, 209], 304), found 504
REQUEST		request_45	1684178398637	1684178403967	KO	status.find.in([200, 209], 304), found 504
REQUEST		request_79	1684178403967	1684178404109	OK	 
REQUEST		request_80	1684178404110	1684178404208	KO	status.find.in([200, 209], 304), found 400
REQUEST		request_93	1684178404313	1684178404478	OK	 
REQUEST		request_99	1684178404478	1684178404486	OK	 
REQUEST		request_95	1684178404479	1684178404575	KO	status.find.in([200, 209], 304), found 400
REQUEST		request_102	1684178404480	1684178404581	KO	status.find.in([200, 209], 304), found 400
REQUEST		request_98	1684178404481	1684178404594	OK	 
REQUEST		request_97	1684178404481	1684178404595	OK	 
REQUEST		request_101	1684178404479	1684178404644	OK	 
REQUEST		request_94	1684178404480	1684178404645	OK	 
REQUEST		request_100	1684178404481	1684178404710	OK	 
USER	flujoReusoCheckOut	END	1684178404712
REQUEST		request_81	1684178405209	1684178405347	OK	 
REQUEST		request_82	1684178405348	1684178405467	KO	status.find.in([200, 209], 304), found 400
REQUEST		request_66	1684178406968	1684178407112	OK	 
REQUEST		request_69	1684178407112	1684178407121	OK	 
REQUEST		request_83	1684178407468	1684178407610	OK	 
REQUEST		request_84	1684178407611	1684178407917	KO	status.find.in([200, 209], 304), found 400
REQUEST		request_39	1684178407924	1684178408344	OK	 
REQUEST		request_63	1684178408346	1684178408438	OK	 
REQUEST		request_46	1684178408347	1684178408477	OK	 
REQUEST		request_62	1684178408350	1684178408484	KO	status.find.in([200, 209], 304), found 400
REQUEST		request_49	1684178408347	1684178408489	OK	 
REQUEST		request_53	1684178408349	1684178408493	KO	status.find.in([200, 209], 304), found 400
REQUEST		request_59	1684178408350	1684178408495	KO	status.find.in([200, 209], 304), found 400
REQUEST		request_61	1684178408346	1684178408503	OK	 
REQUEST		request_56	1684178408346	1684178408510	OK	 
REQUEST		request_52	1684178408347	1684178408510	OK	 
REQUEST		request_54	1684178408346	1684178408522	OK	 
REQUEST		request_60	1684178408350	1684178408526	OK	 
REQUEST		request_58	1684178408349	1684178408538	OK	 
REQUEST		request_50	1684178408345	1684178408542	OK	 
REQUEST		request_48	1684178408347	1684178408548	OK	 
REQUEST		request_44	1684178408351	1684178408599	OK	 
REQUEST		request_65	1684178408494	1684178408631	KO	status.find.in([200, 209], 304), found 400
REQUEST		request_64	1684178408485	1684178408633	OK	 
REQUEST		request_47	1684178408350	1684178408670	OK	 
REQUEST		request_85	1684178409918	1684178410070	OK	 
REQUEST		request_86	1684178410071	1684178410215	KO	status.find.in([200, 209], 304), found 400
REQUEST		request_74	1684178411123	1684178411300	OK	 
REQUEST		request_76	1684178411301	1684178411311	OK	 
REQUEST		request_75	1684178411301	1684178411434	KO	status.find.in([200, 209], 304), found 400
REQUEST		request_87	1684178412217	1684178412364	OK	 
REQUEST		request_90	1684178412365	1684178412484	KO	status.find.in([200, 209], 304), found 400
REQUEST		request_88	1684178412365	1684178412485	KO	status.find.in([200, 209], 304), found 400
REQUEST		request_89	1684178412365	1684178412521	OK	 
REQUEST		request_40	1684178408351	1684178413450	KO	status.find.in([200, 209], 304), found 504
REQUEST		request_79	1684178413435	1684178413590	OK	 
REQUEST		request_45	1684178408351	1684178413618	KO	status.find.in([200, 209], 304), found 504
REQUEST		request_80	1684178413590	1684178413693	KO	status.find.in([200, 209], 304), found 400
REQUEST		request_91	1684178413524	1684178413928	OK	 
REQUEST		request_92	1684178413929	1684178414188	KO	status.find.in([200, 209], 304), found 400
REQUEST		request_81	1684178414694	1684178414836	OK	 
REQUEST		request_82	1684178414836	1684178414933	KO	status.find.in([200, 209], 304), found 400
REQUEST		request_93	1684178415189	1684178415326	OK	 
REQUEST		request_99	1684178415327	1684178415333	OK	 
REQUEST		request_98	1684178415328	1684178415439	OK	 
REQUEST		request_102	1684178415327	1684178415443	KO	status.find.in([200, 209], 304), found 400
REQUEST		request_97	1684178415328	1684178415444	OK	 
REQUEST		request_95	1684178415327	1684178415454	KO	status.find.in([200, 209], 304), found 400
REQUEST		request_101	1684178415327	1684178415482	OK	 
REQUEST		request_100	1684178415329	1684178415505	OK	 
REQUEST		request_94	1684178415328	1684178415561	OK	 
USER	flujoReusoCheckOut	END	1684178415563
REQUEST		request_66	1684178416620	1684178416763	OK	 
REQUEST		request_69	1684178416763	1684178416775	OK	 
REQUEST		request_83	1684178416935	1684178417079	OK	 
REQUEST		request_84	1684178417079	1684178417568	KO	status.find.in([200, 209], 304), found 400
REQUEST		request_85	1684178419570	1684178419712	OK	 
REQUEST		request_86	1684178419713	1684178419834	KO	status.find.in([200, 209], 304), found 400
REQUEST		request_39	1684178419878	1684178420119	OK	 
REQUEST		request_63	1684178420121	1684178420217	OK	 
REQUEST		request_44	1684178420124	1684178420260	OK	 
REQUEST		request_46	1684178420122	1684178420260	OK	 
REQUEST		request_49	1684178420121	1684178420280	OK	 
REQUEST		request_62	1684178420123	1684178420287	KO	status.find.in([200, 209], 304), found 400
REQUEST		request_61	1684178420120	1684178420290	OK	 
REQUEST		request_47	1684178420123	1684178420308	OK	 
REQUEST		request_60	1684178420123	1684178420319	OK	 
REQUEST		request_50	1684178420120	1684178420322	OK	 
REQUEST		request_52	1684178420122	1684178420323	OK	 
REQUEST		request_48	1684178420121	1684178420324	OK	 
REQUEST		request_54	1684178420121	1684178420330	OK	 
REQUEST		request_56	1684178420121	1684178420382	OK	 
REQUEST		request_64	1684178420287	1684178420430	OK	 
REQUEST		request_65	1684178420319	1684178420446	KO	status.find.in([200, 209], 304), found 400
REQUEST		request_59	1684178420122	1684178420452	KO	status.find.in([200, 209], 304), found 400
REQUEST		request_58	1684178420122	1684178420506	OK	 
REQUEST		request_74	1684178420777	1684178421053	OK	 
REQUEST		request_76	1684178421053	1684178421061	OK	 
REQUEST		request_53	1684178420122	1684178421179	KO	status.find.in([200, 209], 304), found 400
REQUEST		request_75	1684178421053	1684178421331	KO	status.find.in([200, 209], 304), found 400
REQUEST		request_87	1684178421837	1684178422168	OK	 
REQUEST		request_90	1684178422168	1684178422274	KO	status.find.in([200, 209], 304), found 400
REQUEST		request_88	1684178422168	1684178422279	KO	status.find.in([200, 209], 304), found 400
REQUEST		request_89	1684178422168	1684178422345	OK	 
REQUEST		request_79	1684178423333	1684178423483	OK	 
REQUEST		request_91	1684178423347	1684178423500	OK	 
REQUEST		request_92	1684178423501	1684178423632	KO	status.find.in([200, 209], 304), found 400
REQUEST		request_80	1684178423484	1684178423780	KO	status.find.in([200, 209], 304), found 400
REQUEST		request_93	1684178424634	1684178424779	OK	 
REQUEST		request_99	1684178424779	1684178424788	OK	 
REQUEST		request_102	1684178424781	1684178424887	KO	status.find.in([200, 209], 304), found 400
REQUEST		request_98	1684178424783	1684178424902	OK	 
REQUEST		request_97	1684178424783	1684178424903	OK	 
REQUEST		request_100	1684178424783	1684178424916	OK	 
REQUEST		request_81	1684178424780	1684178424925	OK	 
REQUEST		request_101	1684178424780	1684178424941	OK	 
REQUEST		request_94	1684178424781	1684178424979	OK	 
REQUEST		request_82	1684178424926	1684178425025	KO	status.find.in([200, 209], 304), found 400
REQUEST		request_95	1684178424780	1684178425137	KO	status.find.in([200, 209], 304), found 400
USER	flujoReusoCheckOut	END	1684178425139
REQUEST		request_40	1684178420123	1684178425227	KO	status.find.in([200, 209], 304), found 504
REQUEST		request_45	1684178420124	1684178425267	KO	status.find.in([200, 209], 304), found 504
REQUEST		request_83	1684178427026	1684178427182	OK	 
REQUEST		request_84	1684178427183	1684178427437	KO	status.find.in([200, 209], 304), found 400
REQUEST		request_39	1684178427871	1684178428228	OK	 
REQUEST		request_63	1684178428230	1684178428325	OK	 
REQUEST		request_46	1684178428231	1684178428353	OK	 
REQUEST		request_62	1684178428232	1684178428361	KO	status.find.in([200, 209], 304), found 400
REQUEST		request_59	1684178428232	1684178428361	KO	status.find.in([200, 209], 304), found 400
REQUEST		request_49	1684178428231	1684178428393	OK	 
REQUEST		request_56	1684178428230	1684178428403	OK	 
REQUEST		request_61	1684178428230	1684178428411	OK	 
REQUEST		request_60	1684178428232	1684178428414	OK	 
REQUEST		request_52	1684178428231	1684178428414	OK	 
REQUEST		request_54	1684178428230	1684178428415	OK	 
REQUEST		request_48	1684178428231	1684178428440	OK	 
REQUEST		request_50	1684178428229	1684178428441	OK	 
REQUEST		request_58	1684178428232	1684178428442	OK	 
REQUEST		request_44	1684178428233	1684178428486	OK	 
REQUEST		request_64	1684178428361	1684178428498	OK	 
REQUEST		request_66	1684178428269	1684178428521	OK	 
REQUEST		request_69	1684178428522	1684178428533	OK	 
REQUEST		request_65	1684178428361	1684178428549	KO	status.find.in([200, 209], 304), found 400
REQUEST		request_47	1684178428232	1684178428601	OK	 
REQUEST		request_53	1684178428231	1684178428601	KO	status.find.in([200, 209], 304), found 400
REQUEST		request_85	1684178429439	1684178429597	OK	 
REQUEST		request_86	1684178429598	1684178429756	KO	status.find.in([200, 209], 304), found 400
REQUEST		request_87	1684178431757	1684178431915	OK	 
REQUEST		request_89	1684178431916	1684178432076	OK	 
REQUEST		request_88	1684178431915	1684178432115	KO	status.find.in([200, 209], 304), found 400
REQUEST		request_90	1684178431916	1684178432258	KO	status.find.in([200, 209], 304), found 400
REQUEST		request_74	1684178432535	1684178432706	OK	 
REQUEST		request_76	1684178432707	1684178432720	OK	 
REQUEST		request_75	1684178432707	1684178433018	KO	status.find.in([200, 209], 304), found 400
REQUEST		request_91	1684178433260	1684178433535	OK	 
REQUEST		request_40	1684178428233	1684178433536	KO	status.find.in([200, 209], 304), found 504
REQUEST		request_45	1684178428233	1684178433536	KO	status.find.in([200, 209], 304), found 504
REQUEST		request_92	1684178433536	1684178433633	KO	status.find.in([200, 209], 304), found 400
REQUEST		request_93	1684178434634	1684178434916	OK	 
REQUEST		request_99	1684178434917	1684178434925	OK	 
REQUEST		request_102	1684178434918	1684178435033	KO	status.find.in([200, 209], 304), found 400
REQUEST		request_95	1684178434917	1684178435037	KO	status.find.in([200, 209], 304), found 400
REQUEST		request_97	1684178434918	1684178435049	OK	 
REQUEST		request_101	1684178434918	1684178435058	OK	 
REQUEST		request_98	1684178434919	1684178435137	OK	 
REQUEST		request_100	1684178434919	1684178435138	OK	 
REQUEST		request_79	1684178435019	1684178435174	OK	 
REQUEST		request_94	1684178434918	1684178435192	OK	 
USER	flujoReusoCheckOut	END	1684178435196
REQUEST		request_80	1684178435174	1684178435687	KO	status.find.in([200, 209], 304), found 400
REQUEST		request_66	1684178436538	1684178436687	OK	 
REQUEST		request_69	1684178436688	1684178436701	OK	 
REQUEST		request_81	1684178436692	1684178436859	OK	 
REQUEST		request_82	1684178436859	1684178436964	KO	status.find.in([200, 209], 304), found 400
REQUEST		request_39	1684178437872	1684178438952	OK	 
REQUEST		request_83	1684178438966	1684178439108	OK	 
REQUEST		request_84	1684178439108	1684178439231	KO	status.find.in([200, 209], 304), found 400
REQUEST		request_63	1684178438956	1684178439244	OK	 
REQUEST		request_62	1684178439110	1684178439291	KO	status.find.in([200, 209], 304), found 400
REQUEST		request_59	1684178439109	1684178439292	KO	status.find.in([200, 209], 304), found 400
REQUEST		request_49	1684178439031	1684178439296	OK	 
REQUEST		request_46	1684178439032	1684178439303	OK	 
REQUEST		request_61	1684178438955	1684178439311	OK	 
REQUEST		request_56	1684178438997	1684178439317	OK	 
REQUEST		request_53	1684178439109	1684178439317	KO	status.find.in([200, 209], 304), found 400
REQUEST		request_58	1684178439109	1684178439319	OK	 
REQUEST		request_54	1684178438957	1684178439324	OK	 
REQUEST		request_52	1684178439071	1684178439326	OK	 
REQUEST		request_50	1684178438954	1684178439339	OK	 
REQUEST		request_47	1684178439110	1684178439340	OK	 
REQUEST		request_60	1684178439110	1684178439382	OK	 
REQUEST		request_44	1684178439146	1684178439408	OK	 
REQUEST		request_48	1684178438997	1684178439420	OK	 
REQUEST		request_65	1684178439293	1684178439439	KO	status.find.in([200, 209], 304), found 400
REQUEST		request_64	1684178439291	1684178439457	OK	 
REQUEST		request_40	1684178439146	1684178440203	OK	 
REQUEST		request_74	1684178440703	1684178440854	OK	 
REQUEST		request_76	1684178440855	1684178440863	OK	 
REQUEST		request_75	1684178440855	1684178441014	KO	status.find.in([200, 209], 304), found 400
REQUEST		request_85	1684178441233	1684178441416	OK	 
REQUEST		request_86	1684178441417	1684178441520	KO	status.find.in([200, 209], 304), found 400
REQUEST		request_79	1684178443015	1684178443174	OK	 
REQUEST		request_80	1684178443174	1684178443315	KO	status.find.in([200, 209], 304), found 400
REQUEST		request_87	1684178443522	1684178443685	OK	 
REQUEST		request_88	1684178443686	1684178443790	KO	status.find.in([200, 209], 304), found 400
REQUEST		request_90	1684178443686	1684178443828	KO	status.find.in([200, 209], 304), found 400
REQUEST		request_89	1684178443686	1684178443913	OK	 
REQUEST		request_45	1684178439147	1684178444437	KO	status.find.in([200, 209], 304), found 504
REQUEST		request_81	1684178444316	1684178444454	OK	 
REQUEST		request_82	1684178444455	1684178444921	KO	status.find.in([200, 209], 304), found 400
REQUEST		request_91	1684178444914	1684178445092	OK	 
REQUEST		request_92	1684178445092	1684178446755	KO	status.find.in([200, 209], 304), found 400
REQUEST		request_83	1684178446923	1684178447107	OK	 
REQUEST		request_84	1684178447107	1684178447204	KO	status.find.in([200, 209], 304), found 400
REQUEST		request_66	1684178447438	1684178447577	OK	 
REQUEST		request_69	1684178447578	1684178447585	OK	 
REQUEST		request_93	1684178447757	1684178447905	OK	 
REQUEST		request_99	1684178447905	1684178447917	OK	 
REQUEST		request_95	1684178447907	1684178448010	KO	status.find.in([200, 209], 304), found 400
REQUEST		request_102	1684178447910	1684178448050	KO	status.find.in([200, 209], 304), found 400
REQUEST		request_98	1684178447911	1684178448051	OK	 
REQUEST		request_97	1684178447911	1684178448054	OK	 
REQUEST		request_101	1684178447910	1684178448063	OK	 
REQUEST		request_100	1684178447912	1684178448072	OK	 
REQUEST		request_94	1684178447911	1684178448109	OK	 
USER	flujoReusoCheckOut	END	1684178448111
REQUEST		request_39	1684178447967	1684178448199	OK	 
REQUEST		request_63	1684178448200	1684178448299	OK	 
REQUEST		request_44	1684178448203	1684178448348	OK	 
REQUEST		request_61	1684178448200	1684178448356	OK	 
REQUEST		request_49	1684178448201	1684178448370	OK	 
REQUEST		request_52	1684178448201	1684178448376	OK	 
REQUEST		request_46	1684178448201	1684178448379	OK	 
REQUEST		request_60	1684178448202	1684178448379	OK	 
REQUEST		request_54	1684178448200	1684178448387	OK	 
REQUEST		request_58	1684178448202	1684178448388	OK	 
REQUEST		request_50	1684178448199	1684178448392	OK	 
REQUEST		request_59	1684178448202	1684178448401	KO	status.find.in([200, 209], 304), found 400
REQUEST		request_56	1684178448200	1684178448404	OK	 
REQUEST		request_53	1684178448201	1684178448421	KO	status.find.in([200, 209], 304), found 400
REQUEST		request_62	1684178448202	1684178448437	KO	status.find.in([200, 209], 304), found 400
REQUEST		request_48	1684178448201	1684178448442	OK	 
REQUEST		request_65	1684178448379	1684178448493	KO	status.find.in([200, 209], 304), found 400
REQUEST		request_64	1684178448376	1684178448523	OK	 
REQUEST		request_47	1684178448202	1684178448637	OK	 
REQUEST		request_85	1684178449205	1684178449347	OK	 
REQUEST		request_86	1684178449348	1684178449453	KO	status.find.in([200, 209], 304), found 400
REQUEST		request_87	1684178451454	1684178451611	OK	 
REQUEST		request_90	1684178451612	1684178451717	KO	status.find.in([200, 209], 304), found 400
REQUEST		request_74	1684178451587	1684178451734	OK	 
REQUEST		request_76	1684178451734	1684178451742	OK	 
REQUEST		request_88	1684178451611	1684178451776	KO	status.find.in([200, 209], 304), found 400
REQUEST		request_75	1684178451734	1684178451874	KO	status.find.in([200, 209], 304), found 400
REQUEST		request_89	1684178451611	1684178451919	OK	 
REQUEST		request_91	1684178452920	1684178453082	OK	 
REQUEST		request_92	1684178453083	1684178453215	KO	status.find.in([200, 209], 304), found 400
REQUEST		request_40	1684178448202	1684178453880	KO	status.find.in([200, 209], 304), found 504
REQUEST		request_45	1684178448203	1684178453881	KO	status.find.in([200, 209], 304), found 504
REQUEST		request_79	1684178453876	1684178454030	OK	 
REQUEST		request_80	1684178454031	1684178454142	KO	status.find.in([200, 209], 304), found 400
REQUEST		request_93	1684178454217	1684178454892	OK	 
REQUEST		request_99	1684178454893	1684178454900	OK	 
REQUEST		request_97	1684178454896	1684178455014	OK	 
REQUEST		request_98	1684178454896	1684178455014	OK	 
REQUEST		request_102	1684178454894	1684178455017	KO	status.find.in([200, 209], 304), found 400
REQUEST		request_100	1684178454897	1684178455029	OK	 
REQUEST		request_101	1684178454894	1684178455051	OK	 
REQUEST		request_94	1684178454894	1684178455085	OK	 
REQUEST		request_95	1684178454893	1684178455115	KO	status.find.in([200, 209], 304), found 400
USER	flujoReusoCheckOut	END	1684178455117
REQUEST		request_81	1684178455144	1684178455305	OK	 
REQUEST		request_82	1684178455305	1684178455454	KO	status.find.in([200, 209], 304), found 400
REQUEST		request_66	1684178456881	1684178457040	OK	 
REQUEST		request_69	1684178457041	1684178457048	OK	 
REQUEST		request_83	1684178457455	1684178457600	OK	 
REQUEST		request_84	1684178457600	1684178457712	KO	status.find.in([200, 209], 304), found 400
REQUEST		request_85	1684178459714	1684178459891	OK	 
REQUEST		request_86	1684178459892	1684178459993	KO	status.find.in([200, 209], 304), found 400
REQUEST		request_74	1684178461051	1684178461360	OK	 
REQUEST		request_76	1684178461361	1684178461370	OK	 
REQUEST		request_75	1684178461361	1684178461675	KO	status.find.in([200, 209], 304), found 400
REQUEST		request_87	1684178461994	1684178462143	OK	 
REQUEST		request_90	1684178462144	1684178462246	KO	status.find.in([200, 209], 304), found 400
REQUEST		request_88	1684178462143	1684178462264	KO	status.find.in([200, 209], 304), found 400
REQUEST		request_89	1684178462144	1684178462295	OK	 
REQUEST		request_91	1684178463297	1684178463452	OK	 
REQUEST		request_92	1684178463453	1684178463580	KO	status.find.in([200, 209], 304), found 400
REQUEST		request_79	1684178463677	1684178463950	OK	 
REQUEST		request_80	1684178463950	1684178464047	KO	status.find.in([200, 209], 304), found 400
REQUEST		request_93	1684178464582	1684178464791	OK	 
REQUEST		request_99	1684178464792	1684178464799	OK	 
REQUEST		request_95	1684178464792	1684178464903	KO	status.find.in([200, 209], 304), found 400
REQUEST		request_98	1684178464794	1684178464913	OK	 
REQUEST		request_97	1684178464794	1684178464914	OK	 
REQUEST		request_100	1684178464794	1684178464933	OK	 
REQUEST		request_102	1684178464793	1684178464935	KO	status.find.in([200, 209], 304), found 400
REQUEST		request_101	1684178464793	1684178464972	OK	 
REQUEST		request_94	1684178464793	1684178465183	OK	 
USER	flujoReusoCheckOut	END	1684178465186
REQUEST		request_81	1684178465047	1684178465197	OK	 
REQUEST		request_82	1684178465197	1684178465335	KO	status.find.in([200, 209], 304), found 400
REQUEST		request_83	1684178467337	1684178467495	OK	 
REQUEST		request_84	1684178467495	1684178467617	KO	status.find.in([200, 209], 304), found 400
REQUEST		request_85	1684178469619	1684178469772	OK	 
REQUEST		request_86	1684178469773	1684178469876	KO	status.find.in([200, 209], 304), found 400
REQUEST		request_87	1684178471876	1684178472035	OK	 
REQUEST		request_88	1684178472036	1684178472133	KO	status.find.in([200, 209], 304), found 400
REQUEST		request_90	1684178472036	1684178472152	KO	status.find.in([200, 209], 304), found 400
REQUEST		request_89	1684178472036	1684178472189	OK	 
REQUEST		request_91	1684178473190	1684178473341	OK	 
REQUEST		request_92	1684178473342	1684178473449	KO	status.find.in([200, 209], 304), found 400
REQUEST		request_93	1684178474450	1684178474590	OK	 
REQUEST		request_99	1684178474590	1684178474597	OK	 
REQUEST		request_98	1684178474592	1684178474733	OK	 
REQUEST		request_97	1684178474591	1684178474734	OK	 
REQUEST		request_95	1684178474590	1684178474734	KO	status.find.in([200, 209], 304), found 400
REQUEST		request_101	1684178474591	1684178474747	OK	 
REQUEST		request_100	1684178474592	1684178474753	OK	 
REQUEST		request_102	1684178474591	1684178474765	KO	status.find.in([200, 209], 304), found 400
REQUEST		request_94	1684178474591	1684178474819	OK	 
USER	flujoReusoCheckOut	END	1684178474822
