RUN	bnpl.FlujoOriginacionCheckOut	flujooriginacioncheckout	1684331458368	 	3.8.3
USER	FlujoOriginacionCheckOut	START	1684331459971
REQUEST		request_0	1684331459840	1684331460678	OK	 
REQUEST		request_0 Redirect 1	1684331460691	1684331461229	OK	 
REQUEST		bdb-ecommerce-easy-to-pay-widget.loader.js?token=f374eca5-80de-4940-ae7f-8f12fb8b33c5	1684331461439	1684331462232	KO	status.find.in([200, 209], 304), found 403
REQUEST		request_96	1684331462077	1684331462270	OK	 
REQUEST		request_99	1684331462078	1684331462286	OK	 
REQUEST		request_95	1684331461940	1684331462288	OK	 
REQUEST		request_104	1684331462283	1684331462302	OK	 
REQUEST		request_81	1684331462045	1684331462310	OK	 
REQUEST		style.min.css?ver=6.2.1	1684331462104	1684331462316	OK	 
REQUEST		request_94	1684331462077	1684331462348	OK	 
REQUEST		request_172	1684331462103	1684331462350	OK	 
REQUEST		css2?family=Roboto&display=swap	1684331461467	1684331462353	OK	 
REQUEST		request_163	1684331462043	1684331462361	KO	status.find.in([200, 209], 304), found 400
REQUEST		request_105	1684331462286	1684331462367	OK	 
REQUEST		request_1	1684331461493	1684331462369	OK	 
REQUEST		request_92	1684331461437	1684331462393	OK	 
REQUEST		request_141	1684331461514	1684331462398	OK	 
REQUEST		request_152	1684331461938	1684331462411	OK	 
REQUEST		request_165	1684331462044	1684331462413	KO	status.find.in([200, 209], 304), found 400
REQUEST		request_168	1684331462079	1684331462414	OK	 
REQUEST		request_170	1684331462103	1684331462414	OK	 
REQUEST		request_80	1684331461513	1684331462415	OK	 
REQUEST		request_79	1684331461493	1684331462415	OK	 
REQUEST		request_148	1684331462015	1684331462416	OK	 
REQUEST		request_74	1684331461436	1684331462418	OK	 
REQUEST		request_166	1684331462044	1684331462427	OK	 
REQUEST		classic-themes.min.css?ver=6.2.1	1684331462337	1684331462433	OK	 
REQUEST		request_169	1684331461939	1684331462461	OK	 
REQUEST		request_173	1684331462045	1684331462465	KO	status.find.in([200, 209], 304), found 400
REQUEST		request_159	1684331462043	1684331462477	OK	 
REQUEST		request_82	1684331461437	1684331462489	OK	 
REQUEST		request_147	1684331462014	1684331462491	OK	 
REQUEST		request_146	1684331461988	1684331462496	OK	 
REQUEST		request_164	1684331462043	1684331462507	OK	 
REQUEST		request_72	1684331461465	1684331462515	OK	 
REQUEST		megamenu.css?ver=6.2.1	1684331462434	1684331462531	OK	 
REQUEST		request_174	1684331462361	1684331462534	OK	 
REQUEST		request_78	1684331461465	1684331462539	OK	 
REQUEST		request_150	1684331462015	1684331462541	OK	 
REQUEST		request_175	1684331462413	1684331462545	KO	status.find.in([200, 209], 304), found 400
REQUEST		jquery.selectBox.css?ver=1.2.0	1684331462105	1684331462547	OK	 
REQUEST		request_171	1684331462042	1684331462558	KO	status.find.in([200, 209], 304), found 400
REQUEST		request_145	1684331462234	1684331462573	OK	 
REQUEST		bdb-ecommerce-widget.loader.js?token=8cb789be-2396-45c0-9fe2-04e42b88c4bc	1684331461406	1684331462575	KO	status.find.in([200, 209], 304), found 502
REQUEST		request_161	1684331462042	1684331462576	OK	 
REQUEST		request_160	1684331462016	1684331462576	OK	 
REQUEST		request_167	1684331462042	1684331462588	KO	status.find.in([200, 209], 304), found 400
REQUEST		wc-blocks-vendors-style.css?ver=8.9.2	1684331462104	1684331462595	OK	 
REQUEST		request_176	1684331462427	1684331462617	OK	 
REQUEST		request_154	1684331461438	1684331462620	OK	 
REQUEST		font-awesome.min.css?ver=4.7.0	1684331462533	1684331462628	OK	 
REQUEST		select2.css?ver=7.2.2	1684331462548	1684331462633	OK	 
REQUEST		style.css?ver=3.0.20	1684331462105	1684331462666	OK	 
REQUEST		request_156	1684331462426	1684331462674	OK	 
REQUEST		font-awesome.css?ver=4.7.0	1684331462105	1684331462679	OK	 
REQUEST		woocommerce-layout.css?ver=7.2.2	1684331462596	1684331462687	OK	 
REQUEST		request_149	1684331461438	1684331462716	OK	 
REQUEST		woocommerce-smallscreen.css?ver=7.2.2	1684331462629	1684331462718	OK	 
REQUEST		fstyle.css?ver=6.2.1	1684331462667	1684331462786	OK	 
REQUEST		colorbox.css?ver=6.2.1	1684331462689	1684331462789	OK	 
REQUEST		request_143	1684331461466	1684331462792	OK	 
REQUEST		request_155	1684331462394	1684331462794	OK	 
REQUEST		request_142	1684331461466	1684331462796	OK	 
REQUEST		request_107	1684331461963	1684331462800	OK	 
REQUEST		woocommerce.css?ver=7.2.2	1684331462634	1684331462815	OK	 
REQUEST		prettyPhoto.css?ver=6.2.1	1684331462721	1684331462828	OK	 
REQUEST		request_144	1684331461467	1684331462832	OK	 
REQUEST		request_110	1684331461987	1684331462833	OK	 
REQUEST		request_153	1684331462016	1684331462839	OK	 
REQUEST		request_111	1684331461988	1684331462846	OK	 
REQUEST		request_108	1684331461986	1684331462848	OK	 
REQUEST		request_162	1684331462153	1684331462849	OK	 
REQUEST		request_109	1684331461987	1684331462855	OK	 
REQUEST		request_127	1684331462349	1684331462869	OK	 
REQUEST		request_123	1684331462303	1684331462870	OK	 
REQUEST		request_125	1684331462311	1684331462871	OK	 
REQUEST		request_100	1684331462078	1684331462872	OK	 
REQUEST		request_101	1684331462079	1684331462873	OK	 
REQUEST		dashicons.min.css?ver=6.2.1	1684331462681	1684331462886	OK	 
REQUEST		wc-blocks-style.css?ver=8.9.2	1684331462104	1684331462889	OK	 
REQUEST		font-awesome.css?ver=1.0.0	1684331462788	1684331462899	OK	 
REQUEST		request_112	1684331461988	1684331462903	OK	 
REQUEST		owl.carousel.css?ver=1.0.0	1684331462827	1684331462912	OK	 
REQUEST		request_151	1684331462015	1684331462916	OK	 
REQUEST		big-store-menu.css?ver=1.0.0	1684331462829	1684331462920	OK	 
REQUEST		request_113	1684331462801	1684331462956	OK	 
REQUEST		request_140	1684331462106	1684331463004	OK	 
REQUEST		animate.css?ver=1.0.0	1684331462791	1684331463005	OK	 
REQUEST		quick-view.css?ver=6.2.1	1684331462901	1684331463008	OK	 
REQUEST		style.css?ver=1.0.0	1684331462898	1684331463009	OK	 
REQUEST		f-style.css?ver=6.2.1	1684331462914	1684331463011	OK	 
REQUEST		request_114	1684331462833	1684331463012	OK	 
REQUEST		jquery.min.js?ver=3.6.4	1684331462921	1684331463014	OK	 
REQUEST		request_115	1684331462847	1684331463015	OK	 
REQUEST		request_116	1684331462849	1684331463017	OK	 
REQUEST		request_117	1684331462855	1684331463026	OK	 
REQUEST		request_157	1684331462417	1684331463040	OK	 
REQUEST		request_118	1684331462904	1684331463088	OK	 
REQUEST		style.css?ver=1.0.0	1684331462888	1684331463095	OK	 
REQUEST		request_158	1684331462492	1684331463098	OK	 
REQUEST		megamenu.js?ver=6.2.1	1684331463009	1684331463099	OK	 
REQUEST		jquery.yith-wcwl.min.js?ver=3.0.20	1684331463012	1684331463101	OK	 
REQUEST		jquery-migrate.min.js?ver=3.4.0	1684331463006	1684331463102	OK	 
REQUEST		hoverIntent.min.js?ver=1.10.2	1684331463014	1684331463104	OK	 
REQUEST		jquery.selectBox.min.js?ver=1.2.0	1684331463010	1684331463105	OK	 
REQUEST		request_119	1684331462956	1684331463109	OK	 
REQUEST		request_120	1684331463013	1684331463179	OK	 
REQUEST		request_121	1684331463015	1684331463184	OK	 
REQUEST		request_128	1684331463018	1684331463186	OK	 
REQUEST		add-to-cart.min.js?ver=7.2.2	1684331463100	1684331463188	OK	 
REQUEST		js.cookie.min.js?ver=2.1.4-wc.7.2.2	1684331463101	1684331463189	OK	 
REQUEST		jquery.blockUI.min.js?ver=2.7.0-wc.7.2.2	1684331463098	1684331463190	OK	 
REQUEST		country-select.min.js?ver=7.2.2	1684331463105	1684331463196	OK	 
REQUEST		woocommerce.min.js?ver=7.2.2	1684331463103	1684331463197	OK	 
REQUEST		request_129	1684331463026	1684331463198	OK	 
REQUEST		address-i18n.min.js?ver=7.2.2	1684331463106	1684331463200	OK	 
REQUEST		request_131	1684331463109	1684331463263	OK	 
REQUEST		request_130	1684331463088	1684331463274	OK	 
REQUEST		cart.min.js?ver=7.2.2	1684331463189	1684331463276	OK	 
REQUEST		cart-fragments.min.js?ver=7.2.2	1684331463191	1684331463282	OK	 
REQUEST		fscript.js?ver=1	1684331463196	1684331463287	OK	 
REQUEST		woocompare.min.js?ver=2.4.5	1684331463197	1684331463290	OK	 
REQUEST		jquery.colorbox-min.js?ver=1.4.21	1684331463201	1684331463296	OK	 
REQUEST		request_132	1684331463179	1684331463347	OK	 
REQUEST		request_133	1684331463184	1684331463355	OK	 
REQUEST		selectWoo.full.min.js?ver=1.0.9-wc.7.2.2	1684331463190	1684331463356	OK	 
REQUEST		request_134	1684331463187	1684331463357	OK	 
REQUEST		jquery.prettyPhoto.min.js?ver=3.1.6	1684331463276	1684331463365	OK	 
REQUEST		request_135	1684331463198	1684331463368	OK	 
REQUEST		effect.min.js?ver=1.13.2	1684331463283	1684331463374	OK	 
REQUEST		core.min.js?ver=1.13.2	1684331463287	1684331463376	OK	 
REQUEST		menu.min.js?ver=1.13.2	1684331463291	1684331463383	OK	 
REQUEST		wp-polyfill-inert.min.js?ver=3.1.2	1684331463297	1684331463391	OK	 
REQUEST		request_136	1684331463263	1684331463430	OK	 
REQUEST		regenerator-runtime.min.js?ver=0.13.11	1684331463356	1684331463452	OK	 
REQUEST		wp-polyfill.min.js?ver=3.15.0	1684331463365	1684331463454	OK	 
REQUEST		request_137	1684331463275	1684331463461	OK	 
REQUEST		dom-ready.min.js?ver=392bdd43726760d1f3ca	1684331463374	1684331463464	OK	 
REQUEST		hooks.min.js?ver=4169d3cf8e8d95a3d6d5	1684331463377	1684331463466	OK	 
REQUEST		i18n.min.js?ver=9e794f35a71bb98672ae	1684331463384	1684331463475	OK	 
REQUEST		a11y.min.js?ver=ecce20f002eda4c19664	1684331463392	1684331463485	OK	 
REQUEST		request_139	1684331463347	1684331463514	OK	 
REQUEST		autocomplete.min.js?ver=1.13.2	1684331463453	1684331463537	OK	 
REQUEST		imagesloaded.min.js?ver=4.1.4	1684331463454	1684331463541	OK	 
REQUEST		big-store-menu.js?ver=1.0.0	1684331463465	1684331463555	OK	 
REQUEST		owl.carousel.js?ver=1.0.1	1684331463467	1684331463563	OK	 
REQUEST		big-store-accordian-menu.js?ver=1.0.0	1684331463475	1684331463567	OK	 
REQUEST		big-store-custom.js?ver=1.0.0	1684331463485	1684331463580	OK	 
REQUEST		woocommerce.js?ver=1.0.0	1684331463537	1684331463624	OK	 
REQUEST		quick-view.js?ver=6.2.1	1684331463541	1684331463629	OK	 
REQUEST		datepicker.min.js?ver=1.13.2	1684331463556	1684331463646	OK	 
REQUEST		f-script.js?ver=1.5.4	1684331463565	1684331463655	OK	 
REQUEST		underscore.min.js?ver=1.13.4	1684331463568	1684331463660	OK	 
REQUEST		wp-util.min.js?ver=6.2.1	1684331463581	1684331463675	OK	 
REQUEST		add-to-cart-variation.min.js?ver=7.2.2	1684331463624	1684331463709	OK	 
REQUEST		jquery.flexslider.min.js?ver=2.7.2-wc.7.2.2	1684331463630	1684331463719	OK	 
REQUEST		request_3	1684331463647	1684331463736	OK	 
REQUEST		request_25	1684331463657	1684331463747	OK	 
REQUEST		request_30	1684331463661	1684331463753	OK	 
REQUEST		request_31	1684331463675	1684331463770	OK	 
REQUEST		request_67	1684331463710	1684331463794	OK	 
REQUEST		request_68	1684331463719	1684331463808	OK	 
REQUEST		request_70	1684331463738	1684331463829	OK	 
REQUEST		request_71	1684331463747	1684331463838	OK	 
REQUEST		request_76	1684331463753	1684331463849	OK	 
REQUEST		request_77	1684331463770	1684331463865	OK	 
REQUEST		request_85	1684331463795	1684331463882	OK	 
REQUEST		request_86	1684331463809	1684331463898	OK	 
REQUEST		request_87	1684331463829	1684331463921	OK	 
REQUEST		request_88	1684331463839	1684331463931	OK	 
REQUEST		request_89	1684331463849	1684331463954	OK	 
REQUEST		request_90	1684331463866	1684331463960	OK	 
REQUEST		request_91	1684331463883	1684331463967	OK	 
REQUEST		request_102	1684331463921	1684331464024	OK	 
REQUEST		request_138	1684331463954	1684331464049	OK	 
REQUEST		request_97	1684331463898	1684331464274	OK	 
REQUEST		request_103	1684331463931	1684331464345	KO	status.find.in([200, 209], 304), found 403
REQUEST		request_97 Redirect 1	1684331464276	1684331464673	OK	 
REQUEST		request_177	1684331465677	1684331465740	OK	 
REQUEST		request_181	1684331465744	1684331465751	OK	 
REQUEST		request_178	1684331465745	1684331465849	KO	status.find.in([200, 209], 304), found 400
REQUEST		request_179	1684331465745	1684331465898	OK	 
REQUEST		request_180	1684331465746	1684331465905	KO	status.find.in([200, 209], 304), found 400
REQUEST		request_182	1684331465744	1684331466126	OK	 
REQUEST		request_183	1684331467127	1684331467137	OK	 
REQUEST		request_188	1684331467140	1684331467146	OK	 
REQUEST		request_187	1684331467139	1684331467153	OK	 
REQUEST		request_185	1684331467140	1684331467280	OK	 
REQUEST		request_184	1684331467140	1684331467296	OK	 
REQUEST		request_190	1684331467139	1684331467319	OK	 
REQUEST		request_189	1684331467141	1684331467429	KO	status.find.in([200, 209], 304), found 400
REQUEST		request_186	1684331467141	1684331467966	KO	status.find.in([200, 209], 304), found 400
REQUEST		request_191	1684331468969	1684331468976	OK	 
REQUEST		request_192	1684331468977	1684331468984	OK	 
REQUEST		request_193	1684331468977	1684331469045	OK	 
REQUEST		request_194	1684331475046	1684331475054	OK	 
REQUEST		request_215	1684331475237	1684331475269	OK	 
REQUEST		request_202	1684331475237	1684331475302	OK	 
REQUEST		request_205	1684331475239	1684331475350	KO	status.find.in([200, 209], 304), found 400
REQUEST		request_203	1684331475238	1684331475350	KO	status.find.in([200, 209], 304), found 400
REQUEST		request_200	1684331475238	1684331475375	KO	status.find.in([200, 209], 304), found 400
REQUEST		request_212	1684331475058	1684331475386	OK	 
REQUEST		request_201	1684331475238	1684331475393	OK	 
REQUEST		request_197	1684331475267	1684331475411	OK	 
REQUEST		request_195	1684331475239	1684331475454	OK	 
REQUEST		request_198	1684331475267	1684331475456	OK	 
REQUEST		request_207	1684331475351	1684331475471	KO	status.find.is(404), but actually found 400
REQUEST		request_196	1684331475267	1684331475482	OK	 
REQUEST		request_209	1684331475394	1684331475504	KO	status.find.in([200, 209], 304), found 400
REQUEST		request_206	1684331475350	1684331475507	OK	 
REQUEST		request_199	1684331475237	1684331475519	OK	 
REQUEST		request_213	1684331475507	1684331475697	KO	status.find.in([200, 209], 304), found 400
REQUEST		request_204	1684331475239	1684331475704	OK	 
REQUEST		request_211	1684331475504	1684331475711	OK	 
REQUEST		request_208	1684331475375	1684331475736	OK	 
REQUEST		request_214	1684331475519	1684331475776	KO	status.find.in([200, 209], 304), found 400
REQUEST		request_210	1684331475479	1684331475812	OK	 
REQUEST		request_216	1684331479814	1684331479881	OK	 
REQUEST		request_217	1684331491883	1684331491948	OK	 
REQUEST		request_229	1684331491950	1684331492064	OK	 
REQUEST		request_221	1684331492029	1684331492091	OK	 
REQUEST		request_222	1684331492030	1684331492151	KO	status.find.in([200, 209], 304), found 400
REQUEST		request_224	1684331492031	1684331492167	KO	status.find.in([200, 209], 304), found 400
REQUEST		request_219	1684331492030	1684331492285	KO	status.find.in([200, 209], 304), found 400
REQUEST		request_218	1684331492030	1684331492352	OK	 
REQUEST		request_227	1684331492286	1684331492404	KO	status.find.in([200, 209], 304), found 400
REQUEST		request_223	1684331492031	1684331492418	OK	 
REQUEST		request_220	1684331492030	1684331492460	OK	 
REQUEST		request_225	1684331492151	1684331492460	OK	 
REQUEST		request_226	1684331492168	1684331492473	OK	 
REQUEST		request_228	1684331492352	1684331492563	KO	status.find.in([200, 209], 304), found 400
REQUEST		request_230	1684331507564	1684331507646	OK	 
REQUEST		request_261	1684331507650	1684331507797	OK	 
REQUEST		request_262	1684331507650	1684331507797	OK	 
REQUEST		request_250	1684331507649	1684331507797	OK	 
REQUEST		request_246	1684331507650	1684331507808	OK	 
REQUEST		request_248	1684331507703	1684331507863	OK	 
REQUEST		request_249	1684331507703	1684331507930	KO	status.find.in([200, 209], 304), found 400
REQUEST		request_251	1684331507710	1684331507964	OK	 
REQUEST		request_231	1684331507772	1684331508027	KO	status.find.in([200, 209], 304), found 404
REQUEST		request_234	1684331507794	1684331508028	OK	 
REQUEST		request_244	1684331507702	1684331508031	OK	 
REQUEST		request_253	1684331507864	1684331508034	OK	 
REQUEST		request_236	1684331507794	1684331508036	OK	 
REQUEST		request_232	1684331507772	1684331508037	OK	 
REQUEST		request_257	1684331507930	1684331508069	KO	status.find.in([200, 209], 304), found 400
REQUEST		request_233	1684331507793	1684331508085	OK	 
REQUEST		request_247	1684331507650	1684331508100	OK	 
REQUEST		request_258	1684331507964	1684331508105	OK	 
REQUEST		request_259	1684331508032	1684331508138	KO	status.find.in([200, 209], 304), found 400
REQUEST		request_237	1684331508027	1684331508294	OK	 
REQUEST		request_243	1684331508028	1684331508301	KO	status.find.in([200, 209], 304), found 404
REQUEST		request_235	1684331507794	1684331508304	OK	 
REQUEST		request_242	1684331507677	1684331508355	OK	 
REQUEST		request_239	1684331507711	1684331508430	OK	 
REQUEST		request_240	1684331507651	1684331508479	OK	 
REQUEST		request_252	1684331507711	1684331508563	KO	status.find.in([200, 209], 304), found 400
REQUEST		request_238	1684331507677	1684331508637	OK	 
REQUEST		request_254	1684331507701	1684331508728	OK	 
REQUEST		request_255	1684331507702	1684331508746	OK	 
REQUEST		request_245	1684331507703	1684331508789	KO	status.find.in([200, 209], 304), found 400
REQUEST		request_256	1684331507702	1684331508814	OK	 
REQUEST		request_263	1684331509815	1684331509824	OK	 
REQUEST		request_264	1684331509825	1684331509987	OK	 
REQUEST		request_265	1684331509825	1684331510068	KO	status.find.in([200, 209], 304), found 400
REQUEST		request_266	1684331513070	1684331513080	OK	 
REQUEST		request_274	1684331513386	1684331513419	OK	 
REQUEST		request_268	1684331513410	1684331513552	OK	 
REQUEST		request_269	1684331513411	1684331513607	KO	status.find.in([200, 209], 304), found 400
REQUEST		request_267	1684331513386	1684331513736	OK	 
REQUEST		request_270	1684331513410	1684331513748	OK	 
REQUEST		request_271	1684331513081	1684331514176	OK	 
REQUEST		request_272	1684331513385	1684331515310	OK	 
REQUEST		request_275	1684331519312	1684331519319	OK	 
REQUEST		request_281	1684331519321	1684331519329	OK	 
REQUEST		request_276	1684331519321	1684331519469	OK	 
REQUEST		request_278	1684331519328	1684331519497	OK	 
REQUEST		request_279	1684331519328	1684331519753	KO	status.find.in([200, 209], 304), found 400
REQUEST		request_277	1684331519321	1684331519984	KO	status.find.in([200, 209], 304), found 400
REQUEST		request_282	1684331531987	1684331532238	OK	 
REQUEST		request_284	1684331532270	1684331532308	OK	 
REQUEST		request_298	1684331532270	1684331532309	OK	 
REQUEST		request_292	1684331532275	1684331532408	KO	status.find.in([200, 209], 304), found 400
REQUEST		request_291	1684331532275	1684331532430	OK	 
REQUEST		request_289	1684331532272	1684331532547	OK	 
REQUEST		request_290	1684331532273	1684331532550	KO	status.find.in([200, 209], 304), found 400
REQUEST		request_285	1684331532239	1684331532567	OK	 
REQUEST		request_295	1684331532430	1684331532623	KO	status.find.in([200, 209], 304), found 400
REQUEST		request_283	1684331532271	1684331532644	KO	status.find.in([200, 209], 304), found 400
REQUEST		request_296	1684331532307	1684331532646	OK	 
REQUEST		request_293	1684331532276	1684331532730	OK	 
REQUEST		request_288	1684331532272	1684331532731	KO	status.find.in([200, 209], 304), found 400
REQUEST		request_299	1684331532269	1684331532742	OK	 
REQUEST		request_294	1684331532408	1684331532750	OK	 
REQUEST		request_300	1684331532270	1684331532753	OK	 
REQUEST		request_287	1684331532269	1684331532776	OK	 
REQUEST		request_286	1684331532269	1684331533063	OK	 
REQUEST		request_301	1684331535065	1684331535305	OK	 
REQUEST		request_303	1684331535306	1684331535313	OK	 
REQUEST		request_306	1684331535306	1684331535313	OK	 
REQUEST		request_304	1684331535309	1684331535469	OK	 
REQUEST		request_305	1684331535309	1684331535627	KO	status.find.in([200, 209], 304), found 400
REQUEST		request_302	1684331535306	1684331535686	KO	status.find.in([200, 209], 304), found 400
REQUEST		request_307	1684331539689	1684331539837	OK	 
REQUEST		request_314	1684331539838	1684331539845	OK	 
REQUEST		request_311	1684331539838	1684331539906	OK	 
REQUEST		request_309	1684331539841	1684331539984	OK	 
REQUEST		request_313	1684331539843	1684331540007	KO	status.find.in([200, 209], 304), found 400
REQUEST		request_308	1684331539838	1684331540011	KO	status.find.in([200, 209], 304), found 400
REQUEST		request_312	1684331539843	1684331540013	OK	 
REQUEST		request_310	1684331539841	1684331540166	KO	status.find.in([200, 209], 304), found 400
REQUEST		request_315	1684331542168	1684331542331	OK	 
REQUEST		request_317	1684331542356	1684331542363	OK	 
REQUEST		request_316	1684331542356	1684331542503	KO	status.find.in([200, 209], 304), found 400
REQUEST		request_319	1684331542355	1684331542918	KO	status.find.in([200, 209], 304), found 400
REQUEST		request_318	1684331542332	1684331543233	OK	 
REQUEST		request_320	1684331547235	1684331547377	OK	 
REQUEST		request_330	1684331547378	1684331547387	OK	 
REQUEST		request_329	1684331547378	1684331547388	OK	 
REQUEST		request_322	1684331547378	1684331547529	OK	 
REQUEST		request_324	1684331547385	1684331547554	OK	 
REQUEST		request_332	1684331547554	1684331547685	KO	status.find.in([200, 209], 304), found 400
REQUEST		request_331	1684331547529	1684331547723	OK	 
REQUEST		request_325	1684331547386	1684331547730	KO	status.find.in([200, 209], 304), found 400
REQUEST		request_323	1684331547379	1684331547767	KO	status.find.in([200, 209], 304), found 400
REQUEST		request_327	1684331547386	1684331547783	KO	status.find.in([200, 209], 304), found 400
REQUEST		request_326	1684331547386	1684331547786	OK	 
REQUEST		request_321	1684331547378	1684331549471	KO	status.find.in([200, 209], 304), found 401
REQUEST		request_333	1684331551472	1684331551650	OK	 
REQUEST		request_334	1684331551651	1684331552136	KO	status.find.in([200, 209], 304), found 400
REQUEST		request_335	1684331554138	1684331554293	OK	 
REQUEST		request_336	1684331554294	1684331554435	KO	status.find.in([200, 209], 304), found 400
REQUEST		request_337	1684331556437	1684331556609	OK	 
REQUEST		request_338	1684331556609	1684331556883	KO	status.find.in([200, 209], 304), found 400
REQUEST		request_339	1684331558884	1684331559029	OK	 
REQUEST		request_340	1684331559030	1684331559146	KO	status.find.in([200, 209], 304), found 400
REQUEST		request_341	1684331561147	1684331561313	OK	 
REQUEST		request_342	1684331561314	1684331561454	KO	status.find.in([200, 209], 304), found 400
REQUEST		request_343	1684331563455	1684331563628	OK	 
REQUEST		request_344	1684331563628	1684331563744	KO	status.find.in([200, 209], 304), found 400
REQUEST		request_345	1684331565745	1684331565896	OK	 
REQUEST		request_346	1684331565897	1684331566005	KO	status.find.in([200, 209], 304), found 400
REQUEST		request_347	1684331568006	1684331568171	OK	 
REQUEST		request_348	1684331568172	1684331568325	KO	status.find.in([200, 209], 304), found 400
REQUEST		request_349	1684331569327	1684331569476	OK	 
REQUEST		request_350	1684331569477	1684331569577	KO	status.find.in([200, 209], 304), found 400
REQUEST		request_351	1684331571578	1684331571801	OK	 
REQUEST		request_352	1684331571802	1684331571924	KO	status.find.in([200, 209], 304), found 400
REQUEST		request_353	1684331573926	1684331574076	OK	 
REQUEST		request_356	1684331574078	1684331574087	OK	 
REQUEST		request_362	1684331574079	1684331574087	OK	 
REQUEST		request_357	1684331574079	1684331574141	OK	 
REQUEST		request_359	1684331574079	1684331574230	OK	 
REQUEST		request_363	1684331574086	1684331574260	OK	 
REQUEST		request_360	1684331574078	1684331574261	OK	 
REQUEST		request_361	1684331574079	1684331574306	KO	status.find.in([200, 209], 304), found 400
REQUEST		request_354	1684331574079	1684331574448	KO	status.find.in([200, 209], 304), found 400
REQUEST		request_366	1684331574086	1684331574470	KO	status.find.in([200, 209], 304), found 400
REQUEST		request_358	1684331574077	1684331574547	OK	 
REQUEST		request_365	1684331574086	1684331574596	OK	 
REQUEST		request_364	1684331574086	1684331574604	OK	 
REQUEST		request_367	1684331592605	1684331592906	OK	 
REQUEST		request_368	1684331592907	1684331593216	KO	status.find.in([200, 209], 304), found 400
USER	FlujoOriginacionCheckOut	END	1684331593231
