RUN	bnpl.flujoReusoCheckOutCorregido	flujoreusocheckoutcorregido	1684499983711	 	3.8.3
USER	flujoReusoCheckOut	START	1684499990231
REQUEST		request_0	1684499990206	1684499990380	OK	 
REQUEST		request_1	1684499992404	1684499992439	OK	 
REQUEST		request_5	1684499992457	1684499992467	OK	 
REQUEST		request_6	1684499992458	1684499992543	OK	 
REQUEST		request_4	1684499992460	1684499992833	KO	status.find.in([200, 209], 304), found 400
REQUEST		request_2	1684499992459	1684499992967	OK	 
REQUEST		request_3	1684499992459	1684499993153	OK	 
REQUEST		request_7	1684499994154	1684499994164	OK	 
REQUEST		request_8	1684499994165	1684499994177	OK	 
REQUEST		request_9	1684499994166	1684499994178	KO	status.find.in([200, 209], 304), found 403
REQUEST		request_10	1684499996182	1684499996251	OK	 
USER	flujoReusoCheckOut	START	1684500000170
REQUEST		request_0	1684500000168	1684500000318	OK	 
REQUEST		request_11	1684500001253	1684500001263	OK	 
REQUEST		request_12	1684500001265	1684500001353	OK	 
REQUEST		request_15	1684500001289	1684500001453	OK	 
REQUEST		request_16	1684500001290	1684500001457	OK	 
REQUEST		request_13	1684500001266	1684500001462	OK	 
REQUEST		request_14	1684500001289	1684500001466	OK	 
REQUEST		request_17	1684500001265	1684500001918	OK	 
REQUEST		request_1	1684500002321	1684500002330	OK	 
REQUEST		request_5	1684500002331	1684500002339	OK	 
REQUEST		request_6	1684500002332	1684500002410	OK	 
REQUEST		request_3	1684500002333	1684500002989	OK	 
REQUEST		request_4	1684500002334	1684500002990	KO	status.find.in([200, 209], 304), found 400
REQUEST		request_2	1684500002333	1684500002990	OK	 
REQUEST		request_7	1684500003993	1684500004002	OK	 
REQUEST		request_8	1684500004003	1684500004010	OK	 
REQUEST		request_9	1684500004003	1684500004012	KO	status.find.in([200, 209], 304), found 403
REQUEST		request_18	1684500004921	1684500004986	OK	 
REQUEST		request_37	1684500004999	1684500005140	OK	 
REQUEST		request_29	1684500005105	1684500005262	OK	 
REQUEST		request_26	1684500005104	1684500005264	KO	status.find.in([200, 209], 304), found 400
REQUEST		request_30	1684500005106	1684500005266	OK	 
REQUEST		request_25	1684500005104	1684500005361	OK	 
REQUEST		request_33	1684500005264	1684500005368	KO	status.find.in([200, 209], 304), found 400
REQUEST		request_34	1684500005266	1684500005374	KO	status.find.in([200, 209], 304), found 400
REQUEST		request_28	1684500005105	1684500005379	OK	 
REQUEST		request_31	1684500005262	1684500005427	KO	status.find.in([200, 209], 304), found 400
REQUEST		request_36	1684500005368	1684500005471	KO	status.find.in([200, 209], 304), found 400
REQUEST		request_35	1684500005362	1684500005496	OK	 
REQUEST		request_19	1684500005098	1684500006019	KO	status.find.in([200, 209], 304), found 400
REQUEST		request_20	1684500005080	1684500006019	KO	status.find.in([200, 209], 304), found 400
REQUEST		request_10	1684500006014	1684500006078	OK	 
USER	flujoReusoCheckOut	START	1684500010170
REQUEST		request_0	1684500010169	1684500010332	OK	 
REQUEST		request_11	1684500011081	1684500011090	OK	 
REQUEST		request_12	1684500011091	1684500011163	OK	 
REQUEST		request_13	1684500011092	1684500011225	OK	 
REQUEST		request_15	1684500011093	1684500011230	OK	 
REQUEST		request_16	1684500011093	1684500011244	OK	 
REQUEST		request_14	1684500011093	1684500011272	OK	 
REQUEST		request_17	1684500011092	1684500011397	OK	 
REQUEST		request_1	1684500012334	1684500012343	OK	 
REQUEST		request_5	1684500012344	1684500012354	OK	 
REQUEST		request_6	1684500012345	1684500012417	OK	 
REQUEST		request_4	1684500012346	1684500012462	KO	status.find.in([200, 209], 304), found 400
REQUEST		request_2	1684500012346	1684500012504	OK	 
REQUEST		request_3	1684500012346	1684500012509	OK	 
REQUEST		request_7	1684500013511	1684500013520	OK	 
REQUEST		request_8	1684500013521	1684500013528	OK	 
REQUEST		request_9	1684500013522	1684500013530	KO	status.find.in([200, 209], 304), found 403
REQUEST		request_18	1684500014398	1684500014467	OK	 
REQUEST		request_37	1684500014469	1684500014505	OK	 
REQUEST		request_26	1684500014473	1684500014591	KO	status.find.in([200, 209], 304), found 400
REQUEST		request_25	1684500014473	1684500014615	OK	 
REQUEST		request_19	1684500014470	1684500014630	KO	status.find.in([200, 209], 304), found 400
REQUEST		request_28	1684500014474	1684500014633	OK	 
REQUEST		request_29	1684500014475	1684500014634	OK	 
REQUEST		request_31	1684500014591	1684500014690	KO	status.find.in([200, 209], 304), found 400
REQUEST		request_33	1684500014616	1684500014719	KO	status.find.in([200, 209], 304), found 400
REQUEST		request_36	1684500014634	1684500014733	KO	status.find.in([200, 209], 304), found 400
REQUEST		request_34	1684500014631	1684500014748	KO	status.find.in([200, 209], 304), found 400
REQUEST		request_30	1684500014475	1684500014755	OK	 
REQUEST		request_35	1684500014633	1684500014807	OK	 
REQUEST		request_20	1684500014470	1684500014869	KO	status.find.in([200, 209], 304), found 400
REQUEST		request_10	1684500015533	1684500015596	OK	 
USER	flujoReusoCheckOut	START	1684500020170
REQUEST		request_0	1684500020169	1684500020331	OK	 
REQUEST		request_11	1684500020599	1684500020608	OK	 
REQUEST		request_12	1684500020609	1684500020670	OK	 
REQUEST		request_17	1684500020610	1684500020750	OK	 
REQUEST		request_15	1684500020612	1684500020776	OK	 
REQUEST		request_13	1684500020610	1684500020780	OK	 
REQUEST		request_16	1684500020613	1684500020793	OK	 
REQUEST		request_14	1684500020611	1684500020816	OK	 
REQUEST		request_1	1684500022333	1684500022341	OK	 
REQUEST		request_5	1684500022342	1684500022348	OK	 
REQUEST		request_6	1684500022343	1684500022417	OK	 
REQUEST		request_3	1684500022346	1684500022504	OK	 
REQUEST		request_4	1684500022347	1684500022656	KO	status.find.in([200, 209], 304), found 400
REQUEST		request_2	1684500022344	1684500022720	OK	 
REQUEST		request_7	1684500023722	1684500023730	OK	 
REQUEST		request_8	1684500023731	1684500023737	OK	 
REQUEST		request_9	1684500023731	1684500023738	KO	status.find.in([200, 209], 304), found 403
REQUEST		request_18	1684500023818	1684500023881	OK	 
REQUEST		request_37	1684500023884	1684500023917	OK	 
REQUEST		request_20	1684500023885	1684500024284	KO	status.find.in([200, 209], 304), found 400
REQUEST		request_26	1684500023887	1684500024285	KO	status.find.in([200, 209], 304), found 400
REQUEST		request_25	1684500023886	1684500024286	OK	 
REQUEST		request_29	1684500023887	1684500024287	OK	 
REQUEST		request_28	1684500023887	1684500024288	OK	 
REQUEST		request_30	1684500023888	1684500024289	OK	 
REQUEST		request_19	1684500023885	1684500024289	KO	status.find.in([200, 209], 304), found 400
REQUEST		request_33	1684500024286	1684500024385	KO	status.find.in([200, 209], 304), found 400
REQUEST		request_36	1684500024289	1684500024388	KO	status.find.in([200, 209], 304), found 400
REQUEST		request_34	1684500024287	1684500024388	KO	status.find.in([200, 209], 304), found 400
REQUEST		request_35	1684500024288	1684500024424	OK	 
REQUEST		request_31	1684500024285	1684500024513	KO	status.find.in([200, 209], 304), found 400
REQUEST		request_10	1684500025740	1684500025835	OK	 
USER	flujoReusoCheckOut	START	1684500030169
REQUEST		request_0	1684500030168	1684500030312	OK	 
REQUEST		request_11	1684500030838	1684500030846	OK	 
REQUEST		request_12	1684500030847	1684500030912	OK	 
REQUEST		request_15	1684500030849	1684500030978	OK	 
REQUEST		request_13	1684500030848	1684500031012	OK	 
REQUEST		request_16	1684500030849	1684500031014	OK	 
REQUEST		request_14	1684500030848	1684500031031	OK	 
REQUEST		request_17	1684500030848	1684500031096	OK	 
REQUEST		request_1	1684500032315	1684500032322	OK	 
REQUEST		request_5	1684500032323	1684500032329	OK	 
REQUEST		request_6	1684500032324	1684500032429	OK	 
REQUEST		request_4	1684500032325	1684500032474	KO	status.find.in([200, 209], 304), found 400
REQUEST		request_3	1684500032325	1684500032516	OK	 
REQUEST		request_2	1684500032324	1684500032525	OK	 
REQUEST		request_7	1684500033527	1684500033536	OK	 
REQUEST		request_9	1684500033537	1684500033545	KO	status.find.in([200, 209], 304), found 403
REQUEST		request_8	1684500033536	1684500033545	OK	 
REQUEST		request_18	1684500034098	1684500034165	OK	 
REQUEST		request_37	1684500034167	1684500034199	OK	 
REQUEST		request_25	1684500034168	1684500034311	OK	 
REQUEST		request_26	1684500034169	1684500034312	KO	status.find.in([200, 209], 304), found 400
REQUEST		request_30	1684500034170	1684500034327	OK	 
REQUEST		request_20	1684500034167	1684500034329	KO	status.find.in([200, 209], 304), found 400
REQUEST		request_19	1684500034168	1684500034329	KO	status.find.in([200, 209], 304), found 400
REQUEST		request_28	1684500034169	1684500034337	OK	 
REQUEST		request_29	1684500034170	1684500034345	OK	 
REQUEST		request_33	1684500034312	1684500034409	KO	status.find.in([200, 209], 304), found 400
REQUEST		request_31	1684500034311	1684500034413	KO	status.find.in([200, 209], 304), found 400
REQUEST		request_34	1684500034327	1684500034451	KO	status.find.in([200, 209], 304), found 400
REQUEST		request_36	1684500034337	1684500034451	KO	status.find.in([200, 209], 304), found 400
REQUEST		request_35	1684500034329	1684500034477	OK	 
REQUEST		request_10	1684500035547	1684500035608	OK	 
USER	flujoReusoCheckOut	START	1684500040170
REQUEST		request_0	1684500040169	1684500040302	OK	 
REQUEST		request_11	1684500040611	1684500040635	OK	 
REQUEST		request_12	1684500040637	1684500040696	OK	 
REQUEST		request_13	1684500040638	1684500040771	OK	 
REQUEST		request_15	1684500040640	1684500040773	OK	 
REQUEST		request_17	1684500040637	1684500040776	OK	 
REQUEST		request_16	1684500040640	1684500040787	OK	 
REQUEST		request_14	1684500040639	1684500040802	OK	 
REQUEST		request_1	1684500042304	1684500042314	OK	 
REQUEST		request_5	1684500042315	1684500042323	OK	 
REQUEST		request_6	1684500042315	1684500042409	OK	 
REQUEST		request_4	1684500042317	1684500042427	KO	status.find.in([200, 209], 304), found 400
REQUEST		request_3	1684500042317	1684500042471	OK	 
REQUEST		request_2	1684500042316	1684500042473	OK	 
REQUEST		request_7	1684500043476	1684500043484	OK	 
REQUEST		request_8	1684500043485	1684500043492	OK	 
REQUEST		request_9	1684500043486	1684500043493	KO	status.find.in([200, 209], 304), found 403
REQUEST		request_18	1684500043805	1684500043869	OK	 
REQUEST		request_37	1684500043871	1684500043906	OK	 
REQUEST		request_20	1684500043873	1684500044009	KO	status.find.in([200, 209], 304), found 400
REQUEST		request_25	1684500043875	1684500044013	OK	 
REQUEST		request_30	1684500043877	1684500044034	OK	 
REQUEST		request_28	1684500043876	1684500044038	OK	 
REQUEST		request_19	1684500043875	1684500044090	KO	status.find.in([200, 209], 304), found 400
REQUEST		request_26	1684500043876	1684500044091	KO	status.find.in([200, 209], 304), found 400
REQUEST		request_29	1684500043876	1684500044122	OK	 
REQUEST		request_33	1684500044035	1684500044132	KO	status.find.in([200, 209], 304), found 400
REQUEST		request_34	1684500044039	1684500044152	KO	status.find.in([200, 209], 304), found 400
REQUEST		request_31	1684500044013	1684500044176	KO	status.find.in([200, 209], 304), found 400
REQUEST		request_36	1684500044091	1684500044192	KO	status.find.in([200, 209], 304), found 400
REQUEST		request_35	1684500044090	1684500044229	OK	 
REQUEST		request_10	1684500045496	1684500045555	OK	 
USER	flujoReusoCheckOut	START	1684500050170
REQUEST		request_0	1684500050169	1684500050309	OK	 
REQUEST		request_11	1684500050556	1684500050564	OK	 
REQUEST		request_12	1684500050565	1684500050651	OK	 
REQUEST		request_17	1684500050565	1684500050709	OK	 
REQUEST		request_15	1684500050567	1684500050716	OK	 
REQUEST		request_13	1684500050566	1684500050725	OK	 
REQUEST		request_16	1684500050567	1684500050736	OK	 
REQUEST		request_14	1684500050566	1684500050751	OK	 
REQUEST		request_1	1684500052311	1684500052320	OK	 
REQUEST		request_5	1684500052320	1684500052327	OK	 
REQUEST		request_6	1684500052321	1684500052407	OK	 
REQUEST		request_4	1684500052322	1684500052463	KO	status.find.in([200, 209], 304), found 400
REQUEST		request_3	1684500052322	1684500052485	OK	 
REQUEST		request_2	1684500052321	1684500052489	OK	 
REQUEST		request_7	1684500053490	1684500053499	OK	 
REQUEST		request_8	1684500053500	1684500053507	OK	 
REQUEST		request_9	1684500053500	1684500053508	KO	status.find.in([200, 209], 304), found 403
REQUEST		request_18	1684500053752	1684500053823	OK	 
REQUEST		request_37	1684500053824	1684500053856	OK	 
REQUEST		request_26	1684500053826	1684500053955	KO	status.find.in([200, 209], 304), found 400
REQUEST		request_20	1684500053825	1684500053958	KO	status.find.in([200, 209], 304), found 400
REQUEST		request_19	1684500053825	1684500053971	KO	status.find.in([200, 209], 304), found 400
REQUEST		request_25	1684500053826	1684500053972	OK	 
REQUEST		request_29	1684500053828	1684500053979	OK	 
REQUEST		request_30	1684500053829	1684500053983	OK	 
REQUEST		request_28	1684500053827	1684500054026	OK	 
REQUEST		request_31	1684500053955	1684500054069	KO	status.find.in([200, 209], 304), found 400
REQUEST		request_33	1684500053972	1684500054070	KO	status.find.in([200, 209], 304), found 400
REQUEST		request_36	1684500053983	1684500054089	KO	status.find.in([200, 209], 304), found 400
REQUEST		request_35	1684500053979	1684500054115	OK	 
REQUEST		request_34	1684500053973	1684500054299	KO	status.find.in([200, 209], 304), found 400
REQUEST		request_10	1684500055509	1684500055575	OK	 
USER	flujoReusoCheckOut	START	1684500060171
REQUEST		request_0	1684500060169	1684500060342	OK	 
REQUEST		request_11	1684500060578	1684500060587	OK	 
REQUEST		request_12	1684500060589	1684500060651	OK	 
REQUEST		request_17	1684500060589	1684500060741	OK	 
REQUEST		request_13	1684500060590	1684500060751	OK	 
REQUEST		request_15	1684500060591	1684500060762	OK	 
REQUEST		request_16	1684500060591	1684500060762	OK	 
REQUEST		request_14	1684500060590	1684500060783	OK	 
REQUEST		request_1	1684500062345	1684500062352	OK	 
REQUEST		request_5	1684500062353	1684500062359	OK	 
REQUEST		request_6	1684500062353	1684500062432	OK	 
REQUEST		request_4	1684500062354	1684500062483	KO	status.find.in([200, 209], 304), found 400
REQUEST		request_2	1684500062354	1684500062509	OK	 
REQUEST		request_3	1684500062354	1684500062511	OK	 
REQUEST		request_7	1684500063512	1684500063520	OK	 
REQUEST		request_9	1684500063521	1684500063528	KO	status.find.in([200, 209], 304), found 403
REQUEST		request_8	1684500063521	1684500063528	OK	 
REQUEST		request_18	1684500063785	1684500063856	OK	 
REQUEST		request_37	1684500063857	1684500063891	OK	 
REQUEST		request_26	1684500063859	1684500063971	KO	status.find.in([200, 209], 304), found 400
REQUEST		request_20	1684500063858	1684500063990	KO	status.find.in([200, 209], 304), found 400
REQUEST		request_25	1684500063859	1684500064009	OK	 
REQUEST		request_29	1684500063860	1684500064015	OK	 
REQUEST		request_30	1684500063860	1684500064017	OK	 
REQUEST		request_28	1684500063859	1684500064062	OK	 
REQUEST		request_31	1684500063972	1684500064068	KO	status.find.in([200, 209], 304), found 400
REQUEST		request_33	1684500064010	1684500064108	KO	status.find.in([200, 209], 304), found 400
REQUEST		request_34	1684500064015	1684500064115	KO	status.find.in([200, 209], 304), found 400
REQUEST		request_35	1684500064017	1684500064157	OK	 
REQUEST		request_36	1684500064063	1684500064165	KO	status.find.in([200, 209], 304), found 400
REQUEST		request_19	1684500063858	1684500064221	KO	status.find.in([200, 209], 304), found 400
REQUEST		request_10	1684500065531	1684500065602	OK	 
USER	flujoReusoCheckOut	START	1684500070170
REQUEST		request_0	1684500070169	1684500070309	OK	 
REQUEST		request_11	1684500070605	1684500070616	OK	 
REQUEST		request_12	1684500070617	1684500070689	OK	 
REQUEST		request_17	1684500070617	1684500070751	OK	 
REQUEST		request_15	1684500070619	1684500070764	OK	 
REQUEST		request_13	1684500070618	1684500070768	OK	 
REQUEST		request_16	1684500070619	1684500070777	OK	 
REQUEST		request_14	1684500070618	1684500070785	OK	 
REQUEST		request_1	1684500072310	1684500072493	OK	 
REQUEST		request_5	1684500072494	1684500072501	OK	 
REQUEST		request_6	1684500072495	1684500072572	OK	 
REQUEST		request_4	1684500072496	1684500072605	KO	status.find.in([200, 209], 304), found 400
REQUEST		request_2	1684500072495	1684500072650	OK	 
REQUEST		request_3	1684500072496	1684500072681	OK	 
REQUEST		request_7	1684500073683	1684500073690	OK	 
REQUEST		request_8	1684500073691	1684500073698	OK	 
REQUEST		request_9	1684500073691	1684500073699	KO	status.find.in([200, 209], 304), found 403
REQUEST		request_18	1684500073787	1684500073882	OK	 
REQUEST		request_37	1684500073883	1684500073920	OK	 
REQUEST		request_26	1684500073888	1684500074001	KO	status.find.in([200, 209], 304), found 400
REQUEST		request_20	1684500073885	1684500074029	KO	status.find.in([200, 209], 304), found 400
REQUEST		request_25	1684500073888	1684500074042	OK	 
REQUEST		request_30	1684500073889	1684500074046	OK	 
REQUEST		request_29	1684500073889	1684500074048	OK	 
REQUEST		request_28	1684500073888	1684500074066	OK	 
REQUEST		request_33	1684500074043	1684500074140	KO	status.find.in([200, 209], 304), found 400
REQUEST		request_34	1684500074047	1684500074156	KO	status.find.in([200, 209], 304), found 400
REQUEST		request_36	1684500074067	1684500074173	KO	status.find.in([200, 209], 304), found 400
REQUEST		request_35	1684500074048	1684500074198	OK	 
REQUEST		request_31	1684500074001	1684500074221	KO	status.find.in([200, 209], 304), found 400
REQUEST		request_19	1684500073887	1684500074870	KO	status.find.in([200, 209], 304), found 400
REQUEST		request_10	1684500075701	1684500075772	OK	 
USER	flujoReusoCheckOut	START	1684500080170
REQUEST		request_0	1684500080169	1684500080308	OK	 
REQUEST		request_11	1684500080773	1684500080781	OK	 
REQUEST		request_12	1684500080782	1684500080841	OK	 
REQUEST		request_15	1684500080784	1684500080910	OK	 
REQUEST		request_13	1684500080782	1684500080913	OK	 
REQUEST		request_17	1684500080782	1684500080952	OK	 
REQUEST		request_16	1684500080784	1684500080953	OK	 
REQUEST		request_14	1684500080784	1684500080957	OK	 
REQUEST		request_1	1684500082310	1684500082350	OK	 
REQUEST		request_5	1684500082350	1684500082361	OK	 
REQUEST		request_6	1684500082351	1684500082436	OK	 
REQUEST		request_4	1684500082352	1684500082464	KO	status.find.in([200, 209], 304), found 400
REQUEST		request_2	1684500082351	1684500082508	OK	 
REQUEST		request_3	1684500082352	1684500082563	OK	 
REQUEST		request_7	1684500083565	1684500083574	OK	 
REQUEST		request_9	1684500083575	1684500083582	KO	status.find.in([200, 209], 304), found 403
REQUEST		request_8	1684500083575	1684500083582	OK	 
REQUEST		request_18	1684500083960	1684500084019	OK	 
REQUEST		request_37	1684500084021	1684500084070	OK	 
REQUEST		request_26	1684500084023	1684500084143	KO	status.find.in([200, 209], 304), found 400
REQUEST		request_25	1684500084023	1684500084169	OK	 
REQUEST		request_20	1684500084022	1684500084171	KO	status.find.in([200, 209], 304), found 400
REQUEST		request_19	1684500084022	1684500084180	KO	status.find.in([200, 209], 304), found 400
REQUEST		request_30	1684500084043	1684500084198	OK	 
REQUEST		request_29	1684500084043	1684500084205	OK	 
REQUEST		request_28	1684500084023	1684500084207	OK	 
REQUEST		request_33	1684500084170	1684500084270	KO	status.find.in([200, 209], 304), found 400
REQUEST		request_34	1684500084180	1684500084282	KO	status.find.in([200, 209], 304), found 400
REQUEST		request_36	1684500084206	1684500084306	KO	status.find.in([200, 209], 304), found 400
REQUEST		request_35	1684500084198	1684500084332	OK	 
REQUEST		request_31	1684500084143	1684500084416	KO	status.find.in([200, 209], 304), found 400
REQUEST		request_10	1684500085584	1684500085649	OK	 
REQUEST		request_11	1684500090651	1684500090662	OK	 
REQUEST		request_12	1684500090663	1684500090723	OK	 
REQUEST		request_15	1684500090665	1684500090794	OK	 
REQUEST		request_13	1684500090664	1684500090795	OK	 
REQUEST		request_16	1684500090665	1684500090805	OK	 
REQUEST		request_17	1684500090663	1684500090805	OK	 
REQUEST		request_14	1684500090664	1684500090826	OK	 
REQUEST		request_18	1684500093828	1684500093896	OK	 
REQUEST		request_37	1684500093897	1684500093964	OK	 
REQUEST		request_26	1684500093899	1684500094002	KO	status.find.in([200, 209], 304), found 400
REQUEST		request_25	1684500093899	1684500094042	OK	 
REQUEST		request_28	1684500093899	1684500094051	OK	 
REQUEST		request_29	1684500093900	1684500094052	OK	 
REQUEST		request_30	1684500093900	1684500094067	OK	 
REQUEST		request_20	1684500093898	1684500094082	KO	status.find.in([200, 209], 304), found 400
REQUEST		request_31	1684500094002	1684500094134	KO	status.find.in([200, 209], 304), found 400
REQUEST		request_34	1684500094051	1684500094183	KO	status.find.in([200, 209], 304), found 400
REQUEST		request_33	1684500094043	1684500094184	KO	status.find.in([200, 209], 304), found 400
REQUEST		request_36	1684500094067	1684500094190	KO	status.find.in([200, 209], 304), found 400
REQUEST		request_35	1684500094052	1684500094191	OK	 
REQUEST		request_19	1684500093898	1684500094298	KO	status.find.in([200, 209], 304), found 400
REQUEST		request_39	1684500110021	1684500110434	OK	 
REQUEST		request_63	1684500110480	1684500110638	OK	 
REQUEST		request_59	1684500110530	1684500110672	KO	status.find.in([200, 209], 304), found 400
REQUEST		request_62	1684500110530	1684500110674	KO	status.find.in([200, 209], 304), found 400
REQUEST		request_53	1684500110529	1684500110690	KO	status.find.in([200, 209], 304), found 400
REQUEST		request_61	1684500110465	1684500110693	OK	 
REQUEST		request_60	1684500110530	1684500110702	OK	 
REQUEST		request_58	1684500110529	1684500110723	OK	 
REQUEST		request_52	1684500110529	1684500110724	OK	 
REQUEST		request_50	1684500110435	1684500110727	OK	 
REQUEST		request_65	1684500110675	1684500110790	KO	status.find.in([200, 209], 304), found 400
REQUEST		request_44	1684500110546	1684500110791	OK	 
REQUEST		request_64	1684500110672	1684500110811	OK	 
REQUEST		request_40	1684500110546	1684500110858	OK	 
REQUEST		request_47	1684500110530	1684500110940	OK	 
REQUEST		request_46	1684500110513	1684500110969	OK	 
REQUEST		request_48	1684500110496	1684500111004	OK	 
REQUEST		request_49	1684500110513	1684500111071	OK	 
REQUEST		request_56	1684500110496	1684500111071	OK	 
REQUEST		request_54	1684500110480	1684500111735	OK	 
REQUEST		request_66	1684500114737	1684500114879	OK	 
REQUEST		request_69	1684500114881	1684500114886	OK	 
REQUEST		request_74	1684500118887	1684500119026	OK	 
REQUEST		request_76	1684500119027	1684500119061	OK	 
REQUEST		request_39	1684500118871	1684500119103	OK	 
REQUEST		request_63	1684500119105	1684500119197	OK	 
REQUEST		request_59	1684500119109	1684500119233	KO	status.find.in([200, 209], 304), found 400
REQUEST		request_53	1684500119108	1684500119237	KO	status.find.in([200, 209], 304), found 400
REQUEST		request_62	1684500119109	1684500119239	KO	status.find.in([200, 209], 304), found 400
REQUEST		request_61	1684500119105	1684500119285	OK	 
REQUEST		request_58	1684500119109	1684500119286	OK	 
REQUEST		request_52	1684500119107	1684500119286	OK	 
REQUEST		request_60	1684500119109	1684500119294	OK	 
REQUEST		request_50	1684500119104	1684500119296	OK	 
REQUEST		request_49	1684500119106	1684500119297	OK	 
REQUEST		request_75	1684500119028	1684500119298	KO	status.find.in([200, 209], 304), found 400
REQUEST		request_46	1684500119106	1684500119333	OK	 
REQUEST		request_44	1684500119110	1684500119352	OK	 
REQUEST		request_64	1684500119233	1684500119367	OK	 
REQUEST		request_65	1684500119237	1684500119375	KO	status.find.in([200, 209], 304), found 400
REQUEST		request_40	1684500119110	1684500119402	OK	 
REQUEST		request_54	1684500119105	1684500119409	OK	 
REQUEST		request_47	1684500119110	1684500119432	OK	 
REQUEST		request_56	1684500119106	1684500119438	OK	 
REQUEST		request_48	1684500119106	1684500119505	OK	 
REQUEST		request_79	1684500121300	1684500121596	OK	 
REQUEST		request_80	1684500121596	1684500121772	KO	status.find.in([200, 209], 304), found 400
REQUEST		request_66	1684500122506	1684500122652	OK	 
REQUEST		request_69	1684500122653	1684500122670	OK	 
REQUEST		request_81	1684500122774	1684500122944	OK	 
REQUEST		request_82	1684500122944	1684500123052	KO	status.find.in([200, 209], 304), found 400
REQUEST		request_83	1684500125053	1684500125200	OK	 
REQUEST		request_84	1684500125200	1684500125306	KO	status.find.in([200, 209], 304), found 400
REQUEST		request_74	1684500126672	1684500126836	OK	 
REQUEST		request_76	1684500126836	1684500126844	OK	 
REQUEST		request_75	1684500126837	1684500127046	KO	status.find.in([200, 209], 304), found 400
REQUEST		request_85	1684500127307	1684500127454	OK	 
REQUEST		request_86	1684500127454	1684500127559	KO	status.find.in([200, 209], 304), found 400
REQUEST		request_39	1684500128514	1684500128938	OK	 
REQUEST		request_63	1684500128940	1684500129027	OK	 
REQUEST		request_46	1684500128941	1684500129063	OK	 
REQUEST		request_59	1684500128942	1684500129066	KO	status.find.in([200, 209], 304), found 400
REQUEST		request_49	1684500128941	1684500129104	OK	 
REQUEST		request_62	1684500128942	1684500129107	KO	status.find.in([200, 209], 304), found 400
REQUEST		request_61	1684500128940	1684500129108	OK	 
REQUEST		request_58	1684500128942	1684500129109	OK	 
REQUEST		request_60	1684500128942	1684500129109	OK	 
REQUEST		request_50	1684500128939	1684500129112	OK	 
REQUEST		request_52	1684500128941	1684500129128	OK	 
REQUEST		request_53	1684500128942	1684500129169	KO	status.find.in([200, 209], 304), found 400
REQUEST		request_44	1684500128943	1684500129183	OK	 
REQUEST		request_79	1684500129048	1684500129196	OK	 
REQUEST		request_64	1684500129066	1684500129212	OK	 
REQUEST		request_54	1684500128940	1684500129218	OK	 
REQUEST		request_40	1684500128943	1684500129221	OK	 
REQUEST		request_65	1684500129107	1684500129221	KO	status.find.in([200, 209], 304), found 400
REQUEST		request_47	1684500128942	1684500129233	OK	 
REQUEST		request_48	1684500128941	1684500129282	OK	 
REQUEST		request_56	1684500128941	1684500129325	OK	 
REQUEST		request_80	1684500129197	1684500129325	KO	status.find.in([200, 209], 304), found 400
REQUEST		request_87	1684500129560	1684500129860	OK	 
REQUEST		request_88	1684500129860	1684500129965	KO	status.find.in([200, 209], 304), found 400
REQUEST		request_90	1684500129861	1684500129965	KO	status.find.in([200, 209], 304), found 400
REQUEST		request_89	1684500129861	1684500129999	OK	 
REQUEST		request_81	1684500130327	1684500130492	OK	 
REQUEST		request_82	1684500130492	1684500130592	KO	status.find.in([200, 209], 304), found 400
REQUEST		request_91	1684500131000	1684500131151	OK	 
REQUEST		request_92	1684500131151	1684500131297	KO	status.find.in([200, 209], 304), found 400
REQUEST		request_93	1684500132298	1684500132458	OK	 
REQUEST		request_66	1684500132328	1684500132469	OK	 
REQUEST		request_69	1684500132470	1684500132477	OK	 
REQUEST		request_99	1684500132458	1684500132487	OK	 
REQUEST		request_95	1684500132459	1684500132565	KO	status.find.in([200, 209], 304), found 400
REQUEST		request_102	1684500132466	1684500132568	KO	status.find.in([200, 209], 304), found 400
REQUEST		request_101	1684500132465	1684500132614	OK	 
REQUEST		request_94	1684500132466	1684500132690	OK	 
REQUEST		request_83	1684500132595	1684500132768	OK	 
REQUEST		request_98	1684500132486	1684500132774	OK	 
REQUEST		request_97	1684500132486	1684500132795	OK	 
REQUEST		request_100	1684500132486	1684500132819	OK	 
USER	flujoReusoCheckOut	END	1684500132828
REQUEST		request_84	1684500132768	1684500132897	KO	status.find.in([200, 209], 304), found 400
REQUEST		request_85	1684500134899	1684500135043	OK	 
REQUEST		request_86	1684500135044	1684500135144	KO	status.find.in([200, 209], 304), found 400
REQUEST		request_74	1684500136480	1684500136621	OK	 
REQUEST		request_76	1684500136622	1684500136655	OK	 
REQUEST		request_75	1684500136622	1684500137057	KO	status.find.in([200, 209], 304), found 400
REQUEST		request_87	1684500137147	1684500137294	OK	 
REQUEST		request_90	1684500137295	1684500137409	KO	status.find.in([200, 209], 304), found 400
REQUEST		request_89	1684500137295	1684500137443	OK	 
REQUEST		request_88	1684500137295	1684500137477	KO	status.find.in([200, 209], 304), found 400
REQUEST		request_39	1684500138480	1684500138577	OK	 
REQUEST		request_91	1684500138478	1684500138628	OK	 
REQUEST		request_63	1684500138579	1684500138658	OK	 
REQUEST		request_62	1684500138582	1684500138708	KO	status.find.in([200, 209], 304), found 400
REQUEST		request_46	1684500138580	1684500138709	OK	 
REQUEST		request_61	1684500138579	1684500138711	OK	 
REQUEST		request_53	1684500138581	1684500138719	KO	status.find.in([200, 209], 304), found 400
REQUEST		request_49	1684500138580	1684500138720	OK	 
REQUEST		request_59	1684500138581	1684500138730	KO	status.find.in([200, 209], 304), found 400
REQUEST		request_56	1684500138579	1684500138740	OK	 
REQUEST		request_47	1684500138582	1684500138748	OK	 
REQUEST		request_60	1684500138581	1684500138749	OK	 
REQUEST		request_92	1684500138629	1684500138750	KO	status.find.in([200, 209], 304), found 400
REQUEST		request_52	1684500138580	1684500138755	OK	 
REQUEST		request_50	1684500138578	1684500138755	OK	 
REQUEST		request_58	1684500138581	1684500138760	OK	 
REQUEST		request_48	1684500138580	1684500138788	OK	 
REQUEST		request_44	1684500138582	1684500138827	OK	 
REQUEST		request_65	1684500138719	1684500138827	KO	status.find.in([200, 209], 304), found 400
REQUEST		request_54	1684500138579	1684500138837	OK	 
REQUEST		request_64	1684500138708	1684500138854	OK	 
REQUEST		request_40	1684500138582	1684500138877	OK	 
REQUEST		request_79	1684500139059	1684500139208	OK	 
REQUEST		request_80	1684500139208	1684500139304	KO	status.find.in([200, 209], 304), found 400
REQUEST		request_93	1684500139751	1684500139906	OK	 
REQUEST		request_99	1684500139907	1684500139914	OK	 
REQUEST		request_95	1684500139908	1684500140003	KO	status.find.in([200, 209], 304), found 400
REQUEST		request_102	1684500139908	1684500140013	KO	status.find.in([200, 209], 304), found 400
REQUEST		request_97	1684500139909	1684500140020	OK	 
REQUEST		request_98	1684500139909	1684500140020	OK	 
REQUEST		request_101	1684500139908	1684500140049	OK	 
REQUEST		request_100	1684500139910	1684500140094	OK	 
REQUEST		request_94	1684500139909	1684500140315	OK	 
USER	flujoReusoCheckOut	END	1684500140317
REQUEST		request_81	1684500140306	1684500140452	OK	 
REQUEST		request_82	1684500140453	1684500141234	KO	status.find.in([200, 209], 304), found 400
REQUEST		request_66	1684500141879	1684500142037	OK	 
REQUEST		request_69	1684500142038	1684500142044	OK	 
REQUEST		request_83	1684500143236	1684500143388	OK	 
REQUEST		request_84	1684500143389	1684500143490	KO	status.find.in([200, 209], 304), found 400
REQUEST		request_85	1684500145493	1684500145642	OK	 
REQUEST		request_86	1684500145642	1684500146051	KO	status.find.in([200, 209], 304), found 400
REQUEST		request_74	1684500146047	1684500146210	OK	 
REQUEST		request_76	1684500146211	1684500146217	OK	 
REQUEST		request_75	1684500146211	1684500146330	KO	status.find.in([200, 209], 304), found 400
REQUEST		request_87	1684500148053	1684500148235	OK	 
REQUEST		request_90	1684500148235	1684500148359	KO	status.find.in([200, 209], 304), found 400
REQUEST		request_88	1684500148235	1684500148379	KO	status.find.in([200, 209], 304), found 400
REQUEST		request_89	1684500148235	1684500148404	OK	 
REQUEST		request_79	1684500148333	1684500148473	OK	 
REQUEST		request_39	1684500148231	1684500148503	OK	 
REQUEST		request_80	1684500148473	1684500148573	KO	status.find.in([200, 209], 304), found 400
REQUEST		request_63	1684500148521	1684500148617	OK	 
REQUEST		request_59	1684500148527	1684500148646	KO	status.find.in([200, 209], 304), found 400
REQUEST		request_46	1684500148525	1684500148649	OK	 
REQUEST		request_53	1684500148527	1684500148655	KO	status.find.in([200, 209], 304), found 400
REQUEST		request_62	1684500148527	1684500148658	KO	status.find.in([200, 209], 304), found 400
REQUEST		request_61	1684500148506	1684500148667	OK	 
REQUEST		request_49	1684500148525	1684500148669	OK	 
REQUEST		request_56	1684500148523	1684500148681	OK	 
REQUEST		request_48	1684500148523	1684500148684	OK	 
REQUEST		request_60	1684500148527	1684500148687	OK	 
REQUEST		request_54	1684500148521	1684500148690	OK	 
REQUEST		request_50	1684500148505	1684500148703	OK	 
REQUEST		request_52	1684500148526	1684500148743	OK	 
REQUEST		request_65	1684500148655	1684500148752	KO	status.find.in([200, 209], 304), found 400
REQUEST		request_44	1684500148530	1684500148767	OK	 
REQUEST		request_58	1684500148527	1684500148772	OK	 
REQUEST		request_64	1684500148646	1684500148780	OK	 
REQUEST		request_40	1684500148529	1684500148809	OK	 
REQUEST		request_47	1684500148528	1684500148863	OK	 
REQUEST		request_91	1684500149405	1684500149584	OK	 
REQUEST		request_92	1684500149585	1684500149681	KO	status.find.in([200, 209], 304), found 400
REQUEST		request_81	1684500149575	1684500149713	OK	 
REQUEST		request_82	1684500149714	1684500149815	KO	status.find.in([200, 209], 304), found 400
REQUEST		request_93	1684500150683	1684500150831	OK	 
REQUEST		request_99	1684500150832	1684500150838	OK	 
REQUEST		request_102	1684500150833	1684500150930	KO	status.find.in([200, 209], 304), found 400
REQUEST		request_97	1684500150834	1684500150944	OK	 
REQUEST		request_95	1684500150832	1684500150949	KO	status.find.in([200, 209], 304), found 400
REQUEST		request_101	1684500150833	1684500150972	OK	 
REQUEST		request_98	1684500150834	1684500151015	OK	 
REQUEST		request_100	1684500150834	1684500151064	OK	 
REQUEST		request_94	1684500150833	1684500151159	OK	 
USER	flujoReusoCheckOut	END	1684500151165
REQUEST		request_83	1684500151818	1684500151953	OK	 
REQUEST		request_66	1684500151865	1684500151993	OK	 
REQUEST		request_69	1684500151993	1684500152001	OK	 
REQUEST		request_84	1684500151954	1684500152089	KO	status.find.in([200, 209], 304), found 400
REQUEST		request_85	1684500154090	1684500154240	OK	 
REQUEST		request_86	1684500154241	1684500154350	KO	status.find.in([200, 209], 304), found 400
REQUEST		request_74	1684500156002	1684500156175	OK	 
REQUEST		request_76	1684500156175	1684500156182	OK	 
REQUEST		request_75	1684500156176	1684500156294	KO	status.find.in([200, 209], 304), found 400
REQUEST		request_87	1684500156351	1684500156515	OK	 
REQUEST		request_90	1684500156516	1684500156613	KO	status.find.in([200, 209], 304), found 400
REQUEST		request_88	1684500156516	1684500156620	KO	status.find.in([200, 209], 304), found 400
REQUEST		request_89	1684500156516	1684500156651	OK	 
REQUEST		request_91	1684500157652	1684500157806	OK	 
REQUEST		request_92	1684500157806	1684500157919	KO	status.find.in([200, 209], 304), found 400
REQUEST		request_79	1684500158296	1684500158459	OK	 
REQUEST		request_39	1684500158301	1684500158540	OK	 
REQUEST		request_80	1684500158459	1684500158556	KO	status.find.in([200, 209], 304), found 400
REQUEST		request_63	1684500158542	1684500158631	OK	 
REQUEST		request_46	1684500158543	1684500158667	OK	 
REQUEST		request_53	1684500158545	1684500158672	KO	status.find.in([200, 209], 304), found 400
REQUEST		request_62	1684500158546	1684500158672	KO	status.find.in([200, 209], 304), found 400
REQUEST		request_59	1684500158545	1684500158680	KO	status.find.in([200, 209], 304), found 400
REQUEST		request_61	1684500158541	1684500158688	OK	 
REQUEST		request_60	1684500158546	1684500158710	OK	 
REQUEST		request_56	1684500158542	1684500158710	OK	 
REQUEST		request_58	1684500158545	1684500158712	OK	 
REQUEST		request_54	1684500158542	1684500158718	OK	 
REQUEST		request_50	1684500158541	1684500158720	OK	 
REQUEST		request_52	1684500158543	1684500158723	OK	 
REQUEST		request_48	1684500158543	1684500158739	OK	 
REQUEST		request_47	1684500158546	1684500158787	OK	 
REQUEST		request_65	1684500158673	1684500158790	KO	status.find.in([200, 209], 304), found 400
REQUEST		request_44	1684500158547	1684500158790	OK	 
REQUEST		request_64	1684500158672	1684500158813	OK	 
REQUEST		request_40	1684500158546	1684500158828	OK	 
REQUEST		request_49	1684500158543	1684500158881	OK	 
REQUEST		request_93	1684500158921	1684500159057	OK	 
REQUEST		request_99	1684500159058	1684500159065	OK	 
REQUEST		request_95	1684500159058	1684500159162	KO	status.find.in([200, 209], 304), found 400
REQUEST		request_97	1684500159060	1684500159172	OK	 
REQUEST		request_102	1684500159059	1684500159179	KO	status.find.in([200, 209], 304), found 400
REQUEST		request_100	1684500159060	1684500159186	OK	 
REQUEST		request_101	1684500159059	1684500159227	OK	 
REQUEST		request_94	1684500159059	1684500159254	OK	 
REQUEST		request_98	1684500159060	1684500159274	OK	 
USER	flujoReusoCheckOut	END	1684500159277
REQUEST		request_81	1684500159557	1684500159967	OK	 
REQUEST		request_82	1684500159967	1684500160068	KO	status.find.in([200, 209], 304), found 400
REQUEST		request_66	1684500161883	1684500162027	OK	 
REQUEST		request_69	1684500162027	1684500162034	OK	 
REQUEST		request_83	1684500162069	1684500162235	OK	 
REQUEST		request_84	1684500162236	1684500162334	KO	status.find.in([200, 209], 304), found 400
REQUEST		request_85	1684500164336	1684500164473	OK	 
REQUEST		request_86	1684500164473	1684500164572	KO	status.find.in([200, 209], 304), found 400
REQUEST		request_74	1684500166036	1684500166189	OK	 
REQUEST		request_76	1684500166190	1684500166198	OK	 
REQUEST		request_75	1684500166190	1684500166335	KO	status.find.in([200, 209], 304), found 400
REQUEST		request_87	1684500166574	1684500166724	OK	 
REQUEST		request_88	1684500166724	1684500166824	KO	status.find.in([200, 209], 304), found 400
REQUEST		request_90	1684500166725	1684500166831	KO	status.find.in([200, 209], 304), found 400
REQUEST		request_89	1684500166724	1684500166864	OK	 
REQUEST		request_91	1684500167866	1684500168010	OK	 
REQUEST		request_92	1684500168011	1684500168124	KO	status.find.in([200, 209], 304), found 400
REQUEST		request_39	1684500168222	1684500168452	OK	 
REQUEST		request_79	1684500168338	1684500168479	OK	 
REQUEST		request_63	1684500168455	1684500168535	OK	 
REQUEST		request_61	1684500168454	1684500168599	OK	 
REQUEST		request_46	1684500168456	1684500168602	OK	 
REQUEST		request_53	1684500168456	1684500168612	KO	status.find.in([200, 209], 304), found 400
REQUEST		request_80	1684500168479	1684500168612	KO	status.find.in([200, 209], 304), found 400
REQUEST		request_59	1684500168457	1684500168613	KO	status.find.in([200, 209], 304), found 400
REQUEST		request_58	1684500168457	1684500168614	OK	 
REQUEST		request_56	1684500168455	1684500168614	OK	 
REQUEST		request_49	1684500168456	1684500168615	OK	 
REQUEST		request_60	1684500168457	1684500168619	OK	 
REQUEST		request_52	1684500168456	1684500168632	OK	 
REQUEST		request_50	1684500168454	1684500168633	OK	 
REQUEST		request_54	1684500168455	1684500168645	OK	 
REQUEST		request_62	1684500168457	1684500168691	KO	status.find.in([200, 209], 304), found 400
REQUEST		request_44	1684500168458	1684500168700	OK	 
REQUEST		request_65	1684500168613	1684500168723	KO	status.find.in([200, 209], 304), found 400
REQUEST		request_64	1684500168613	1684500168775	OK	 
REQUEST		request_47	1684500168457	1684500168825	OK	 
REQUEST		request_40	1684500168458	1684500168826	OK	 
REQUEST		request_48	1684500168455	1684500168832	OK	 
REQUEST		request_93	1684500169125	1684500169305	OK	 
REQUEST		request_99	1684500169306	1684500169320	OK	 
REQUEST		request_95	1684500169306	1684500169431	KO	status.find.in([200, 209], 304), found 400
REQUEST		request_102	1684500169307	1684500169432	KO	status.find.in([200, 209], 304), found 400
REQUEST		request_97	1684500169309	1684500169432	OK	 
REQUEST		request_98	1684500169309	1684500169433	OK	 
REQUEST		request_100	1684500169309	1684500169443	OK	 
REQUEST		request_101	1684500169306	1684500169461	OK	 
REQUEST		request_94	1684500169307	1684500169482	OK	 
USER	flujoReusoCheckOut	END	1684500169484
REQUEST		request_81	1684500169615	1684500169752	OK	 
REQUEST		request_82	1684500169753	1684500169854	KO	status.find.in([200, 209], 304), found 400
REQUEST		request_66	1684500171834	1684500171978	OK	 
REQUEST		request_69	1684500171978	1684500171984	OK	 
REQUEST		request_83	1684500171856	1684500171991	OK	 
REQUEST		request_84	1684500171991	1684500172099	KO	status.find.in([200, 209], 304), found 400
REQUEST		request_85	1684500174102	1684500174315	OK	 
REQUEST		request_86	1684500174315	1684500174712	KO	status.find.in([200, 209], 304), found 400
REQUEST		request_74	1684500175986	1684500176172	OK	 
REQUEST		request_76	1684500176173	1684500176184	OK	 
REQUEST		request_75	1684500176173	1684500176300	KO	status.find.in([200, 209], 304), found 400
REQUEST		request_87	1684500176714	1684500176853	OK	 
REQUEST		request_88	1684500176854	1684500176952	KO	status.find.in([200, 209], 304), found 400
REQUEST		request_90	1684500176854	1684500176960	KO	status.find.in([200, 209], 304), found 400
REQUEST		request_89	1684500176854	1684500177003	OK	 
REQUEST		request_91	1684500178005	1684500178165	OK	 
REQUEST		request_92	1684500178165	1684500178263	KO	status.find.in([200, 209], 304), found 400
REQUEST		request_79	1684500178303	1684500178444	OK	 
REQUEST		request_80	1684500178444	1684500178559	KO	status.find.in([200, 209], 304), found 400
REQUEST		request_39	1684500178872	1684500179006	OK	 
REQUEST		request_63	1684500179010	1684500179090	OK	 
REQUEST		request_49	1684500179013	1684500179142	OK	 
REQUEST		request_53	1684500179015	1684500179146	KO	status.find.in([200, 209], 304), found 400
REQUEST		request_59	1684500179015	1684500179149	KO	status.find.in([200, 209], 304), found 400
REQUEST		request_46	1684500179014	1684500179151	OK	 
REQUEST		request_62	1684500179016	1684500179160	KO	status.find.in([200, 209], 304), found 400
REQUEST		request_56	1684500179012	1684500179163	OK	 
REQUEST		request_61	1684500179009	1684500179163	OK	 
REQUEST		request_54	1684500179010	1684500179179	OK	 
REQUEST		request_52	1684500179015	1684500179182	OK	 
REQUEST		request_60	1684500179016	1684500179182	OK	 
REQUEST		request_50	1684500179007	1684500179188	OK	 
REQUEST		request_48	1684500179012	1684500179212	OK	 
REQUEST		request_58	1684500179015	1684500179212	OK	 
REQUEST		request_65	1684500179149	1684500179251	KO	status.find.in([200, 209], 304), found 400
REQUEST		request_44	1684500179018	1684500179261	OK	 
REQUEST		request_64	1684500179146	1684500179304	OK	 
REQUEST		request_40	1684500179017	1684500179306	OK	 
REQUEST		request_93	1684500179265	1684500179409	OK	 
REQUEST		request_47	1684500179016	1684500179422	OK	 
REQUEST		request_99	1684500179410	1684500179422	OK	 
REQUEST		request_102	1684500179410	1684500179508	KO	status.find.in([200, 209], 304), found 400
REQUEST		request_95	1684500179410	1684500179509	KO	status.find.in([200, 209], 304), found 400
REQUEST		request_98	1684500179411	1684500179527	OK	 
REQUEST		request_100	1684500179412	1684500179539	OK	 
REQUEST		request_101	1684500179410	1684500179563	OK	 
REQUEST		request_97	1684500179411	1684500179687	OK	 
REQUEST		request_81	1684500179560	1684500179697	OK	 
REQUEST		request_94	1684500179410	1684500179729	OK	 
USER	flujoReusoCheckOut	END	1684500179732
REQUEST		request_82	1684500179698	1684500179795	KO	status.find.in([200, 209], 304), found 400
REQUEST		request_83	1684500181797	1684500181946	OK	 
REQUEST		request_84	1684500181947	1684500182058	KO	status.find.in([200, 209], 304), found 400
REQUEST		request_66	1684500182425	1684500182700	OK	 
REQUEST		request_69	1684500182700	1684500182706	OK	 
REQUEST		request_85	1684500184060	1684500184210	OK	 
REQUEST		request_86	1684500184210	1684500184324	KO	status.find.in([200, 209], 304), found 400
REQUEST		request_87	1684500186326	1684500186471	OK	 
REQUEST		request_88	1684500186472	1684500186593	KO	status.find.in([200, 209], 304), found 400
REQUEST		request_90	1684500186472	1684500186593	KO	status.find.in([200, 209], 304), found 400
REQUEST		request_89	1684500186472	1684500186636	OK	 
REQUEST		request_74	1684500186708	1684500187615	OK	 
REQUEST		request_76	1684500187615	1684500187624	OK	 
REQUEST		request_75	1684500187616	1684500187730	KO	status.find.in([200, 209], 304), found 400
REQUEST		request_91	1684500187638	1684500187783	OK	 
REQUEST		request_92	1684500187783	1684500187884	KO	status.find.in([200, 209], 304), found 400
REQUEST		request_39	1684500188418	1684500188682	OK	 
REQUEST		request_63	1684500188683	1684500188768	OK	 
REQUEST		request_46	1684500188685	1684500188809	OK	 
REQUEST		request_53	1684500188686	1684500188812	KO	status.find.in([200, 209], 304), found 400
REQUEST		request_59	1684500188687	1684500188816	KO	status.find.in([200, 209], 304), found 400
REQUEST		request_61	1684500188683	1684500188820	OK	 
REQUEST		request_62	1684500188687	1684500188826	KO	status.find.in([200, 209], 304), found 400
REQUEST		request_56	1684500188684	1684500188857	OK	 
REQUEST		request_52	1684500188685	1684500188858	OK	 
REQUEST		request_60	1684500188687	1684500188858	OK	 
REQUEST		request_50	1684500188683	1684500188858	OK	 
REQUEST		request_54	1684500188684	1684500188859	OK	 
REQUEST		request_58	1684500188687	1684500188902	OK	 
REQUEST		request_48	1684500188684	1684500188909	OK	 
REQUEST		request_44	1684500188688	1684500188925	OK	 
REQUEST		request_65	1684500188817	1684500188937	KO	status.find.in([200, 209], 304), found 400
REQUEST		request_47	1684500188687	1684500188944	OK	 
REQUEST		request_49	1684500188684	1684500188958	OK	 
REQUEST		request_64	1684500188813	1684500188967	OK	 
REQUEST		request_40	1684500188688	1684500188977	OK	 
REQUEST		request_93	1684500188885	1684500189037	OK	 
REQUEST		request_99	1684500189037	1684500189046	OK	 
REQUEST		request_95	1684500189037	1684500189134	KO	status.find.in([200, 209], 304), found 400
REQUEST		request_102	1684500189038	1684500189143	KO	status.find.in([200, 209], 304), found 400
REQUEST		request_98	1684500189039	1684500189145	OK	 
REQUEST		request_100	1684500189039	1684500189167	OK	 
REQUEST		request_101	1684500189038	1684500189187	OK	 
REQUEST		request_94	1684500189038	1684500189225	OK	 
REQUEST		request_97	1684500189039	1684500189245	OK	 
USER	flujoReusoCheckOut	END	1684500189248
REQUEST		request_79	1684500189732	1684500189875	OK	 
REQUEST		request_80	1684500189875	1684500189975	KO	status.find.in([200, 209], 304), found 400
REQUEST		request_81	1684500190978	1684500191132	OK	 
REQUEST		request_82	1684500191132	1684500191241	KO	status.find.in([200, 209], 304), found 400
REQUEST		request_66	1684500191979	1684500192129	OK	 
REQUEST		request_69	1684500192129	1684500192136	OK	 
REQUEST		request_83	1684500193243	1684500193388	OK	 
REQUEST		request_84	1684500193389	1684500193499	KO	status.find.in([200, 209], 304), found 400
REQUEST		request_85	1684500195501	1684500195637	OK	 
REQUEST		request_86	1684500195638	1684500195749	KO	status.find.in([200, 209], 304), found 400
REQUEST		request_74	1684500196138	1684500196283	OK	 
REQUEST		request_76	1684500196284	1684500196291	OK	 
REQUEST		request_75	1684500196284	1684500196412	KO	status.find.in([200, 209], 304), found 400
REQUEST		request_87	1684500197752	1684500197897	OK	 
REQUEST		request_90	1684500197898	1684500198024	KO	status.find.in([200, 209], 304), found 400
REQUEST		request_88	1684500197897	1684500198024	KO	status.find.in([200, 209], 304), found 400
REQUEST		request_89	1684500197898	1684500198045	OK	 
REQUEST		request_39	1684500198300	1684500198532	OK	 
REQUEST		request_79	1684500198414	1684500198552	OK	 
REQUEST		request_63	1684500198534	1684500198613	OK	 
REQUEST		request_46	1684500198535	1684500198678	OK	 
REQUEST		request_59	1684500198536	1684500198683	KO	status.find.in([200, 209], 304), found 400
REQUEST		request_53	1684500198536	1684500198683	KO	status.find.in([200, 209], 304), found 400
REQUEST		request_61	1684500198534	1684500198685	OK	 
REQUEST		request_50	1684500198533	1684500198724	OK	 
REQUEST		request_62	1684500198536	1684500198726	KO	status.find.in([200, 209], 304), found 400
REQUEST		request_60	1684500198536	1684500198726	OK	 
REQUEST		request_52	1684500198535	1684500198726	OK	 
REQUEST		request_58	1684500198536	1684500198727	OK	 
REQUEST		request_56	1684500198534	1684500198727	OK	 
REQUEST		request_54	1684500198534	1684500198727	OK	 
REQUEST		request_49	1684500198535	1684500198730	OK	 
REQUEST		request_47	1684500198537	1684500198780	OK	 
REQUEST		request_48	1684500198535	1684500198782	OK	 
REQUEST		request_44	1684500198537	1684500198782	OK	 
REQUEST		request_65	1684500198684	1684500198795	KO	status.find.in([200, 209], 304), found 400
REQUEST		request_40	1684500198537	1684500198799	OK	 
REQUEST		request_64	1684500198683	1684500198845	OK	 
REQUEST		request_80	1684500198552	1684500198859	KO	status.find.in([200, 209], 304), found 400
REQUEST		request_91	1684500199047	1684500199291	OK	 
REQUEST		request_92	1684500199291	1684500199390	KO	status.find.in([200, 209], 304), found 400
REQUEST		request_81	1684500199860	1684500200002	OK	 
REQUEST		request_82	1684500200002	1684500200113	KO	status.find.in([200, 209], 304), found 400
REQUEST		request_93	1684500200392	1684500200549	OK	 
REQUEST		request_99	1684500200550	1684500200556	OK	 
REQUEST		request_95	1684500200550	1684500200643	KO	status.find.in([200, 209], 304), found 400
REQUEST		request_102	1684500200550	1684500200651	KO	status.find.in([200, 209], 304), found 400
REQUEST		request_98	1684500200553	1684500200656	OK	 
REQUEST		request_97	1684500200553	1684500200659	OK	 
REQUEST		request_101	1684500200550	1684500200690	OK	 
REQUEST		request_100	1684500200553	1684500200795	OK	 
REQUEST		request_94	1684500200550	1684500200881	OK	 
USER	flujoReusoCheckOut	END	1684500200884
REQUEST		request_66	1684500201846	1684500201991	OK	 
REQUEST		request_69	1684500201991	1684500201998	OK	 
REQUEST		request_83	1684500202116	1684500202280	OK	 
REQUEST		request_84	1684500202280	1684500202399	KO	status.find.in([200, 209], 304), found 400
REQUEST		request_85	1684500204401	1684500204636	OK	 
REQUEST		request_86	1684500204637	1684500204761	KO	status.find.in([200, 209], 304), found 400
REQUEST		request_74	1684500206000	1684500206158	OK	 
REQUEST		request_76	1684500206158	1684500206166	OK	 
REQUEST		request_75	1684500206159	1684500206279	KO	status.find.in([200, 209], 304), found 400
REQUEST		request_87	1684500206763	1684500206937	OK	 
REQUEST		request_88	1684500206937	1684500207034	KO	status.find.in([200, 209], 304), found 400
REQUEST		request_89	1684500206937	1684500207078	OK	 
REQUEST		request_90	1684500206938	1684500207113	KO	status.find.in([200, 209], 304), found 400
REQUEST		request_91	1684500208115	1684500208285	OK	 
REQUEST		request_92	1684500208285	1684500208391	KO	status.find.in([200, 209], 304), found 400
REQUEST		request_79	1684500208280	1684500208433	OK	 
REQUEST		request_80	1684500208434	1684500208541	KO	status.find.in([200, 209], 304), found 400
REQUEST		request_93	1684500209394	1684500209529	OK	 
REQUEST		request_99	1684500209530	1684500209537	OK	 
REQUEST		request_102	1684500209531	1684500209629	KO	status.find.in([200, 209], 304), found 400
REQUEST		request_95	1684500209530	1684500209632	KO	status.find.in([200, 209], 304), found 400
REQUEST		request_98	1684500209532	1684500209644	OK	 
REQUEST		request_97	1684500209532	1684500209652	OK	 
REQUEST		request_100	1684500209532	1684500209657	OK	 
REQUEST		request_101	1684500209531	1684500209675	OK	 
REQUEST		request_81	1684500209543	1684500209686	OK	 
REQUEST		request_82	1684500209686	1684500209785	KO	status.find.in([200, 209], 304), found 400
REQUEST		request_94	1684500209531	1684500209917	OK	 
USER	flujoReusoCheckOut	END	1684500209919
REQUEST		request_83	1684500211786	1684500211957	OK	 
REQUEST		request_84	1684500211957	1684500212060	KO	status.find.in([200, 209], 304), found 400
REQUEST		request_85	1684500214062	1684500214224	OK	 
REQUEST		request_86	1684500214224	1684500214330	KO	status.find.in([200, 209], 304), found 400
REQUEST		request_87	1684500216332	1684500216493	OK	 
REQUEST		request_88	1684500216494	1684500216592	KO	status.find.in([200, 209], 304), found 400
REQUEST		request_90	1684500216494	1684500216613	KO	status.find.in([200, 209], 304), found 400
REQUEST		request_89	1684500216494	1684500216637	OK	 
REQUEST		request_91	1684500217638	1684500217795	OK	 
REQUEST		request_92	1684500217796	1684500217896	KO	status.find.in([200, 209], 304), found 400
REQUEST		request_93	1684500218897	1684500219033	OK	 
REQUEST		request_99	1684500219034	1684500219040	OK	 
REQUEST		request_102	1684500219034	1684500219130	KO	status.find.in([200, 209], 304), found 400
REQUEST		request_95	1684500219034	1684500219133	KO	status.find.in([200, 209], 304), found 400
REQUEST		request_97	1684500219035	1684500219146	OK	 
REQUEST		request_98	1684500219036	1684500219147	OK	 
REQUEST		request_100	1684500219036	1684500219160	OK	 
REQUEST		request_101	1684500219034	1684500219171	OK	 
REQUEST		request_94	1684500219034	1684500219255	OK	 
USER	flujoReusoCheckOut	END	1684500219258
