RUN	bnpl.flujoReusoCheckOutCorregido	flujoreusocheckoutcorregido	1684163793904	 	3.8.3
USER	flujoReusoCheckOut	START	1684163800472
REQUEST		request_0	1684163800443	1684163800702	OK	 
REQUEST		request_1	1684163802822	1684163802841	OK	 
REQUEST		request_5	1684163802872	1684163802884	OK	 
REQUEST		request_6	1684163802876	1684163802965	OK	 
REQUEST		request_4	1684163802879	1684163803044	KO	status.find.in([200, 209], 304), found 400
REQUEST		request_3	1684163802879	1684163803178	OK	 
REQUEST		request_2	1684163802878	1684163803331	OK	 
REQUEST		request_7	1684163804333	1684163804697	OK	 
REQUEST		request_8	1684163804698	1684163804708	OK	 
REQUEST		request_9	1684163804699	1684163804812	KO	status.find.in([200, 209], 304), found 400
REQUEST		request_10	1684163806815	1684163806907	OK	 
USER	flujoReusoCheckOut	START	1684163810392
REQUEST		request_0	1684163810391	1684163810565	OK	 
REQUEST		request_11	1684163811911	1684163811921	OK	 
REQUEST		request_12	1684163811923	1684163811997	OK	 
REQUEST		request_13	1684163811924	1684163812138	OK	 
REQUEST		request_15	1684163811952	1684163812144	OK	 
REQUEST		request_16	1684163811952	1684163812145	OK	 
REQUEST		request_14	1684163811951	1684163812152	OK	 
REQUEST		request_17	1684163811924	1684163812236	OK	 
REQUEST		request_1	1684163812567	1684163812576	OK	 
REQUEST		request_5	1684163812577	1684163812584	OK	 
REQUEST		request_6	1684163812578	1684163812665	OK	 
REQUEST		request_3	1684163812579	1684163812731	OK	 
REQUEST		request_4	1684163812579	1684163812825	KO	status.find.in([200, 209], 304), found 400
REQUEST		request_2	1684163812578	1684163812947	OK	 
REQUEST		request_7	1684163813949	1684163813960	OK	 
REQUEST		request_8	1684163813961	1684163813970	OK	 
REQUEST		request_9	1684163813962	1684163814105	KO	status.find.in([200, 209], 304), found 400
REQUEST		request_18	1684163815239	1684163815312	OK	 
REQUEST		request_37	1684163815314	1684163815635	OK	 
REQUEST		request_30	1684163815593	1684163815770	OK	 
REQUEST		request_29	1684163815592	1684163815850	OK	 
REQUEST		request_28	1684163815591	1684163815888	OK	 
REQUEST		request_19	1684163815584	1684163815905	KO	status.find.in([200, 209], 304), found 400
REQUEST		request_26	1684163815590	1684163815948	KO	status.find.in([200, 209], 304), found 400
REQUEST		request_33	1684163815856	1684163815980	KO	status.find.in([200, 209], 304), found 400
REQUEST		request_25	1684163815589	1684163816071	OK	 
REQUEST		request_36	1684163815948	1684163816072	KO	status.find.in([200, 209], 304), found 400
REQUEST		request_35	1684163815906	1684163816073	OK	 
REQUEST		request_10	1684163816107	1684163816390	OK	 
REQUEST		request_34	1684163815888	1684163816531	KO	status.find.in([200, 209], 304), found 400
REQUEST		request_31	1684163815770	1684163816849	KO	status.find.in([200, 209], 304), found 400
REQUEST		request_20	1684163815528	1684163817113	KO	status.find.in([200, 209], 304), found 400
USER	flujoReusoCheckOut	START	1684163820392
REQUEST		request_0	1684163820391	1684163820543	OK	 
REQUEST		request_11	1684163821393	1684163821402	OK	 
REQUEST		request_12	1684163821403	1684163821475	OK	 
REQUEST		request_13	1684163821404	1684163821554	OK	 
REQUEST		request_15	1684163821405	1684163821558	OK	 
REQUEST		request_16	1684163821406	1684163821569	OK	 
REQUEST		request_14	1684163821405	1684163821599	OK	 
REQUEST		request_17	1684163821404	1684163821636	OK	 
REQUEST		request_1	1684163822545	1684163822555	OK	 
REQUEST		request_5	1684163822557	1684163822565	OK	 
REQUEST		request_6	1684163822557	1684163822643	OK	 
REQUEST		request_3	1684163822558	1684163822728	OK	 
REQUEST		request_2	1684163822558	1684163822735	OK	 
REQUEST		request_4	1684163822559	1684163822748	KO	status.find.in([200, 209], 304), found 400
REQUEST		request_7	1684163823750	1684163823763	OK	 
REQUEST		request_8	1684163823764	1684163823772	OK	 
REQUEST		request_9	1684163823765	1684163823948	KO	status.find.in([200, 209], 304), found 400
REQUEST		request_18	1684163824638	1684163825059	OK	 
REQUEST		request_37	1684163825062	1684163825104	OK	 
REQUEST		request_19	1684163825063	1684163825229	KO	status.find.in([200, 209], 304), found 400
REQUEST		request_29	1684163825067	1684163825331	OK	 
REQUEST		request_31	1684163825229	1684163825332	KO	status.find.in([200, 209], 304), found 400
REQUEST		request_25	1684163825065	1684163825607	OK	 
REQUEST		request_28	1684163825066	1684163825608	OK	 
REQUEST		request_33	1684163825332	1684163825609	KO	status.find.in([200, 209], 304), found 400
REQUEST		request_34	1684163825333	1684163825610	KO	status.find.in([200, 209], 304), found 400
REQUEST		request_26	1684163825066	1684163825610	KO	status.find.in([200, 209], 304), found 400
REQUEST		request_30	1684163825067	1684163825740	OK	 
REQUEST		request_35	1684163825608	1684163825754	OK	 
REQUEST		request_36	1684163825609	1684163825792	KO	status.find.in([200, 209], 304), found 400
REQUEST		request_20	1684163825062	1684163826016	KO	status.find.in([200, 209], 304), found 400
REQUEST		request_10	1684163825951	1684163826025	OK	 
USER	flujoReusoCheckOut	START	1684163830391
REQUEST		request_0	1684163830390	1684163830573	OK	 
REQUEST		request_11	1684163831027	1684163831036	OK	 
REQUEST		request_12	1684163831037	1684163831108	OK	 
REQUEST		request_13	1684163831038	1684163831188	OK	 
REQUEST		request_17	1684163831038	1684163831194	OK	 
REQUEST		request_16	1684163831040	1684163831201	OK	 
REQUEST		request_15	1684163831039	1684163831220	OK	 
REQUEST		request_14	1684163831039	1684163831226	OK	 
REQUEST		request_1	1684163832576	1684163832584	OK	 
REQUEST		request_5	1684163832586	1684163832593	OK	 
REQUEST		request_6	1684163832586	1684163832673	OK	 
REQUEST		request_3	1684163832590	1684163832743	OK	 
REQUEST		request_4	1684163832590	1684163832749	KO	status.find.in([200, 209], 304), found 400
REQUEST		request_2	1684163832588	1684163832758	OK	 
REQUEST		request_7	1684163833760	1684163833768	OK	 
REQUEST		request_8	1684163833769	1684163833777	OK	 
REQUEST		request_9	1684163833770	1684163834232	KO	status.find.in([200, 209], 304), found 400
REQUEST		request_18	1684163834228	1684163834300	OK	 
REQUEST		request_37	1684163834302	1684163834332	OK	 
REQUEST		request_30	1684163834306	1684163834491	OK	 
REQUEST		request_19	1684163834303	1684163834492	KO	status.find.in([200, 209], 304), found 400
REQUEST		request_25	1684163834304	1684163834493	OK	 
REQUEST		request_29	1684163834306	1684163834518	OK	 
REQUEST		request_31	1684163834492	1684163834591	KO	status.find.in([200, 209], 304), found 400
REQUEST		request_28	1684163834305	1684163834593	OK	 
REQUEST		request_35	1684163834519	1684163834668	OK	 
REQUEST		request_36	1684163834592	1684163834709	KO	status.find.in([200, 209], 304), found 400
REQUEST		request_33	1684163834493	1684163834770	KO	status.find.in([200, 209], 304), found 400
REQUEST		request_20	1684163834303	1684163835131	KO	status.find.in([200, 209], 304), found 400
REQUEST		request_34	1684163834494	1684163835131	KO	status.find.in([200, 209], 304), found 400
REQUEST		request_26	1684163834305	1684163835745	KO	status.find.in([200, 209], 304), found 400
REQUEST		request_10	1684163836235	1684163836310	OK	 
USER	flujoReusoCheckOut	START	1684163840392
REQUEST		request_0	1684163840391	1684163840543	OK	 
REQUEST		request_11	1684163841313	1684163841323	OK	 
REQUEST		request_12	1684163841324	1684163841396	OK	 
REQUEST		request_13	1684163841326	1684163841480	OK	 
REQUEST		request_15	1684163841326	1684163841482	OK	 
REQUEST		request_16	1684163841327	1684163841493	OK	 
REQUEST		request_14	1684163841326	1684163841514	OK	 
REQUEST		request_17	1684163841325	1684163841530	OK	 
REQUEST		request_1	1684163842545	1684163842554	OK	 
REQUEST		request_5	1684163842556	1684163842563	OK	 
REQUEST		request_6	1684163842556	1684163842643	OK	 
REQUEST		request_3	1684163842557	1684163842737	OK	 
REQUEST		request_4	1684163842558	1684163842737	KO	status.find.in([200, 209], 304), found 400
REQUEST		request_2	1684163842557	1684163842754	OK	 
REQUEST		request_7	1684163843756	1684163843765	OK	 
REQUEST		request_8	1684163843766	1684163843774	OK	 
REQUEST		request_9	1684163843766	1684163844036	KO	status.find.in([200, 209], 304), found 400
REQUEST		request_18	1684163844532	1684163844606	OK	 
REQUEST		request_37	1684163844608	1684163844643	OK	 
REQUEST		request_28	1684163844611	1684163844777	OK	 
REQUEST		request_20	1684163844609	1684163844875	KO	status.find.in([200, 209], 304), found 400
REQUEST		request_31	1684163844778	1684163844906	KO	status.find.in([200, 209], 304), found 400
REQUEST		request_25	1684163844610	1684163844911	OK	 
REQUEST		request_29	1684163844612	1684163844912	OK	 
REQUEST		request_30	1684163844612	1684163844941	OK	 
REQUEST		request_33	1684163844906	1684163845012	KO	status.find.in([200, 209], 304), found 400
REQUEST		request_34	1684163844911	1684163845016	KO	status.find.in([200, 209], 304), found 400
REQUEST		request_26	1684163844611	1684163845094	KO	status.find.in([200, 209], 304), found 400
REQUEST		request_36	1684163844942	1684163845130	KO	status.find.in([200, 209], 304), found 400
REQUEST		request_35	1684163844913	1684163845461	OK	 
REQUEST		request_10	1684163846038	1684163846117	OK	 
REQUEST		request_19	1684163844609	1684163846492	KO	status.find.in([200, 209], 304), found 400
USER	flujoReusoCheckOut	START	1684163850392
REQUEST		request_0	1684163850391	1684163850579	OK	 
REQUEST		request_11	1684163851118	1684163851129	OK	 
REQUEST		request_12	1684163851130	1684163851200	OK	 
REQUEST		request_15	1684163851133	1684163851279	OK	 
REQUEST		request_13	1684163851131	1684163851280	OK	 
REQUEST		request_16	1684163851133	1684163851298	OK	 
REQUEST		request_14	1684163851132	1684163851317	OK	 
REQUEST		request_17	1684163851130	1684163851384	OK	 
REQUEST		request_1	1684163852581	1684163852593	OK	 
REQUEST		request_5	1684163852594	1684163852602	OK	 
REQUEST		request_6	1684163852595	1684163852683	OK	 
REQUEST		request_2	1684163852596	1684163852767	OK	 
REQUEST		request_3	1684163852596	1684163852787	OK	 
REQUEST		request_4	1684163852596	1684163853564	KO	status.find.in([200, 209], 304), found 400
REQUEST		request_18	1684163854386	1684163854457	OK	 
REQUEST		request_37	1684163854459	1684163854495	OK	 
REQUEST		request_7	1684163854565	1684163854574	OK	 
REQUEST		request_8	1684163854574	1684163854583	OK	 
REQUEST		request_20	1684163854461	1684163854590	KO	status.find.in([200, 209], 304), found 400
REQUEST		request_25	1684163854464	1684163854608	OK	 
REQUEST		request_26	1684163854464	1684163854611	KO	status.find.in([200, 209], 304), found 400
REQUEST		request_30	1684163854465	1684163854619	OK	 
REQUEST		request_29	1684163854465	1684163854639	OK	 
REQUEST		request_28	1684163854464	1684163854662	OK	 
REQUEST		request_34	1684163854620	1684163854723	KO	status.find.in([200, 209], 304), found 400
REQUEST		request_33	1684163854612	1684163854748	KO	status.find.in([200, 209], 304), found 400
REQUEST		request_31	1684163854609	1684163854753	KO	status.find.in([200, 209], 304), found 400
REQUEST		request_9	1684163854575	1684163854789	KO	status.find.in([200, 209], 304), found 400
REQUEST		request_35	1684163854640	1684163854798	OK	 
REQUEST		request_19	1684163854463	1684163854894	KO	status.find.in([200, 209], 304), found 400
REQUEST		request_36	1684163854662	1684163855081	KO	status.find.in([200, 209], 304), found 400
REQUEST		request_10	1684163856791	1684163856867	OK	 
USER	flujoReusoCheckOut	START	1684163860392
REQUEST		request_0	1684163860391	1684163860548	OK	 
REQUEST		request_11	1684163861869	1684163861879	OK	 
REQUEST		request_12	1684163861880	1684163861951	OK	 
REQUEST		request_13	1684163861880	1684163862032	OK	 
REQUEST		request_15	1684163861882	1684163862036	OK	 
REQUEST		request_16	1684163861882	1684163862042	OK	 
REQUEST		request_17	1684163861880	1684163862049	OK	 
REQUEST		request_14	1684163861881	1684163862080	OK	 
REQUEST		request_1	1684163862549	1684163862556	OK	 
REQUEST		request_5	1684163862557	1684163862565	OK	 
REQUEST		request_6	1684163862558	1684163862645	OK	 
REQUEST		request_2	1684163862558	1684163862713	OK	 
REQUEST		request_3	1684163862558	1684163862752	OK	 
REQUEST		request_4	1684163862559	1684163863085	KO	status.find.in([200, 209], 304), found 400
REQUEST		request_7	1684163864087	1684163864099	OK	 
REQUEST		request_8	1684163864100	1684163864108	OK	 
REQUEST		request_9	1684163864100	1684163864271	KO	status.find.in([200, 209], 304), found 400
REQUEST		request_18	1684163865081	1684163865156	OK	 
REQUEST		request_37	1684163865157	1684163865193	OK	 
REQUEST		request_20	1684163865157	1684163865293	KO	status.find.in([200, 209], 304), found 400
REQUEST		request_25	1684163865158	1684163865312	OK	 
REQUEST		request_29	1684163865161	1684163865317	OK	 
REQUEST		request_28	1684163865159	1684163865330	OK	 
REQUEST		request_30	1684163865161	1684163865343	OK	 
REQUEST		request_33	1684163865318	1684163865421	KO	status.find.in([200, 209], 304), found 400
REQUEST		request_31	1684163865313	1684163865427	KO	status.find.in([200, 209], 304), found 400
REQUEST		request_36	1684163865421	1684163865523	KO	status.find.in([200, 209], 304), found 400
REQUEST		request_26	1684163865159	1684163865530	KO	status.find.in([200, 209], 304), found 400
REQUEST		request_35	1684163865343	1684163865596	OK	 
REQUEST		request_34	1684163865330	1684163865828	KO	status.find.in([200, 209], 304), found 400
REQUEST		request_19	1684163865158	1684163866159	KO	status.find.in([200, 209], 304), found 400
REQUEST		request_10	1684163866273	1684163866349	OK	 
USER	flujoReusoCheckOut	START	1684163870393
REQUEST		request_0	1684163870391	1684163870588	OK	 
REQUEST		request_11	1684163871351	1684163871363	OK	 
REQUEST		request_12	1684163871364	1684163871436	OK	 
REQUEST		request_17	1684163871365	1684163871510	OK	 
REQUEST		request_15	1684163871366	1684163871516	OK	 
REQUEST		request_13	1684163871365	1684163871519	OK	 
REQUEST		request_16	1684163871367	1684163871526	OK	 
REQUEST		request_14	1684163871366	1684163871609	OK	 
REQUEST		request_1	1684163872591	1684163872603	OK	 
REQUEST		request_5	1684163872604	1684163872611	OK	 
REQUEST		request_6	1684163872604	1684163872690	OK	 
REQUEST		request_2	1684163872605	1684163872771	OK	 
REQUEST		request_4	1684163872606	1684163872853	KO	status.find.in([200, 209], 304), found 400
REQUEST		request_3	1684163872605	1684163872870	OK	 
REQUEST		request_7	1684163873872	1684163873880	OK	 
REQUEST		request_8	1684163873881	1684163873889	OK	 
REQUEST		request_9	1684163873881	1684163874147	KO	status.find.in([200, 209], 304), found 400
REQUEST		request_18	1684163874611	1684163874686	OK	 
REQUEST		request_37	1684163874688	1684163874720	OK	 
REQUEST		request_26	1684163874689	1684163874816	KO	status.find.in([200, 209], 304), found 400
REQUEST		request_25	1684163874689	1684163874854	OK	 
REQUEST		request_30	1684163874690	1684163874855	OK	 
REQUEST		request_20	1684163874688	1684163874856	KO	status.find.in([200, 209], 304), found 400
REQUEST		request_28	1684163874690	1684163874859	OK	 
REQUEST		request_29	1684163874690	1684163874870	OK	 
REQUEST		request_36	1684163874871	1684163874995	KO	status.find.in([200, 209], 304), found 400
REQUEST		request_33	1684163874854	1684163874995	KO	status.find.in([200, 209], 304), found 400
REQUEST		request_34	1684163874855	1684163874996	KO	status.find.in([200, 209], 304), found 400
REQUEST		request_35	1684163874859	1684163875001	OK	 
REQUEST		request_19	1684163874689	1684163875051	KO	status.find.in([200, 209], 304), found 400
REQUEST		request_31	1684163874816	1684163875318	KO	status.find.in([200, 209], 304), found 400
REQUEST		request_10	1684163876148	1684163876223	OK	 
USER	flujoReusoCheckOut	START	1684163880391
REQUEST		request_0	1684163880390	1684163880554	OK	 
REQUEST		request_11	1684163881225	1684163881239	OK	 
REQUEST		request_12	1684163881240	1684163881311	OK	 
REQUEST		request_13	1684163881241	1684163881395	OK	 
REQUEST		request_15	1684163881243	1684163881397	OK	 
REQUEST		request_16	1684163881243	1684163881409	OK	 
REQUEST		request_17	1684163881241	1684163881420	OK	 
REQUEST		request_14	1684163881243	1684163881436	OK	 
REQUEST		request_1	1684163882556	1684163882564	OK	 
REQUEST		request_5	1684163882565	1684163882574	OK	 
REQUEST		request_6	1684163882565	1684163882650	OK	 
REQUEST		request_4	1684163882566	1684163882728	KO	status.find.in([200, 209], 304), found 400
REQUEST		request_3	1684163882566	1684163882729	OK	 
REQUEST		request_2	1684163882566	1684163882760	OK	 
REQUEST		request_7	1684163883762	1684163883770	OK	 
REQUEST		request_8	1684163883771	1684163883779	OK	 
REQUEST		request_9	1684163883771	1684163884288	KO	status.find.in([200, 209], 304), found 400
REQUEST		request_18	1684163884437	1684163884513	OK	 
REQUEST		request_37	1684163884514	1684163884550	OK	 
REQUEST		request_26	1684163884519	1684163884631	KO	status.find.in([200, 209], 304), found 400
REQUEST		request_25	1684163884519	1684163884668	OK	 
REQUEST		request_20	1684163884516	1684163884676	KO	status.find.in([200, 209], 304), found 400
REQUEST		request_29	1684163884519	1684163884679	OK	 
REQUEST		request_30	1684163884520	1684163884715	OK	 
REQUEST		request_19	1684163884518	1684163884732	KO	status.find.in([200, 209], 304), found 400
REQUEST		request_33	1684163884668	1684163884765	KO	status.find.in([200, 209], 304), found 400
REQUEST		request_34	1684163884679	1684163884793	KO	status.find.in([200, 209], 304), found 400
REQUEST		request_36	1684163884733	1684163884835	KO	status.find.in([200, 209], 304), found 400
REQUEST		request_35	1684163884715	1684163884860	OK	 
REQUEST		request_31	1684163884632	1684163884950	KO	status.find.in([200, 209], 304), found 400
REQUEST		request_28	1684163884519	1684163884968	OK	 
REQUEST		request_10	1684163886290	1684163886368	OK	 
USER	flujoReusoCheckOut	START	1684163890393
REQUEST		request_0	1684163890391	1684163890546	OK	 
REQUEST		request_11	1684163891370	1684163891384	OK	 
REQUEST		request_12	1684163891385	1684163891456	OK	 
REQUEST		request_17	1684163891385	1684163891519	OK	 
REQUEST		request_15	1684163891386	1684163891538	OK	 
REQUEST		request_13	1684163891385	1684163891539	OK	 
REQUEST		request_16	1684163891386	1684163891552	OK	 
REQUEST		request_14	1684163891386	1684163891579	OK	 
REQUEST		request_1	1684163892547	1684163892557	OK	 
REQUEST		request_5	1684163892558	1684163892565	OK	 
REQUEST		request_6	1684163892559	1684163892645	OK	 
REQUEST		request_4	1684163892560	1684163892709	KO	status.find.in([200, 209], 304), found 400
REQUEST		request_3	1684163892560	1684163892720	OK	 
REQUEST		request_2	1684163892559	1684163892728	OK	 
REQUEST		request_7	1684163893729	1684163893738	OK	 
REQUEST		request_8	1684163893739	1684163893747	OK	 
REQUEST		request_9	1684163893739	1684163894114	KO	status.find.in([200, 209], 304), found 400
REQUEST		request_18	1684163894581	1684163894767	OK	 
REQUEST		request_37	1684163894769	1684163894835	OK	 
REQUEST		request_26	1684163894771	1684163894890	KO	status.find.in([200, 209], 304), found 400
REQUEST		request_25	1684163894771	1684163894923	OK	 
REQUEST		request_28	1684163894771	1684163894938	OK	 
REQUEST		request_20	1684163894770	1684163894956	KO	status.find.in([200, 209], 304), found 400
REQUEST		request_30	1684163894772	1684163894961	OK	 
REQUEST		request_19	1684163894770	1684163894990	KO	status.find.in([200, 209], 304), found 400
REQUEST		request_29	1684163894772	1684163894998	OK	 
REQUEST		request_31	1684163894890	1684163895057	KO	status.find.in([200, 209], 304), found 400
REQUEST		request_34	1684163894938	1684163895057	KO	status.find.in([200, 209], 304), found 400
REQUEST		request_33	1684163894923	1684163895092	KO	status.find.in([200, 209], 304), found 400
REQUEST		request_36	1684163894990	1684163895099	KO	status.find.in([200, 209], 304), found 400
REQUEST		request_35	1684163894962	1684163895103	OK	 
REQUEST		request_10	1684163896116	1684163896199	OK	 
REQUEST		request_11	1684163901201	1684163901210	OK	 
REQUEST		request_12	1684163901211	1684163901282	OK	 
REQUEST		request_13	1684163901212	1684163901366	OK	 
REQUEST		request_15	1684163901213	1684163901368	OK	 
REQUEST		request_16	1684163901213	1684163901375	OK	 
REQUEST		request_17	1684163901211	1684163901375	OK	 
REQUEST		request_14	1684163901213	1684163901399	OK	 
REQUEST		request_18	1684163904400	1684163904476	OK	 
REQUEST		request_37	1684163904477	1684163904565	OK	 
REQUEST		request_25	1684163904478	1684163904633	OK	 
REQUEST		request_28	1684163904479	1684163904711	OK	 
REQUEST		request_19	1684163904478	1684163904712	KO	status.find.in([200, 209], 304), found 400
REQUEST		request_20	1684163904478	1684163904713	KO	status.find.in([200, 209], 304), found 400
REQUEST		request_29	1684163904538	1684163904744	OK	 
REQUEST		request_26	1684163904479	1684163904750	KO	status.find.in([200, 209], 304), found 400
REQUEST		request_34	1684163904712	1684163904812	KO	status.find.in([200, 209], 304), found 400
REQUEST		request_33	1684163904711	1684163904838	KO	status.find.in([200, 209], 304), found 400
REQUEST		request_36	1684163904750	1684163904851	KO	status.find.in([200, 209], 304), found 400
REQUEST		request_35	1684163904744	1684163904888	OK	 
REQUEST		request_30	1684163904539	1684163904899	OK	 
REQUEST		request_31	1684163904634	1684163905014	KO	status.find.in([200, 209], 304), found 400
REQUEST		request_38	1684163921115	1684163921752	KO	status.find.in([200, 209], 304), found 404
REQUEST		request_66	1684163924753	1684163924915	OK	 
REQUEST		request_69	1684163924971	1684163925080	OK	 
REQUEST		request_68	1684163924917	1684163925196	OK	 
REQUEST		request_38	1684163930018	1684163930321	KO	status.find.in([200, 209], 304), found 404
REQUEST		request_72	1684163929198	1684163930321	OK	 
REQUEST		request_76	1684163930322	1684163930330	OK	 
REQUEST		request_75	1684163930322	1684163930596	KO	status.find.in([200, 209], 304), found 400
REQUEST		request_74	1684163930322	1684163930894	OK	 
REQUEST		request_73	1684163930322	1684163932455	KO	status.find.in([200, 209], 304), found 401
REQUEST		request_66	1684163933323	1684163933507	OK	 
REQUEST		request_69	1684163933508	1684163933593	OK	 
REQUEST		request_68	1684163933507	1684163933705	OK	 
REQUEST		request_79	1684163934457	1684163934854	OK	 
REQUEST		request_80	1684163934855	1684163934994	KO	status.find.in([200, 209], 304), found 400
REQUEST		request_81	1684163935996	1684163936170	OK	 
REQUEST		request_82	1684163936170	1684163936331	KO	status.find.in([200, 209], 304), found 400
REQUEST		request_72	1684163937708	1684163937920	OK	 
REQUEST		request_76	1684163937921	1684163937928	OK	 
REQUEST		request_74	1684163937921	1684163938093	OK	 
REQUEST		request_75	1684163937921	1684163938257	KO	status.find.in([200, 209], 304), found 400
REQUEST		request_73	1684163937921	1684163938497	KO	status.find.in([200, 209], 304), found 401
REQUEST		request_83	1684163938333	1684163938497	OK	 
REQUEST		request_84	1684163938498	1684163938967	KO	status.find.in([200, 209], 304), found 400
REQUEST		request_38	1684163939747	1684163940196	KO	status.find.in([200, 209], 304), found 404
REQUEST		request_79	1684163940498	1684163940675	OK	 
REQUEST		request_80	1684163940675	1684163940795	KO	status.find.in([200, 209], 304), found 400
REQUEST		request_85	1684163940969	1684163941424	OK	 
REQUEST		request_86	1684163941425	1684163941533	KO	status.find.in([200, 209], 304), found 400
REQUEST		request_81	1684163941796	1684163941938	OK	 
REQUEST		request_82	1684163941938	1684163942054	KO	status.find.in([200, 209], 304), found 400
REQUEST		request_66	1684163943198	1684163943354	OK	 
REQUEST		request_69	1684163943355	1684163943443	OK	 
REQUEST		request_68	1684163943354	1684163943580	OK	 
REQUEST		request_87	1684163943534	1684163943680	OK	 
REQUEST		request_89	1684163943681	1684163943820	OK	 
REQUEST		request_90	1684163943681	1684163943832	KO	status.find.in([200, 209], 304), found 400
REQUEST		request_88	1684163943681	1684163944059	KO	status.find.in([200, 209], 304), found 400
REQUEST		request_83	1684163944055	1684163944196	OK	 
REQUEST		request_84	1684163944197	1684163944311	KO	status.find.in([200, 209], 304), found 400
REQUEST		request_85	1684163946313	1684163946452	OK	 
REQUEST		request_86	1684163946453	1684163946572	KO	status.find.in([200, 209], 304), found 400
REQUEST		request_72	1684163947583	1684163947875	OK	 
REQUEST		request_76	1684163947876	1684163947884	OK	 
REQUEST		request_75	1684163947877	1684163948054	KO	status.find.in([200, 209], 304), found 400
REQUEST		request_74	1684163947877	1684163948066	OK	 
REQUEST		request_87	1684163948573	1684163948713	OK	 
REQUEST		request_73	1684163947876	1684163948730	KO	status.find.in([200, 209], 304), found 401
REQUEST		request_88	1684163948714	1684163948811	KO	status.find.in([200, 209], 304), found 400
REQUEST		request_89	1684163948714	1684163948859	OK	 
REQUEST		request_90	1684163948714	1684163949065	KO	status.find.in([200, 209], 304), found 400
REQUEST		request_91	1684163949061	1684163949212	OK	 
REQUEST		request_92	1684163949212	1684163949719	KO	status.find.in([200, 209], 304), found 400
REQUEST		request_38	1684163950495	1684163950637	KO	status.find.in([200, 209], 304), found 404
REQUEST		request_79	1684163950732	1684163950884	OK	 
REQUEST		request_80	1684163950884	1684163950994	KO	status.find.in([200, 209], 304), found 400
REQUEST		request_81	1684163951996	1684163952139	OK	 
REQUEST		request_82	1684163952139	1684163952444	KO	status.find.in([200, 209], 304), found 400
REQUEST		request_66	1684163953639	1684163953797	OK	 
REQUEST		request_69	1684163953799	1684163953884	OK	 
REQUEST		request_68	1684163953798	1684163953988	OK	 
REQUEST		request_91	1684163954068	1684163954233	OK	 
REQUEST		request_92	1684163954233	1684163954450	KO	status.find.in([200, 209], 304), found 400
REQUEST		request_83	1684163954446	1684163954634	OK	 
REQUEST		request_84	1684163954634	1684163954751	KO	status.find.in([200, 209], 304), found 400
REQUEST		request_93	1684163954721	1684163954860	OK	 
REQUEST		request_99	1684163954863	1684163954913	OK	 
REQUEST		request_95	1684163954863	1684163954973	KO	status.find.in([200, 209], 304), found 400
REQUEST		request_101	1684163954870	1684163955018	OK	 
REQUEST		request_97	1684163954911	1684163955451	OK	 
REQUEST		request_102	1684163954870	1684163955452	KO	status.find.in([200, 209], 304), found 400
REQUEST		request_98	1684163954912	1684163955517	OK	 
REQUEST		request_100	1684163954912	1684163955639	OK	 
REQUEST		request_94	1684163954870	1684163955661	OK	 
USER	flujoReusoCheckOut	END	1684163955664
REQUEST		request_85	1684163956753	1684163956894	OK	 
REQUEST		request_86	1684163956894	1684163956997	KO	status.find.in([200, 209], 304), found 400
REQUEST		request_72	1684163957990	1684163958320	OK	 
REQUEST		request_76	1684163958321	1684163958329	OK	 
REQUEST		request_75	1684163958322	1684163958491	KO	status.find.in([200, 209], 304), found 400
REQUEST		request_74	1684163958321	1684163958494	OK	 
REQUEST		request_73	1684163958321	1684163958612	KO	status.find.in([200, 209], 304), found 401
REQUEST		request_87	1684163958998	1684163959155	OK	 
REQUEST		request_90	1684163959156	1684163959292	KO	status.find.in([200, 209], 304), found 400
REQUEST		request_89	1684163959156	1684163959300	OK	 
REQUEST		request_88	1684163959156	1684163959473	KO	status.find.in([200, 209], 304), found 400
REQUEST		request_38	1684163959083	1684163959479	KO	status.find.in([200, 209], 304), found 404
REQUEST		request_93	1684163959452	1684163959588	OK	 
REQUEST		request_99	1684163959589	1684163959598	OK	 
REQUEST		request_95	1684163959589	1684163959702	KO	status.find.in([200, 209], 304), found 400
REQUEST		request_97	1684163959591	1684163959718	OK	 
REQUEST		request_100	1684163959591	1684163959735	OK	 
REQUEST		request_101	1684163959590	1684163959736	OK	 
REQUEST		request_94	1684163959590	1684163959785	OK	 
REQUEST		request_98	1684163959591	1684163959810	OK	 
REQUEST		request_102	1684163959590	1684163959852	KO	status.find.in([200, 209], 304), found 400
USER	flujoReusoCheckOut	END	1684163959854
REQUEST		request_79	1684163960614	1684163960792	OK	 
REQUEST		request_80	1684163960792	1684163960894	KO	status.find.in([200, 209], 304), found 400
REQUEST		request_81	1684163961896	1684163962073	OK	 
REQUEST		request_82	1684163962073	1684163962483	KO	status.find.in([200, 209], 304), found 400
REQUEST		request_66	1684163962480	1684163962634	OK	 
REQUEST		request_69	1684163962637	1684163962724	OK	 
REQUEST		request_68	1684163962635	1684163962838	OK	 
REQUEST		request_91	1684163964476	1684163964627	OK	 
REQUEST		request_83	1684163964484	1684163964673	OK	 
REQUEST		request_92	1684163964627	1684163964732	KO	status.find.in([200, 209], 304), found 400
REQUEST		request_84	1684163964673	1684163964792	KO	status.find.in([200, 209], 304), found 400
REQUEST		request_85	1684163966793	1684163966938	OK	 
REQUEST		request_72	1684163966841	1684163966996	OK	 
REQUEST		request_76	1684163966997	1684163967005	OK	 
REQUEST		request_86	1684163966939	1684163967071	KO	status.find.in([200, 209], 304), found 400
REQUEST		request_75	1684163966998	1684163967153	KO	status.find.in([200, 209], 304), found 400
REQUEST		request_74	1684163966998	1684163967159	OK	 
REQUEST		request_73	1684163966997	1684163967843	KO	status.find.in([200, 209], 304), found 401
REQUEST		request_87	1684163969073	1684163969219	OK	 
REQUEST		request_90	1684163969220	1684163969329	KO	status.find.in([200, 209], 304), found 400
REQUEST		request_88	1684163969220	1684163969353	KO	status.find.in([200, 209], 304), found 400
REQUEST		request_89	1684163969220	1684163969414	OK	 
REQUEST		request_93	1684163969733	1684163969869	OK	 
REQUEST		request_99	1684163969871	1684163969879	OK	 
REQUEST		request_79	1684163969846	1684163969991	OK	 
REQUEST		request_102	1684163969872	1684163969992	KO	status.find.in([200, 209], 304), found 400
REQUEST		request_95	1684163969871	1684163969992	KO	status.find.in([200, 209], 304), found 400
REQUEST		request_101	1684163969872	1684163970031	OK	 
REQUEST		request_80	1684163969992	1684163970093	KO	status.find.in([200, 209], 304), found 400
REQUEST		request_97	1684163969873	1684163970102	OK	 
REQUEST		request_98	1684163969873	1684163970199	OK	 
REQUEST		request_100	1684163969873	1684163970214	OK	 
REQUEST		request_94	1684163969872	1684163970368	OK	 
USER	flujoReusoCheckOut	END	1684163970370
REQUEST		request_38	1684163970161	1684163970436	KO	status.find.in([200, 209], 304), found 404
REQUEST		request_81	1684163971095	1684163971249	OK	 
REQUEST		request_82	1684163971250	1684163971350	KO	status.find.in([200, 209], 304), found 400
REQUEST		request_83	1684163973352	1684163973489	OK	 
REQUEST		request_66	1684163973438	1684163973599	OK	 
REQUEST		request_69	1684163973600	1684163973681	OK	 
REQUEST		request_84	1684163973490	1684163973731	KO	status.find.in([200, 209], 304), found 400
REQUEST		request_68	1684163973600	1684163973803	OK	 
REQUEST		request_91	1684163974416	1684163974573	OK	 
REQUEST		request_92	1684163974573	1684163974671	KO	status.find.in([200, 209], 304), found 400
REQUEST		request_85	1684163975732	1684163975897	OK	 
REQUEST		request_86	1684163975898	1684163976012	KO	status.find.in([200, 209], 304), found 400
REQUEST		request_72	1684163977805	1684163977956	OK	 
REQUEST		request_76	1684163977957	1684163977964	OK	 
REQUEST		request_74	1684163977957	1684163978102	OK	 
REQUEST		request_75	1684163977957	1684163978111	KO	status.find.in([200, 209], 304), found 400
REQUEST		request_87	1684163978014	1684163978168	OK	 
REQUEST		request_73	1684163977957	1684163978225	KO	status.find.in([200, 209], 304), found 401
REQUEST		request_90	1684163978169	1684163978291	KO	status.find.in([200, 209], 304), found 400
REQUEST		request_88	1684163978169	1684163978341	KO	status.find.in([200, 209], 304), found 400
REQUEST		request_89	1684163978169	1684163978342	OK	 
REQUEST		request_38	1684163979320	1684163979600	KO	status.find.in([200, 209], 304), found 404
REQUEST		request_93	1684163979673	1684163979817	OK	 
REQUEST		request_99	1684163979818	1684163979827	OK	 
REQUEST		request_102	1684163979819	1684163980133	KO	status.find.in([200, 209], 304), found 400
REQUEST		request_95	1684163979819	1684163980133	KO	status.find.in([200, 209], 304), found 400
REQUEST		request_101	1684163979819	1684163980133	OK	 
REQUEST		request_97	1684163979820	1684163980135	OK	 
REQUEST		request_98	1684163979820	1684163980135	OK	 
REQUEST		request_100	1684163979821	1684163980164	OK	 
REQUEST		request_94	1684163979820	1684163980298	OK	 
USER	flujoReusoCheckOut	END	1684163980300
REQUEST		request_79	1684163980226	1684163980396	OK	 
REQUEST		request_80	1684163980397	1684163980513	KO	status.find.in([200, 209], 304), found 400
REQUEST		request_81	1684163981514	1684163981686	OK	 
REQUEST		request_82	1684163981686	1684163982150	KO	status.find.in([200, 209], 304), found 400
REQUEST		request_66	1684163982602	1684163982784	OK	 
REQUEST		request_69	1684163982785	1684163982875	OK	 
REQUEST		request_68	1684163982785	1684163982971	OK	 
REQUEST		request_91	1684163983344	1684163983818	OK	 
REQUEST		request_92	1684163983818	1684163983916	KO	status.find.in([200, 209], 304), found 400
REQUEST		request_83	1684163984151	1684163984296	OK	 
REQUEST		request_84	1684163984297	1684163984414	KO	status.find.in([200, 209], 304), found 400
REQUEST		request_85	1684163986416	1684163986563	OK	 
REQUEST		request_86	1684163986564	1684163986674	KO	status.find.in([200, 209], 304), found 400
REQUEST		request_72	1684163986974	1684163987126	OK	 
REQUEST		request_76	1684163987127	1684163987136	OK	 
REQUEST		request_74	1684163987128	1684163987270	OK	 
REQUEST		request_75	1684163987128	1684163987273	KO	status.find.in([200, 209], 304), found 400
REQUEST		request_73	1684163987127	1684163987395	KO	status.find.in([200, 209], 304), found 401
REQUEST		request_87	1684163988676	1684163988822	OK	 
REQUEST		request_88	1684163988823	1684163988924	KO	status.find.in([200, 209], 304), found 400
REQUEST		request_90	1684163988824	1684163988955	KO	status.find.in([200, 209], 304), found 400
REQUEST		request_89	1684163988823	1684163988970	OK	 
REQUEST		request_93	1684163988919	1684163989090	OK	 
REQUEST		request_99	1684163989091	1684163989099	OK	 
REQUEST		request_102	1684163989092	1684163989193	KO	status.find.in([200, 209], 304), found 400
REQUEST		request_98	1684163989095	1684163989207	OK	 
REQUEST		request_97	1684163989094	1684163989207	OK	 
REQUEST		request_95	1684163989092	1684163989210	KO	status.find.in([200, 209], 304), found 400
REQUEST		request_100	1684163989095	1684163989220	OK	 
REQUEST		request_101	1684163989092	1684163989239	OK	 
REQUEST		request_38	1684163988969	1684163989247	KO	status.find.in([200, 209], 304), found 404
REQUEST		request_94	1684163989092	1684163989485	OK	 
USER	flujoReusoCheckOut	END	1684163989487
REQUEST		request_79	1684163989398	1684163989568	OK	 
REQUEST		request_80	1684163989569	1684163989671	KO	status.find.in([200, 209], 304), found 400
REQUEST		request_81	1684163990672	1684163990822	OK	 
REQUEST		request_82	1684163990823	1684163990920	KO	status.find.in([200, 209], 304), found 400
REQUEST		request_66	1684163992249	1684163992428	OK	 
REQUEST		request_69	1684163992429	1684163992516	OK	 
REQUEST		request_68	1684163992429	1684163992635	OK	 
REQUEST		request_83	1684163992922	1684163993063	OK	 
REQUEST		request_84	1684163993063	1684163993649	KO	status.find.in([200, 209], 304), found 400
REQUEST		request_91	1684163993972	1684163994145	OK	 
REQUEST		request_92	1684163994145	1684163994244	KO	status.find.in([200, 209], 304), found 400
REQUEST		request_85	1684163995650	1684163995822	OK	 
REQUEST		request_86	1684163995823	1684163995919	KO	status.find.in([200, 209], 304), found 400
REQUEST		request_72	1684163996637	1684163996794	OK	 
REQUEST		request_76	1684163996795	1684163996804	OK	 
REQUEST		request_75	1684163996795	1684163996913	KO	status.find.in([200, 209], 304), found 400
REQUEST		request_74	1684163996795	1684163996946	OK	 
REQUEST		request_73	1684163996795	1684163997116	KO	status.find.in([200, 209], 304), found 401
REQUEST		request_87	1684163997922	1684163998066	OK	 
REQUEST		request_88	1684163998067	1684163998172	KO	status.find.in([200, 209], 304), found 400
REQUEST		request_90	1684163998067	1684163998194	KO	status.find.in([200, 209], 304), found 400
REQUEST		request_89	1684163998067	1684163998200	OK	 
REQUEST		request_79	1684163999118	1684163999251	OK	 
REQUEST		request_80	1684163999252	1684163999371	KO	status.find.in([200, 209], 304), found 400
REQUEST		request_93	1684163999246	1684163999387	OK	 
REQUEST		request_99	1684163999388	1684163999397	OK	 
REQUEST		request_97	1684163999390	1684163999526	OK	 
REQUEST		request_98	1684163999390	1684163999526	OK	 
REQUEST		request_102	1684163999389	1684163999529	KO	status.find.in([200, 209], 304), found 400
REQUEST		request_95	1684163999388	1684163999532	KO	status.find.in([200, 209], 304), found 400
REQUEST		request_101	1684163999389	1684163999538	OK	 
REQUEST		request_100	1684163999391	1684163999554	OK	 
REQUEST		request_94	1684163999389	1684163999599	OK	 
USER	flujoReusoCheckOut	END	1684163999601
REQUEST		request_38	1684163999105	1684164000100	KO	status.find.in([200, 209], 304), found 404
REQUEST		request_81	1684164000372	1684164000507	OK	 
REQUEST		request_82	1684164000507	1684164000608	KO	status.find.in([200, 209], 304), found 400
REQUEST		request_83	1684164002610	1684164002760	OK	 
REQUEST		request_84	1684164002760	1684164002880	KO	status.find.in([200, 209], 304), found 400
REQUEST		request_66	1684164003102	1684164003295	OK	 
REQUEST		request_91	1684164003202	1684164003336	OK	 
REQUEST		request_69	1684164003298	1684164003393	OK	 
REQUEST		request_92	1684164003336	1684164003453	KO	status.find.in([200, 209], 304), found 400
REQUEST		request_68	1684164003296	1684164003511	OK	 
REQUEST		request_85	1684164004882	1684164005032	OK	 
REQUEST		request_86	1684164005032	1684164005135	KO	status.find.in([200, 209], 304), found 400
REQUEST		request_87	1684164007137	1684164007282	OK	 
REQUEST		request_88	1684164007283	1684164007380	KO	status.find.in([200, 209], 304), found 400
REQUEST		request_90	1684164007283	1684164007413	KO	status.find.in([200, 209], 304), found 400
REQUEST		request_89	1684164007283	1684164007471	OK	 
REQUEST		request_72	1684164007513	1684164007731	OK	 
REQUEST		request_76	1684164007732	1684164007740	OK	 
REQUEST		request_75	1684164007732	1684164007981	KO	status.find.in([200, 209], 304), found 400
REQUEST		request_74	1684164007732	1684164007981	OK	 
REQUEST		request_73	1684164007731	1684164008115	KO	status.find.in([200, 209], 304), found 401
REQUEST		request_93	1684164008455	1684164008594	OK	 
REQUEST		request_99	1684164008595	1684164008602	OK	 
REQUEST		request_97	1684164008597	1684164008701	OK	 
REQUEST		request_98	1684164008597	1684164008705	OK	 
REQUEST		request_102	1684164008596	1684164008716	KO	status.find.in([200, 209], 304), found 400
REQUEST		request_100	1684164008598	1684164008719	OK	 
REQUEST		request_101	1684164008596	1684164008742	OK	 
REQUEST		request_95	1684164008595	1684164008781	KO	status.find.in([200, 209], 304), found 400
REQUEST		request_94	1684164008596	1684164009043	OK	 
USER	flujoReusoCheckOut	END	1684164009045
REQUEST		request_38	1684164009016	1684164009290	KO	status.find.in([200, 209], 304), found 404
REQUEST		request_79	1684164010118	1684164010260	OK	 
REQUEST		request_80	1684164010260	1684164010364	KO	status.find.in([200, 209], 304), found 400
REQUEST		request_81	1684164011366	1684164011535	OK	 
REQUEST		request_82	1684164011535	1684164011637	KO	status.find.in([200, 209], 304), found 400
REQUEST		request_66	1684164012292	1684164012454	OK	 
REQUEST		request_69	1684164012455	1684164012543	OK	 
REQUEST		request_91	1684164012473	1684164012631	OK	 
REQUEST		request_68	1684164012454	1684164012647	OK	 
REQUEST		request_92	1684164012631	1684164012751	KO	status.find.in([200, 209], 304), found 400
REQUEST		request_83	1684164013639	1684164013798	OK	 
REQUEST		request_84	1684164013799	1684164013898	KO	status.find.in([200, 209], 304), found 400
REQUEST		request_85	1684164015900	1684164016037	OK	 
REQUEST		request_86	1684164016037	1684164016139	KO	status.find.in([200, 209], 304), found 400
REQUEST		request_72	1684164016649	1684164016849	OK	 
REQUEST		request_76	1684164016850	1684164016857	OK	 
REQUEST		request_74	1684164016851	1684164016998	OK	 
REQUEST		request_75	1684164016851	1684164017032	KO	status.find.in([200, 209], 304), found 400
REQUEST		request_73	1684164016850	1684164017156	KO	status.find.in([200, 209], 304), found 401
REQUEST		request_93	1684164017753	1684164017921	OK	 
REQUEST		request_99	1684164017922	1684164017930	OK	 
REQUEST		request_97	1684164017924	1684164018031	OK	 
REQUEST		request_102	1684164017923	1684164018031	KO	status.find.in([200, 209], 304), found 400
REQUEST		request_95	1684164017922	1684164018032	KO	status.find.in([200, 209], 304), found 400
REQUEST		request_98	1684164017924	1684164018037	OK	 
REQUEST		request_100	1684164017924	1684164018042	OK	 
REQUEST		request_101	1684164017923	1684164018091	OK	 
REQUEST		request_94	1684164017923	1684164018108	OK	 
USER	flujoReusoCheckOut	END	1684164018110
REQUEST		request_87	1684164018141	1684164018284	OK	 
REQUEST		request_88	1684164018284	1684164018394	KO	status.find.in([200, 209], 304), found 400
REQUEST		request_90	1684164018285	1684164018397	KO	status.find.in([200, 209], 304), found 400
REQUEST		request_89	1684164018285	1684164018426	OK	 
REQUEST		request_79	1684164019158	1684164019293	OK	 
REQUEST		request_80	1684164019294	1684164019394	KO	status.find.in([200, 209], 304), found 400
REQUEST		request_81	1684164020396	1684164020557	OK	 
REQUEST		request_82	1684164020558	1684164020674	KO	status.find.in([200, 209], 304), found 400
REQUEST		request_83	1684164022676	1684164022816	OK	 
REQUEST		request_84	1684164022817	1684164022916	KO	status.find.in([200, 209], 304), found 400
REQUEST		request_91	1684164023429	1684164023578	OK	 
REQUEST		request_92	1684164023579	1684164023678	KO	status.find.in([200, 209], 304), found 400
REQUEST		request_85	1684164024918	1684164025058	OK	 
REQUEST		request_86	1684164025058	1684164025173	KO	status.find.in([200, 209], 304), found 400
REQUEST		request_87	1684164027174	1684164027371	OK	 
REQUEST		request_88	1684164027371	1684164027476	KO	status.find.in([200, 209], 304), found 400
REQUEST		request_89	1684164027372	1684164027510	OK	 
REQUEST		request_90	1684164027372	1684164027593	KO	status.find.in([200, 209], 304), found 400
REQUEST		request_93	1684164028680	1684164028822	OK	 
REQUEST		request_99	1684164028823	1684164028859	OK	 
REQUEST		request_102	1684164028824	1684164028922	KO	status.find.in([200, 209], 304), found 400
REQUEST		request_95	1684164028823	1684164028934	KO	status.find.in([200, 209], 304), found 400
REQUEST		request_101	1684164028824	1684164028985	OK	 
REQUEST		request_97	1684164028827	1684164029941	OK	 
REQUEST		request_98	1684164028827	1684164029943	OK	 
REQUEST		request_100	1684164028827	1684164029955	OK	 
REQUEST		request_94	1684164028824	1684164029983	OK	 
USER	flujoReusoCheckOut	END	1684164029984
REQUEST		request_91	1684164032595	1684164032761	OK	 
REQUEST		request_92	1684164032762	1684164032900	KO	status.find.in([200, 209], 304), found 400
REQUEST		request_93	1684164037901	1684164038039	OK	 
REQUEST		request_99	1684164038039	1684164038047	OK	 
REQUEST		request_95	1684164038040	1684164038135	KO	status.find.in([200, 209], 304), found 400
REQUEST		request_98	1684164038041	1684164038152	OK	 
REQUEST		request_97	1684164038041	1684164038153	OK	 
REQUEST		request_100	1684164038042	1684164038169	OK	 
REQUEST		request_102	1684164038040	1684164038175	KO	status.find.in([200, 209], 304), found 400
REQUEST		request_101	1684164038040	1684164038183	OK	 
REQUEST		request_94	1684164038040	1684164038238	OK	 
USER	flujoReusoCheckOut	END	1684164038240
