RUN	bnpl.flujoReusoCheckOutCorregido	flujoreusocheckoutcorregido	1684177059188	 	3.8.3
USER	flujoReusoCheckOut	START	1684177065601
REQUEST		request_0	1684177065563	1684177065764	OK	 
REQUEST		request_1	1684177067791	1684177067805	OK	 
REQUEST		request_5	1684177067874	1684177067885	OK	 
REQUEST		request_6	1684177067875	1684177067969	OK	 
REQUEST		request_4	1684177067880	1684177068073	KO	status.find.in([200, 209], 304), found 400
REQUEST		request_3	1684177067879	1684177068135	OK	 
REQUEST		request_2	1684177067878	1684177068137	OK	 
REQUEST		request_7	1684177069140	1684177069149	OK	 
REQUEST		request_9	1684177069152	1684177069160	KO	status.find.in([200, 209], 304), found 403
REQUEST		request_8	1684177069151	1684177069167	OK	 
REQUEST		request_10	1684177071171	1684177071255	OK	 
USER	flujoReusoCheckOut	START	1684177075527
REQUEST		request_0	1684177075526	1684177075685	OK	 
REQUEST		request_11	1684177076256	1684177076266	OK	 
REQUEST		request_12	1684177076267	1684177076340	OK	 
REQUEST		request_15	1684177076287	1684177076475	OK	 
REQUEST		request_13	1684177076268	1684177076481	OK	 
REQUEST		request_14	1684177076286	1684177076508	OK	 
REQUEST		request_17	1684177076268	1684177076515	OK	 
REQUEST		request_16	1684177076287	1684177076528	OK	 
REQUEST		request_1	1684177077686	1684177077694	OK	 
REQUEST		request_5	1684177077695	1684177077707	OK	 
REQUEST		request_6	1684177077696	1684177077786	OK	 
REQUEST		request_4	1684177077697	1684177077872	KO	status.find.in([200, 209], 304), found 400
REQUEST		request_2	1684177077697	1684177077922	OK	 
REQUEST		request_3	1684177077697	1684177077946	OK	 
REQUEST		request_7	1684177078950	1684177078965	OK	 
REQUEST		request_9	1684177078968	1684177078981	KO	status.find.in([200, 209], 304), found 403
REQUEST		request_8	1684177078967	1684177078982	OK	 
REQUEST		request_18	1684177079530	1684177079608	OK	 
REQUEST		request_37	1684177079619	1684177079790	OK	 
REQUEST		request_30	1684177079754	1684177079923	OK	 
REQUEST		request_19	1684177079747	1684177079973	KO	status.find.in([200, 209], 304), found 400
REQUEST		request_28	1684177079753	1684177079975	OK	 
REQUEST		request_29	1684177079753	1684177079984	OK	 
REQUEST		request_25	1684177079751	1684177080011	OK	 
REQUEST		request_31	1684177079924	1684177080029	KO	status.find.in([200, 209], 304), found 400
REQUEST		request_26	1684177079752	1684177080052	KO	status.find.in([200, 209], 304), found 400
REQUEST		request_33	1684177079973	1684177080084	KO	status.find.in([200, 209], 304), found 400
REQUEST		request_34	1684177079976	1684177080089	KO	status.find.in([200, 209], 304), found 400
REQUEST		request_36	1684177080011	1684177080111	KO	status.find.in([200, 209], 304), found 400
REQUEST		request_35	1684177079985	1684177080129	OK	 
REQUEST		request_10	1684177080985	1684177081058	OK	 
REQUEST		request_20	1684177079701	1684177081151	KO	status.find.in([200, 209], 304), found 400
USER	flujoReusoCheckOut	START	1684177085525
REQUEST		request_0	1684177085524	1684177085683	OK	 
REQUEST		request_11	1684177086061	1684177086085	OK	 
REQUEST		request_12	1684177086086	1684177086162	OK	 
REQUEST		request_15	1684177086089	1684177086252	OK	 
REQUEST		request_13	1684177086088	1684177086254	OK	 
REQUEST		request_17	1684177086087	1684177086261	OK	 
REQUEST		request_16	1684177086089	1684177086268	OK	 
REQUEST		request_14	1684177086088	1684177086281	OK	 
REQUEST		request_1	1684177087684	1684177087694	OK	 
REQUEST		request_5	1684177087695	1684177087718	OK	 
REQUEST		request_6	1684177087696	1684177087800	OK	 
REQUEST		request_4	1684177087697	1684177087832	KO	status.find.in([200, 209], 304), found 400
REQUEST		request_3	1684177087697	1684177087880	OK	 
REQUEST		request_2	1684177087697	1684177087881	OK	 
REQUEST		request_7	1684177088883	1684177088894	OK	 
REQUEST		request_9	1684177088896	1684177088903	KO	status.find.in([200, 209], 304), found 403
REQUEST		request_8	1684177088896	1684177088904	OK	 
REQUEST		request_18	1684177089283	1684177089358	OK	 
REQUEST		request_37	1684177089362	1684177089402	OK	 
REQUEST		request_26	1684177089367	1684177089479	KO	status.find.in([200, 209], 304), found 400
REQUEST		request_25	1684177089366	1684177089519	OK	 
REQUEST		request_19	1684177089363	1684177089531	KO	status.find.in([200, 209], 304), found 400
REQUEST		request_30	1684177089368	1684177089544	OK	 
REQUEST		request_29	1684177089368	1684177089548	OK	 
REQUEST		request_28	1684177089367	1684177089550	OK	 
REQUEST		request_33	1684177089520	1684177089618	KO	status.find.in([200, 209], 304), found 400
REQUEST		request_36	1684177089549	1684177089657	KO	status.find.in([200, 209], 304), found 400
REQUEST		request_34	1684177089532	1684177089687	KO	status.find.in([200, 209], 304), found 400
REQUEST		request_35	1684177089544	1684177089692	OK	 
REQUEST		request_31	1684177089479	1684177089731	KO	status.find.in([200, 209], 304), found 400
REQUEST		request_20	1684177089363	1684177090073	KO	status.find.in([200, 209], 304), found 400
REQUEST		request_10	1684177090905	1684177090979	OK	 
USER	flujoReusoCheckOut	START	1684177095526
REQUEST		request_0	1684177095525	1684177095689	OK	 
REQUEST		request_11	1684177095981	1684177095989	OK	 
REQUEST		request_12	1684177095990	1684177096061	OK	 
REQUEST		request_15	1684177095993	1684177096168	OK	 
REQUEST		request_13	1684177095992	1684177096170	OK	 
REQUEST		request_16	1684177095994	1684177096175	OK	 
REQUEST		request_14	1684177095993	1684177096195	OK	 
REQUEST		request_17	1684177095991	1684177096250	OK	 
REQUEST		request_1	1684177097690	1684177097699	OK	 
REQUEST		request_5	1684177097700	1684177097707	OK	 
REQUEST		request_6	1684177097700	1684177097796	OK	 
REQUEST		request_4	1684177097704	1684177097856	KO	status.find.in([200, 209], 304), found 400
REQUEST		request_3	1684177097704	1684177097951	OK	 
REQUEST		request_2	1684177097702	1684177097960	OK	 
REQUEST		request_7	1684177098967	1684177098995	OK	 
REQUEST		request_9	1684177098998	1684177099026	KO	status.find.in([200, 209], 304), found 403
REQUEST		request_8	1684177098997	1684177099027	OK	 
REQUEST		request_18	1684177099252	1684177099322	OK	 
REQUEST		request_37	1684177099325	1684177099371	OK	 
REQUEST		request_26	1684177099327	1684177099457	KO	status.find.in([200, 209], 304), found 400
REQUEST		request_25	1684177099327	1684177099485	OK	 
REQUEST		request_28	1684177099328	1684177099507	OK	 
REQUEST		request_30	1684177099329	1684177099511	OK	 
REQUEST		request_29	1684177099328	1684177099513	OK	 
REQUEST		request_19	1684177099326	1684177099537	KO	status.find.in([200, 209], 304), found 400
REQUEST		request_31	1684177099458	1684177099563	KO	status.find.in([200, 209], 304), found 400
REQUEST		request_33	1684177099486	1684177099596	KO	status.find.in([200, 209], 304), found 400
REQUEST		request_34	1684177099508	1684177099617	KO	status.find.in([200, 209], 304), found 400
REQUEST		request_36	1684177099514	1684177099629	KO	status.find.in([200, 209], 304), found 400
REQUEST		request_35	1684177099512	1684177099649	OK	 
REQUEST		request_20	1684177099325	1684177099993	KO	status.find.in([200, 209], 304), found 400
REQUEST		request_10	1684177101028	1684177101106	OK	 
USER	flujoReusoCheckOut	START	1684177105526
REQUEST		request_0	1684177105524	1684177105728	OK	 
REQUEST		request_11	1684177106108	1684177106120	OK	 
REQUEST		request_12	1684177106122	1684177106197	OK	 
REQUEST		request_17	1684177106122	1684177106270	OK	 
REQUEST		request_13	1684177106123	1684177106293	OK	 
REQUEST		request_15	1684177106125	1684177106303	OK	 
REQUEST		request_16	1684177106125	1684177106308	OK	 
REQUEST		request_14	1684177106124	1684177106331	OK	 
REQUEST		request_1	1684177107733	1684177107777	OK	 
REQUEST		request_5	1684177107778	1684177107799	OK	 
REQUEST		request_6	1684177107778	1684177107875	OK	 
REQUEST		request_4	1684177107781	1684177107902	KO	status.find.in([200, 209], 304), found 400
REQUEST		request_2	1684177107779	1684177107964	OK	 
REQUEST		request_3	1684177107780	1684177107977	OK	 
REQUEST		request_7	1684177108978	1684177108986	OK	 
REQUEST		request_9	1684177108988	1684177108995	KO	status.find.in([200, 209], 304), found 403
REQUEST		request_8	1684177108987	1684177108996	OK	 
REQUEST		request_18	1684177109332	1684177109432	OK	 
REQUEST		request_37	1684177109435	1684177109478	OK	 
REQUEST		request_26	1684177109440	1684177109593	KO	status.find.in([200, 209], 304), found 400
REQUEST		request_29	1684177109443	1684177109626	OK	 
REQUEST		request_25	1684177109439	1684177109628	OK	 
REQUEST		request_28	1684177109442	1684177109639	OK	 
REQUEST		request_30	1684177109443	1684177109640	OK	 
REQUEST		request_19	1684177109437	1684177109652	KO	status.find.in([200, 209], 304), found 400
REQUEST		request_20	1684177109436	1684177109696	KO	status.find.in([200, 209], 304), found 400
REQUEST		request_31	1684177109593	1684177109729	KO	status.find.in([200, 209], 304), found 400
REQUEST		request_33	1684177109627	1684177109739	KO	status.find.in([200, 209], 304), found 400
REQUEST		request_36	1684177109641	1684177109749	KO	status.find.in([200, 209], 304), found 400
REQUEST		request_34	1684177109628	1684177109750	KO	status.find.in([200, 209], 304), found 400
REQUEST		request_35	1684177109640	1684177109783	OK	 
REQUEST		request_10	1684177110997	1684177111178	OK	 
USER	flujoReusoCheckOut	START	1684177115524
REQUEST		request_0	1684177115523	1684177115688	OK	 
REQUEST		request_11	1684177116181	1684177116189	OK	 
REQUEST		request_12	1684177116190	1684177116279	OK	 
REQUEST		request_17	1684177116190	1684177116341	OK	 
REQUEST		request_13	1684177116191	1684177116362	OK	 
REQUEST		request_15	1684177116193	1684177116371	OK	 
REQUEST		request_16	1684177116194	1684177116383	OK	 
REQUEST		request_14	1684177116193	1684177116421	OK	 
REQUEST		request_1	1684177117689	1684177117697	OK	 
REQUEST		request_5	1684177117699	1684177117711	OK	 
REQUEST		request_4	1684177117701	1684177117816	KO	status.find.in([200, 209], 304), found 400
REQUEST		request_6	1684177117699	1684177117822	OK	 
REQUEST		request_3	1684177117701	1684177117875	OK	 
REQUEST		request_2	1684177117700	1684177118089	OK	 
REQUEST		request_7	1684177119091	1684177119099	OK	 
REQUEST		request_9	1684177119100	1684177119107	KO	status.find.in([200, 209], 304), found 403
REQUEST		request_8	1684177119100	1684177119108	OK	 
REQUEST		request_18	1684177119424	1684177119495	OK	 
REQUEST		request_37	1684177119497	1684177119540	OK	 
REQUEST		request_26	1684177119501	1684177119609	KO	status.find.in([200, 209], 304), found 400
REQUEST		request_19	1684177119500	1684177119653	KO	status.find.in([200, 209], 304), found 400
REQUEST		request_20	1684177119499	1684177119655	KO	status.find.in([200, 209], 304), found 400
REQUEST		request_25	1684177119501	1684177119655	OK	 
REQUEST		request_29	1684177119503	1684177119677	OK	 
REQUEST		request_28	1684177119502	1684177119694	OK	 
REQUEST		request_30	1684177119503	1684177119696	OK	 
REQUEST		request_31	1684177119610	1684177119711	KO	status.find.in([200, 209], 304), found 400
REQUEST		request_33	1684177119654	1684177119753	KO	status.find.in([200, 209], 304), found 400
REQUEST		request_34	1684177119656	1684177119773	KO	status.find.in([200, 209], 304), found 400
REQUEST		request_36	1684177119694	1684177119816	KO	status.find.in([200, 209], 304), found 400
REQUEST		request_35	1684177119678	1684177119825	OK	 
REQUEST		request_10	1684177121109	1684177121181	OK	 
USER	flujoReusoCheckOut	START	1684177125525
REQUEST		request_0	1684177125524	1684177125687	OK	 
REQUEST		request_11	1684177126183	1684177126192	OK	 
REQUEST		request_12	1684177126194	1684177126280	OK	 
REQUEST		request_13	1684177126196	1684177126379	OK	 
REQUEST		request_15	1684177126197	1684177126380	OK	 
REQUEST		request_14	1684177126197	1684177126407	OK	 
REQUEST		request_16	1684177126198	1684177126410	OK	 
REQUEST		request_17	1684177126195	1684177126492	OK	 
REQUEST		request_1	1684177127689	1684177127725	OK	 
REQUEST		request_5	1684177127726	1684177127733	OK	 
REQUEST		request_6	1684177127726	1684177127833	OK	 
REQUEST		request_4	1684177127729	1684177127869	KO	status.find.in([200, 209], 304), found 400
REQUEST		request_3	1684177127729	1684177127888	OK	 
REQUEST		request_2	1684177127728	1684177127903	OK	 
REQUEST		request_7	1684177128905	1684177128913	OK	 
REQUEST		request_8	1684177128914	1684177128921	OK	 
REQUEST		request_9	1684177128914	1684177128922	KO	status.find.in([200, 209], 304), found 403
REQUEST		request_18	1684177129494	1684177129564	OK	 
REQUEST		request_37	1684177129566	1684177129600	OK	 
REQUEST		request_26	1684177129569	1684177129671	KO	status.find.in([200, 209], 304), found 400
REQUEST		request_20	1684177129567	1684177129711	KO	status.find.in([200, 209], 304), found 400
REQUEST		request_25	1684177129568	1684177129713	OK	 
REQUEST		request_29	1684177129570	1684177129768	OK	 
REQUEST		request_30	1684177129571	1684177129769	OK	 
REQUEST		request_28	1684177129569	1684177129770	OK	 
REQUEST		request_31	1684177129672	1684177129771	KO	status.find.in([200, 209], 304), found 400
REQUEST		request_19	1684177129568	1684177129778	KO	status.find.in([200, 209], 304), found 400
REQUEST		request_33	1684177129713	1684177129809	KO	status.find.in([200, 209], 304), found 400
REQUEST		request_34	1684177129768	1684177129888	KO	status.find.in([200, 209], 304), found 400
REQUEST		request_36	1684177129770	1684177129897	KO	status.find.in([200, 209], 304), found 400
REQUEST		request_35	1684177129769	1684177129918	OK	 
REQUEST		request_10	1684177130923	1684177131003	OK	 
USER	flujoReusoCheckOut	START	1684177135524
REQUEST		request_0	1684177135524	1684177135694	OK	 
REQUEST		request_11	1684177136004	1684177136014	OK	 
REQUEST		request_12	1684177136015	1684177136091	OK	 
REQUEST		request_15	1684177136016	1684177136167	OK	 
REQUEST		request_13	1684177136016	1684177136168	OK	 
REQUEST		request_16	1684177136017	1684177136185	OK	 
REQUEST		request_17	1684177136015	1684177136185	OK	 
REQUEST		request_14	1684177136016	1684177136214	OK	 
REQUEST		request_1	1684177137696	1684177137704	OK	 
REQUEST		request_5	1684177137705	1684177137716	OK	 
REQUEST		request_6	1684177137705	1684177137797	OK	 
REQUEST		request_4	1684177137707	1684177137825	KO	status.find.in([200, 209], 304), found 400
REQUEST		request_2	1684177137706	1684177137887	OK	 
REQUEST		request_3	1684177137707	1684177137887	OK	 
REQUEST		request_7	1684177138888	1684177138895	OK	 
REQUEST		request_9	1684177138897	1684177138903	KO	status.find.in([200, 209], 304), found 403
REQUEST		request_8	1684177138896	1684177138925	OK	 
REQUEST		request_18	1684177139215	1684177139291	OK	 
REQUEST		request_37	1684177139293	1684177139330	OK	 
REQUEST		request_26	1684177139295	1684177139431	KO	status.find.in([200, 209], 304), found 400
REQUEST		request_19	1684177139294	1684177139458	KO	status.find.in([200, 209], 304), found 400
REQUEST		request_30	1684177139296	1684177139460	OK	 
REQUEST		request_25	1684177139295	1684177139464	OK	 
REQUEST		request_28	1684177139295	1684177139475	OK	 
REQUEST		request_20	1684177139294	1684177139476	KO	status.find.in([200, 209], 304), found 400
REQUEST		request_29	1684177139296	1684177139496	OK	 
REQUEST		request_31	1684177139432	1684177139557	KO	status.find.in([200, 209], 304), found 400
REQUEST		request_33	1684177139458	1684177139570	KO	status.find.in([200, 209], 304), found 400
REQUEST		request_36	1684177139476	1684177139573	KO	status.find.in([200, 209], 304), found 400
REQUEST		request_34	1684177139460	1684177139573	KO	status.find.in([200, 209], 304), found 400
REQUEST		request_35	1684177139464	1684177139634	OK	 
REQUEST		request_10	1684177140926	1684177141009	OK	 
USER	flujoReusoCheckOut	START	1684177145525
REQUEST		request_0	1684177145524	1684177145698	OK	 
REQUEST		request_11	1684177146010	1684177146032	OK	 
REQUEST		request_12	1684177146033	1684177146105	OK	 
REQUEST		request_17	1684177146034	1684177146192	OK	 
REQUEST		request_15	1684177146035	1684177146194	OK	 
REQUEST		request_13	1684177146034	1684177146195	OK	 
REQUEST		request_16	1684177146035	1684177146223	OK	 
REQUEST		request_14	1684177146034	1684177146236	OK	 
REQUEST		request_1	1684177147699	1684177147711	OK	 
REQUEST		request_5	1684177147712	1684177147719	OK	 
REQUEST		request_6	1684177147712	1684177147798	OK	 
REQUEST		request_4	1684177147714	1684177147835	KO	status.find.in([200, 209], 304), found 400
REQUEST		request_2	1684177147713	1684177147905	OK	 
REQUEST		request_3	1684177147713	1684177147906	OK	 
REQUEST		request_7	1684177148908	1684177148917	OK	 
REQUEST		request_9	1684177148919	1684177148931	KO	status.find.in([200, 209], 304), found 403
REQUEST		request_8	1684177148918	1684177148932	OK	 
REQUEST		request_18	1684177149238	1684177149321	OK	 
REQUEST		request_37	1684177149323	1684177149365	OK	 
REQUEST		request_26	1684177149327	1684177149458	KO	status.find.in([200, 209], 304), found 400
REQUEST		request_20	1684177149324	1684177149463	KO	status.find.in([200, 209], 304), found 400
REQUEST		request_25	1684177149326	1684177149492	OK	 
REQUEST		request_28	1684177149328	1684177149503	OK	 
REQUEST		request_30	1684177149329	1684177149508	OK	 
REQUEST		request_29	1684177149329	1684177149515	OK	 
REQUEST		request_19	1684177149325	1684177149536	KO	status.find.in([200, 209], 304), found 400
REQUEST		request_31	1684177149459	1684177149586	KO	status.find.in([200, 209], 304), found 400
REQUEST		request_33	1684177149492	1684177149603	KO	status.find.in([200, 209], 304), found 400
REQUEST		request_34	1684177149504	1684177149634	KO	status.find.in([200, 209], 304), found 400
REQUEST		request_36	1684177149515	1684177149650	KO	status.find.in([200, 209], 304), found 400
REQUEST		request_35	1684177149509	1684177149661	OK	 
REQUEST		request_10	1684177150933	1684177151038	OK	 
USER	flujoReusoCheckOut	START	1684177155525
REQUEST		request_0	1684177155524	1684177155704	OK	 
REQUEST		request_11	1684177156038	1684177156052	OK	 
REQUEST		request_12	1684177156052	1684177156147	OK	 
REQUEST		request_13	1684177156053	1684177156222	OK	 
REQUEST		request_17	1684177156053	1684177156244	OK	 
REQUEST		request_16	1684177156054	1684177156262	OK	 
REQUEST		request_15	1684177156054	1684177156263	OK	 
REQUEST		request_14	1684177156054	1684177156264	OK	 
REQUEST		request_1	1684177157706	1684177157713	OK	 
REQUEST		request_5	1684177157714	1684177157755	OK	 
REQUEST		request_6	1684177157714	1684177157858	OK	 
REQUEST		request_4	1684177157715	1684177157873	KO	status.find.in([200, 209], 304), found 400
REQUEST		request_3	1684177157715	1684177157915	OK	 
REQUEST		request_2	1684177157714	1684177157921	OK	 
REQUEST		request_7	1684177158922	1684177158932	OK	 
REQUEST		request_9	1684177158933	1684177158942	KO	status.find.in([200, 209], 304), found 403
REQUEST		request_8	1684177158933	1684177158942	OK	 
REQUEST		request_18	1684177159272	1684177159368	OK	 
REQUEST		request_37	1684177159370	1684177159576	OK	 
REQUEST		request_26	1684177159508	1684177159625	KO	status.find.in([200, 209], 304), found 400
REQUEST		request_25	1684177159508	1684177159653	OK	 
REQUEST		request_20	1684177159467	1684177159680	KO	status.find.in([200, 209], 304), found 400
REQUEST		request_30	1684177159550	1684177159712	OK	 
REQUEST		request_31	1684177159626	1684177159737	KO	status.find.in([200, 209], 304), found 400
REQUEST		request_19	1684177159507	1684177159742	KO	status.find.in([200, 209], 304), found 400
REQUEST		request_29	1684177159550	1684177159743	OK	 
REQUEST		request_28	1684177159508	1684177159743	OK	 
REQUEST		request_33	1684177159653	1684177159776	KO	status.find.in([200, 209], 304), found 400
REQUEST		request_34	1684177159712	1684177159854	KO	status.find.in([200, 209], 304), found 400
REQUEST		request_36	1684177159742	1684177159855	KO	status.find.in([200, 209], 304), found 400
REQUEST		request_35	1684177159737	1684177159885	OK	 
REQUEST		request_10	1684177160943	1684177161024	OK	 
REQUEST		request_11	1684177166026	1684177166034	OK	 
REQUEST		request_12	1684177166034	1684177166106	OK	 
REQUEST		request_17	1684177166035	1684177166176	OK	 
REQUEST		request_15	1684177166036	1684177166195	OK	 
REQUEST		request_13	1684177166035	1684177166196	OK	 
REQUEST		request_16	1684177166036	1684177166209	OK	 
REQUEST		request_14	1684177166035	1684177166243	OK	 
REQUEST		request_18	1684177169244	1684177169320	OK	 
REQUEST		request_37	1684177169321	1684177169362	OK	 
REQUEST		request_26	1684177169323	1684177169442	KO	status.find.in([200, 209], 304), found 400
REQUEST		request_20	1684177169322	1684177169471	KO	status.find.in([200, 209], 304), found 400
REQUEST		request_25	1684177169323	1684177169474	OK	 
REQUEST		request_30	1684177169324	1684177169500	OK	 
REQUEST		request_29	1684177169324	1684177169500	OK	 
REQUEST		request_19	1684177169322	1684177169511	KO	status.find.in([200, 209], 304), found 400
REQUEST		request_28	1684177169323	1684177169516	OK	 
REQUEST		request_31	1684177169443	1684177169545	KO	status.find.in([200, 209], 304), found 400
REQUEST		request_33	1684177169474	1684177169568	KO	status.find.in([200, 209], 304), found 400
REQUEST		request_34	1684177169500	1684177169600	KO	status.find.in([200, 209], 304), found 400
REQUEST		request_36	1684177169511	1684177169611	KO	status.find.in([200, 209], 304), found 400
REQUEST		request_35	1684177169501	1684177169647	OK	 
REQUEST		request_39	1684177185153	1684177185712	OK	 
REQUEST		request_63	1684177185761	1684177186006	OK	 
REQUEST		request_53	1684177185868	1684177186031	KO	status.find.in([200, 209], 304), found 400
REQUEST		request_59	1684177185868	1684177186054	KO	status.find.in([200, 209], 304), found 400
REQUEST		request_62	1684177185868	1684177186062	KO	status.find.in([200, 209], 304), found 400
REQUEST		request_61	1684177185736	1684177186079	OK	 
REQUEST		request_46	1684177185833	1684177186101	OK	 
REQUEST		request_60	1684177185868	1684177186101	OK	 
REQUEST		request_50	1684177185713	1684177186107	OK	 
REQUEST		request_58	1684177185868	1684177186107	OK	 
REQUEST		request_52	1684177185867	1684177186115	OK	 
REQUEST		request_49	1684177185833	1684177186127	OK	 
REQUEST		request_48	1684177185797	1684177186188	OK	 
REQUEST		request_44	1684177185906	1684177186188	OK	 
REQUEST		request_65	1684177186055	1684177186188	KO	status.find.in([200, 209], 304), found 400
REQUEST		request_64	1684177186031	1684177186189	OK	 
REQUEST		request_47	1684177185869	1684177186189	OK	 
REQUEST		request_40	1684177185906	1684177186191	OK	 
REQUEST		request_45	1684177185907	1684177186228	OK	 
REQUEST		request_56	1684177185797	1684177186430	OK	 
REQUEST		request_54	1684177185761	1684177186550	OK	 
REQUEST		request_66	1684177189551	1684177189692	OK	 
REQUEST		request_69	1684177189693	1684177189702	OK	 
REQUEST		request_74	1684177193703	1684177193965	OK	 
REQUEST		request_76	1684177193965	1684177193973	OK	 
REQUEST		request_75	1684177193966	1684177194080	KO	status.find.in([200, 209], 304), found 400
REQUEST		request_39	1684177194074	1684177194322	OK	 
REQUEST		request_63	1684177194325	1684177194424	OK	 
REQUEST		request_53	1684177194330	1684177194465	KO	status.find.in([200, 209], 304), found 400
REQUEST		request_59	1684177194331	1684177194469	KO	status.find.in([200, 209], 304), found 400
REQUEST		request_62	1684177194332	1684177194501	KO	status.find.in([200, 209], 304), found 400
REQUEST		request_58	1684177194331	1684177194506	OK	 
REQUEST		request_47	1684177194333	1684177194510	OK	 
REQUEST		request_61	1684177194324	1684177194510	OK	 
REQUEST		request_45	1684177194334	1684177194514	OK	 
REQUEST		request_60	1684177194332	1684177194519	OK	 
REQUEST		request_52	1684177194328	1684177194523	OK	 
REQUEST		request_50	1684177194324	1684177194538	OK	 
REQUEST		request_48	1684177194327	1684177194550	OK	 
REQUEST		request_46	1684177194327	1684177194550	OK	 
REQUEST		request_65	1684177194469	1684177194596	KO	status.find.in([200, 209], 304), found 400
REQUEST		request_44	1684177194333	1684177194597	OK	 
REQUEST		request_40	1684177194333	1684177194611	OK	 
REQUEST		request_64	1684177194466	1684177194616	OK	 
REQUEST		request_49	1684177194327	1684177194648	OK	 
REQUEST		request_54	1684177194326	1684177194670	OK	 
REQUEST		request_56	1684177194326	1684177194689	OK	 
REQUEST		request_79	1684177196082	1684177196237	OK	 
REQUEST		request_80	1684177196237	1684177196418	KO	status.find.in([200, 209], 304), found 400
REQUEST		request_81	1684177197420	1684177197561	OK	 
REQUEST		request_82	1684177197562	1684177197685	KO	status.find.in([200, 209], 304), found 400
REQUEST		request_66	1684177197691	1684177197833	OK	 
REQUEST		request_69	1684177197833	1684177197841	OK	 
REQUEST		request_83	1684177199687	1684177199832	OK	 
REQUEST		request_84	1684177199832	1684177199939	KO	status.find.in([200, 209], 304), found 400
REQUEST		request_74	1684177201843	1684177202013	OK	 
REQUEST		request_76	1684177202014	1684177202021	OK	 
REQUEST		request_85	1684177201941	1684177202099	OK	 
REQUEST		request_75	1684177202014	1684177202120	KO	status.find.in([200, 209], 304), found 400
REQUEST		request_86	1684177202100	1684177202257	KO	status.find.in([200, 209], 304), found 400
REQUEST		request_39	1684177203995	1684177204235	OK	 
REQUEST		request_63	1684177204238	1684177204343	OK	 
REQUEST		request_79	1684177204120	1684177204348	OK	 
REQUEST		request_40	1684177204242	1684177204385	OK	 
REQUEST		request_59	1684177204241	1684177204398	KO	status.find.in([200, 209], 304), found 400
REQUEST		request_45	1684177204242	1684177204422	OK	 
REQUEST		request_61	1684177204238	1684177204424	OK	 
REQUEST		request_87	1684177204258	1684177204424	OK	 
REQUEST		request_62	1684177204241	1684177204426	KO	status.find.in([200, 209], 304), found 400
REQUEST		request_53	1684177204240	1684177204430	KO	status.find.in([200, 209], 304), found 400
REQUEST		request_60	1684177204241	1684177204443	OK	 
REQUEST		request_50	1684177204237	1684177204444	OK	 
REQUEST		request_47	1684177204241	1684177204455	OK	 
REQUEST		request_58	1684177204240	1684177204456	OK	 
REQUEST		request_46	1684177204239	1684177204457	OK	 
REQUEST		request_80	1684177204349	1684177204458	KO	status.find.in([200, 209], 304), found 400
REQUEST		request_52	1684177204240	1684177204459	OK	 
REQUEST		request_44	1684177204242	1684177204514	OK	 
REQUEST		request_49	1684177204239	1684177204517	OK	 
REQUEST		request_65	1684177204426	1684177204526	KO	status.find.in([200, 209], 304), found 400
REQUEST		request_88	1684177204424	1684177204526	KO	status.find.in([200, 209], 304), found 400
REQUEST		request_64	1684177204398	1684177204539	OK	 
REQUEST		request_54	1684177204238	1684177204560	OK	 
REQUEST		request_56	1684177204239	1684177204596	OK	 
REQUEST		request_89	1684177204425	1684177204644	OK	 
REQUEST		request_48	1684177204239	1684177204678	OK	 
REQUEST		request_90	1684177204425	1684177204719	KO	status.find.in([200, 209], 304), found 400
REQUEST		request_81	1684177205460	1684177205607	OK	 
REQUEST		request_82	1684177205607	1684177205719	KO	status.find.in([200, 209], 304), found 400
REQUEST		request_91	1684177205721	1684177206118	OK	 
REQUEST		request_92	1684177206119	1684177206238	KO	status.find.in([200, 209], 304), found 400
REQUEST		request_93	1684177207239	1684177207383	OK	 
REQUEST		request_99	1684177207384	1684177207435	OK	 
REQUEST		request_95	1684177207384	1684177207505	KO	status.find.in([200, 209], 304), found 400
REQUEST		request_102	1684177207391	1684177207518	KO	status.find.in([200, 209], 304), found 400
REQUEST		request_101	1684177207391	1684177207546	OK	 
REQUEST		request_98	1684177207434	1684177207607	OK	 
REQUEST		request_100	1684177207434	1684177207635	OK	 
REQUEST		request_97	1684177207434	1684177207726	OK	 
REQUEST		request_94	1684177207391	1684177207837	OK	 
USER	flujoReusoCheckOut	END	1684177207840
REQUEST		request_66	1684177207680	1684177207866	OK	 
REQUEST		request_69	1684177207866	1684177207873	OK	 
REQUEST		request_83	1684177207720	1684177207883	OK	 
REQUEST		request_84	1684177207884	1684177207985	KO	status.find.in([200, 209], 304), found 400
REQUEST		request_85	1684177209985	1684177210144	OK	 
REQUEST		request_86	1684177210145	1684177210244	KO	status.find.in([200, 209], 304), found 400
REQUEST		request_74	1684177211874	1684177212048	OK	 
REQUEST		request_76	1684177212049	1684177212056	OK	 
REQUEST		request_75	1684177212049	1684177212149	KO	status.find.in([200, 209], 304), found 400
REQUEST		request_87	1684177212246	1684177212396	OK	 
REQUEST		request_90	1684177212397	1684177212492	KO	status.find.in([200, 209], 304), found 400
REQUEST		request_88	1684177212397	1684177212497	KO	status.find.in([200, 209], 304), found 400
REQUEST		request_89	1684177212397	1684177212549	OK	 
REQUEST		request_91	1684177213551	1684177213693	OK	 
REQUEST		request_92	1684177213693	1684177213799	KO	status.find.in([200, 209], 304), found 400
REQUEST		request_39	1684177213785	1684177213974	OK	 
REQUEST		request_63	1684177213977	1684177214085	OK	 
REQUEST		request_62	1684177213980	1684177214118	KO	status.find.in([200, 209], 304), found 400
REQUEST		request_46	1684177213978	1684177214126	OK	 
REQUEST		request_53	1684177213979	1684177214130	KO	status.find.in([200, 209], 304), found 400
REQUEST		request_61	1684177213976	1684177214142	OK	 
REQUEST		request_60	1684177213979	1684177214163	OK	 
REQUEST		request_54	1684177213977	1684177214167	OK	 
REQUEST		request_59	1684177213979	1684177214172	KO	status.find.in([200, 209], 304), found 400
REQUEST		request_52	1684177213979	1684177214178	OK	 
REQUEST		request_50	1684177213976	1684177214180	OK	 
REQUEST		request_58	1684177213979	1684177214206	OK	 
REQUEST		request_44	1684177213980	1684177214231	OK	 
REQUEST		request_64	1684177214118	1684177214243	OK	 
REQUEST		request_65	1684177214130	1684177214252	KO	status.find.in([200, 209], 304), found 400
REQUEST		request_40	1684177213980	1684177214256	OK	 
REQUEST		request_48	1684177213978	1684177214280	OK	 
REQUEST		request_49	1684177213978	1684177214280	OK	 
REQUEST		request_45	1684177213981	1684177214284	OK	 
REQUEST		request_79	1684177214150	1684177214306	OK	 
REQUEST		request_56	1684177213977	1684177214322	OK	 
REQUEST		request_47	1684177213980	1684177214414	OK	 
REQUEST		request_80	1684177214306	1684177214431	KO	status.find.in([200, 209], 304), found 400
REQUEST		request_93	1684177214800	1684177214951	OK	 
REQUEST		request_99	1684177214952	1684177214961	OK	 
REQUEST		request_95	1684177214952	1684177215072	KO	status.find.in([200, 209], 304), found 400
REQUEST		request_97	1684177214959	1684177215072	OK	 
REQUEST		request_102	1684177214958	1684177215093	KO	status.find.in([200, 209], 304), found 400
REQUEST		request_101	1684177214958	1684177215108	OK	 
REQUEST		request_100	1684177214961	1684177215137	OK	 
REQUEST		request_98	1684177214960	1684177215182	OK	 
REQUEST		request_94	1684177214959	1684177215239	OK	 
USER	flujoReusoCheckOut	END	1684177215242
REQUEST		request_81	1684177215433	1684177215605	OK	 
REQUEST		request_82	1684177215605	1684177215729	KO	status.find.in([200, 209], 304), found 400
REQUEST		request_66	1684177217415	1684177217598	OK	 
REQUEST		request_69	1684177217599	1684177217608	OK	 
REQUEST		request_83	1684177217731	1684177217882	OK	 
REQUEST		request_84	1684177217882	1684177217992	KO	status.find.in([200, 209], 304), found 400
REQUEST		request_85	1684177219993	1684177220252	OK	 
REQUEST		request_86	1684177220252	1684177220348	KO	status.find.in([200, 209], 304), found 400
REQUEST		request_74	1684177221609	1684177221778	OK	 
REQUEST		request_76	1684177221778	1684177221785	OK	 
REQUEST		request_75	1684177221779	1684177221932	KO	status.find.in([200, 209], 304), found 400
REQUEST		request_87	1684177222349	1684177222502	OK	 
REQUEST		request_90	1684177222503	1684177222611	KO	status.find.in([200, 209], 304), found 400
REQUEST		request_88	1684177222503	1684177222630	KO	status.find.in([200, 209], 304), found 400
REQUEST		request_89	1684177222503	1684177222654	OK	 
REQUEST		request_91	1684177223656	1684177223825	OK	 
REQUEST		request_92	1684177223825	1684177223932	KO	status.find.in([200, 209], 304), found 400
REQUEST		request_79	1684177223933	1684177224107	OK	 
REQUEST		request_39	1684177223826	1684177224122	OK	 
REQUEST		request_80	1684177224107	1684177224252	KO	status.find.in([200, 209], 304), found 400
REQUEST		request_63	1684177224162	1684177224300	OK	 
REQUEST		request_61	1684177224126	1684177224367	OK	 
REQUEST		request_50	1684177224124	1684177224394	OK	 
REQUEST		request_46	1684177224167	1684177224411	OK	 
REQUEST		request_49	1684177224166	1684177224414	OK	 
REQUEST		request_53	1684177224170	1684177224414	KO	status.find.in([200, 209], 304), found 400
REQUEST		request_59	1684177224170	1684177224421	KO	status.find.in([200, 209], 304), found 400
REQUEST		request_54	1684177224162	1684177224422	OK	 
REQUEST		request_62	1684177224171	1684177224425	KO	status.find.in([200, 209], 304), found 400
REQUEST		request_56	1684177224164	1684177224433	OK	 
REQUEST		request_40	1684177224173	1684177224439	OK	 
REQUEST		request_58	1684177224170	1684177224466	OK	 
REQUEST		request_52	1684177224169	1684177224467	OK	 
REQUEST		request_60	1684177224171	1684177224467	OK	 
REQUEST		request_65	1684177224421	1684177224524	KO	status.find.in([200, 209], 304), found 400
REQUEST		request_44	1684177224173	1684177224535	OK	 
REQUEST		request_47	1684177224171	1684177224544	OK	 
REQUEST		request_64	1684177224414	1684177224566	OK	 
REQUEST		request_48	1684177224164	1684177224603	OK	 
REQUEST		request_45	1684177224173	1684177224603	OK	 
REQUEST		request_93	1684177224933	1684177225075	OK	 
REQUEST		request_99	1684177225076	1684177225085	OK	 
REQUEST		request_95	1684177225077	1684177225180	KO	status.find.in([200, 209], 304), found 400
REQUEST		request_101	1684177225077	1684177225224	OK	 
REQUEST		request_97	1684177225079	1684177225227	OK	 
REQUEST		request_102	1684177225078	1684177225303	KO	status.find.in([200, 209], 304), found 400
REQUEST		request_98	1684177225080	1684177225317	OK	 
REQUEST		request_94	1684177225078	1684177225331	OK	 
REQUEST		request_100	1684177225080	1684177225362	OK	 
USER	flujoReusoCheckOut	END	1684177225365
REQUEST		request_81	1684177225254	1684177225397	OK	 
REQUEST		request_82	1684177225398	1684177225509	KO	status.find.in([200, 209], 304), found 400
REQUEST		request_83	1684177227511	1684177227659	OK	 
REQUEST		request_66	1684177227605	1684177227753	OK	 
REQUEST		request_84	1684177227660	1684177227822	KO	status.find.in([200, 209], 304), found 400
REQUEST		request_69	1684177227754	1684177227863	OK	 
REQUEST		request_85	1684177229824	1684177229979	OK	 
REQUEST		request_86	1684177229979	1684177230084	KO	status.find.in([200, 209], 304), found 400
REQUEST		request_74	1684177231865	1684177232026	OK	 
REQUEST		request_76	1684177232026	1684177232034	OK	 
REQUEST		request_75	1684177232027	1684177232155	KO	status.find.in([200, 209], 304), found 400
REQUEST		request_87	1684177232086	1684177232238	OK	 
REQUEST		request_90	1684177232239	1684177232407	KO	status.find.in([200, 209], 304), found 400
REQUEST		request_88	1684177232239	1684177232407	KO	status.find.in([200, 209], 304), found 400
REQUEST		request_89	1684177232239	1684177232415	OK	 
REQUEST		request_91	1684177233416	1684177233577	OK	 
REQUEST		request_92	1684177233577	1684177233923	KO	status.find.in([200, 209], 304), found 400
REQUEST		request_39	1684177233920	1684177234162	OK	 
REQUEST		request_63	1684177234165	1684177234262	OK	 
REQUEST		request_53	1684177234168	1684177234305	KO	status.find.in([200, 209], 304), found 400
REQUEST		request_46	1684177234166	1684177234308	OK	 
REQUEST		request_79	1684177234157	1684177234310	OK	 
REQUEST		request_59	1684177234169	1684177234311	KO	status.find.in([200, 209], 304), found 400
REQUEST		request_49	1684177234166	1684177234317	OK	 
REQUEST		request_61	1684177234164	1684177234331	OK	 
REQUEST		request_45	1684177234171	1684177234341	OK	 
REQUEST		request_56	1684177234165	1684177234345	OK	 
REQUEST		request_62	1684177234169	1684177234351	KO	status.find.in([200, 209], 304), found 400
REQUEST		request_54	1684177234165	1684177234358	OK	 
REQUEST		request_60	1684177234169	1684177234380	OK	 
REQUEST		request_50	1684177234164	1684177234381	OK	 
REQUEST		request_58	1684177234169	1684177234383	OK	 
REQUEST		request_52	1684177234166	1684177234407	OK	 
REQUEST		request_44	1684177234170	1684177234431	OK	 
REQUEST		request_65	1684177234311	1684177234432	KO	status.find.in([200, 209], 304), found 400
REQUEST		request_47	1684177234170	1684177234447	OK	 
REQUEST		request_64	1684177234305	1684177234447	OK	 
REQUEST		request_40	1684177234170	1684177234447	OK	 
REQUEST		request_80	1684177234311	1684177234464	KO	status.find.in([200, 209], 304), found 400
REQUEST		request_48	1684177234166	1684177234825	OK	 
REQUEST		request_93	1684177234925	1684177235075	OK	 
REQUEST		request_99	1684177235075	1684177235084	OK	 
REQUEST		request_95	1684177235076	1684177235181	KO	status.find.in([200, 209], 304), found 400
REQUEST		request_97	1684177235077	1684177235190	OK	 
REQUEST		request_102	1684177235076	1684177235214	KO	status.find.in([200, 209], 304), found 400
REQUEST		request_101	1684177235076	1684177235239	OK	 
REQUEST		request_94	1684177235076	1684177235249	OK	 
REQUEST		request_100	1684177235078	1684177235280	OK	 
REQUEST		request_98	1684177235078	1684177235296	OK	 
USER	flujoReusoCheckOut	END	1684177235301
REQUEST		request_81	1684177235465	1684177235604	OK	 
REQUEST		request_82	1684177235604	1684177235711	KO	status.find.in([200, 209], 304), found 400
REQUEST		request_83	1684177237712	1684177237876	OK	 
REQUEST		request_84	1684177237877	1684177237978	KO	status.find.in([200, 209], 304), found 400
REQUEST		request_66	1684177237826	1684177238005	OK	 
REQUEST		request_69	1684177238006	1684177238014	OK	 
REQUEST		request_85	1684177239980	1684177240433	OK	 
REQUEST		request_86	1684177240433	1684177240534	KO	status.find.in([200, 209], 304), found 400
REQUEST		request_74	1684177242016	1684177242194	OK	 
REQUEST		request_76	1684177242195	1684177242203	OK	 
REQUEST		request_75	1684177242195	1684177242462	KO	status.find.in([200, 209], 304), found 400
REQUEST		request_87	1684177242537	1684177242724	OK	 
REQUEST		request_88	1684177242724	1684177242830	KO	status.find.in([200, 209], 304), found 400
REQUEST		request_90	1684177242725	1684177242866	KO	status.find.in([200, 209], 304), found 400
REQUEST		request_89	1684177242724	1684177242919	OK	 
REQUEST		request_39	1684177243637	1684177243924	OK	 
REQUEST		request_63	1684177243925	1684177244052	OK	 
REQUEST		request_53	1684177243927	1684177244086	KO	status.find.in([200, 209], 304), found 400
REQUEST		request_91	1684177243920	1684177244086	OK	 
REQUEST		request_49	1684177243926	1684177244105	OK	 
REQUEST		request_62	1684177243928	1684177244110	KO	status.find.in([200, 209], 304), found 400
REQUEST		request_61	1684177243925	1684177244118	OK	 
REQUEST		request_59	1684177243927	1684177244119	KO	status.find.in([200, 209], 304), found 400
REQUEST		request_56	1684177243926	1684177244120	OK	 
REQUEST		request_52	1684177243927	1684177244128	OK	 
REQUEST		request_60	1684177243927	1684177244166	OK	 
REQUEST		request_54	1684177243926	1684177244167	OK	 
REQUEST		request_46	1684177243926	1684177244167	OK	 
REQUEST		request_58	1684177243927	1684177244169	OK	 
REQUEST		request_47	1684177243928	1684177244171	OK	 
REQUEST		request_92	1684177244087	1684177244190	KO	status.find.in([200, 209], 304), found 400
REQUEST		request_50	1684177243925	1684177244192	OK	 
REQUEST		request_44	1684177243928	1684177244220	OK	 
REQUEST		request_40	1684177243928	1684177244220	OK	 
REQUEST		request_65	1684177244110	1684177244220	KO	status.find.in([200, 209], 304), found 400
REQUEST		request_64	1684177244086	1684177244226	OK	 
REQUEST		request_48	1684177243926	1684177244258	OK	 
REQUEST		request_45	1684177243928	1684177244258	OK	 
REQUEST		request_79	1684177244464	1684177244609	OK	 
REQUEST		request_80	1684177244610	1684177244726	KO	status.find.in([200, 209], 304), found 400
REQUEST		request_93	1684177245191	1684177245348	OK	 
REQUEST		request_99	1684177245348	1684177245356	OK	 
REQUEST		request_101	1684177245349	1684177245897	OK	 
REQUEST		request_95	1684177245348	1684177245897	KO	status.find.in([200, 209], 304), found 400
REQUEST		request_97	1684177245351	1684177245897	OK	 
REQUEST		request_81	1684177245728	1684177245897	OK	 
REQUEST		request_102	1684177245349	1684177245897	KO	status.find.in([200, 209], 304), found 400
REQUEST		request_98	1684177245351	1684177245907	OK	 
REQUEST		request_100	1684177245351	1684177245935	OK	 
REQUEST		request_82	1684177245898	1684177246538	KO	status.find.in([200, 209], 304), found 400
REQUEST		request_94	1684177245349	1684177247307	OK	 
USER	flujoReusoCheckOut	END	1684177247310
REQUEST		request_66	1684177247259	1684177247464	OK	 
REQUEST		request_69	1684177247465	1684177247473	OK	 
REQUEST		request_83	1684177248539	1684177249109	OK	 
REQUEST		request_84	1684177249110	1684177249617	KO	status.find.in([200, 209], 304), found 400
REQUEST		request_74	1684177251474	1684177251638	OK	 
REQUEST		request_76	1684177251639	1684177251650	OK	 
REQUEST		request_75	1684177251639	1684177251761	KO	status.find.in([200, 209], 304), found 400
REQUEST		request_85	1684177251619	1684177251781	OK	 
REQUEST		request_86	1684177251782	1684177251897	KO	status.find.in([200, 209], 304), found 400
REQUEST		request_39	1684177253662	1684177253902	OK	 
REQUEST		request_79	1684177253764	1684177253934	OK	 
REQUEST		request_80	1684177253934	1684177254029	KO	status.find.in([200, 209], 304), found 400
REQUEST		request_63	1684177253904	1684177254049	OK	 
REQUEST		request_87	1684177253899	1684177254059	OK	 
REQUEST		request_44	1684177253908	1684177254091	OK	 
REQUEST		request_46	1684177253905	1684177254098	OK	 
REQUEST		request_62	1684177253907	1684177254099	KO	status.find.in([200, 209], 304), found 400
REQUEST		request_49	1684177253905	1684177254106	OK	 
REQUEST		request_53	1684177253906	1684177254114	KO	status.find.in([200, 209], 304), found 400
REQUEST		request_61	1684177253903	1684177254126	OK	 
REQUEST		request_59	1684177253906	1684177254132	KO	status.find.in([200, 209], 304), found 400
REQUEST		request_58	1684177253906	1684177254134	OK	 
REQUEST		request_60	1684177253907	1684177254139	OK	 
REQUEST		request_52	1684177253906	1684177254146	OK	 
REQUEST		request_50	1684177253903	1684177254152	OK	 
REQUEST		request_54	1684177253904	1684177254155	OK	 
REQUEST		request_88	1684177254060	1684177254161	KO	status.find.in([200, 209], 304), found 400
REQUEST		request_90	1684177254060	1684177254174	KO	status.find.in([200, 209], 304), found 400
REQUEST		request_40	1684177253907	1684177254180	OK	 
REQUEST		request_89	1684177254060	1684177254226	OK	 
REQUEST		request_65	1684177254114	1684177254237	KO	status.find.in([200, 209], 304), found 400
REQUEST		request_64	1684177254099	1684177254249	OK	 
REQUEST		request_45	1684177253950	1684177254264	OK	 
REQUEST		request_56	1684177253904	1684177254319	OK	 
REQUEST		request_47	1684177253907	1684177254321	OK	 
REQUEST		request_48	1684177253905	1684177254327	OK	 
REQUEST		request_81	1684177255030	1684177255176	OK	 
REQUEST		request_82	1684177255177	1684177255276	KO	status.find.in([200, 209], 304), found 400
REQUEST		request_91	1684177255228	1684177255409	OK	 
REQUEST		request_92	1684177255409	1684177255520	KO	status.find.in([200, 209], 304), found 400
REQUEST		request_93	1684177256522	1684177256983	OK	 
REQUEST		request_99	1684177256984	1684177256993	OK	 
REQUEST		request_102	1684177256984	1684177257088	KO	status.find.in([200, 209], 304), found 400
REQUEST		request_97	1684177256985	1684177257091	OK	 
REQUEST		request_98	1684177256985	1684177257099	OK	 
REQUEST		request_101	1684177256984	1684177257126	OK	 
REQUEST		request_95	1684177256984	1684177257212	KO	status.find.in([200, 209], 304), found 400
REQUEST		request_100	1684177256985	1684177257224	OK	 
REQUEST		request_94	1684177256984	1684177257388	OK	 
USER	flujoReusoCheckOut	END	1684177257391
REQUEST		request_83	1684177257278	1684177257428	OK	 
REQUEST		request_84	1684177257429	1684177257530	KO	status.find.in([200, 209], 304), found 400
REQUEST		request_66	1684177257328	1684177257602	OK	 
REQUEST		request_69	1684177257603	1684177257617	OK	 
REQUEST		request_85	1684177259532	1684177259673	OK	 
REQUEST		request_86	1684177259673	1684177259871	KO	status.find.in([200, 209], 304), found 400
REQUEST		request_74	1684177261619	1684177261792	OK	 
REQUEST		request_76	1684177261793	1684177261800	OK	 
REQUEST		request_75	1684177261793	1684177261950	KO	status.find.in([200, 209], 304), found 400
REQUEST		request_87	1684177261872	1684177262021	OK	 
REQUEST		request_90	1684177262022	1684177262121	KO	status.find.in([200, 209], 304), found 400
REQUEST		request_88	1684177262021	1684177262124	KO	status.find.in([200, 209], 304), found 400
REQUEST		request_89	1684177262022	1684177262176	OK	 
REQUEST		request_91	1684177263179	1684177263349	OK	 
REQUEST		request_92	1684177263350	1684177263445	KO	status.find.in([200, 209], 304), found 400
REQUEST		request_79	1684177263952	1684177264098	OK	 
REQUEST		request_39	1684177263887	1684177264124	OK	 
REQUEST		request_80	1684177264098	1684177264197	KO	status.find.in([200, 209], 304), found 400
REQUEST		request_63	1684177264128	1684177264381	OK	 
REQUEST		request_53	1684177264250	1684177264413	KO	status.find.in([200, 209], 304), found 400
REQUEST		request_40	1684177264290	1684177264418	OK	 
REQUEST		request_46	1684177264204	1684177264418	OK	 
REQUEST		request_61	1684177264127	1684177264457	OK	 
REQUEST		request_60	1684177264250	1684177264458	OK	 
REQUEST		request_59	1684177264250	1684177264464	KO	status.find.in([200, 209], 304), found 400
REQUEST		request_58	1684177264250	1684177264464	OK	 
REQUEST		request_52	1684177264248	1684177264470	OK	 
REQUEST		request_56	1684177264165	1684177264474	OK	 
REQUEST		request_49	1684177264204	1684177264479	OK	 
REQUEST		request_50	1684177264125	1684177264487	OK	 
REQUEST		request_48	1684177264165	1684177264492	OK	 
REQUEST		request_62	1684177264251	1684177264493	KO	status.find.in([200, 209], 304), found 400
REQUEST		request_44	1684177264290	1684177264539	OK	 
REQUEST		request_65	1684177264458	1684177264553	KO	status.find.in([200, 209], 304), found 400
REQUEST		request_64	1684177264413	1684177264561	OK	 
REQUEST		request_47	1684177264251	1684177264564	OK	 
REQUEST		request_45	1684177264291	1684177264577	OK	 
REQUEST		request_54	1684177264128	1684177264577	OK	 
REQUEST		request_93	1684177264446	1684177264593	OK	 
REQUEST		request_99	1684177264594	1684177264601	OK	 
REQUEST		request_98	1684177264595	1684177264702	OK	 
REQUEST		request_102	1684177264595	1684177264708	KO	status.find.in([200, 209], 304), found 400
REQUEST		request_97	1684177264595	1684177264712	OK	 
REQUEST		request_101	1684177264595	1684177264746	OK	 
REQUEST		request_94	1684177264595	1684177264798	OK	 
REQUEST		request_95	1684177264594	1684177264811	KO	status.find.in([200, 209], 304), found 400
REQUEST		request_100	1684177264595	1684177264842	OK	 
USER	flujoReusoCheckOut	END	1684177264846
REQUEST		request_81	1684177265199	1684177265332	OK	 
REQUEST		request_82	1684177265332	1684177265434	KO	status.find.in([200, 209], 304), found 400
REQUEST		request_83	1684177267436	1684177267598	OK	 
REQUEST		request_84	1684177267599	1684177267712	KO	status.find.in([200, 209], 304), found 400
REQUEST		request_66	1684177267579	1684177267732	OK	 
REQUEST		request_69	1684177267732	1684177267762	OK	 
REQUEST		request_85	1684177269713	1684177269871	OK	 
REQUEST		request_86	1684177269872	1684177270035	KO	status.find.in([200, 209], 304), found 400
REQUEST		request_74	1684177271763	1684177271915	OK	 
REQUEST		request_76	1684177271916	1684177271923	OK	 
REQUEST		request_75	1684177271916	1684177272025	KO	status.find.in([200, 209], 304), found 400
REQUEST		request_87	1684177272037	1684177272191	OK	 
REQUEST		request_88	1684177272191	1684177272343	KO	status.find.in([200, 209], 304), found 400
REQUEST		request_90	1684177272192	1684177272344	KO	status.find.in([200, 209], 304), found 400
REQUEST		request_89	1684177272192	1684177272344	OK	 
REQUEST		request_91	1684177273346	1684177273500	OK	 
REQUEST		request_92	1684177273501	1684177273624	KO	status.find.in([200, 209], 304), found 400
REQUEST		request_39	1684177273648	1684177273885	OK	 
REQUEST		request_63	1684177273888	1684177273986	OK	 
REQUEST		request_44	1684177273891	1684177274006	OK	 
REQUEST		request_46	1684177273889	1684177274015	OK	 
REQUEST		request_62	1684177273890	1684177274023	KO	status.find.in([200, 209], 304), found 400
REQUEST		request_49	1684177273888	1684177274026	OK	 
REQUEST		request_53	1684177273889	1684177274027	KO	status.find.in([200, 209], 304), found 400
REQUEST		request_61	1684177273887	1684177274068	OK	 
REQUEST		request_59	1684177273889	1684177274068	KO	status.find.in([200, 209], 304), found 400
REQUEST		request_60	1684177273889	1684177274070	OK	 
REQUEST		request_56	1684177273888	1684177274072	OK	 
REQUEST		request_58	1684177273889	1684177274088	OK	 
REQUEST		request_48	1684177273888	1684177274102	OK	 
REQUEST		request_50	1684177273887	1684177274104	OK	 
REQUEST		request_52	1684177273889	1684177274107	OK	 
REQUEST		request_65	1684177274027	1684177274146	KO	status.find.in([200, 209], 304), found 400
REQUEST		request_64	1684177274023	1684177274164	OK	 
REQUEST		request_79	1684177274026	1684177274171	OK	 
REQUEST		request_40	1684177273890	1684177274187	OK	 
REQUEST		request_54	1684177273888	1684177274199	OK	 
REQUEST		request_45	1684177273891	1684177274207	OK	 
REQUEST		request_47	1684177273890	1684177274289	OK	 
REQUEST		request_80	1684177274172	1684177274304	KO	status.find.in([200, 209], 304), found 400
REQUEST		request_93	1684177274625	1684177274767	OK	 
REQUEST		request_99	1684177274768	1684177274780	OK	 
REQUEST		request_102	1684177274768	1684177275109	KO	status.find.in([200, 209], 304), found 400
REQUEST		request_98	1684177274769	1684177275110	OK	 
REQUEST		request_97	1684177274769	1684177275111	OK	 
REQUEST		request_95	1684177274768	1684177275111	KO	status.find.in([200, 209], 304), found 400
REQUEST		request_101	1684177274768	1684177275111	OK	 
REQUEST		request_100	1684177274769	1684177275126	OK	 
REQUEST		request_94	1684177274768	1684177275231	OK	 
USER	flujoReusoCheckOut	END	1684177275234
REQUEST		request_81	1684177275306	1684177275457	OK	 
REQUEST		request_82	1684177275458	1684177275659	KO	status.find.in([200, 209], 304), found 400
REQUEST		request_66	1684177277289	1684177277434	OK	 
REQUEST		request_69	1684177277434	1684177277442	OK	 
REQUEST		request_83	1684177277659	1684177277797	OK	 
REQUEST		request_84	1684177277797	1684177277926	KO	status.find.in([200, 209], 304), found 400
REQUEST		request_85	1684177279927	1684177280081	OK	 
REQUEST		request_86	1684177280081	1684177280204	KO	status.find.in([200, 209], 304), found 400
REQUEST		request_74	1684177281443	1684177281585	OK	 
REQUEST		request_76	1684177281585	1684177281592	OK	 
REQUEST		request_75	1684177281585	1684177281724	KO	status.find.in([200, 209], 304), found 400
REQUEST		request_87	1684177282205	1684177282350	OK	 
REQUEST		request_88	1684177282351	1684177282448	KO	status.find.in([200, 209], 304), found 400
REQUEST		request_90	1684177282351	1684177282464	KO	status.find.in([200, 209], 304), found 400
REQUEST		request_89	1684177282351	1684177282500	OK	 
REQUEST		request_91	1684177283502	1684177283696	OK	 
REQUEST		request_92	1684177283696	1684177283825	KO	status.find.in([200, 209], 304), found 400
REQUEST		request_79	1684177283725	1684177283885	OK	 
REQUEST		request_80	1684177283885	1684177284108	KO	status.find.in([200, 209], 304), found 400
REQUEST		request_93	1684177284826	1684177285005	OK	 
REQUEST		request_99	1684177285005	1684177285048	OK	 
REQUEST		request_95	1684177285006	1684177285113	KO	status.find.in([200, 209], 304), found 400
REQUEST		request_102	1684177285006	1684177285148	KO	status.find.in([200, 209], 304), found 400
REQUEST		request_101	1684177285006	1684177285151	OK	 
REQUEST		request_97	1684177285047	1684177285156	OK	 
REQUEST		request_98	1684177285047	1684177285159	OK	 
REQUEST		request_94	1684177285006	1684177285207	OK	 
REQUEST		request_81	1684177285109	1684177285274	OK	 
REQUEST		request_100	1684177285047	1684177285291	OK	 
USER	flujoReusoCheckOut	END	1684177285295
REQUEST		request_82	1684177285275	1684177285506	KO	status.find.in([200, 209], 304), found 400
REQUEST		request_83	1684177287507	1684177287650	OK	 
REQUEST		request_84	1684177287651	1684177287830	KO	status.find.in([200, 209], 304), found 400
REQUEST		request_85	1684177289832	1684177289975	OK	 
REQUEST		request_86	1684177289976	1684177290126	KO	status.find.in([200, 209], 304), found 400
REQUEST		request_87	1684177292127	1684177292281	OK	 
REQUEST		request_88	1684177292282	1684177292381	KO	status.find.in([200, 209], 304), found 400
REQUEST		request_90	1684177292282	1684177292406	KO	status.find.in([200, 209], 304), found 400
REQUEST		request_89	1684177292282	1684177292440	OK	 
REQUEST		request_91	1684177293442	1684177293848	OK	 
REQUEST		request_92	1684177293848	1684177293984	KO	status.find.in([200, 209], 304), found 400
REQUEST		request_93	1684177294985	1684177295136	OK	 
REQUEST		request_99	1684177295136	1684177295144	OK	 
REQUEST		request_98	1684177295138	1684177295247	OK	 
REQUEST		request_95	1684177295136	1684177295253	KO	status.find.in([200, 209], 304), found 400
REQUEST		request_97	1684177295138	1684177295256	OK	 
REQUEST		request_102	1684177295137	1684177295271	KO	status.find.in([200, 209], 304), found 400
REQUEST		request_100	1684177295138	1684177295276	OK	 
REQUEST		request_101	1684177295137	1684177295279	OK	 
REQUEST		request_94	1684177295137	1684177295336	OK	 
USER	flujoReusoCheckOut	END	1684177295339
