RUN	bnpl.flujoReusoCheckOut	flujoreusocheckout	1683591896246	 	3.8.3
USER	flujoReusoCheckOut	START	1683591898340
REQUEST		request_0	1683591898103	1683591898569	OK	 
REQUEST		request_1	1683591900589	1683591900599	OK	 
REQUEST		request_5	1683591900618	1683591900630	OK	 
REQUEST		request_6	1683591900619	1683591901015	OK	 
REQUEST		request_4	1683591900620	1683591902713	KO	status.find.in([200, 209], 304), found 400
REQUEST		request_3	1683591900620	1683591902791	OK	 
REQUEST		request_2	1683591900619	1683591902827	OK	 
REQUEST		request_7	1683591903830	1683591903966	OK	 
REQUEST		request_8	1683591903967	1683591903975	OK	 
REQUEST		request_9	1683591903968	1683591904249	KO	status.find.in([200, 209], 304), found 400
REQUEST		request_10	1683591906252	1683591906340	OK	 
REQUEST		request_11	1683591911342	1683591911362	OK	 
REQUEST		request_12	1683591911364	1683591911424	OK	 
REQUEST		request_13	1683591911366	1683591911547	OK	 
REQUEST		request_15	1683591911390	1683591911551	OK	 
REQUEST		request_16	1683591911390	1683591911554	OK	 
REQUEST		request_14	1683591911389	1683591911589	OK	 
REQUEST		request_17	1683591911365	1683591911734	OK	 
REQUEST		request_18	1683591914736	1683591914796	OK	 
REQUEST		request_22	1683591915375	1683591915601	KO	status.find.in([200, 209], 304), found 400
REQUEST		request_37	1683591914799	1683591915606	OK	 
REQUEST		request_21	1683591915374	1683591915815	OK	 
REQUEST		request_27	1683591915816	1683591916158	OK	 
REQUEST		request_25	1683591915377	1683591916159	OK	 
REQUEST		request_26	1683591915601	1683591916160	KO	status.find.in([200, 209], 304), found 400
REQUEST		request_23	1683591915376	1683591916187	OK	 
REQUEST		request_30	1683591916160	1683591916306	OK	 
REQUEST		request_28	1683591916158	1683591916339	OK	 
REQUEST		request_29	1683591916159	1683591916401	OK	 
REQUEST		request_32	1683591916307	1683591916495	KO	status.find.in([200, 209], 304), found 400
REQUEST		request_24	1683591915377	1683591916528	KO	status.find.in([200, 209], 304), found 400
REQUEST		request_33	1683591916340	1683591916535	KO	status.find.in([200, 209], 304), found 400
REQUEST		request_34	1683591916402	1683591916602	KO	status.find.in([200, 209], 304), found 400
REQUEST		request_35	1683591916495	1683591916641	OK	 
REQUEST		request_31	1683591916188	1683591916775	KO	status.find.in([200, 209], 304), found 400
REQUEST		request_36	1683591916529	1683591917024	KO	status.find.in([200, 209], 304), found 400
REQUEST		request_19	1683591915369	1683591917257	KO	status.find.in([200, 209], 304), found 400
REQUEST		request_20	1683591915263	1683591917461	KO	status.find.in([200, 209], 304), found 400
REQUEST		request_38	1683592021462	1683592022132	KO	status.find.in([200, 209], 304), found 404
REQUEST		request_66	1683592025135	1683592025904	OK	 
REQUEST		request_69	1683592026172	1683592026262	OK	 
REQUEST		request_67	1683592026186	1683592026340	KO	status.find.in([200, 209], 304), found 400
REQUEST		request_68	1683592026152	1683592026370	OK	 
REQUEST		request_71	1683592026151	1683592026827	KO	status.find.in([200, 209], 304), found 400
REQUEST		request_70	1683592025905	1683592027043	OK	 
REQUEST		request_72	1683592031044	1683592031196	OK	 
REQUEST		request_76	1683592031199	1683592031214	OK	 
REQUEST		request_77	1683592031200	1683592031436	OK	 
REQUEST		request_74	1683592031199	1683592031504	OK	 
REQUEST		request_78	1683592031200	1683592031623	KO	status.find.in([200, 209], 304), found 400
REQUEST		request_75	1683592031199	1683592032561	KO	status.find.in([200, 209], 304), found 400
REQUEST		request_73	1683592031198	1683592033276	KO	status.find.in([200, 209], 304), found 401
REQUEST		request_79	1683592035278	1683592035428	OK	 
REQUEST		request_80	1683592035429	1683592035547	KO	status.find.in([200, 209], 304), found 400
REQUEST		request_81	1683592036549	1683592036697	OK	 
REQUEST		request_82	1683592036698	1683592037161	KO	status.find.in([200, 209], 304), found 400
REQUEST		request_83	1683592039163	1683592039309	OK	 
REQUEST		request_84	1683592039309	1683592039585	KO	status.find.in([200, 209], 304), found 400
REQUEST		request_85	1683592041588	1683592041756	OK	 
REQUEST		request_86	1683592041757	1683592041927	KO	status.find.in([200, 209], 304), found 400
REQUEST		request_87	1683592043929	1683592044073	OK	 
REQUEST		request_89	1683592044074	1683592044370	OK	 
REQUEST		request_88	1683592044074	1683592044503	KO	status.find.in([200, 209], 304), found 400
REQUEST		request_90	1683592044075	1683592044773	KO	status.find.in([200, 209], 304), found 400
REQUEST		request_91	1683592045775	1683592045926	OK	 
REQUEST		request_92	1683592045927	1683592046037	KO	status.find.in([200, 209], 304), found 400
REQUEST		request_93	1683592047039	1683592048516	OK	 
REQUEST		request_99	1683592048518	1683592048568	OK	 
REQUEST		request_98	1683592048566	1683592048596	KO	status.find.in([200, 209], 304), found 403
REQUEST		request_97	1683592048566	1683592048597	KO	status.find.in([200, 209], 304), found 403
REQUEST		request_100	1683592048567	1683592048597	KO	status.find.in([200, 209], 304), found 403
REQUEST		request_95	1683592048518	1683592048679	KO	status.find.in([200, 209], 304), found 400
REQUEST		request_101	1683592048519	1683592048732	OK	 
REQUEST		request_102	1683592048520	1683592048877	KO	status.find.in([200, 209], 304), found 400
REQUEST		request_94	1683592048521	1683592049712	OK	 
REQUEST		request_103	1683592057715	1683592057906	OK	 
REQUEST		request_104	1683592057907	1683592058955	KO	status.find.in([200, 209], 304), found 400
USER	flujoReusoCheckOut	END	1683592058961
