RUN	bnpl.flujoReusoCheckOutCorregido	flujoreusocheckoutcorregido	1684180540550	 	3.8.3
USER	flujoReusoCheckOut	START	1684180547012
REQUEST		request_0	1684180546981	1684180547181	OK	 
REQUEST		request_1	1684180549204	1684180549221	OK	 
REQUEST		request_5	1684180549244	1684180549251	OK	 
REQUEST		request_6	1684180549245	1684180549340	OK	 
REQUEST		request_4	1684180549246	1684180549375	KO	status.find.in([200, 209], 304), found 400
REQUEST		request_3	1684180549246	1684180549528	OK	 
REQUEST		request_2	1684180549246	1684180549592	OK	 
REQUEST		request_7	1684180550594	1684180550602	OK	 
REQUEST		request_8	1684180550603	1684180550611	OK	 
REQUEST		request_9	1684180550604	1684180550612	KO	status.find.in([200, 209], 304), found 403
REQUEST		request_10	1684180552621	1684180552717	OK	 
USER	flujoReusoCheckOut	START	1684180556925
REQUEST		request_0	1684180556924	1684180557086	OK	 
REQUEST		request_11	1684180557719	1684180557729	OK	 
REQUEST		request_12	1684180557731	1684180557821	OK	 
REQUEST		request_13	1684180557733	1684180557949	OK	 
REQUEST		request_15	1684180557761	1684180557953	OK	 
REQUEST		request_14	1684180557761	1684180557961	OK	 
REQUEST		request_16	1684180557762	1684180557965	OK	 
REQUEST		request_17	1684180557732	1684180558071	OK	 
REQUEST		request_1	1684180559089	1684180559106	OK	 
REQUEST		request_5	1684180559107	1684180559115	OK	 
REQUEST		request_6	1684180559108	1684180559195	OK	 
REQUEST		request_4	1684180559109	1684180559223	KO	status.find.in([200, 209], 304), found 400
REQUEST		request_2	1684180559108	1684180559371	OK	 
REQUEST		request_3	1684180559109	1684180559682	OK	 
REQUEST		request_7	1684180560685	1684180560694	OK	 
REQUEST		request_9	1684180560696	1684180560703	KO	status.find.in([200, 209], 304), found 403
REQUEST		request_8	1684180560695	1684180560704	OK	 
REQUEST		request_18	1684180561073	1684180561169	OK	 
REQUEST		request_25	1684180561290	1684180561449	OK	 
REQUEST		request_37	1684180561180	1684180561510	OK	 
REQUEST		request_31	1684180561450	1684180561596	KO	status.find.in([200, 209], 304), found 400
REQUEST		request_29	1684180561292	1684180561617	OK	 
REQUEST		request_28	1684180561291	1684180561624	OK	 
REQUEST		request_26	1684180561290	1684180561625	KO	status.find.in([200, 209], 304), found 400
REQUEST		request_30	1684180561292	1684180561738	OK	 
REQUEST		request_34	1684180561618	1684180561739	KO	status.find.in([200, 209], 304), found 400
REQUEST		request_33	1684180561596	1684180561752	KO	status.find.in([200, 209], 304), found 400
REQUEST		request_36	1684180561626	1684180561753	KO	status.find.in([200, 209], 304), found 400
REQUEST		request_35	1684180561625	1684180561800	OK	 
REQUEST		request_19	1684180561284	1684180562129	KO	status.find.in([200, 209], 304), found 400
REQUEST		request_10	1684180562707	1684180562845	OK	 
REQUEST		request_20	1684180561225	1684180562926	KO	status.find.in([200, 209], 304), found 400
USER	flujoReusoCheckOut	START	1684180566925
REQUEST		request_0	1684180566924	1684180567189	OK	 
REQUEST		request_11	1684180567848	1684180567865	OK	 
REQUEST		request_12	1684180567866	1684180567997	OK	 
REQUEST		request_17	1684180567867	1684180568037	OK	 
REQUEST		request_15	1684180567868	1684180568085	OK	 
REQUEST		request_13	1684180567867	1684180568088	OK	 
REQUEST		request_16	1684180567869	1684180568094	OK	 
REQUEST		request_14	1684180567868	1684180568116	OK	 
REQUEST		request_1	1684180569191	1684180569198	OK	 
REQUEST		request_5	1684180569199	1684180569206	OK	 
REQUEST		request_6	1684180569200	1684180569292	OK	 
REQUEST		request_4	1684180569201	1684180569343	KO	status.find.in([200, 209], 304), found 400
REQUEST		request_2	1684180569200	1684180569363	OK	 
REQUEST		request_3	1684180569201	1684180569377	OK	 
REQUEST		request_7	1684180570379	1684180570388	OK	 
REQUEST		request_9	1684180570389	1684180570396	KO	status.find.in([200, 209], 304), found 403
REQUEST		request_8	1684180570388	1684180570396	OK	 
REQUEST		request_18	1684180571119	1684180571189	OK	 
REQUEST		request_37	1684180571191	1684180571229	OK	 
REQUEST		request_26	1684180571196	1684180571331	KO	status.find.in([200, 209], 304), found 400
REQUEST		request_28	1684180571197	1684180571349	OK	 
REQUEST		request_30	1684180571198	1684180571359	OK	 
REQUEST		request_29	1684180571197	1684180571379	OK	 
REQUEST		request_19	1684180571193	1684180571409	KO	status.find.in([200, 209], 304), found 400
REQUEST		request_25	1684180571196	1684180571416	OK	 
REQUEST		request_31	1684180571332	1684180571428	KO	status.find.in([200, 209], 304), found 400
REQUEST		request_33	1684180571350	1684180571478	KO	status.find.in([200, 209], 304), found 400
REQUEST		request_34	1684180571359	1684180571480	KO	status.find.in([200, 209], 304), found 400
REQUEST		request_36	1684180571410	1684180571541	KO	status.find.in([200, 209], 304), found 400
REQUEST		request_35	1684180571379	1684180571555	OK	 
REQUEST		request_20	1684180571192	1684180571618	KO	status.find.in([200, 209], 304), found 400
REQUEST		request_10	1684180572398	1684180572486	OK	 
USER	flujoReusoCheckOut	START	1684180576925
REQUEST		request_0	1684180576924	1684180577109	OK	 
REQUEST		request_11	1684180577487	1684180577506	OK	 
REQUEST		request_12	1684180577507	1684180577597	OK	 
REQUEST		request_15	1684180577509	1684180577679	OK	 
REQUEST		request_13	1684180577508	1684180577684	OK	 
REQUEST		request_16	1684180577509	1684180577688	OK	 
REQUEST		request_14	1684180577509	1684180577728	OK	 
REQUEST		request_17	1684180577508	1684180577800	OK	 
REQUEST		request_1	1684180579109	1684180579127	OK	 
REQUEST		request_5	1684180579128	1684180579151	OK	 
REQUEST		request_6	1684180579129	1684180579385	OK	 
REQUEST		request_2	1684180579130	1684180579386	OK	 
REQUEST		request_3	1684180579132	1684180579427	OK	 
REQUEST		request_4	1684180579132	1684180579525	KO	status.find.in([200, 209], 304), found 400
REQUEST		request_7	1684180580526	1684180580536	OK	 
REQUEST		request_8	1684180580537	1684180580545	OK	 
REQUEST		request_9	1684180580537	1684180580546	KO	status.find.in([200, 209], 304), found 403
REQUEST		request_18	1684180580802	1684180580885	OK	 
REQUEST		request_37	1684180580887	1684180580957	OK	 
REQUEST		request_26	1684180580891	1684180581027	KO	status.find.in([200, 209], 304), found 400
REQUEST		request_25	1684180580891	1684180581064	OK	 
REQUEST		request_19	1684180580889	1684180581068	KO	status.find.in([200, 209], 304), found 400
REQUEST		request_28	1684180580892	1684180581085	OK	 
REQUEST		request_29	1684180580892	1684180581086	OK	 
REQUEST		request_20	1684180580888	1684180581122	KO	status.find.in([200, 209], 304), found 400
REQUEST		request_30	1684180580893	1684180581177	OK	 
REQUEST		request_34	1684180581069	1684180581178	KO	status.find.in([200, 209], 304), found 400
REQUEST		request_36	1684180581087	1684180581221	KO	status.find.in([200, 209], 304), found 400
REQUEST		request_33	1684180581064	1684180581222	KO	status.find.in([200, 209], 304), found 400
REQUEST		request_35	1684180581085	1684180581233	OK	 
REQUEST		request_31	1684180581027	1684180581250	KO	status.find.in([200, 209], 304), found 400
REQUEST		request_10	1684180582547	1684180582641	OK	 
USER	flujoReusoCheckOut	START	1684180586924
REQUEST		request_0	1684180586924	1684180587119	OK	 
REQUEST		request_11	1684180587643	1684180587658	OK	 
REQUEST		request_12	1684180587659	1684180587738	OK	 
REQUEST		request_17	1684180587660	1684180587796	OK	 
REQUEST		request_15	1684180587662	1684180587815	OK	 
REQUEST		request_13	1684180587661	1684180587829	OK	 
REQUEST		request_16	1684180587662	1684180587836	OK	 
REQUEST		request_14	1684180587661	1684180587884	OK	 
REQUEST		request_1	1684180589120	1684180590050	OK	 
REQUEST		request_5	1684180590050	1684180590059	OK	 
REQUEST		request_6	1684180590051	1684180590157	OK	 
REQUEST		request_4	1684180590052	1684180590171	KO	status.find.in([200, 209], 304), found 400
REQUEST		request_2	1684180590051	1684180590199	OK	 
REQUEST		request_3	1684180590052	1684180590209	OK	 
REQUEST		request_18	1684180590885	1684180590961	OK	 
REQUEST		request_37	1684180590963	1684180590999	OK	 
REQUEST		request_26	1684180590966	1684180591066	KO	status.find.in([200, 209], 304), found 400
REQUEST		request_25	1684180590966	1684180591115	OK	 
REQUEST		request_30	1684180590968	1684180591131	OK	 
REQUEST		request_28	1684180590966	1684180591132	OK	 
REQUEST		request_29	1684180590967	1684180591149	OK	 
REQUEST		request_31	1684180591067	1684180591161	KO	status.find.in([200, 209], 304), found 400
REQUEST		request_20	1684180590964	1684180591199	KO	status.find.in([200, 209], 304), found 400
REQUEST		request_33	1684180591115	1684180591217	KO	status.find.in([200, 209], 304), found 400
REQUEST		request_7	1684180591211	1684180591222	OK	 
REQUEST		request_19	1684180590965	1684180591226	KO	status.find.in([200, 209], 304), found 400
REQUEST		request_9	1684180591223	1684180591231	KO	status.find.in([200, 209], 304), found 403
REQUEST		request_34	1684180591132	1684180591231	KO	status.find.in([200, 209], 304), found 400
REQUEST		request_8	1684180591222	1684180591231	OK	 
REQUEST		request_36	1684180591149	1684180591243	KO	status.find.in([200, 209], 304), found 400
REQUEST		request_35	1684180591132	1684180591268	OK	 
REQUEST		request_10	1684180593232	1684180594145	OK	 
USER	flujoReusoCheckOut	START	1684180596925
REQUEST		request_0	1684180596924	1684180597079	OK	 
REQUEST		request_1	1684180599080	1684180599111	OK	 
REQUEST		request_5	1684180599112	1684180599132	OK	 
REQUEST		request_11	1684180599146	1684180599153	OK	 
REQUEST		request_6	1684180599113	1684180599210	OK	 
REQUEST		request_12	1684180599154	1684180599230	OK	 
REQUEST		request_4	1684180599114	1684180599238	KO	status.find.in([200, 209], 304), found 400
REQUEST		request_3	1684180599114	1684180599287	OK	 
REQUEST		request_17	1684180599155	1684180599292	OK	 
REQUEST		request_13	1684180599155	1684180599316	OK	 
REQUEST		request_2	1684180599113	1684180599323	OK	 
REQUEST		request_15	1684180599157	1684180599324	OK	 
REQUEST		request_16	1684180599157	1684180599331	OK	 
REQUEST		request_14	1684180599156	1684180599346	OK	 
REQUEST		request_7	1684180600325	1684180600334	OK	 
REQUEST		request_8	1684180600336	1684180600343	OK	 
REQUEST		request_9	1684180600336	1684180600344	KO	status.find.in([200, 209], 304), found 403
REQUEST		request_10	1684180602346	1684180602422	OK	 
REQUEST		request_18	1684180602348	1684180602426	OK	 
REQUEST		request_37	1684180602427	1684180602461	OK	 
REQUEST		request_26	1684180602432	1684180602553	KO	status.find.in([200, 209], 304), found 400
REQUEST		request_20	1684180602429	1684180602581	KO	status.find.in([200, 209], 304), found 400
REQUEST		request_28	1684180602432	1684180602582	OK	 
REQUEST		request_29	1684180602432	1684180602588	OK	 
REQUEST		request_30	1684180602433	1684180602601	OK	 
REQUEST		request_25	1684180602431	1684180602622	OK	 
REQUEST		request_31	1684180602553	1684180602647	KO	status.find.in([200, 209], 304), found 400
REQUEST		request_33	1684180602582	1684180602686	KO	status.find.in([200, 209], 304), found 400
REQUEST		request_19	1684180602431	1684180602702	KO	status.find.in([200, 209], 304), found 400
REQUEST		request_34	1684180602588	1684180602722	KO	status.find.in([200, 209], 304), found 400
REQUEST		request_36	1684180602623	1684180602730	KO	status.find.in([200, 209], 304), found 400
REQUEST		request_35	1684180602601	1684180602734	OK	 
USER	flujoReusoCheckOut	START	1684180606925
REQUEST		request_0	1684180606924	1684180607102	OK	 
REQUEST		request_11	1684180607424	1684180607433	OK	 
REQUEST		request_12	1684180607434	1684180607517	OK	 
REQUEST		request_17	1684180607434	1684180607575	OK	 
REQUEST		request_15	1684180607435	1684180607580	OK	 
REQUEST		request_13	1684180607434	1684180607588	OK	 
REQUEST		request_16	1684180607436	1684180607604	OK	 
REQUEST		request_14	1684180607435	1684180607726	OK	 
REQUEST		request_1	1684180609105	1684180609111	OK	 
REQUEST		request_5	1684180609112	1684180609118	OK	 
REQUEST		request_6	1684180609112	1684180610202	OK	 
REQUEST		request_4	1684180609113	1684180610227	KO	status.find.in([200, 209], 304), found 400
REQUEST		request_2	1684180609113	1684180610290	OK	 
REQUEST		request_3	1684180609113	1684180610328	OK	 
REQUEST		request_18	1684180610728	1684180610806	OK	 
REQUEST		request_26	1684180610809	1684180610967	KO	status.find.in([200, 209], 304), found 400
REQUEST		request_25	1684180610809	1684180610995	OK	 
REQUEST		request_31	1684180610967	1684180611069	KO	status.find.in([200, 209], 304), found 400
REQUEST		request_33	1684180610995	1684180611106	KO	status.find.in([200, 209], 304), found 400
REQUEST		request_34	1684180611069	1684180611212	KO	status.find.in([200, 209], 304), found 400
REQUEST		request_35	1684180611107	1684180611242	OK	 
REQUEST		request_36	1684180611213	1684180611311	KO	status.find.in([200, 209], 304), found 400
REQUEST		request_7	1684180611329	1684180611338	OK	 
REQUEST		request_8	1684180611338	1684180611347	OK	 
REQUEST		request_9	1684180611339	1684180611347	KO	status.find.in([200, 209], 304), found 403
REQUEST		request_19	1684180610808	1684180611369	KO	status.find.in([200, 209], 304), found 400
REQUEST		request_37	1684180610807	1684180611860	OK	 
REQUEST		request_20	1684180610808	1684180611959	KO	status.find.in([200, 209], 304), found 400
REQUEST		request_30	1684180610811	1684180611986	OK	 
REQUEST		request_28	1684180610809	1684180611987	OK	 
REQUEST		request_29	1684180610811	1684180612001	OK	 
REQUEST		request_10	1684180613350	1684180613423	OK	 
USER	flujoReusoCheckOut	START	1684180616925
REQUEST		request_0	1684180616924	1684180617111	OK	 
REQUEST		request_11	1684180618424	1684180618432	OK	 
REQUEST		request_12	1684180618433	1684180618511	OK	 
REQUEST		request_13	1684180618434	1684180618620	OK	 
REQUEST		request_15	1684180618435	1684180618622	OK	 
REQUEST		request_16	1684180618435	1684180618623	OK	 
REQUEST		request_17	1684180618434	1684180618641	OK	 
REQUEST		request_14	1684180618435	1684180618664	OK	 
REQUEST		request_1	1684180619111	1684180619120	OK	 
REQUEST		request_5	1684180619121	1684180619131	OK	 
REQUEST		request_6	1684180619122	1684180619212	OK	 
REQUEST		request_4	1684180619123	1684180619281	KO	status.find.in([200, 209], 304), found 400
REQUEST		request_3	1684180619122	1684180619322	OK	 
REQUEST		request_2	1684180619122	1684180619337	OK	 
REQUEST		request_7	1684180620338	1684180620346	OK	 
REQUEST		request_8	1684180620346	1684180620354	OK	 
REQUEST		request_9	1684180620347	1684180620354	KO	status.find.in([200, 209], 304), found 403
REQUEST		request_18	1684180621666	1684180621736	OK	 
REQUEST		request_37	1684180621737	1684180621768	OK	 
REQUEST		request_26	1684180621739	1684180621874	KO	status.find.in([200, 209], 304), found 400
REQUEST		request_19	1684180621738	1684180621883	KO	status.find.in([200, 209], 304), found 400
REQUEST		request_25	1684180621738	1684180621883	OK	 
REQUEST		request_30	1684180621740	1684180621908	OK	 
REQUEST		request_28	1684180621739	1684180621915	OK	 
REQUEST		request_33	1684180621883	1684180621987	KO	status.find.in([200, 209], 304), found 400
REQUEST		request_34	1684180621884	1684180621990	KO	status.find.in([200, 209], 304), found 400
REQUEST		request_31	1684180621874	1684180622003	KO	status.find.in([200, 209], 304), found 400
REQUEST		request_36	1684180621915	1684180622027	KO	status.find.in([200, 209], 304), found 400
REQUEST		request_29	1684180621739	1684180622041	OK	 
REQUEST		request_35	1684180621909	1684180622058	OK	 
REQUEST		request_20	1684180621738	1684180622259	KO	status.find.in([200, 209], 304), found 400
REQUEST		request_10	1684180622356	1684180622427	OK	 
USER	flujoReusoCheckOut	START	1684180626924
REQUEST		request_0	1684180626923	1684180627079	OK	 
REQUEST		request_11	1684180627428	1684180627436	OK	 
REQUEST		request_12	1684180627437	1684180627510	OK	 
REQUEST		request_17	1684180627437	1684180627644	OK	 
REQUEST		request_13	1684180627438	1684180627646	OK	 
REQUEST		request_15	1684180627439	1684180627648	OK	 
REQUEST		request_16	1684180627439	1684180627649	OK	 
REQUEST		request_14	1684180627439	1684180627655	OK	 
REQUEST		request_1	1684180629080	1684180629094	OK	 
REQUEST		request_5	1684180629095	1684180629103	OK	 
REQUEST		request_6	1684180629095	1684180629180	OK	 
REQUEST		request_4	1684180629096	1684180629208	KO	status.find.in([200, 209], 304), found 400
REQUEST		request_3	1684180629096	1684180629254	OK	 
REQUEST		request_2	1684180629096	1684180629257	OK	 
REQUEST		request_7	1684180630258	1684180630280	OK	 
REQUEST		request_9	1684180630281	1684180630289	KO	status.find.in([200, 209], 304), found 403
REQUEST		request_8	1684180630281	1684180630290	OK	 
REQUEST		request_18	1684180630657	1684180630763	OK	 
REQUEST		request_37	1684180630764	1684180630801	OK	 
REQUEST		request_26	1684180630766	1684180630879	KO	status.find.in([200, 209], 304), found 400
REQUEST		request_20	1684180630765	1684180630922	KO	status.find.in([200, 209], 304), found 400
REQUEST		request_25	1684180630765	1684180630922	OK	 
REQUEST		request_28	1684180630766	1684180630937	OK	 
REQUEST		request_30	1684180630767	1684180630938	OK	 
REQUEST		request_31	1684180630879	1684180630995	KO	status.find.in([200, 209], 304), found 400
REQUEST		request_33	1684180630922	1684180631020	KO	status.find.in([200, 209], 304), found 400
REQUEST		request_34	1684180630937	1684180631032	KO	status.find.in([200, 209], 304), found 400
REQUEST		request_19	1684180630765	1684180631047	KO	status.find.in([200, 209], 304), found 400
REQUEST		request_35	1684180630938	1684180631073	OK	 
REQUEST		request_36	1684180630995	1684180631124	KO	status.find.in([200, 209], 304), found 400
REQUEST		request_29	1684180630766	1684180631140	OK	 
REQUEST		request_10	1684180632292	1684180632368	OK	 
USER	flujoReusoCheckOut	START	1684180636924
REQUEST		request_0	1684180636923	1684180637078	OK	 
REQUEST		request_11	1684180637369	1684180637377	OK	 
REQUEST		request_12	1684180637378	1684180637460	OK	 
REQUEST		request_17	1684180637378	1684180637525	OK	 
REQUEST		request_15	1684180637380	1684180637540	OK	 
REQUEST		request_13	1684180637378	1684180637542	OK	 
REQUEST		request_16	1684180637380	1684180637550	OK	 
REQUEST		request_14	1684180637380	1684180637579	OK	 
REQUEST		request_1	1684180639080	1684180639118	OK	 
REQUEST		request_5	1684180639119	1684180639151	OK	 
REQUEST		request_4	1684180639121	1684180639678	KO	status.find.in([200, 209], 304), found 400
REQUEST		request_2	1684180639121	1684180639679	OK	 
REQUEST		request_3	1684180639121	1684180639679	OK	 
REQUEST		request_6	1684180639120	1684180639717	OK	 
REQUEST		request_18	1684180640580	1684180640657	OK	 
REQUEST		request_7	1684180640719	1684180640728	OK	 
REQUEST		request_8	1684180640729	1684180640736	OK	 
REQUEST		request_9	1684180640729	1684180640736	KO	status.find.in([200, 209], 304), found 403
REQUEST		request_37	1684180640658	1684180640821	OK	 
REQUEST		request_26	1684180640782	1684180640886	KO	status.find.in([200, 209], 304), found 400
REQUEST		request_29	1684180640783	1684180640960	OK	 
REQUEST		request_20	1684180640745	1684180640961	KO	status.find.in([200, 209], 304), found 400
REQUEST		request_28	1684180640782	1684180640963	OK	 
REQUEST		request_30	1684180640783	1684180640970	OK	 
REQUEST		request_25	1684180640782	1684180640979	OK	 
REQUEST		request_31	1684180640886	1684180640981	KO	status.find.in([200, 209], 304), found 400
REQUEST		request_33	1684180640960	1684180641054	KO	status.find.in([200, 209], 304), found 400
REQUEST		request_34	1684180640963	1684180641066	KO	status.find.in([200, 209], 304), found 400
REQUEST		request_36	1684180640979	1684180641083	KO	status.find.in([200, 209], 304), found 400
REQUEST		request_35	1684180640971	1684180641120	OK	 
REQUEST		request_19	1684180640782	1684180642478	KO	status.find.in([200, 209], 304), found 400
REQUEST		request_10	1684180642737	1684180642820	OK	 
REQUEST		request_11	1684180647822	1684180647829	OK	 
REQUEST		request_12	1684180647830	1684180647899	OK	 
REQUEST		request_17	1684180647830	1684180647973	OK	 
REQUEST		request_15	1684180647831	1684180647986	OK	 
REQUEST		request_13	1684180647830	1684180647987	OK	 
REQUEST		request_16	1684180647831	1684180647998	OK	 
REQUEST		request_14	1684180647831	1684180648041	OK	 
REQUEST		request_18	1684180651043	1684180651113	OK	 
REQUEST		request_37	1684180651115	1684180651231	OK	 
REQUEST		request_26	1684180651117	1684180651289	KO	status.find.in([200, 209], 304), found 400
REQUEST		request_25	1684180651116	1684180651315	OK	 
REQUEST		request_20	1684180651116	1684180651333	KO	status.find.in([200, 209], 304), found 400
REQUEST		request_30	1684180651205	1684180651361	OK	 
REQUEST		request_28	1684180651117	1684180651420	OK	 
REQUEST		request_29	1684180651205	1684180651421	OK	 
REQUEST		request_31	1684180651289	1684180651421	KO	status.find.in([200, 209], 304), found 400
REQUEST		request_33	1684180651315	1684180651428	KO	status.find.in([200, 209], 304), found 400
REQUEST		request_34	1684180651361	1684180651540	KO	status.find.in([200, 209], 304), found 400
REQUEST		request_36	1684180651421	1684180651546	KO	status.find.in([200, 209], 304), found 400
REQUEST		request_35	1684180651420	1684180651590	OK	 
REQUEST		request_19	1684180651116	1684180651831	KO	status.find.in([200, 209], 304), found 400
REQUEST		request_39	1684180666927	1684180667364	OK	 
REQUEST		request_62	1684180667544	1684180667813	KO	status.find.in([200, 209], 304), found 400
REQUEST		request_53	1684180667543	1684180667815	KO	status.find.in([200, 209], 304), found 400
REQUEST		request_63	1684180667390	1684180667826	OK	 
REQUEST		request_59	1684180667544	1684180667827	KO	status.find.in([200, 209], 304), found 400
REQUEST		request_58	1684180667543	1684180667839	OK	 
REQUEST		request_50	1684180667366	1684180667867	OK	 
REQUEST		request_52	1684180667543	1684180667871	OK	 
REQUEST		request_48	1684180667427	1684180667883	OK	 
REQUEST		request_61	1684180667389	1684180667883	OK	 
REQUEST		request_46	1684180667485	1684180667889	OK	 
REQUEST		request_44	1684180667616	1684180667912	OK	 
REQUEST		request_47	1684180667544	1684180667927	OK	 
REQUEST		request_40	1684180667616	1684180667931	OK	 
REQUEST		request_49	1684180667481	1684180667940	OK	 
REQUEST		request_64	1684180667813	1684180667955	OK	 
REQUEST		request_60	1684180667544	1684180667981	OK	 
REQUEST		request_65	1684180667815	1684180668249	KO	status.find.in([200, 209], 304), found 400
REQUEST		request_56	1684180667426	1684180668616	OK	 
REQUEST		request_54	1684180667391	1684180668800	OK	 
REQUEST		request_66	1684180671802	1684180671944	OK	 
REQUEST		request_69	1684180671946	1684180671952	OK	 
REQUEST		request_39	1684180675621	1684180675732	OK	 
REQUEST		request_63	1684180675734	1684180675831	OK	 
REQUEST		request_40	1684180675737	1684180675863	OK	 
REQUEST		request_53	1684180675736	1684180675879	KO	status.find.in([200, 209], 304), found 400
REQUEST		request_46	1684180675735	1684180675881	OK	 
REQUEST		request_59	1684180675736	1684180675883	KO	status.find.in([200, 209], 304), found 400
REQUEST		request_62	1684180675737	1684180675890	KO	status.find.in([200, 209], 304), found 400
REQUEST		request_61	1684180675734	1684180675896	OK	 
REQUEST		request_49	1684180675735	1684180675903	OK	 
REQUEST		request_60	1684180675737	1684180675926	OK	 
REQUEST		request_54	1684180675734	1684180675927	OK	 
REQUEST		request_58	1684180675736	1684180675928	OK	 
REQUEST		request_56	1684180675735	1684180675940	OK	 
REQUEST		request_52	1684180675736	1684180675945	OK	 
REQUEST		request_50	1684180675733	1684180675956	OK	 
REQUEST		request_65	1684180675884	1684180675978	KO	status.find.in([200, 209], 304), found 400
REQUEST		request_47	1684180675737	1684180676009	OK	 
REQUEST		request_44	1684180675738	1684180676009	OK	 
REQUEST		request_64	1684180675880	1684180676036	OK	 
REQUEST		request_74	1684180675953	1684180676174	OK	 
REQUEST		request_76	1684180676175	1684180676225	OK	 
REQUEST		request_48	1684180675735	1684180676305	OK	 
REQUEST		request_66	1684180679307	1684180679453	OK	 
REQUEST		request_69	1684180679454	1684180679461	OK	 
REQUEST		request_75	1684180680226	1684180680526	KO	status.find.in([200, 209], 304), found 400
REQUEST		request_79	1684180682528	1684180682679	OK	 
REQUEST		request_80	1684180682679	1684180682785	KO	status.find.in([200, 209], 304), found 400
REQUEST		request_74	1684180683462	1684180683663	OK	 
REQUEST		request_76	1684180683664	1684180683670	OK	 
REQUEST		request_81	1684180683787	1684180683932	OK	 
REQUEST		request_82	1684180683932	1684180684054	KO	status.find.in([200, 209], 304), found 400
REQUEST		request_39	1684180685252	1684180685534	OK	 
REQUEST		request_63	1684180685536	1684180685638	OK	 
REQUEST		request_49	1684180685537	1684180685680	OK	 
REQUEST		request_53	1684180685539	1684180685685	KO	status.find.in([200, 209], 304), found 400
REQUEST		request_59	1684180685540	1684180685689	KO	status.find.in([200, 209], 304), found 400
REQUEST		request_61	1684180685536	1684180685709	OK	 
REQUEST		request_58	1684180685539	1684180685719	OK	 
REQUEST		request_46	1684180685537	1684180685722	OK	 
REQUEST		request_62	1684180685540	1684180685727	KO	status.find.in([200, 209], 304), found 400
REQUEST		request_47	1684180685540	1684180685777	OK	 
REQUEST		request_52	1684180685537	1684180685777	OK	 
REQUEST		request_50	1684180685535	1684180685791	OK	 
REQUEST		request_44	1684180685541	1684180685807	OK	 
REQUEST		request_40	1684180685541	1684180685815	OK	 
REQUEST		request_64	1684180685685	1684180685826	OK	 
REQUEST		request_65	1684180685689	1684180685828	KO	status.find.in([200, 209], 304), found 400
REQUEST		request_48	1684180685537	1684180685872	OK	 
REQUEST		request_60	1684180685540	1684180685904	OK	 
REQUEST		request_56	1684180685536	1684180685941	OK	 
REQUEST		request_54	1684180685536	1684180686012	OK	 
REQUEST		request_83	1684180686056	1684180686222	OK	 
REQUEST		request_84	1684180686223	1684180686322	KO	status.find.in([200, 209], 304), found 400
REQUEST		request_75	1684180687672	1684180687843	KO	status.find.in([200, 209], 304), found 400
REQUEST		request_85	1684180688323	1684180688481	OK	 
REQUEST		request_86	1684180688481	1684180688609	KO	status.find.in([200, 209], 304), found 400
REQUEST		request_66	1684180689013	1684180689214	OK	 
REQUEST		request_69	1684180689215	1684180689263	OK	 
REQUEST		request_79	1684180689844	1684180690005	OK	 
REQUEST		request_80	1684180690006	1684180690188	KO	status.find.in([200, 209], 304), found 400
REQUEST		request_87	1684180690610	1684180690768	OK	 
REQUEST		request_88	1684180690768	1684180690869	KO	status.find.in([200, 209], 304), found 400
REQUEST		request_90	1684180690768	1684180690912	KO	status.find.in([200, 209], 304), found 400
REQUEST		request_89	1684180690768	1684180690923	OK	 
REQUEST		request_81	1684180691190	1684180691354	OK	 
REQUEST		request_82	1684180691355	1684180691468	KO	status.find.in([200, 209], 304), found 400
REQUEST		request_91	1684180691926	1684180692169	OK	 
REQUEST		request_92	1684180692170	1684180692302	KO	status.find.in([200, 209], 304), found 400
REQUEST		request_74	1684180693264	1684180693411	OK	 
REQUEST		request_76	1684180693412	1684180693419	OK	 
REQUEST		request_93	1684180693304	1684180693476	OK	 
REQUEST		request_83	1684180693470	1684180693606	OK	 
REQUEST		request_84	1684180693606	1684180693708	KO	status.find.in([200, 209], 304), found 400
REQUEST		request_99	1684180693477	1684180693785	OK	 
REQUEST		request_102	1684180693485	1684180693786	KO	status.find.in([200, 209], 304), found 400
REQUEST		request_95	1684180693478	1684180693786	KO	status.find.in([200, 209], 304), found 400
REQUEST		request_101	1684180693485	1684180693786	OK	 
REQUEST		request_97	1684180693784	1684180693908	OK	 
REQUEST		request_98	1684180693784	1684180693988	OK	 
REQUEST		request_100	1684180693785	1684180694046	OK	 
REQUEST		request_94	1684180693485	1684180694074	OK	 
USER	flujoReusoCheckOut	END	1684180694081
REQUEST		request_39	1684180695270	1684180695579	OK	 
REQUEST		request_63	1684180695581	1684180695690	OK	 
REQUEST		request_62	1684180695584	1684180695717	KO	status.find.in([200, 209], 304), found 400
REQUEST		request_53	1684180695583	1684180695746	KO	status.find.in([200, 209], 304), found 400
REQUEST		request_60	1684180695584	1684180695747	OK	 
REQUEST		request_59	1684180695583	1684180695748	KO	status.find.in([200, 209], 304), found 400
REQUEST		request_61	1684180695581	1684180695750	OK	 
REQUEST		request_52	1684180695583	1684180695759	OK	 
REQUEST		request_46	1684180695582	1684180695796	OK	 
REQUEST		request_50	1684180695580	1684180695806	OK	 
REQUEST		request_49	1684180695582	1684180695812	OK	 
REQUEST		request_58	1684180695583	1684180695814	OK	 
REQUEST		request_47	1684180695584	1684180695829	OK	 
REQUEST		request_44	1684180695585	1684180695837	OK	 
REQUEST		request_40	1684180695585	1684180695854	OK	 
REQUEST		request_56	1684180695582	1684180695860	OK	 
REQUEST		request_85	1684180695710	1684180695871	OK	 
REQUEST		request_64	1684180695717	1684180695894	OK	 
REQUEST		request_54	1684180695581	1684180695897	OK	 
REQUEST		request_86	1684180695872	1684180695989	KO	status.find.in([200, 209], 304), found 400
REQUEST		request_65	1684180695746	1684180696149	KO	status.find.in([200, 209], 304), found 400
REQUEST		request_48	1684180695582	1684180696345	OK	 
REQUEST		request_75	1684180697421	1684180697582	KO	status.find.in([200, 209], 304), found 400
REQUEST		request_87	1684180697991	1684180698149	OK	 
REQUEST		request_90	1684180698151	1684180698249	KO	status.find.in([200, 209], 304), found 400
REQUEST		request_88	1684180698150	1684180698253	KO	status.find.in([200, 209], 304), found 400
REQUEST		request_89	1684180698151	1684180698295	OK	 
REQUEST		request_91	1684180699296	1684180699453	OK	 
REQUEST		request_66	1684180699346	1684180699489	OK	 
REQUEST		request_69	1684180699489	1684180699499	OK	 
REQUEST		request_92	1684180699453	1684180699551	KO	status.find.in([200, 209], 304), found 400
REQUEST		request_79	1684180699583	1684180699731	OK	 
REQUEST		request_80	1684180699732	1684180699840	KO	status.find.in([200, 209], 304), found 400
REQUEST		request_93	1684180700553	1684180700695	OK	 
REQUEST		request_99	1684180700696	1684180700704	OK	 
REQUEST		request_95	1684180700697	1684180700789	KO	status.find.in([200, 209], 304), found 400
REQUEST		request_97	1684180700699	1684180700813	OK	 
REQUEST		request_98	1684180700699	1684180700813	OK	 
REQUEST		request_102	1684180700698	1684180700839	KO	status.find.in([200, 209], 304), found 400
REQUEST		request_100	1684180700700	1684180700841	OK	 
REQUEST		request_101	1684180700698	1684180700859	OK	 
REQUEST		request_94	1684180700698	1684180700906	OK	 
USER	flujoReusoCheckOut	END	1684180700909
REQUEST		request_81	1684180700841	1684180700986	OK	 
REQUEST		request_82	1684180700986	1684180701109	KO	status.find.in([200, 209], 304), found 400
REQUEST		request_83	1684180703111	1684180703246	OK	 
REQUEST		request_84	1684180703246	1684180703350	KO	status.find.in([200, 209], 304), found 400
REQUEST		request_74	1684180703501	1684180703657	OK	 
REQUEST		request_76	1684180703658	1684180703666	OK	 
REQUEST		request_85	1684180705351	1684180705490	OK	 
REQUEST		request_86	1684180705490	1684180705608	KO	status.find.in([200, 209], 304), found 400
REQUEST		request_39	1684180706735	1684180708370	OK	 
REQUEST		request_87	1684180707609	1684180708386	OK	 
REQUEST		request_75	1684180707668	1684180708393	KO	status.find.in([200, 209], 304), found 400
REQUEST		request_90	1684180708387	1684180708495	KO	status.find.in([200, 209], 304), found 400
REQUEST		request_63	1684180708375	1684180708496	OK	 
REQUEST		request_88	1684180708386	1684180708511	KO	status.find.in([200, 209], 304), found 400
REQUEST		request_44	1684180708388	1684180708523	OK	 
REQUEST		request_46	1684180708382	1684180708528	OK	 
REQUEST		request_62	1684180708386	1684180708529	KO	status.find.in([200, 209], 304), found 400
REQUEST		request_89	1684180708387	1684180708530	OK	 
REQUEST		request_53	1684180708384	1684180708530	KO	status.find.in([200, 209], 304), found 400
REQUEST		request_49	1684180708382	1684180708553	OK	 
REQUEST		request_59	1684180708385	1684180708553	KO	status.find.in([200, 209], 304), found 400
REQUEST		request_61	1684180708373	1684180708563	OK	 
REQUEST		request_60	1684180708385	1684180708574	OK	 
REQUEST		request_58	1684180708385	1684180708575	OK	 
REQUEST		request_56	1684180708380	1684180708575	OK	 
REQUEST		request_54	1684180708376	1684180708583	OK	 
REQUEST		request_52	1684180708384	1684180708585	OK	 
REQUEST		request_48	1684180708380	1684180708618	OK	 
REQUEST		request_47	1684180708386	1684180708631	OK	 
REQUEST		request_50	1684180708372	1684180708637	OK	 
REQUEST		request_40	1684180708388	1684180708649	OK	 
REQUEST		request_65	1684180708531	1684180708667	KO	status.find.in([200, 209], 304), found 400
REQUEST		request_64	1684180708529	1684180708678	OK	 
REQUEST		request_91	1684180709531	1684180709677	OK	 
REQUEST		request_92	1684180709678	1684180709808	KO	status.find.in([200, 209], 304), found 400
REQUEST		request_79	1684180710394	1684180710538	OK	 
REQUEST		request_80	1684180710538	1684180710647	KO	status.find.in([200, 209], 304), found 400
REQUEST		request_93	1684180710809	1684180710954	OK	 
REQUEST		request_99	1684180710955	1684180710967	OK	 
REQUEST		request_102	1684180710955	1684180711067	KO	status.find.in([200, 209], 304), found 400
REQUEST		request_95	1684180710955	1684180711069	KO	status.find.in([200, 209], 304), found 400
REQUEST		request_98	1684180710956	1684180711076	OK	 
REQUEST		request_101	1684180710955	1684180711108	OK	 
REQUEST		request_100	1684180710956	1684180711113	OK	 
REQUEST		request_97	1684180710956	1684180711148	OK	 
REQUEST		request_94	1684180710955	1684180711417	OK	 
USER	flujoReusoCheckOut	END	1684180711420
REQUEST		request_66	1684180711680	1684180711840	OK	 
REQUEST		request_69	1684180711840	1684180711847	OK	 
REQUEST		request_81	1684180711649	1684180711901	OK	 
REQUEST		request_82	1684180711901	1684180712047	KO	status.find.in([200, 209], 304), found 400
REQUEST		request_83	1684180714050	1684180714183	OK	 
REQUEST		request_84	1684180714184	1684180714438	KO	status.find.in([200, 209], 304), found 400
REQUEST		request_74	1684180715849	1684180715999	OK	 
REQUEST		request_76	1684180715999	1684180716008	OK	 
REQUEST		request_39	1684180716002	1684180716243	OK	 
REQUEST		request_63	1684180716246	1684180716344	OK	 
REQUEST		request_46	1684180716247	1684180716383	OK	 
REQUEST		request_59	1684180716250	1684180716387	KO	status.find.in([200, 209], 304), found 400
REQUEST		request_62	1684180716250	1684180716388	KO	status.find.in([200, 209], 304), found 400
REQUEST		request_53	1684180716249	1684180716391	KO	status.find.in([200, 209], 304), found 400
REQUEST		request_56	1684180716247	1684180716420	OK	 
REQUEST		request_61	1684180716246	1684180716423	OK	 
REQUEST		request_52	1684180716248	1684180716430	OK	 
REQUEST		request_58	1684180716249	1684180716430	OK	 
REQUEST		request_54	1684180716246	1684180716438	OK	 
REQUEST		request_47	1684180716250	1684180716440	OK	 
REQUEST		request_49	1684180716247	1684180716445	OK	 
REQUEST		request_48	1684180716247	1684180716450	OK	 
REQUEST		request_50	1684180716245	1684180716476	OK	 
REQUEST		request_44	1684180716251	1684180716503	OK	 
REQUEST		request_65	1684180716389	1684180716506	KO	status.find.in([200, 209], 304), found 400
REQUEST		request_60	1684180716250	1684180716521	OK	 
REQUEST		request_64	1684180716387	1684180716523	OK	 
REQUEST		request_40	1684180716250	1684180716546	OK	 
REQUEST		request_85	1684180716440	1684180716585	OK	 
REQUEST		request_86	1684180716585	1684180716685	KO	status.find.in([200, 209], 304), found 400
REQUEST		request_87	1684180718686	1684180718941	OK	 
REQUEST		request_90	1684180718942	1684180719127	KO	status.find.in([200, 209], 304), found 400
REQUEST		request_88	1684180718942	1684180719127	KO	status.find.in([200, 209], 304), found 400
REQUEST		request_89	1684180718942	1684180719127	OK	 
REQUEST		request_66	1684180719548	1684180719747	OK	 
REQUEST		request_69	1684180719747	1684180719755	OK	 
REQUEST		request_75	1684180720011	1684180720148	KO	status.find.in([200, 209], 304), found 400
REQUEST		request_91	1684180720128	1684180720265	OK	 
REQUEST		request_92	1684180720266	1684180720362	KO	status.find.in([200, 209], 304), found 400
REQUEST		request_93	1684180721363	1684180721506	OK	 
REQUEST		request_99	1684180721507	1684180721516	OK	 
REQUEST		request_95	1684180721507	1684180721607	KO	status.find.in([200, 209], 304), found 400
REQUEST		request_102	1684180721508	1684180721607	KO	status.find.in([200, 209], 304), found 400
REQUEST		request_98	1684180721513	1684180721641	OK	 
REQUEST		request_101	1684180721508	1684180721650	OK	 
REQUEST		request_97	1684180721510	1684180721662	OK	 
REQUEST		request_94	1684180721509	1684180721719	OK	 
REQUEST		request_100	1684180721513	1684180721761	OK	 
USER	flujoReusoCheckOut	END	1684180721765
REQUEST		request_79	1684180722149	1684180722428	OK	 
REQUEST		request_80	1684180722429	1684180722580	KO	status.find.in([200, 209], 304), found 400
REQUEST		request_81	1684180723580	1684180723717	OK	 
REQUEST		request_82	1684180723717	1684180723854	KO	status.find.in([200, 209], 304), found 400
REQUEST		request_74	1684180723756	1684180723893	OK	 
REQUEST		request_76	1684180723893	1684180723903	OK	 
REQUEST		request_83	1684180725856	1684180726004	OK	 
REQUEST		request_84	1684180726005	1684180726107	KO	status.find.in([200, 209], 304), found 400
REQUEST		request_39	1684180726260	1684180726368	OK	 
REQUEST		request_63	1684180726370	1684180726466	OK	 
REQUEST		request_49	1684180726370	1684180726514	OK	 
REQUEST		request_59	1684180726371	1684180726515	KO	status.find.in([200, 209], 304), found 400
REQUEST		request_48	1684180726370	1684180726542	OK	 
REQUEST		request_56	1684180726370	1684180726542	OK	 
REQUEST		request_61	1684180726369	1684180726543	OK	 
REQUEST		request_58	1684180726371	1684180726547	OK	 
REQUEST		request_53	1684180726371	1684180726548	KO	status.find.in([200, 209], 304), found 400
REQUEST		request_52	1684180726371	1684180726552	OK	 
REQUEST		request_60	1684180726372	1684180726564	OK	 
REQUEST		request_62	1684180726372	1684180726570	KO	status.find.in([200, 209], 304), found 400
REQUEST		request_50	1684180726369	1684180726581	OK	 
REQUEST		request_44	1684180726379	1684180726622	OK	 
REQUEST		request_64	1684180726515	1684180726644	OK	 
REQUEST		request_65	1684180726547	1684180726644	KO	status.find.in([200, 209], 304), found 400
REQUEST		request_46	1684180726371	1684180726647	OK	 
REQUEST		request_54	1684180726370	1684180726651	OK	 
REQUEST		request_40	1684180726379	1684180726662	OK	 
REQUEST		request_47	1684180726372	1684180726704	OK	 
REQUEST		request_75	1684180727904	1684180728030	KO	status.find.in([200, 209], 304), found 400
REQUEST		request_85	1684180728109	1684180728275	OK	 
REQUEST		request_86	1684180728275	1684180728375	KO	status.find.in([200, 209], 304), found 400
REQUEST		request_66	1684180729706	1684180729880	OK	 
REQUEST		request_69	1684180729881	1684180729888	OK	 
REQUEST		request_79	1684180730032	1684180730295	OK	 
REQUEST		request_80	1684180730296	1684180730397	KO	status.find.in([200, 209], 304), found 400
REQUEST		request_87	1684180730376	1684180730573	OK	 
REQUEST		request_90	1684180730574	1684180730671	KO	status.find.in([200, 209], 304), found 400
REQUEST		request_88	1684180730574	1684180730672	KO	status.find.in([200, 209], 304), found 400
REQUEST		request_89	1684180730574	1684180730710	OK	 
REQUEST		request_81	1684180731398	1684180731538	OK	 
REQUEST		request_82	1684180731538	1684180731633	KO	status.find.in([200, 209], 304), found 400
REQUEST		request_91	1684180731711	1684180731892	OK	 
REQUEST		request_92	1684180731893	1684180732011	KO	status.find.in([200, 209], 304), found 400
REQUEST		request_93	1684180733012	1684180733334	OK	 
REQUEST		request_99	1684180733335	1684180733342	OK	 
REQUEST		request_95	1684180733335	1684180733429	KO	status.find.in([200, 209], 304), found 400
REQUEST		request_102	1684180733335	1684180733450	KO	status.find.in([200, 209], 304), found 400
REQUEST		request_98	1684180733338	1684180733451	OK	 
REQUEST		request_101	1684180733335	1684180733482	OK	 
REQUEST		request_100	1684180733338	1684180733554	OK	 
REQUEST		request_97	1684180733338	1684180733569	OK	 
REQUEST		request_94	1684180733336	1684180733621	OK	 
USER	flujoReusoCheckOut	END	1684180733624
REQUEST		request_83	1684180733634	1684180733771	OK	 
REQUEST		request_84	1684180733771	1684180733909	KO	status.find.in([200, 209], 304), found 400
REQUEST		request_74	1684180733888	1684180734029	OK	 
REQUEST		request_76	1684180734029	1684180734036	OK	 
REQUEST		request_39	1684180735142	1684180735382	OK	 
REQUEST		request_63	1684180735383	1684180735481	OK	 
REQUEST		request_49	1684180735384	1684180735512	OK	 
REQUEST		request_62	1684180735385	1684180735521	KO	status.find.in([200, 209], 304), found 400
REQUEST		request_53	1684180735384	1684180735541	KO	status.find.in([200, 209], 304), found 400
REQUEST		request_52	1684180735384	1684180735543	OK	 
REQUEST		request_61	1684180735383	1684180735545	OK	 
REQUEST		request_60	1684180735385	1684180735545	OK	 
REQUEST		request_58	1684180735385	1684180735547	OK	 
REQUEST		request_47	1684180735385	1684180735575	OK	 
REQUEST		request_46	1684180735384	1684180735578	OK	 
REQUEST		request_54	1684180735383	1684180735612	OK	 
REQUEST		request_50	1684180735383	1684180735613	OK	 
REQUEST		request_56	1684180735384	1684180735613	OK	 
REQUEST		request_44	1684180735386	1684180735637	OK	 
REQUEST		request_65	1684180735542	1684180735644	KO	status.find.in([200, 209], 304), found 400
REQUEST		request_64	1684180735521	1684180735657	OK	 
REQUEST		request_48	1684180735384	1684180735717	OK	 
REQUEST		request_40	1684180735386	1684180735720	OK	 
REQUEST		request_59	1684180735385	1684180735851	KO	status.find.in([200, 209], 304), found 400
REQUEST		request_85	1684180735911	1684180736081	OK	 
REQUEST		request_86	1684180736081	1684180736272	KO	status.find.in([200, 209], 304), found 400
REQUEST		request_75	1684180738038	1684180738141	KO	status.find.in([200, 209], 304), found 400
REQUEST		request_87	1684180738273	1684180738581	OK	 
REQUEST		request_90	1684180738582	1684180738696	KO	status.find.in([200, 209], 304), found 400
REQUEST		request_88	1684180738582	1684180738712	KO	status.find.in([200, 209], 304), found 400
REQUEST		request_89	1684180738582	1684180738788	OK	 
REQUEST		request_66	1684180738852	1684180739018	OK	 
REQUEST		request_69	1684180739018	1684180739037	OK	 
REQUEST		request_91	1684180739789	1684180739928	OK	 
REQUEST		request_92	1684180739928	1684180740026	KO	status.find.in([200, 209], 304), found 400
REQUEST		request_79	1684180740143	1684180740330	OK	 
REQUEST		request_80	1684180740330	1684180740432	KO	status.find.in([200, 209], 304), found 400
REQUEST		request_93	1684180741027	1684180741162	OK	 
REQUEST		request_99	1684180741163	1684180741170	OK	 
REQUEST		request_95	1684180741163	1684180741256	KO	status.find.in([200, 209], 304), found 400
REQUEST		request_97	1684180741164	1684180741277	OK	 
REQUEST		request_100	1684180741164	1684180741287	OK	 
REQUEST		request_98	1684180741164	1684180741292	OK	 
REQUEST		request_101	1684180741163	1684180741309	OK	 
REQUEST		request_102	1684180741163	1684180741309	KO	status.find.in([200, 209], 304), found 400
REQUEST		request_94	1684180741163	1684180741356	OK	 
USER	flujoReusoCheckOut	END	1684180741360
REQUEST		request_81	1684180741435	1684180741581	OK	 
REQUEST		request_82	1684180741581	1684180741797	KO	status.find.in([200, 209], 304), found 400
REQUEST		request_74	1684180743039	1684180743184	OK	 
REQUEST		request_76	1684180743185	1684180743212	OK	 
REQUEST		request_83	1684180743799	1684180743941	OK	 
REQUEST		request_84	1684180743942	1684180744052	KO	status.find.in([200, 209], 304), found 400
REQUEST		request_85	1684180746054	1684180746269	OK	 
REQUEST		request_86	1684180746270	1684180746370	KO	status.find.in([200, 209], 304), found 400
REQUEST		request_39	1684180746480	1684180746884	OK	 
REQUEST		request_63	1684180746902	1684180747323	OK	 
REQUEST		request_44	1684180747201	1684180747339	OK	 
REQUEST		request_53	1684180747159	1684180747345	KO	status.find.in([200, 209], 304), found 400
REQUEST		request_59	1684180747160	1684180747347	KO	status.find.in([200, 209], 304), found 400
REQUEST		request_46	1684180746975	1684180747353	OK	 
REQUEST		request_49	1684180746975	1684180747365	OK	 
REQUEST		request_61	1684180746901	1684180747385	OK	 
REQUEST		request_75	1684180747214	1684180747388	KO	status.find.in([200, 209], 304), found 400
REQUEST		request_60	1684180747161	1684180747389	OK	 
REQUEST		request_58	1684180747160	1684180747398	OK	 
REQUEST		request_52	1684180747034	1684180747415	OK	 
REQUEST		request_54	1684180746902	1684180747415	OK	 
REQUEST		request_47	1684180747161	1684180747417	OK	 
REQUEST		request_48	1684180746939	1684180747464	OK	 
REQUEST		request_64	1684180747346	1684180747480	OK	 
REQUEST		request_50	1684180746884	1684180747480	OK	 
REQUEST		request_65	1684180747347	1684180747488	KO	status.find.in([200, 209], 304), found 400
REQUEST		request_40	1684180747201	1684180747499	OK	 
REQUEST		request_56	1684180746939	1684180747551	OK	 
REQUEST		request_62	1684180747161	1684180748407	KO	status.find.in([200, 209], 304), found 400
REQUEST		request_87	1684180748371	1684180748553	OK	 
REQUEST		request_90	1684180748553	1684180748654	KO	status.find.in([200, 209], 304), found 400
REQUEST		request_88	1684180748553	1684180748670	KO	status.find.in([200, 209], 304), found 400
REQUEST		request_89	1684180748553	1684180748724	OK	 
REQUEST		request_79	1684180749390	1684180749539	OK	 
REQUEST		request_80	1684180749539	1684180749635	KO	status.find.in([200, 209], 304), found 400
REQUEST		request_91	1684180749725	1684180749881	OK	 
REQUEST		request_92	1684180749881	1684180749979	KO	status.find.in([200, 209], 304), found 400
REQUEST		request_81	1684180750636	1684180750765	OK	 
REQUEST		request_82	1684180750765	1684180750871	KO	status.find.in([200, 209], 304), found 400
REQUEST		request_93	1684180750980	1684180751115	OK	 
REQUEST		request_99	1684180751116	1684180751126	OK	 
REQUEST		request_98	1684180751117	1684180751228	OK	 
REQUEST		request_97	1684180751117	1684180751231	OK	 
REQUEST		request_95	1684180751116	1684180751248	KO	status.find.in([200, 209], 304), found 400
REQUEST		request_101	1684180751116	1684180751253	OK	 
REQUEST		request_102	1684180751117	1684180751275	KO	status.find.in([200, 209], 304), found 400
REQUEST		request_94	1684180751117	1684180751278	OK	 
REQUEST		request_100	1684180751118	1684180751300	OK	 
USER	flujoReusoCheckOut	END	1684180751303
REQUEST		request_66	1684180751409	1684180751555	OK	 
REQUEST		request_69	1684180751555	1684180751564	OK	 
REQUEST		request_83	1684180752873	1684180753026	OK	 
REQUEST		request_84	1684180753027	1684180753282	KO	status.find.in([200, 209], 304), found 400
REQUEST		request_85	1684180755283	1684180755427	OK	 
REQUEST		request_74	1684180755566	1684180755710	OK	 
REQUEST		request_76	1684180755710	1684180755717	OK	 
REQUEST		request_86	1684180755427	1684180755737	KO	status.find.in([200, 209], 304), found 400
REQUEST		request_39	1684180755833	1684180756101	OK	 
REQUEST		request_63	1684180756103	1684180756210	OK	 
REQUEST		request_46	1684180756104	1684180756235	OK	 
REQUEST		request_53	1684180756104	1684180756236	KO	status.find.in([200, 209], 304), found 400
REQUEST		request_56	1684180756103	1684180756270	OK	 
REQUEST		request_59	1684180756105	1684180756270	KO	status.find.in([200, 209], 304), found 400
REQUEST		request_62	1684180756105	1684180756271	KO	status.find.in([200, 209], 304), found 400
REQUEST		request_61	1684180756102	1684180756271	OK	 
REQUEST		request_54	1684180756103	1684180756279	OK	 
REQUEST		request_58	1684180756104	1684180756280	OK	 
REQUEST		request_52	1684180756104	1684180756292	OK	 
REQUEST		request_49	1684180756104	1684180756303	OK	 
REQUEST		request_47	1684180756105	1684180756305	OK	 
REQUEST		request_60	1684180756105	1684180756312	OK	 
REQUEST		request_50	1684180756102	1684180756328	OK	 
REQUEST		request_64	1684180756236	1684180756375	OK	 
REQUEST		request_40	1684180756105	1684180756389	OK	 
REQUEST		request_44	1684180756106	1684180756425	OK	 
REQUEST		request_65	1684180756271	1684180756477	KO	status.find.in([200, 209], 304), found 400
REQUEST		request_48	1684180756103	1684180756566	OK	 
REQUEST		request_87	1684180757739	1684180757883	OK	 
REQUEST		request_88	1684180757883	1684180758001	KO	status.find.in([200, 209], 304), found 400
REQUEST		request_89	1684180757884	1684180758036	OK	 
REQUEST		request_90	1684180757884	1684180758456	KO	status.find.in([200, 209], 304), found 400
REQUEST		request_66	1684180759568	1684180759717	OK	 
REQUEST		request_69	1684180759718	1684180759725	OK	 
REQUEST		request_91	1684180759457	1684180759905	OK	 
REQUEST		request_92	1684180759906	1684180760004	KO	status.find.in([200, 209], 304), found 400
REQUEST		request_75	1684180759718	1684180760119	KO	status.find.in([200, 209], 304), found 400
REQUEST		request_93	1684180761005	1684180761159	OK	 
REQUEST		request_99	1684180761160	1684180761167	OK	 
REQUEST		request_95	1684180761160	1684180761259	KO	status.find.in([200, 209], 304), found 400
REQUEST		request_102	1684180761161	1684180761262	KO	status.find.in([200, 209], 304), found 400
REQUEST		request_97	1684180761162	1684180761274	OK	 
REQUEST		request_98	1684180761162	1684180761274	OK	 
REQUEST		request_100	1684180761162	1684180761294	OK	 
REQUEST		request_94	1684180761161	1684180761358	OK	 
REQUEST		request_101	1684180761161	1684180761359	OK	 
USER	flujoReusoCheckOut	END	1684180761363
REQUEST		request_79	1684180762121	1684180762259	OK	 
REQUEST		request_80	1684180762259	1684180762376	KO	status.find.in([200, 209], 304), found 400
REQUEST		request_81	1684180763378	1684180763532	OK	 
REQUEST		request_82	1684180763532	1684180763639	KO	status.find.in([200, 209], 304), found 400
REQUEST		request_74	1684180763727	1684180763884	OK	 
REQUEST		request_76	1684180763885	1684180763911	OK	 
REQUEST		request_83	1684180765640	1684180765783	OK	 
REQUEST		request_84	1684180765783	1684180765909	KO	status.find.in([200, 209], 304), found 400
REQUEST		request_75	1684180767914	1684180768033	KO	status.find.in([200, 209], 304), found 400
REQUEST		request_85	1684180767911	1684180768063	OK	 
REQUEST		request_86	1684180768064	1684180768161	KO	status.find.in([200, 209], 304), found 400
REQUEST		request_79	1684180770035	1684180770175	OK	 
REQUEST		request_80	1684180770175	1684180770320	KO	status.find.in([200, 209], 304), found 400
REQUEST		request_87	1684180770163	1684180770321	OK	 
REQUEST		request_88	1684180770321	1684180770422	KO	status.find.in([200, 209], 304), found 400
REQUEST		request_90	1684180770321	1684180770422	KO	status.find.in([200, 209], 304), found 400
REQUEST		request_89	1684180770321	1684180770468	OK	 
REQUEST		request_81	1684180771322	1684180771459	OK	 
REQUEST		request_91	1684180771469	1684180771772	OK	 
REQUEST		request_82	1684180771460	1684180771772	KO	status.find.in([200, 209], 304), found 400
REQUEST		request_92	1684180771772	1684180771888	KO	status.find.in([200, 209], 304), found 400
REQUEST		request_93	1684180772890	1684180773023	OK	 
REQUEST		request_99	1684180773024	1684180773066	OK	 
REQUEST		request_95	1684180773024	1684180773123	KO	status.find.in([200, 209], 304), found 400
REQUEST		request_102	1684180773025	1684180773127	KO	status.find.in([200, 209], 304), found 400
REQUEST		request_97	1684180773065	1684180773171	OK	 
REQUEST		request_101	1684180773025	1684180773172	OK	 
REQUEST		request_98	1684180773065	1684180773177	OK	 
REQUEST		request_100	1684180773065	1684180773189	OK	 
REQUEST		request_94	1684180773025	1684180773220	OK	 
USER	flujoReusoCheckOut	END	1684180773222
REQUEST		request_83	1684180773773	1684180773910	OK	 
REQUEST		request_84	1684180773910	1684180774163	KO	status.find.in([200, 209], 304), found 400
REQUEST		request_85	1684180776165	1684180776311	OK	 
REQUEST		request_86	1684180776311	1684180776538	KO	status.find.in([200, 209], 304), found 400
REQUEST		request_87	1684180778540	1684180778683	OK	 
REQUEST		request_88	1684180778684	1684180778785	KO	status.find.in([200, 209], 304), found 400
REQUEST		request_90	1684180778684	1684180778791	KO	status.find.in([200, 209], 304), found 400
REQUEST		request_89	1684180778684	1684180778820	OK	 
REQUEST		request_91	1684180779822	1684180779966	OK	 
REQUEST		request_92	1684180779966	1684180780069	KO	status.find.in([200, 209], 304), found 400
REQUEST		request_93	1684180781071	1684180781228	OK	 
REQUEST		request_99	1684180781228	1684180781257	OK	 
REQUEST		request_102	1684180781229	1684180781356	KO	status.find.in([200, 209], 304), found 400
REQUEST		request_95	1684180781229	1684180781356	KO	status.find.in([200, 209], 304), found 400
REQUEST		request_97	1684180781230	1684180781373	OK	 
REQUEST		request_98	1684180781230	1684180781374	OK	 
REQUEST		request_100	1684180781230	1684180781404	OK	 
REQUEST		request_101	1684180781229	1684180781404	OK	 
REQUEST		request_94	1684180781229	1684180781465	OK	 
USER	flujoReusoCheckOut	END	1684180781467
