RUN	bnpl.flujoReusoCheckOut	flujoreusocheckout	1683675095335	 	3.8.3
USER	flujoReusoCheckOut	START	1683675102421
REQUEST		request_0	1683675101885	1683675102588	OK	 
USER	flujoReusoCheckOut	START	1683675103845
REQUEST		request_0	1683675103844	1683675104015	OK	 
REQUEST		request_1	1683675104610	1683675104621	OK	 
REQUEST		request_5	1683675104639	1683675104647	OK	 
REQUEST		request_6	1683675104640	1683675104729	OK	 
REQUEST		request_4	1683675104642	1683675104817	KO	status.find.in([200, 209], 304), found 400
REQUEST		request_3	1683675104641	1683675104819	OK	 
REQUEST		request_2	1683675104641	1683675105336	OK	 
USER	flujoReusoCheckOut	START	1683675105845
REQUEST		request_0	1683675105843	1683675106008	OK	 
REQUEST		request_1	1683675106017	1683675106028	OK	 
REQUEST		request_5	1683675106029	1683675106038	OK	 
REQUEST		request_6	1683675106030	1683675106136	OK	 
REQUEST		request_3	1683675106031	1683675106223	OK	 
REQUEST		request_2	1683675106031	1683675106229	OK	 
REQUEST		request_7	1683675106338	1683675106348	OK	 
REQUEST		request_8	1683675106349	1683675106359	OK	 
REQUEST		request_4	1683675106032	1683675106378	KO	status.find.in([200, 209], 304), found 400
REQUEST		request_9	1683675106350	1683675106496	KO	status.find.in([200, 209], 304), found 400
REQUEST		request_7	1683675107380	1683675107412	OK	 
REQUEST		request_8	1683675107413	1683675107421	OK	 
REQUEST		request_9	1683675107414	1683675107515	KO	status.find.in([200, 209], 304), found 400
USER	flujoReusoCheckOut	START	1683675107844
REQUEST		request_0	1683675107843	1683675108004	OK	 
REQUEST		request_1	1683675108010	1683675108055	OK	 
REQUEST		request_5	1683675108056	1683675108069	OK	 
REQUEST		request_6	1683675108057	1683675108144	OK	 
REQUEST		request_3	1683675108058	1683675108268	OK	 
REQUEST		request_2	1683675108057	1683675108301	OK	 
REQUEST		request_10	1683675108499	1683675108584	OK	 
REQUEST		request_4	1683675108059	1683675109330	KO	status.find.in([200, 209], 304), found 400
REQUEST		request_10	1683675109518	1683675109590	OK	 
USER	flujoReusoCheckOut	START	1683675109843
REQUEST		request_0	1683675109842	1683675109997	OK	 
REQUEST		request_1	1683675110006	1683675110014	OK	 
REQUEST		request_5	1683675110015	1683675110023	OK	 
REQUEST		request_6	1683675110016	1683675110128	OK	 
REQUEST		request_4	1683675110017	1683675110178	KO	status.find.in([200, 209], 304), found 400
REQUEST		request_3	1683675110017	1683675110186	OK	 
REQUEST		request_2	1683675110016	1683675110203	OK	 
REQUEST		request_7	1683675110332	1683675110362	OK	 
REQUEST		request_8	1683675110363	1683675110370	OK	 
REQUEST		request_9	1683675110363	1683675110558	KO	status.find.in([200, 209], 304), found 400
REQUEST		request_7	1683675111205	1683675111220	OK	 
REQUEST		request_8	1683675111221	1683675111229	OK	 
REQUEST		request_9	1683675111221	1683675111339	KO	status.find.in([200, 209], 304), found 400
REQUEST		request_1	1683675111999	1683675112007	OK	 
REQUEST		request_5	1683675112008	1683675112015	OK	 
REQUEST		request_6	1683675112009	1683675112104	OK	 
REQUEST		request_4	1683675112012	1683675112175	KO	status.find.in([200, 209], 304), found 400
REQUEST		request_3	1683675112011	1683675112332	OK	 
REQUEST		request_2	1683675112010	1683675112333	OK	 
REQUEST		request_10	1683675112560	1683675112643	OK	 
REQUEST		request_7	1683675113336	1683675113345	OK	 
REQUEST		request_8	1683675113345	1683675113402	OK	 
REQUEST		request_10	1683675113341	1683675113462	OK	 
REQUEST		request_9	1683675113346	1683675113547	KO	status.find.in([200, 209], 304), found 400
REQUEST		request_11	1683675113587	1683675113640	OK	 
REQUEST		request_12	1683675113642	1683675113712	OK	 
REQUEST		request_15	1683675113677	1683675113860	OK	 
REQUEST		request_13	1683675113644	1683675113863	OK	 
REQUEST		request_16	1683675113677	1683675113872	OK	 
REQUEST		request_17	1683675113643	1683675113910	OK	 
REQUEST		request_14	1683675113676	1683675113918	OK	 
REQUEST		request_11	1683675114591	1683675114600	OK	 
REQUEST		request_12	1683675114602	1683675114670	OK	 
REQUEST		request_13	1683675114602	1683675114758	OK	 
REQUEST		request_15	1683675114603	1683675114761	OK	 
REQUEST		request_16	1683675114604	1683675114773	OK	 
REQUEST		request_14	1683675114603	1683675114807	OK	 
REQUEST		request_17	1683675114602	1683675114847	OK	 
REQUEST		request_10	1683675115549	1683675115629	OK	 
REQUEST		request_18	1683675116925	1683675117122	OK	 
REQUEST		request_37	1683675117126	1683675117536	OK	 
REQUEST		request_19	1683675117286	1683675117579	KO	status.find.in([200, 209], 304), found 400
REQUEST		request_22	1683675117290	1683675117587	KO	status.find.in([200, 209], 304), found 400
REQUEST		request_11	1683675117644	1683675117653	OK	 
REQUEST		request_23	1683675117291	1683675117688	OK	 
REQUEST		request_21	1683675117290	1683675117703	OK	 
REQUEST		request_12	1683675117654	1683675117725	OK	 
REQUEST		request_27	1683675117587	1683675117731	OK	 
REQUEST		request_17	1683675117655	1683675117807	OK	 
REQUEST		request_13	1683675117655	1683675117809	OK	 
REQUEST		request_15	1683675117656	1683675117816	OK	 
REQUEST		request_16	1683675117656	1683675117821	OK	 
REQUEST		request_28	1683675117689	1683675117864	OK	 
REQUEST		request_29	1683675117704	1683675117865	OK	 
REQUEST		request_24	1683675117291	1683675117868	KO	status.find.in([200, 209], 304), found 400
REQUEST		request_14	1683675117656	1683675117869	OK	 
REQUEST		request_30	1683675117732	1683675117880	OK	 
REQUEST		request_25	1683675117292	1683675117897	OK	 
REQUEST		request_31	1683675117864	1683675117966	KO	status.find.in([200, 209], 304), found 400
REQUEST		request_33	1683675117868	1683675118003	KO	status.find.in([200, 209], 304), found 400
REQUEST		request_34	1683675117881	1683675118036	KO	status.find.in([200, 209], 304), found 400
REQUEST		request_18	1683675117849	1683675118037	OK	 
REQUEST		request_35	1683675117898	1683675118250	OK	 
REQUEST		request_36	1683675117967	1683675118250	KO	status.find.in([200, 209], 304), found 400
REQUEST		request_22	1683675118042	1683675118250	KO	status.find.in([200, 209], 304), found 400
REQUEST		request_21	1683675118041	1683675118252	OK	 
REQUEST		request_37	1683675118039	1683675118302	OK	 
REQUEST		request_19	1683675118040	1683675118303	KO	status.find.in([200, 209], 304), found 400
REQUEST		request_32	1683675117866	1683675118325	KO	status.find.in([200, 209], 304), found 400
REQUEST		request_24	1683675118043	1683675118356	KO	status.find.in([200, 209], 304), found 400
REQUEST		request_27	1683675118252	1683675118393	OK	 
REQUEST		request_25	1683675118044	1683675118415	OK	 
REQUEST		request_23	1683675118043	1683675118442	OK	 
REQUEST		request_28	1683675118303	1683675118457	OK	 
REQUEST		request_11	1683675118464	1683675118473	OK	 
REQUEST		request_29	1683675118357	1683675118502	OK	 
REQUEST		request_31	1683675118416	1683675118518	KO	status.find.in([200, 209], 304), found 400
REQUEST		request_26	1683675117580	1683675118532	KO	status.find.in([200, 209], 304), found 400
REQUEST		request_30	1683675118394	1683675118538	OK	 
REQUEST		request_12	1683675118475	1683675118552	OK	 
REQUEST		request_32	1683675118442	1683675118556	KO	status.find.in([200, 209], 304), found 400
REQUEST		request_33	1683675118458	1683675118598	KO	status.find.in([200, 209], 304), found 400
REQUEST		request_17	1683675118475	1683675118618	OK	 
REQUEST		request_15	1683675118477	1683675118629	OK	 
REQUEST		request_36	1683675118539	1683675118640	KO	status.find.in([200, 209], 304), found 400
REQUEST		request_16	1683675118477	1683675118642	OK	 
REQUEST		request_14	1683675118477	1683675118664	OK	 
REQUEST		request_35	1683675118518	1683675118670	OK	 
REQUEST		request_13	1683675118476	1683675118676	OK	 
REQUEST		request_34	1683675118503	1683675118793	KO	status.find.in([200, 209], 304), found 400
REQUEST		request_20	1683675117242	1683675119160	KO	status.find.in([200, 209], 304), found 400
REQUEST		request_26	1683675118251	1683675119221	KO	status.find.in([200, 209], 304), found 400
REQUEST		request_20	1683675118040	1683675119774	KO	status.find.in([200, 209], 304), found 400
REQUEST		request_11	1683675120630	1683675120640	OK	 
REQUEST		request_12	1683675120641	1683675120711	OK	 
REQUEST		request_15	1683675120643	1683675120796	OK	 
REQUEST		request_13	1683675120642	1683675120798	OK	 
REQUEST		request_16	1683675120643	1683675120832	OK	 
REQUEST		request_17	1683675120642	1683675120896	OK	 
REQUEST		request_14	1683675120643	1683675120917	OK	 
REQUEST		request_18	1683675120871	1683675120943	OK	 
REQUEST		request_37	1683675120945	1683675120995	OK	 
REQUEST		request_24	1683675120947	1683675121080	KO	status.find.in([200, 209], 304), found 400
REQUEST		request_21	1683675120946	1683675121087	OK	 
REQUEST		request_23	1683675120947	1683675121118	OK	 
REQUEST		request_25	1683675120948	1683675121137	OK	 
REQUEST		request_26	1683675121080	1683675121180	KO	status.find.in([200, 209], 304), found 400
REQUEST		request_20	1683675120945	1683675121195	KO	status.find.in([200, 209], 304), found 400
REQUEST		request_27	1683675121088	1683675121246	OK	 
REQUEST		request_28	1683675121118	1683675121267	OK	 
REQUEST		request_29	1683675121137	1683675121278	OK	 
REQUEST		request_30	1683675121181	1683675121334	OK	 
REQUEST		request_31	1683675121247	1683675121358	KO	status.find.in([200, 209], 304), found 400
REQUEST		request_33	1683675121279	1683675121373	KO	status.find.in([200, 209], 304), found 400
REQUEST		request_32	1683675121268	1683675121397	KO	status.find.in([200, 209], 304), found 400
REQUEST		request_34	1683675121334	1683675121444	KO	status.find.in([200, 209], 304), found 400
REQUEST		request_22	1683675120947	1683675121450	KO	status.find.in([200, 209], 304), found 400
REQUEST		request_36	1683675121374	1683675121492	KO	status.find.in([200, 209], 304), found 400
REQUEST		request_35	1683675121358	1683675121614	OK	 
REQUEST		request_18	1683675121679	1683675121771	OK	 
REQUEST		request_37	1683675121773	1683675121809	OK	 
REQUEST		request_22	1683675121775	1683675121904	KO	status.find.in([200, 209], 304), found 400
REQUEST		request_21	1683675121774	1683675121927	OK	 
REQUEST		request_24	1683675121776	1683675121933	KO	status.find.in([200, 209], 304), found 400
REQUEST		request_25	1683675121776	1683675121935	OK	 
REQUEST		request_23	1683675121775	1683675121940	OK	 
REQUEST		request_30	1683675121941	1683675122082	OK	 
REQUEST		request_20	1683675121773	1683675122088	KO	status.find.in([200, 209], 304), found 400
REQUEST		request_27	1683675121928	1683675122097	OK	 
REQUEST		request_29	1683675121935	1683675122138	OK	 
REQUEST		request_19	1683675120946	1683675122214	KO	status.find.in([200, 209], 304), found 400
REQUEST		request_32	1683675122097	1683675122232	KO	status.find.in([200, 209], 304), found 400
REQUEST		request_28	1683675121933	1683675122233	OK	 
REQUEST		request_33	1683675122139	1683675122251	KO	status.find.in([200, 209], 304), found 400
REQUEST		request_34	1683675122232	1683675122351	KO	status.find.in([200, 209], 304), found 400
REQUEST		request_36	1683675122252	1683675122360	KO	status.find.in([200, 209], 304), found 400
REQUEST		request_35	1683675122233	1683675122371	OK	 
REQUEST		request_19	1683675121774	1683675122847	KO	status.find.in([200, 209], 304), found 400
REQUEST		request_26	1683675121905	1683675122848	KO	status.find.in([200, 209], 304), found 400
REQUEST		request_31	1683675122083	1683675122848	KO	status.find.in([200, 209], 304), found 400
REQUEST		request_18	1683675123919	1683675123992	OK	 
REQUEST		request_37	1683675123994	1683675124048	OK	 
REQUEST		request_21	1683675123995	1683675124140	OK	 
REQUEST		request_24	1683675123996	1683675124141	KO	status.find.in([200, 209], 304), found 400
REQUEST		request_22	1683675123995	1683675124151	KO	status.find.in([200, 209], 304), found 400
REQUEST		request_23	1683675123996	1683675124179	OK	 
REQUEST		request_20	1683675123994	1683675124180	KO	status.find.in([200, 209], 304), found 400
REQUEST		request_25	1683675123997	1683675124197	OK	 
REQUEST		request_26	1683675124140	1683675124248	KO	status.find.in([200, 209], 304), found 400
REQUEST		request_27	1683675124141	1683675124284	OK	 
REQUEST		request_28	1683675124152	1683675124301	OK	 
REQUEST		request_29	1683675124179	1683675124334	OK	 
REQUEST		request_32	1683675124285	1683675124382	KO	status.find.in([200, 209], 304), found 400
REQUEST		request_30	1683675124197	1683675124389	OK	 
REQUEST		request_33	1683675124301	1683675124402	KO	status.find.in([200, 209], 304), found 400
REQUEST		request_34	1683675124335	1683675124435	KO	status.find.in([200, 209], 304), found 400
REQUEST		request_36	1683675124389	1683675124489	KO	status.find.in([200, 209], 304), found 400
REQUEST		request_35	1683675124382	1683675124516	OK	 
REQUEST		request_31	1683675124248	1683675124573	KO	status.find.in([200, 209], 304), found 400
REQUEST		request_19	1683675123995	1683675125228	KO	status.find.in([200, 209], 304), found 400
REQUEST		request_38	1683675223163	1683675224642	KO	status.find.in([200, 209], 304), found 404
REQUEST		request_38	1683675223776	1683675224756	KO	status.find.in([200, 209], 304), found 404
REQUEST		request_38	1683675226216	1683675226515	KO	status.find.in([200, 209], 304), found 404
REQUEST		request_38	1683675226849	1683675227122	KO	status.find.in([200, 209], 304), found 404
REQUEST		request_66	1683675227757	1683675228086	OK	 
REQUEST		request_66	1683675227643	1683675228125	OK	 
REQUEST		request_69	1683675229156	1683675229303	OK	 
REQUEST		request_71	1683675229132	1683675229308	KO	status.find.in([200, 209], 304), found 400
REQUEST		request_69	1683675229156	1683675229317	OK	 
REQUEST		request_70	1683675228088	1683675229338	OK	 
REQUEST		request_71	1683675229132	1683675229340	KO	status.find.in([200, 209], 304), found 400
REQUEST		request_70	1683675228127	1683675229357	OK	 
REQUEST		request_68	1683675229133	1683675229423	OK	 
REQUEST		request_38	1683675229230	1683675229468	KO	status.find.in([200, 209], 304), found 404
REQUEST		request_68	1683675229133	1683675229472	OK	 
REQUEST		request_67	1683675229157	1683675229593	KO	status.find.in([200, 209], 304), found 400
REQUEST		request_67	1683675229157	1683675229629	KO	status.find.in([200, 209], 304), found 400
REQUEST		request_66	1683675229517	1683675229726	OK	 
REQUEST		request_69	1683675229728	1683675229818	OK	 
REQUEST		request_67	1683675229729	1683675229834	KO	status.find.in([200, 209], 304), found 400
REQUEST		request_71	1683675229728	1683675229854	KO	status.find.in([200, 209], 304), found 400
REQUEST		request_68	1683675229728	1683675229922	OK	 
REQUEST		request_70	1683675229727	1683675229934	OK	 
REQUEST		request_66	1683675230123	1683675230287	OK	 
REQUEST		request_69	1683675230289	1683675230379	OK	 
REQUEST		request_71	1683675230288	1683675230409	KO	status.find.in([200, 209], 304), found 400
REQUEST		request_70	1683675230288	1683675230449	OK	 
REQUEST		request_68	1683675230289	1683675230509	OK	 
REQUEST		request_67	1683675230289	1683675230570	KO	status.find.in([200, 209], 304), found 400
REQUEST		request_66	1683675232469	1683675232760	OK	 
REQUEST		request_69	1683675232762	1683675232886	OK	 
REQUEST		request_70	1683675232761	1683675232900	OK	 
REQUEST		request_71	1683675232761	1683675232915	KO	status.find.in([200, 209], 304), found 400
REQUEST		request_68	1683675232762	1683675232996	OK	 
REQUEST		request_67	1683675232763	1683675233441	KO	status.find.in([200, 209], 304), found 400
REQUEST		request_72	1683675233630	1683675233764	OK	 
REQUEST		request_76	1683675233766	1683675233772	OK	 
REQUEST		request_72	1683675233594	1683675233863	OK	 
REQUEST		request_76	1683675233864	1683675233873	OK	 
REQUEST		request_77	1683675233766	1683675233931	OK	 
REQUEST		request_74	1683675233766	1683675234048	OK	 
REQUEST		request_75	1683675233864	1683675234083	KO	status.find.in([200, 209], 304), found 400
REQUEST		request_73	1683675233765	1683675234083	KO	status.find.in([200, 209], 304), found 401
REQUEST		request_72	1683675233936	1683675234083	OK	 
REQUEST		request_76	1683675234084	1683675234092	OK	 
REQUEST		request_75	1683675233766	1683675234114	KO	status.find.in([200, 209], 304), found 400
REQUEST		request_78	1683675233767	1683675234148	KO	status.find.in([200, 209], 304), found 400
REQUEST		request_77	1683675233865	1683675234209	OK	 
REQUEST		request_78	1683675234085	1683675234230	KO	status.find.in([200, 209], 304), found 400
REQUEST		request_74	1683675234084	1683675234251	OK	 
REQUEST		request_73	1683675233864	1683675234269	KO	status.find.in([200, 209], 304), found 401
REQUEST		request_75	1683675234084	1683675234283	KO	status.find.in([200, 209], 304), found 400
REQUEST		request_78	1683675233865	1683675234287	KO	status.find.in([200, 209], 304), found 400
REQUEST		request_74	1683675233864	1683675234305	OK	 
REQUEST		request_77	1683675234085	1683675234439	OK	 
REQUEST		request_72	1683675234571	1683675234699	OK	 
REQUEST		request_76	1683675234700	1683675234712	OK	 
REQUEST		request_78	1683675234701	1683675234828	KO	status.find.in([200, 209], 304), found 400
REQUEST		request_74	1683675234700	1683675234850	OK	 
REQUEST		request_73	1683675234700	1683675234986	KO	status.find.in([200, 209], 304), found 401
REQUEST		request_77	1683675234701	1683675235062	OK	 
REQUEST		request_75	1683675234700	1683675235417	KO	status.find.in([200, 209], 304), found 400
REQUEST		request_73	1683675234084	1683675235899	KO	status.find.in([200, 209], 304), found 401
REQUEST		request_79	1683675236150	1683675236326	OK	 
REQUEST		request_80	1683675236327	1683675236457	KO	status.find.in([200, 209], 304), found 400
REQUEST		request_79	1683675236307	1683675236457	OK	 
REQUEST		request_80	1683675236458	1683675236976	KO	status.find.in([200, 209], 304), found 400
REQUEST		request_72	1683675237443	1683675237575	OK	 
REQUEST		request_76	1683675237577	1683675237583	OK	 
REQUEST		request_81	1683675237459	1683675237614	OK	 
REQUEST		request_79	1683675237419	1683675237614	OK	 
REQUEST		request_74	1683675237577	1683675237714	OK	 
REQUEST		request_78	1683675237578	1683675237726	KO	status.find.in([200, 209], 304), found 400
REQUEST		request_77	1683675237578	1683675237757	OK	 
REQUEST		request_80	1683675237615	1683675237789	KO	status.find.in([200, 209], 304), found 400
REQUEST		request_73	1683675237576	1683675237847	KO	status.find.in([200, 209], 304), found 401
REQUEST		request_75	1683675237577	1683675237921	KO	status.find.in([200, 209], 304), found 400
REQUEST		request_82	1683675237614	1683675237963	KO	status.find.in([200, 209], 304), found 400
REQUEST		request_81	1683675237978	1683675238129	OK	 
REQUEST		request_79	1683675237900	1683675238130	OK	 
REQUEST		request_80	1683675238130	1683675238277	KO	status.find.in([200, 209], 304), found 400
REQUEST		request_82	1683675238130	1683675238296	KO	status.find.in([200, 209], 304), found 400
REQUEST		request_81	1683675238791	1683675238935	OK	 
REQUEST		request_82	1683675238936	1683675239278	KO	status.find.in([200, 209], 304), found 400
REQUEST		request_81	1683675239278	1683675239441	OK	 
REQUEST		request_82	1683675239442	1683675239558	KO	status.find.in([200, 209], 304), found 400
REQUEST		request_79	1683675239922	1683675240066	OK	 
REQUEST		request_83	1683675239964	1683675240138	OK	 
REQUEST		request_84	1683675240139	1683675240262	KO	status.find.in([200, 209], 304), found 400
REQUEST		request_83	1683675240297	1683675240446	OK	 
REQUEST		request_80	1683675240066	1683675240492	KO	status.find.in([200, 209], 304), found 400
REQUEST		request_84	1683675240447	1683675240818	KO	status.find.in([200, 209], 304), found 400
REQUEST		request_83	1683675241280	1683675241448	OK	 
REQUEST		request_84	1683675241448	1683675241554	KO	status.find.in([200, 209], 304), found 400
REQUEST		request_81	1683675241494	1683675241648	OK	 
REQUEST		request_83	1683675241559	1683675241762	OK	 
REQUEST		request_82	1683675241649	1683675241768	KO	status.find.in([200, 209], 304), found 400
REQUEST		request_84	1683675241763	1683675241858	KO	status.find.in([200, 209], 304), found 400
REQUEST		request_85	1683675242263	1683675242417	OK	 
REQUEST		request_86	1683675242419	1683675242823	KO	status.find.in([200, 209], 304), found 400
REQUEST		request_85	1683675242819	1683675242962	OK	 
REQUEST		request_86	1683675242962	1683675243092	KO	status.find.in([200, 209], 304), found 400
REQUEST		request_85	1683675243556	1683675243944	OK	 
REQUEST		request_83	1683675243769	1683675243966	OK	 
REQUEST		request_85	1683675243861	1683675244008	OK	 
REQUEST		request_86	1683675243945	1683675244044	KO	status.find.in([200, 209], 304), found 400
REQUEST		request_84	1683675243967	1683675244058	KO	status.find.in([200, 209], 304), found 400
REQUEST		request_86	1683675244009	1683675244142	KO	status.find.in([200, 209], 304), found 400
REQUEST		request_87	1683675244824	1683675244966	OK	 
REQUEST		request_90	1683675244967	1683675245073	KO	status.find.in([200, 209], 304), found 400
REQUEST		request_88	1683675244966	1683675245074	KO	status.find.in([200, 209], 304), found 400
REQUEST		request_89	1683675244967	1683675245128	OK	 
REQUEST		request_87	1683675245094	1683675245276	OK	 
REQUEST		request_88	1683675245277	1683675245378	KO	status.find.in([200, 209], 304), found 400
REQUEST		request_90	1683675245278	1683675245407	KO	status.find.in([200, 209], 304), found 400
REQUEST		request_89	1683675245277	1683675245418	OK	 
REQUEST		request_87	1683675246044	1683675246206	OK	 
REQUEST		request_85	1683675246060	1683675246212	OK	 
REQUEST		request_91	1683675246129	1683675246334	OK	 
REQUEST		request_90	1683675246207	1683675246335	KO	status.find.in([200, 209], 304), found 400
REQUEST		request_87	1683675246145	1683675246335	OK	 
REQUEST		request_88	1683675246207	1683675246336	KO	status.find.in([200, 209], 304), found 400
REQUEST		request_89	1683675246207	1683675246353	OK	 
REQUEST		request_86	1683675246212	1683675246375	KO	status.find.in([200, 209], 304), found 400
REQUEST		request_90	1683675246336	1683675246432	KO	status.find.in([200, 209], 304), found 400
REQUEST		request_89	1683675246336	1683675246478	OK	 
REQUEST		request_91	1683675246420	1683675246569	OK	 
REQUEST		request_88	1683675246336	1683675246589	KO	status.find.in([200, 209], 304), found 400
REQUEST		request_92	1683675246570	1683675246689	KO	status.find.in([200, 209], 304), found 400
REQUEST		request_92	1683675246334	1683675246738	KO	status.find.in([200, 209], 304), found 400
REQUEST		request_91	1683675247355	1683675247511	OK	 
REQUEST		request_92	1683675247512	1683675247610	KO	status.find.in([200, 209], 304), found 400
REQUEST		request_91	1683675247589	1683675247778	OK	 
REQUEST		request_93	1683675247690	1683675247858	OK	 
REQUEST		request_93	1683675247740	1683675247881	OK	 
REQUEST		request_92	1683675247778	1683675247894	KO	status.find.in([200, 209], 304), found 400
REQUEST		request_99	1683675247882	1683675247958	OK	 
REQUEST		request_99	1683675247860	1683675247958	OK	 
REQUEST		request_95	1683675247861	1683675247967	KO	status.find.in([200, 209], 304), found 400
REQUEST		request_97	1683675247956	1683675247986	KO	status.find.in([200, 209], 304), found 403
REQUEST		request_98	1683675247956	1683675247986	KO	status.find.in([200, 209], 304), found 403
REQUEST		request_98	1683675247957	1683675247986	KO	status.find.in([200, 209], 304), found 403
REQUEST		request_100	1683675247957	1683675247987	KO	status.find.in([200, 209], 304), found 403
REQUEST		request_100	1683675247957	1683675247988	KO	status.find.in([200, 209], 304), found 403
REQUEST		request_97	1683675247956	1683675247988	KO	status.find.in([200, 209], 304), found 403
REQUEST		request_102	1683675247884	1683675247994	KO	status.find.in([200, 209], 304), found 400
REQUEST		request_95	1683675247883	1683675248005	KO	status.find.in([200, 209], 304), found 400
REQUEST		request_101	1683675247883	1683675248034	OK	 
REQUEST		request_101	1683675247867	1683675248075	OK	 
REQUEST		request_102	1683675247867	1683675248181	KO	status.find.in([200, 209], 304), found 400
REQUEST		request_94	1683675247868	1683675248247	OK	 
REQUEST		request_94	1683675247884	1683675248256	OK	 
REQUEST		request_87	1683675248377	1683675248644	OK	 
REQUEST		request_90	1683675248645	1683675248775	KO	status.find.in([200, 209], 304), found 400
REQUEST		request_93	1683675248611	1683675248790	OK	 
REQUEST		request_89	1683675248645	1683675248823	OK	 
REQUEST		request_99	1683675248790	1683675248836	OK	 
REQUEST		request_98	1683675248792	1683675248857	KO	status.find.in([200, 209], 304), found 403
REQUEST		request_100	1683675248792	1683675248857	KO	status.find.in([200, 209], 304), found 403
REQUEST		request_97	1683675248792	1683675248858	KO	status.find.in([200, 209], 304), found 403
REQUEST		request_88	1683675248645	1683675248889	KO	status.find.in([200, 209], 304), found 400
REQUEST		request_102	1683675248791	1683675248933	KO	status.find.in([200, 209], 304), found 400
REQUEST		request_101	1683675248791	1683675248964	OK	 
REQUEST		request_95	1683675248791	1683675248970	KO	status.find.in([200, 209], 304), found 400
REQUEST		request_93	1683675248896	1683675249032	OK	 
REQUEST		request_99	1683675249032	1683675249051	OK	 
REQUEST		request_100	1683675249035	1683675249077	KO	status.find.in([200, 209], 304), found 403
REQUEST		request_98	1683675249035	1683675249078	KO	status.find.in([200, 209], 304), found 403
REQUEST		request_97	1683675249034	1683675249079	KO	status.find.in([200, 209], 304), found 403
REQUEST		request_102	1683675249033	1683675249127	KO	status.find.in([200, 209], 304), found 400
REQUEST		request_94	1683675248791	1683675249134	OK	 
REQUEST		request_95	1683675249033	1683675249172	KO	status.find.in([200, 209], 304), found 400
REQUEST		request_101	1683675249033	1683675249183	OK	 
REQUEST		request_94	1683675249033	1683675249351	OK	 
REQUEST		request_91	1683675249891	1683675250052	OK	 
REQUEST		request_92	1683675250053	1683675250151	KO	status.find.in([200, 209], 304), found 400
REQUEST		request_93	1683675251153	1683675251358	OK	 
REQUEST		request_99	1683675251359	1683675251369	OK	 
REQUEST		request_97	1683675251361	1683675251398	KO	status.find.in([200, 209], 304), found 403
REQUEST		request_100	1683675251362	1683675251399	KO	status.find.in([200, 209], 304), found 403
REQUEST		request_98	1683675251362	1683675251400	KO	status.find.in([200, 209], 304), found 403
REQUEST		request_95	1683675251359	1683675251472	KO	status.find.in([200, 209], 304), found 400
REQUEST		request_102	1683675251360	1683675251482	KO	status.find.in([200, 209], 304), found 400
REQUEST		request_101	1683675251360	1683675251509	OK	 
REQUEST		request_94	1683675251360	1683675251576	OK	 
REQUEST		request_103	1683675256249	1683675256387	OK	 
REQUEST		request_103	1683675256258	1683675256430	OK	 
REQUEST		request_104	1683675256430	1683675256595	KO	status.find.in([200, 209], 304), found 400
REQUEST		request_104	1683675256388	1683675256596	KO	status.find.in([200, 209], 304), found 400
USER	flujoReusoCheckOut	END	1683675256600
USER	flujoReusoCheckOut	END	1683675256600
REQUEST		request_103	1683675257136	1683675257305	OK	 
REQUEST		request_104	1683675257306	1683675257413	KO	status.find.in([200, 209], 304), found 400
USER	flujoReusoCheckOut	END	1683675257415
REQUEST		request_103	1683675257352	1683675257527	OK	 
REQUEST		request_104	1683675257528	1683675257653	KO	status.find.in([200, 209], 304), found 400
USER	flujoReusoCheckOut	END	1683675257655
REQUEST		request_103	1683675259578	1683675259730	OK	 
REQUEST		request_104	1683675259731	1683675259852	KO	status.find.in([200, 209], 304), found 400
USER	flujoReusoCheckOut	END	1683675259855
