RUN	bnpl.flujoReusoCheckOutCorregido	flujoreusocheckoutcorregido	1684176593914	 	3.8.3
USER	flujoReusoCheckOut	START	1684176600370
REQUEST		request_0	1684176600363	1684176600537	OK	 
REQUEST		request_1	1684176602557	1684176602571	OK	 
REQUEST		request_5	1684176602597	1684176602605	OK	 
REQUEST		request_6	1684176602598	1684176602692	OK	 
REQUEST		request_4	1684176602599	1684176602804	KO	status.find.in([200, 209], 304), found 400
REQUEST		request_3	1684176602599	1684176602854	OK	 
REQUEST		request_2	1684176602599	1684176602858	OK	 
REQUEST		request_7	1684176603859	1684176603866	OK	 
REQUEST		request_8	1684176603867	1684176603875	OK	 
REQUEST		request_9	1684176603867	1684176604023	KO	status.find.in([200, 209], 304), found 400
REQUEST		request_10	1684176606027	1684176606121	OK	 
USER	flujoReusoCheckOut	START	1684176610318
REQUEST		request_0	1684176610316	1684176610494	OK	 
REQUEST		request_11	1684176611124	1684176611133	OK	 
REQUEST		request_12	1684176611135	1684176611227	OK	 
REQUEST		request_17	1684176611136	1684176611282	OK	 
REQUEST		request_13	1684176611136	1684176611399	OK	 
REQUEST		request_15	1684176611161	1684176611402	OK	 
REQUEST		request_16	1684176611161	1684176611415	OK	 
REQUEST		request_14	1684176611160	1684176611431	OK	 
REQUEST		request_1	1684176612495	1684176612503	OK	 
REQUEST		request_5	1684176612504	1684176612513	OK	 
REQUEST		request_6	1684176612505	1684176612602	OK	 
REQUEST		request_4	1684176612507	1684176612643	KO	status.find.in([200, 209], 304), found 400
REQUEST		request_3	1684176612506	1684176612864	OK	 
REQUEST		request_2	1684176612506	1684176612903	OK	 
REQUEST		request_7	1684176613904	1684176613914	OK	 
REQUEST		request_8	1684176613915	1684176613924	OK	 
REQUEST		request_9	1684176613915	1684176614014	KO	status.find.in([200, 209], 304), found 400
REQUEST		request_18	1684176614435	1684176614513	OK	 
REQUEST		request_37	1684176614525	1684176614681	OK	 
REQUEST		request_19	1684176614639	1684176614817	KO	status.find.in([200, 209], 304), found 400
REQUEST		request_29	1684176614646	1684176614820	OK	 
REQUEST		request_30	1684176614646	1684176614822	OK	 
REQUEST		request_26	1684176614645	1684176614878	KO	status.find.in([200, 209], 304), found 400
REQUEST		request_25	1684176614644	1684176614914	OK	 
REQUEST		request_31	1684176614817	1684176614918	KO	status.find.in([200, 209], 304), found 400
REQUEST		request_33	1684176614820	1684176614924	KO	status.find.in([200, 209], 304), found 400
REQUEST		request_28	1684176614645	1684176615007	OK	 
REQUEST		request_36	1684176614915	1684176615027	KO	status.find.in([200, 209], 304), found 400
REQUEST		request_34	1684176614822	1684176615032	KO	status.find.in([200, 209], 304), found 400
REQUEST		request_35	1684176614878	1684176615060	OK	 
REQUEST		request_20	1684176614601	1684176615992	KO	status.find.in([200, 209], 304), found 400
REQUEST		request_10	1684176616015	1684176616113	OK	 
USER	flujoReusoCheckOut	START	1684176620316
REQUEST		request_0	1684176620315	1684176620477	OK	 
REQUEST		request_11	1684176621115	1684176621123	OK	 
REQUEST		request_12	1684176621125	1684176621194	OK	 
REQUEST		request_17	1684176621126	1684176621270	OK	 
REQUEST		request_13	1684176621126	1684176621343	OK	 
REQUEST		request_15	1684176621128	1684176621345	OK	 
REQUEST		request_16	1684176621129	1684176621362	OK	 
REQUEST		request_14	1684176621127	1684176621461	OK	 
REQUEST		request_1	1684176622480	1684176622488	OK	 
REQUEST		request_5	1684176622489	1684176622498	OK	 
REQUEST		request_6	1684176622489	1684176622575	OK	 
REQUEST		request_4	1684176622491	1684176622616	KO	status.find.in([200, 209], 304), found 400
REQUEST		request_2	1684176622490	1684176622659	OK	 
REQUEST		request_3	1684176622491	1684176622697	OK	 
REQUEST		request_7	1684176623700	1684176623708	OK	 
REQUEST		request_8	1684176623709	1684176623717	OK	 
REQUEST		request_9	1684176623709	1684176623819	KO	status.find.in([200, 209], 304), found 400
REQUEST		request_18	1684176624461	1684176624533	OK	 
REQUEST		request_37	1684176624536	1684176624570	OK	 
REQUEST		request_26	1684176624540	1684176624676	KO	status.find.in([200, 209], 304), found 400
REQUEST		request_25	1684176624539	1684176624695	OK	 
REQUEST		request_19	1684176624537	1684176624699	KO	status.find.in([200, 209], 304), found 400
REQUEST		request_29	1684176624541	1684176624706	OK	 
REQUEST		request_28	1684176624540	1684176624724	OK	 
REQUEST		request_30	1684176624541	1684176624725	OK	 
REQUEST		request_31	1684176624676	1684176624771	KO	status.find.in([200, 209], 304), found 400
REQUEST		request_33	1684176624696	1684176624795	KO	status.find.in([200, 209], 304), found 400
REQUEST		request_34	1684176624700	1684176624820	KO	status.find.in([200, 209], 304), found 400
REQUEST		request_36	1684176624724	1684176624837	KO	status.find.in([200, 209], 304), found 400
REQUEST		request_35	1684176624707	1684176624855	OK	 
REQUEST		request_20	1684176624536	1684176625063	KO	status.find.in([200, 209], 304), found 400
REQUEST		request_10	1684176625822	1684176625909	OK	 
USER	flujoReusoCheckOut	START	1684176630317
REQUEST		request_0	1684176630315	1684176630517	OK	 
REQUEST		request_11	1684176630911	1684176630921	OK	 
REQUEST		request_12	1684176630922	1684176631000	OK	 
REQUEST		request_13	1684176630923	1684176631088	OK	 
REQUEST		request_16	1684176630924	1684176631098	OK	 
REQUEST		request_14	1684176630923	1684176631117	OK	 
REQUEST		request_15	1684176630924	1684176631160	OK	 
REQUEST		request_17	1684176630922	1684176631305	OK	 
REQUEST		request_1	1684176632519	1684176632529	OK	 
REQUEST		request_5	1684176632530	1684176632554	OK	 
REQUEST		request_6	1684176632531	1684176632641	OK	 
REQUEST		request_4	1684176632553	1684176632671	KO	status.find.in([200, 209], 304), found 400
REQUEST		request_3	1684176632553	1684176632728	OK	 
REQUEST		request_2	1684176632551	1684176632730	OK	 
REQUEST		request_7	1684176633733	1684176633749	OK	 
REQUEST		request_8	1684176633750	1684176633765	OK	 
REQUEST		request_9	1684176633751	1684176633872	KO	status.find.in([200, 209], 304), found 400
REQUEST		request_18	1684176634307	1684176634386	OK	 
REQUEST		request_37	1684176634389	1684176634453	OK	 
REQUEST		request_26	1684176634394	1684176634505	KO	status.find.in([200, 209], 304), found 400
REQUEST		request_25	1684176634394	1684176634545	OK	 
REQUEST		request_29	1684176634397	1684176634584	OK	 
REQUEST		request_20	1684176634391	1684176634597	KO	status.find.in([200, 209], 304), found 400
REQUEST		request_31	1684176634505	1684176634603	KO	status.find.in([200, 209], 304), found 400
REQUEST		request_28	1684176634396	1684176634605	OK	 
REQUEST		request_19	1684176634392	1684176634607	KO	status.find.in([200, 209], 304), found 400
REQUEST		request_30	1684176634397	1684176634610	OK	 
REQUEST		request_33	1684176634546	1684176634652	KO	status.find.in([200, 209], 304), found 400
REQUEST		request_34	1684176634584	1684176634692	KO	status.find.in([200, 209], 304), found 400
REQUEST		request_35	1684176634603	1684176634750	OK	 
REQUEST		request_36	1684176634605	1684176634754	KO	status.find.in([200, 209], 304), found 400
REQUEST		request_10	1684176635873	1684176635960	OK	 
USER	flujoReusoCheckOut	START	1684176640317
REQUEST		request_0	1684176640316	1684176640477	OK	 
REQUEST		request_11	1684176640962	1684176640970	OK	 
REQUEST		request_12	1684176640971	1684176641056	OK	 
REQUEST		request_17	1684176640972	1684176641115	OK	 
REQUEST		request_13	1684176640972	1684176641132	OK	 
REQUEST		request_15	1684176640973	1684176641134	OK	 
REQUEST		request_14	1684176640973	1684176641164	OK	 
REQUEST		request_16	1684176640974	1684176641182	OK	 
REQUEST		request_1	1684176642479	1684176642492	OK	 
REQUEST		request_5	1684176642493	1684176642501	OK	 
REQUEST		request_6	1684176642493	1684176642581	OK	 
REQUEST		request_4	1684176642495	1684176642621	KO	status.find.in([200, 209], 304), found 400
REQUEST		request_3	1684176642494	1684176642668	OK	 
REQUEST		request_2	1684176642494	1684176642691	OK	 
REQUEST		request_7	1684176643694	1684176643703	OK	 
REQUEST		request_8	1684176643704	1684176643712	OK	 
REQUEST		request_9	1684176643704	1684176643809	KO	status.find.in([200, 209], 304), found 400
REQUEST		request_18	1684176644184	1684176644265	OK	 
REQUEST		request_37	1684176644267	1684176644302	OK	 
REQUEST		request_26	1684176644269	1684176644374	KO	status.find.in([200, 209], 304), found 400
REQUEST		request_25	1684176644268	1684176644431	OK	 
REQUEST		request_30	1684176644270	1684176644445	OK	 
REQUEST		request_29	1684176644270	1684176644447	OK	 
REQUEST		request_20	1684176644267	1684176644455	KO	status.find.in([200, 209], 304), found 400
REQUEST		request_28	1684176644269	1684176644470	OK	 
REQUEST		request_31	1684176644375	1684176644474	KO	status.find.in([200, 209], 304), found 400
REQUEST		request_33	1684176644431	1684176644532	KO	status.find.in([200, 209], 304), found 400
REQUEST		request_36	1684176644471	1684176644570	KO	status.find.in([200, 209], 304), found 400
REQUEST		request_35	1684176644447	1684176644596	OK	 
REQUEST		request_19	1684176644268	1684176644603	KO	status.find.in([200, 209], 304), found 400
REQUEST		request_34	1684176644446	1684176644610	KO	status.find.in([200, 209], 304), found 400
REQUEST		request_10	1684176645812	1684176645894	OK	 
USER	flujoReusoCheckOut	START	1684176650316
REQUEST		request_0	1684176650315	1684176650498	OK	 
REQUEST		request_11	1684176650897	1684176650914	OK	 
REQUEST		request_12	1684176650916	1684176650996	OK	 
REQUEST		request_17	1684176650916	1684176651067	OK	 
REQUEST		request_15	1684176650919	1684176651077	OK	 
REQUEST		request_13	1684176650917	1684176651081	OK	 
REQUEST		request_16	1684176650919	1684176651092	OK	 
REQUEST		request_14	1684176650918	1684176651168	OK	 
REQUEST		request_1	1684176652500	1684176652507	OK	 
REQUEST		request_5	1684176652509	1684176652516	OK	 
REQUEST		request_6	1684176652509	1684176652603	OK	 
REQUEST		request_4	1684176652510	1684176652634	KO	status.find.in([200, 209], 304), found 400
REQUEST		request_2	1684176652510	1684176652672	OK	 
REQUEST		request_3	1684176652510	1684176652703	OK	 
REQUEST		request_7	1684176653705	1684176653714	OK	 
REQUEST		request_8	1684176653714	1684176653722	OK	 
REQUEST		request_9	1684176653715	1684176653828	KO	status.find.in([200, 209], 304), found 400
REQUEST		request_18	1684176654171	1684176654242	OK	 
REQUEST		request_37	1684176654244	1684176654279	OK	 
REQUEST		request_26	1684176654248	1684176654356	KO	status.find.in([200, 209], 304), found 400
REQUEST		request_25	1684176654248	1684176654404	OK	 
REQUEST		request_30	1684176654250	1684176654413	OK	 
REQUEST		request_19	1684176654247	1684176654420	KO	status.find.in([200, 209], 304), found 400
REQUEST		request_29	1684176654249	1684176654421	OK	 
REQUEST		request_20	1684176654246	1684176654436	KO	status.find.in([200, 209], 304), found 400
REQUEST		request_28	1684176654249	1684176654446	OK	 
REQUEST		request_31	1684176654356	1684176654447	KO	status.find.in([200, 209], 304), found 400
REQUEST		request_33	1684176654405	1684176654507	KO	status.find.in([200, 209], 304), found 400
REQUEST		request_34	1684176654413	1684176654519	KO	status.find.in([200, 209], 304), found 400
REQUEST		request_36	1684176654421	1684176654524	KO	status.find.in([200, 209], 304), found 400
REQUEST		request_35	1684176654421	1684176654571	OK	 
REQUEST		request_10	1684176655830	1684176655965	OK	 
USER	flujoReusoCheckOut	START	1684176660317
REQUEST		request_0	1684176660316	1684176660486	OK	 
REQUEST		request_11	1684176660967	1684176660991	OK	 
REQUEST		request_12	1684176660992	1684176661074	OK	 
REQUEST		request_17	1684176660993	1684176661206	OK	 
REQUEST		request_13	1684176660994	1684176661208	OK	 
REQUEST		request_15	1684176660995	1684176661209	OK	 
REQUEST		request_16	1684176660995	1684176661214	OK	 
REQUEST		request_14	1684176660994	1684176661215	OK	 
REQUEST		request_1	1684176662488	1684176662498	OK	 
REQUEST		request_5	1684176662499	1684176662509	OK	 
REQUEST		request_6	1684176662499	1684176662582	OK	 
REQUEST		request_4	1684176662500	1684176662638	KO	status.find.in([200, 209], 304), found 400
REQUEST		request_3	1684176662500	1684176662666	OK	 
REQUEST		request_2	1684176662500	1684176662714	OK	 
REQUEST		request_7	1684176663715	1684176663725	OK	 
REQUEST		request_8	1684176663725	1684176663734	OK	 
REQUEST		request_9	1684176663726	1684176663861	KO	status.find.in([200, 209], 304), found 400
REQUEST		request_18	1684176664217	1684176664296	OK	 
REQUEST		request_37	1684176664297	1684176664343	OK	 
REQUEST		request_26	1684176664301	1684176664436	KO	status.find.in([200, 209], 304), found 400
REQUEST		request_20	1684176664298	1684176664449	KO	status.find.in([200, 209], 304), found 400
REQUEST		request_25	1684176664300	1684176664464	OK	 
REQUEST		request_29	1684176664307	1684176664468	OK	 
REQUEST		request_30	1684176664308	1684176664488	OK	 
REQUEST		request_19	1684176664299	1684176664489	KO	status.find.in([200, 209], 304), found 400
REQUEST		request_28	1684176664301	1684176664491	OK	 
REQUEST		request_33	1684176664465	1684176664568	KO	status.find.in([200, 209], 304), found 400
REQUEST		request_31	1684176664436	1684176664568	KO	status.find.in([200, 209], 304), found 400
REQUEST		request_34	1684176664469	1684176664578	KO	status.find.in([200, 209], 304), found 400
REQUEST		request_36	1684176664490	1684176664619	KO	status.find.in([200, 209], 304), found 400
REQUEST		request_35	1684176664489	1684176664643	OK	 
REQUEST		request_10	1684176665864	1684176665973	OK	 
USER	flujoReusoCheckOut	START	1684176670317
REQUEST		request_0	1684176670315	1684176670497	OK	 
REQUEST		request_11	1684176670975	1684176671023	OK	 
REQUEST		request_12	1684176671024	1684176671122	OK	 
REQUEST		request_13	1684176671025	1684176671247	OK	 
REQUEST		request_15	1684176671027	1684176671248	OK	 
REQUEST		request_16	1684176671027	1684176671249	OK	 
REQUEST		request_17	1684176671024	1684176671251	OK	 
REQUEST		request_14	1684176671026	1684176671260	OK	 
REQUEST		request_1	1684176672499	1684176672506	OK	 
REQUEST		request_5	1684176672508	1684176672516	OK	 
REQUEST		request_6	1684176672508	1684176672611	OK	 
REQUEST		request_4	1684176672510	1684176672642	KO	status.find.in([200, 209], 304), found 400
REQUEST		request_2	1684176672509	1684176672704	OK	 
REQUEST		request_3	1684176672509	1684176672725	OK	 
REQUEST		request_7	1684176673727	1684176673735	OK	 
REQUEST		request_8	1684176673736	1684176673747	OK	 
REQUEST		request_9	1684176673736	1684176673835	KO	status.find.in([200, 209], 304), found 400
REQUEST		request_18	1684176674262	1684176674340	OK	 
REQUEST		request_37	1684176674341	1684176674380	OK	 
REQUEST		request_26	1684176674343	1684176674450	KO	status.find.in([200, 209], 304), found 400
REQUEST		request_25	1684176674343	1684176674506	OK	 
REQUEST		request_20	1684176674342	1684176674516	KO	status.find.in([200, 209], 304), found 400
REQUEST		request_29	1684176674344	1684176674521	OK	 
REQUEST		request_19	1684176674343	1684176674521	KO	status.find.in([200, 209], 304), found 400
REQUEST		request_30	1684176674344	1684176674533	OK	 
REQUEST		request_28	1684176674344	1684176674548	OK	 
REQUEST		request_31	1684176674451	1684176674569	KO	status.find.in([200, 209], 304), found 400
REQUEST		request_33	1684176674506	1684176674612	KO	status.find.in([200, 209], 304), found 400
REQUEST		request_36	1684176674534	1684176674634	KO	status.find.in([200, 209], 304), found 400
REQUEST		request_34	1684176674521	1684176674639	KO	status.find.in([200, 209], 304), found 400
REQUEST		request_35	1684176674522	1684176674661	OK	 
REQUEST		request_10	1684176675836	1684176675915	OK	 
USER	flujoReusoCheckOut	START	1684176680315
REQUEST		request_0	1684176680314	1684176680500	OK	 
REQUEST		request_11	1684176680918	1684176680928	OK	 
REQUEST		request_12	1684176680930	1684176681063	OK	 
REQUEST		request_17	1684176680930	1684176681088	OK	 
REQUEST		request_13	1684176680930	1684176681147	OK	 
REQUEST		request_15	1684176680935	1684176681148	OK	 
REQUEST		request_16	1684176680935	1684176681153	OK	 
REQUEST		request_14	1684176680934	1684176681181	OK	 
REQUEST		request_1	1684176682502	1684176682511	OK	 
REQUEST		request_5	1684176682512	1684176682520	OK	 
REQUEST		request_4	1684176682514	1684176682633	KO	status.find.in([200, 209], 304), found 400
REQUEST		request_6	1684176682512	1684176682660	OK	 
REQUEST		request_3	1684176682513	1684176682683	OK	 
REQUEST		request_2	1684176682513	1684176682721	OK	 
REQUEST		request_7	1684176683723	1684176683731	OK	 
REQUEST		request_8	1684176683731	1684176683744	OK	 
REQUEST		request_9	1684176683732	1684176683828	KO	status.find.in([200, 209], 304), found 400
REQUEST		request_18	1684176684183	1684176684253	OK	 
REQUEST		request_37	1684176684254	1684176684297	OK	 
REQUEST		request_26	1684176684259	1684176684381	KO	status.find.in([200, 209], 304), found 400
REQUEST		request_25	1684176684259	1684176684415	OK	 
REQUEST		request_20	1684176684257	1684176684416	KO	status.find.in([200, 209], 304), found 400
REQUEST		request_29	1684176684260	1684176684430	OK	 
REQUEST		request_28	1684176684259	1684176684432	OK	 
REQUEST		request_30	1684176684260	1684176684435	OK	 
REQUEST		request_19	1684176684258	1684176684441	KO	status.find.in([200, 209], 304), found 400
REQUEST		request_33	1684176684415	1684176684521	KO	status.find.in([200, 209], 304), found 400
REQUEST		request_34	1684176684430	1684176684533	KO	status.find.in([200, 209], 304), found 400
REQUEST		request_31	1684176684382	1684176684534	KO	status.find.in([200, 209], 304), found 400
REQUEST		request_36	1684176684435	1684176684568	KO	status.find.in([200, 209], 304), found 400
REQUEST		request_35	1684176684432	1684176684575	OK	 
REQUEST		request_10	1684176685830	1684176685911	OK	 
USER	flujoReusoCheckOut	START	1684176690316
REQUEST		request_0	1684176690316	1684176690478	OK	 
REQUEST		request_11	1684176690914	1684176690922	OK	 
REQUEST		request_12	1684176690923	1684176691002	OK	 
REQUEST		request_17	1684176690923	1684176691073	OK	 
REQUEST		request_15	1684176690925	1684176691086	OK	 
REQUEST		request_16	1684176690925	1684176691089	OK	 
REQUEST		request_13	1684176690924	1684176691092	OK	 
REQUEST		request_14	1684176690924	1684176691105	OK	 
REQUEST		request_1	1684176692479	1684176692506	OK	 
REQUEST		request_5	1684176692506	1684176692515	OK	 
REQUEST		request_6	1684176692507	1684176692590	OK	 
REQUEST		request_4	1684176692509	1684176692633	KO	status.find.in([200, 209], 304), found 400
REQUEST		request_2	1684176692508	1684176692684	OK	 
REQUEST		request_3	1684176692508	1684176692692	OK	 
REQUEST		request_7	1684176693695	1684176693704	OK	 
REQUEST		request_8	1684176693704	1684176693715	OK	 
REQUEST		request_9	1684176693705	1684176693820	KO	status.find.in([200, 209], 304), found 400
REQUEST		request_18	1684176694107	1684176694186	OK	 
REQUEST		request_37	1684176694187	1684176694216	OK	 
REQUEST		request_26	1684176694189	1684176694295	KO	status.find.in([200, 209], 304), found 400
REQUEST		request_20	1684176694188	1684176694335	KO	status.find.in([200, 209], 304), found 400
REQUEST		request_25	1684176694189	1684176694340	OK	 
REQUEST		request_28	1684176694189	1684176694358	OK	 
REQUEST		request_30	1684176694190	1684176694363	OK	 
REQUEST		request_29	1684176694190	1684176694364	OK	 
REQUEST		request_19	1684176694188	1684176694377	KO	status.find.in([200, 209], 304), found 400
REQUEST		request_31	1684176694296	1684176694416	KO	status.find.in([200, 209], 304), found 400
REQUEST		request_33	1684176694341	1684176694440	KO	status.find.in([200, 209], 304), found 400
REQUEST		request_34	1684176694358	1684176694465	KO	status.find.in([200, 209], 304), found 400
REQUEST		request_36	1684176694364	1684176694467	KO	status.find.in([200, 209], 304), found 400
REQUEST		request_35	1684176694364	1684176694509	OK	 
REQUEST		request_10	1684176695822	1684176695899	OK	 
REQUEST		request_11	1684176700900	1684176700907	OK	 
REQUEST		request_12	1684176700908	1684176700980	OK	 
REQUEST		request_15	1684176700909	1684176701060	OK	 
REQUEST		request_13	1684176700908	1684176701062	OK	 
REQUEST		request_16	1684176700910	1684176701072	OK	 
REQUEST		request_17	1684176700908	1684176701159	OK	 
REQUEST		request_14	1684176700909	1684176701167	OK	 
REQUEST		request_18	1684176704169	1684176704243	OK	 
REQUEST		request_26	1684176704246	1684176704846	KO	status.find.in([200, 209], 304), found 400
REQUEST		request_25	1684176704245	1684176704847	OK	 
REQUEST		request_19	1684176704245	1684176704847	KO	status.find.in([200, 209], 304), found 400
REQUEST		request_37	1684176704244	1684176704875	OK	 
REQUEST		request_31	1684176704846	1684176704955	KO	status.find.in([200, 209], 304), found 400
REQUEST		request_33	1684176704847	1684176704959	KO	status.find.in([200, 209], 304), found 400
REQUEST		request_34	1684176704847	1684176704960	KO	status.find.in([200, 209], 304), found 400
REQUEST		request_29	1684176704845	1684176705008	OK	 
REQUEST		request_28	1684176704246	1684176705009	OK	 
REQUEST		request_30	1684176704845	1684176705009	OK	 
REQUEST		request_20	1684176704245	1684176705016	KO	status.find.in([200, 209], 304), found 400
REQUEST		request_36	1684176704959	1684176705067	KO	status.find.in([200, 209], 304), found 400
REQUEST		request_35	1684176704955	1684176705108	OK	 
REQUEST		request_39	1684176719993	1684176720323	OK	 
REQUEST		request_63	1684176720351	1684176720607	OK	 
REQUEST		request_62	1684176720466	1684176720658	KO	status.find.in([200, 209], 304), found 400
REQUEST		request_46	1684176720423	1684176720665	OK	 
REQUEST		request_61	1684176720350	1684176720685	OK	 
REQUEST		request_59	1684176720466	1684176720685	KO	status.find.in([200, 209], 304), found 400
REQUEST		request_53	1684176720465	1684176720689	KO	status.find.in([200, 209], 304), found 400
REQUEST		request_49	1684176720422	1684176720704	OK	 
REQUEST		request_58	1684176720465	1684176720707	OK	 
REQUEST		request_50	1684176720325	1684176720708	OK	 
REQUEST		request_60	1684176720466	1684176720717	OK	 
REQUEST		request_56	1684176720387	1684176720719	OK	 
REQUEST		request_52	1684176720465	1684176720724	OK	 
REQUEST		request_40	1684176720504	1684176720784	OK	 
REQUEST		request_44	1684176720505	1684176720785	OK	 
REQUEST		request_65	1684176720686	1684176720787	KO	status.find.in([200, 209], 304), found 400
REQUEST		request_54	1684176720351	1684176720796	OK	 
REQUEST		request_64	1684176720658	1684176720802	OK	 
REQUEST		request_45	1684176720505	1684176720827	OK	 
REQUEST		request_47	1684176720467	1684176720906	OK	 
REQUEST		request_48	1684176720387	1684176721137	OK	 
REQUEST		request_66	1684176724139	1684176724313	OK	 
REQUEST		request_69	1684176724315	1684176724322	OK	 
REQUEST		request_74	1684176728323	1684176728527	OK	 
REQUEST		request_76	1684176728528	1684176728536	OK	 
REQUEST		request_75	1684176728528	1684176728644	KO	status.find.in([200, 209], 304), found 400
REQUEST		request_39	1684176729065	1684176729304	OK	 
REQUEST		request_63	1684176729307	1684176729414	OK	 
REQUEST		request_59	1684176729310	1684176729448	KO	status.find.in([200, 209], 304), found 400
REQUEST		request_62	1684176729310	1684176729449	KO	status.find.in([200, 209], 304), found 400
REQUEST		request_46	1684176729309	1684176729464	OK	 
REQUEST		request_48	1684176729308	1684176729485	OK	 
REQUEST		request_61	1684176729306	1684176729486	OK	 
REQUEST		request_56	1684176729308	1684176729491	OK	 
REQUEST		request_52	1684176729309	1684176729495	OK	 
REQUEST		request_50	1684176729306	1684176729498	OK	 
REQUEST		request_60	1684176729310	1684176729505	OK	 
REQUEST		request_54	1684176729307	1684176729507	OK	 
REQUEST		request_58	1684176729310	1684176729523	OK	 
REQUEST		request_49	1684176729308	1684176729526	OK	 
REQUEST		request_53	1684176729310	1684176729557	KO	status.find.in([200, 209], 304), found 400
REQUEST		request_65	1684176729449	1684176729570	KO	status.find.in([200, 209], 304), found 400
REQUEST		request_44	1684176729311	1684176729570	OK	 
REQUEST		request_40	1684176729311	1684176729570	OK	 
REQUEST		request_47	1684176729311	1684176729603	OK	 
REQUEST		request_45	1684176729311	1684176729607	OK	 
REQUEST		request_64	1684176729448	1684176729625	OK	 
REQUEST		request_79	1684176730645	1684176730820	OK	 
REQUEST		request_80	1684176730820	1684176731137	KO	status.find.in([200, 209], 304), found 400
REQUEST		request_81	1684176732138	1684176732302	OK	 
REQUEST		request_82	1684176732303	1684176732402	KO	status.find.in([200, 209], 304), found 400
REQUEST		request_66	1684176732626	1684176732785	OK	 
REQUEST		request_69	1684176732786	1684176732796	OK	 
REQUEST		request_83	1684176734404	1684176734579	OK	 
REQUEST		request_84	1684176734580	1684176734680	KO	status.find.in([200, 209], 304), found 400
REQUEST		request_85	1684176736682	1684176736879	OK	 
REQUEST		request_74	1684176736798	1684176736945	OK	 
REQUEST		request_76	1684176736945	1684176736952	OK	 
REQUEST		request_86	1684176736879	1684176736982	KO	status.find.in([200, 209], 304), found 400
REQUEST		request_75	1684176736945	1684176737078	KO	status.find.in([200, 209], 304), found 400
REQUEST		request_39	1684176738755	1684176738997	OK	 
REQUEST		request_63	1684176739007	1684176739111	OK	 
REQUEST		request_44	1684176739021	1684176739145	OK	 
REQUEST		request_62	1684176739019	1684176739154	KO	status.find.in([200, 209], 304), found 400
REQUEST		request_59	1684176739018	1684176739156	KO	status.find.in([200, 209], 304), found 400
REQUEST		request_87	1684176738987	1684176739159	OK	 
REQUEST		request_61	1684176739000	1684176739170	OK	 
REQUEST		request_53	1684176739016	1684176739188	KO	status.find.in([200, 209], 304), found 400
REQUEST		request_50	1684176738999	1684176739201	OK	 
REQUEST		request_58	1684176739017	1684176739201	OK	 
REQUEST		request_52	1684176739011	1684176739203	OK	 
REQUEST		request_60	1684176739019	1684176739207	OK	 
REQUEST		request_49	1684176739010	1684176739212	OK	 
REQUEST		request_47	1684176739020	1684176739216	OK	 
REQUEST		request_54	1684176739008	1684176739236	OK	 
REQUEST		request_79	1684176739078	1684176739247	OK	 
REQUEST		request_88	1684176739160	1684176739262	KO	status.find.in([200, 209], 304), found 400
REQUEST		request_90	1684176739160	1684176739270	KO	status.find.in([200, 209], 304), found 400
REQUEST		request_46	1684176739010	1684176739274	OK	 
REQUEST		request_65	1684176739156	1684176739295	KO	status.find.in([200, 209], 304), found 400
REQUEST		request_40	1684176739021	1684176739303	OK	 
REQUEST		request_64	1684176739155	1684176739308	OK	 
REQUEST		request_56	1684176739009	1684176739311	OK	 
REQUEST		request_89	1684176739160	1684176739315	OK	 
REQUEST		request_45	1684176739022	1684176739324	OK	 
REQUEST		request_80	1684176739247	1684176739357	KO	status.find.in([200, 209], 304), found 400
REQUEST		request_48	1684176739009	1684176739690	OK	 
REQUEST		request_91	1684176740316	1684176740467	OK	 
REQUEST		request_81	1684176740359	1684176740508	OK	 
REQUEST		request_92	1684176740468	1684176740590	KO	status.find.in([200, 209], 304), found 400
REQUEST		request_82	1684176740508	1684176740641	KO	status.find.in([200, 209], 304), found 400
REQUEST		request_93	1684176741591	1684176741743	OK	 
REQUEST		request_99	1684176741745	1684176741791	OK	 
REQUEST		request_95	1684176741745	1684176741852	KO	status.find.in([200, 209], 304), found 400
REQUEST		request_98	1684176741789	1684176741903	OK	 
REQUEST		request_101	1684176741749	1684176741912	OK	 
REQUEST		request_102	1684176741749	1684176741979	KO	status.find.in([200, 209], 304), found 400
REQUEST		request_97	1684176741789	1684176742010	OK	 
REQUEST		request_100	1684176741789	1684176742038	OK	 
REQUEST		request_94	1684176741750	1684176742112	OK	 
USER	flujoReusoCheckOut	END	1684176742118
REQUEST		request_83	1684176742643	1684176742796	OK	 
REQUEST		request_66	1684176742691	1684176742840	OK	 
REQUEST		request_69	1684176742840	1684176742848	OK	 
REQUEST		request_84	1684176742796	1684176742895	KO	status.find.in([200, 209], 304), found 400
REQUEST		request_85	1684176744897	1684176745043	OK	 
REQUEST		request_86	1684176745044	1684176745275	KO	status.find.in([200, 209], 304), found 400
REQUEST		request_74	1684176746849	1684176747088	OK	 
REQUEST		request_76	1684176747089	1684176747107	OK	 
REQUEST		request_75	1684176747089	1684176747234	KO	status.find.in([200, 209], 304), found 400
REQUEST		request_87	1684176747276	1684176747422	OK	 
REQUEST		request_90	1684176747422	1684176747537	KO	status.find.in([200, 209], 304), found 400
REQUEST		request_88	1684176747422	1684176747537	KO	status.find.in([200, 209], 304), found 400
REQUEST		request_89	1684176747422	1684176747589	OK	 
REQUEST		request_91	1684176748591	1684176748744	OK	 
REQUEST		request_92	1684176748745	1684176748862	KO	status.find.in([200, 209], 304), found 400
REQUEST		request_39	1684176748611	1684176748866	OK	 
REQUEST		request_63	1684176748868	1684176748970	OK	 
REQUEST		request_53	1684176748870	1684176749001	KO	status.find.in([200, 209], 304), found 400
REQUEST		request_40	1684176748871	1684176749005	OK	 
REQUEST		request_59	1684176748870	1684176749012	KO	status.find.in([200, 209], 304), found 400
REQUEST		request_62	1684176748871	1684176749022	KO	status.find.in([200, 209], 304), found 400
REQUEST		request_52	1684176748870	1684176749037	OK	 
REQUEST		request_61	1684176748868	1684176749038	OK	 
REQUEST		request_58	1684176748870	1684176749042	OK	 
REQUEST		request_60	1684176748871	1684176749048	OK	 
REQUEST		request_49	1684176748869	1684176749060	OK	 
REQUEST		request_46	1684176748870	1684176749060	OK	 
REQUEST		request_48	1684176748869	1684176749065	OK	 
REQUEST		request_54	1684176748869	1684176749075	OK	 
REQUEST		request_50	1684176748868	1684176749078	OK	 
REQUEST		request_56	1684176748869	1684176749102	OK	 
REQUEST		request_65	1684176749013	1684176749115	KO	status.find.in([200, 209], 304), found 400
REQUEST		request_44	1684176748872	1684176749121	OK	 
REQUEST		request_47	1684176748871	1684176749151	OK	 
REQUEST		request_64	1684176749001	1684176749152	OK	 
REQUEST		request_45	1684176748872	1684176749181	OK	 
REQUEST		request_79	1684176749236	1684176749377	OK	 
REQUEST		request_80	1684176749378	1684176749494	KO	status.find.in([200, 209], 304), found 400
REQUEST		request_93	1684176749863	1684176750016	OK	 
REQUEST		request_99	1684176750016	1684176750055	OK	 
REQUEST		request_102	1684176750017	1684176750154	KO	status.find.in([200, 209], 304), found 400
REQUEST		request_98	1684176750018	1684176750172	OK	 
REQUEST		request_101	1684176750017	1684176750192	OK	 
REQUEST		request_97	1684176750018	1684176750229	OK	 
REQUEST		request_100	1684176750018	1684176750277	OK	 
REQUEST		request_95	1684176750017	1684176750337	KO	status.find.in([200, 209], 304), found 400
REQUEST		request_94	1684176750017	1684176750422	OK	 
USER	flujoReusoCheckOut	END	1684176750427
REQUEST		request_81	1684176750497	1684176750643	OK	 
REQUEST		request_82	1684176750643	1684176750755	KO	status.find.in([200, 209], 304), found 400
REQUEST		request_66	1684176752183	1684176752329	OK	 
REQUEST		request_69	1684176752330	1684176752337	OK	 
REQUEST		request_83	1684176752757	1684176752927	OK	 
REQUEST		request_84	1684176752928	1684176753033	KO	status.find.in([200, 209], 304), found 400
REQUEST		request_85	1684176755036	1684176755182	OK	 
REQUEST		request_86	1684176755183	1684176755300	KO	status.find.in([200, 209], 304), found 400
REQUEST		request_74	1684176756339	1684176756480	OK	 
REQUEST		request_76	1684176756481	1684176756487	OK	 
REQUEST		request_75	1684176756481	1684176756585	KO	status.find.in([200, 209], 304), found 400
REQUEST		request_87	1684176757304	1684176757450	OK	 
REQUEST		request_90	1684176757452	1684176757555	KO	status.find.in([200, 209], 304), found 400
REQUEST		request_88	1684176757451	1684176757562	KO	status.find.in([200, 209], 304), found 400
REQUEST		request_89	1684176757452	1684176757631	OK	 
REQUEST		request_79	1684176758587	1684176758758	OK	 
REQUEST		request_91	1684176758632	1684176758785	OK	 
REQUEST		request_39	1684176758573	1684176758785	OK	 
REQUEST		request_80	1684176758758	1684176758875	KO	status.find.in([200, 209], 304), found 400
REQUEST		request_92	1684176758786	1684176758896	KO	status.find.in([200, 209], 304), found 400
REQUEST		request_63	1684176758796	1684176758898	OK	 
REQUEST		request_46	1684176758803	1684176758944	OK	 
REQUEST		request_53	1684176758806	1684176758947	KO	status.find.in([200, 209], 304), found 400
REQUEST		request_59	1684176758807	1684176758956	KO	status.find.in([200, 209], 304), found 400
REQUEST		request_61	1684176758789	1684176758957	OK	 
REQUEST		request_49	1684176758803	1684176758961	OK	 
REQUEST		request_54	1684176758797	1684176758978	OK	 
REQUEST		request_58	1684176758807	1684176758983	OK	 
REQUEST		request_60	1684176758807	1684176758991	OK	 
REQUEST		request_62	1684176758807	1684176758994	KO	status.find.in([200, 209], 304), found 400
REQUEST		request_56	1684176758800	1684176758995	OK	 
REQUEST		request_47	1684176758807	1684176759000	OK	 
REQUEST		request_52	1684176758806	1684176759006	OK	 
REQUEST		request_50	1684176758787	1684176759010	OK	 
REQUEST		request_65	1684176758956	1684176759066	KO	status.find.in([200, 209], 304), found 400
REQUEST		request_44	1684176758810	1684176759068	OK	 
REQUEST		request_40	1684176758810	1684176759073	OK	 
REQUEST		request_64	1684176758947	1684176759092	OK	 
REQUEST		request_45	1684176758811	1684176759120	OK	 
REQUEST		request_48	1684176758800	1684176759280	OK	 
REQUEST		request_81	1684176759876	1684176760035	OK	 
REQUEST		request_93	1684176759898	1684176760047	OK	 
REQUEST		request_99	1684176760048	1684176760057	OK	 
REQUEST		request_82	1684176760036	1684176760132	KO	status.find.in([200, 209], 304), found 400
REQUEST		request_102	1684176760049	1684176760151	KO	status.find.in([200, 209], 304), found 400
REQUEST		request_97	1684176760050	1684176760169	OK	 
REQUEST		request_98	1684176760051	1684176760173	OK	 
REQUEST		request_100	1684176760051	1684176760179	OK	 
REQUEST		request_101	1684176760049	1684176760195	OK	 
REQUEST		request_95	1684176760048	1684176760196	KO	status.find.in([200, 209], 304), found 400
REQUEST		request_94	1684176760049	1684176760234	OK	 
USER	flujoReusoCheckOut	END	1684176760238
REQUEST		request_83	1684176762134	1684176762275	OK	 
REQUEST		request_84	1684176762276	1684176762397	KO	status.find.in([200, 209], 304), found 400
REQUEST		request_66	1684176762280	1684176762453	OK	 
REQUEST		request_69	1684176762454	1684176762471	OK	 
REQUEST		request_85	1684176764399	1684176764560	OK	 
REQUEST		request_86	1684176764561	1684176764662	KO	status.find.in([200, 209], 304), found 400
REQUEST		request_74	1684176766473	1684176766672	OK	 
REQUEST		request_76	1684176766672	1684176766681	OK	 
REQUEST		request_75	1684176766672	1684176766778	KO	status.find.in([200, 209], 304), found 400
REQUEST		request_87	1684176766662	1684176766844	OK	 
REQUEST		request_88	1684176766845	1684176766946	KO	status.find.in([200, 209], 304), found 400
REQUEST		request_90	1684176766845	1684176766949	KO	status.find.in([200, 209], 304), found 400
REQUEST		request_89	1684176766845	1684176766999	OK	 
REQUEST		request_91	1684176768001	1684176768143	OK	 
REQUEST		request_92	1684176768144	1684176768241	KO	status.find.in([200, 209], 304), found 400
REQUEST		request_39	1684176768644	1684176768881	OK	 
REQUEST		request_79	1684176768780	1684176768966	OK	 
REQUEST		request_63	1684176768883	1684176768981	OK	 
REQUEST		request_46	1684176768884	1684176769006	OK	 
REQUEST		request_62	1684176768885	1684176769030	KO	status.find.in([200, 209], 304), found 400
REQUEST		request_59	1684176768885	1684176769039	KO	status.find.in([200, 209], 304), found 400
REQUEST		request_56	1684176768883	1684176769041	OK	 
REQUEST		request_61	1684176768883	1684176769043	OK	 
REQUEST		request_58	1684176768885	1684176769078	OK	 
REQUEST		request_80	1684176768966	1684176769078	KO	status.find.in([200, 209], 304), found 400
REQUEST		request_60	1684176768885	1684176769078	OK	 
REQUEST		request_49	1684176768884	1684176769081	OK	 
REQUEST		request_52	1684176768884	1684176769116	OK	 
REQUEST		request_50	1684176768882	1684176769128	OK	 
REQUEST		request_54	1684176768883	1684176769128	OK	 
REQUEST		request_44	1684176768886	1684176769156	OK	 
REQUEST		request_48	1684176768884	1684176769167	OK	 
REQUEST		request_40	1684176768886	1684176769168	OK	 
REQUEST		request_65	1684176769039	1684176769169	KO	status.find.in([200, 209], 304), found 400
REQUEST		request_45	1684176768886	1684176769169	OK	 
REQUEST		request_64	1684176769030	1684176769175	OK	 
REQUEST		request_53	1684176768885	1684176769189	KO	status.find.in([200, 209], 304), found 400
REQUEST		request_47	1684176768886	1684176769226	OK	 
REQUEST		request_93	1684176769242	1684176769379	OK	 
REQUEST		request_99	1684176769380	1684176769387	OK	 
REQUEST		request_95	1684176769380	1684176769496	KO	status.find.in([200, 209], 304), found 400
REQUEST		request_97	1684176769382	1684176769501	OK	 
REQUEST		request_101	1684176769381	1684176769537	OK	 
REQUEST		request_98	1684176769382	1684176769542	OK	 
REQUEST		request_100	1684176769382	1684176769565	OK	 
REQUEST		request_102	1684176769381	1684176769613	KO	status.find.in([200, 209], 304), found 400
REQUEST		request_94	1684176769381	1684176769716	OK	 
USER	flujoReusoCheckOut	END	1684176769719
REQUEST		request_81	1684176770079	1684176770242	OK	 
REQUEST		request_82	1684176770243	1684176770379	KO	status.find.in([200, 209], 304), found 400
REQUEST		request_66	1684176772227	1684176772395	OK	 
REQUEST		request_69	1684176772396	1684176772407	OK	 
REQUEST		request_83	1684176772382	1684176772529	OK	 
REQUEST		request_84	1684176772529	1684176772629	KO	status.find.in([200, 209], 304), found 400
REQUEST		request_85	1684176774630	1684176774778	OK	 
REQUEST		request_86	1684176774778	1684176774908	KO	status.find.in([200, 209], 304), found 400
REQUEST		request_74	1684176776408	1684176776560	OK	 
REQUEST		request_76	1684176776561	1684176776582	OK	 
REQUEST		request_75	1684176776561	1684176776691	KO	status.find.in([200, 209], 304), found 400
REQUEST		request_87	1684176776910	1684176777103	OK	 
REQUEST		request_88	1684176777103	1684176777209	KO	status.find.in([200, 209], 304), found 400
REQUEST		request_90	1684176777104	1684176777209	KO	status.find.in([200, 209], 304), found 400
REQUEST		request_89	1684176777104	1684176777299	OK	 
REQUEST		request_91	1684176778300	1684176778525	OK	 
REQUEST		request_92	1684176778525	1684176778636	KO	status.find.in([200, 209], 304), found 400
REQUEST		request_79	1684176778694	1684176778847	OK	 
REQUEST		request_39	1684176778663	1684176778901	OK	 
REQUEST		request_80	1684176778847	1684176778944	KO	status.find.in([200, 209], 304), found 400
REQUEST		request_63	1684176778903	1684176779000	OK	 
REQUEST		request_46	1684176778904	1684176779039	OK	 
REQUEST		request_59	1684176778906	1684176779054	KO	status.find.in([200, 209], 304), found 400
REQUEST		request_48	1684176778904	1684176779064	OK	 
REQUEST		request_62	1684176778907	1684176779064	KO	status.find.in([200, 209], 304), found 400
REQUEST		request_61	1684176778903	1684176779067	OK	 
REQUEST		request_53	1684176778906	1684176779067	KO	status.find.in([200, 209], 304), found 400
REQUEST		request_54	1684176778903	1684176779082	OK	 
REQUEST		request_60	1684176778907	1684176779082	OK	 
REQUEST		request_50	1684176778902	1684176779085	OK	 
REQUEST		request_49	1684176778904	1684176779094	OK	 
REQUEST		request_58	1684176778906	1684176779097	OK	 
REQUEST		request_52	1684176778904	1684176779117	OK	 
REQUEST		request_44	1684176778908	1684176779166	OK	 
REQUEST		request_40	1684176778907	1684176779169	OK	 
REQUEST		request_47	1684176778907	1684176779171	OK	 
REQUEST		request_45	1684176778908	1684176779205	OK	 
REQUEST		request_56	1684176778903	1684176779210	OK	 
REQUEST		request_64	1684176779054	1684176779216	OK	 
REQUEST		request_65	1684176779064	1684176779223	KO	status.find.in([200, 209], 304), found 400
REQUEST		request_93	1684176779638	1684176779805	OK	 
REQUEST		request_99	1684176779806	1684176779813	OK	 
REQUEST		request_102	1684176779807	1684176779909	KO	status.find.in([200, 209], 304), found 400
REQUEST		request_95	1684176779806	1684176779921	KO	status.find.in([200, 209], 304), found 400
REQUEST		request_97	1684176779809	1684176779927	OK	 
REQUEST		request_101	1684176779807	1684176779965	OK	 
REQUEST		request_100	1684176779809	1684176779990	OK	 
REQUEST		request_98	1684176779809	1684176779995	OK	 
REQUEST		request_94	1684176779807	1684176780069	OK	 
USER	flujoReusoCheckOut	END	1684176780072
REQUEST		request_81	1684176779945	1684176780096	OK	 
REQUEST		request_82	1684176780096	1684176780202	KO	status.find.in([200, 209], 304), found 400
REQUEST		request_83	1684176782202	1684176782370	OK	 
REQUEST		request_66	1684176782225	1684176782383	OK	 
REQUEST		request_69	1684176782384	1684176782391	OK	 
REQUEST		request_84	1684176782370	1684176782501	KO	status.find.in([200, 209], 304), found 400
REQUEST		request_85	1684176784502	1684176784686	OK	 
REQUEST		request_86	1684176784686	1684176784801	KO	status.find.in([200, 209], 304), found 400
REQUEST		request_74	1684176786393	1684176786555	OK	 
REQUEST		request_76	1684176786556	1684176786564	OK	 
REQUEST		request_75	1684176786556	1684176786704	KO	status.find.in([200, 209], 304), found 400
REQUEST		request_87	1684176786803	1684176787060	OK	 
REQUEST		request_90	1684176787061	1684176787160	KO	status.find.in([200, 209], 304), found 400
REQUEST		request_88	1684176787060	1684176787190	KO	status.find.in([200, 209], 304), found 400
REQUEST		request_89	1684176787061	1684176787241	OK	 
REQUEST		request_91	1684176788242	1684176788401	OK	 
REQUEST		request_92	1684176788401	1684176788500	KO	status.find.in([200, 209], 304), found 400
REQUEST		request_39	1684176788576	1684176788820	OK	 
REQUEST		request_79	1684176788706	1684176788879	OK	 
REQUEST		request_63	1684176788826	1684176788988	OK	 
REQUEST		request_80	1684176788879	1684176788990	KO	status.find.in([200, 209], 304), found 400
REQUEST		request_59	1684176788833	1684176789015	KO	status.find.in([200, 209], 304), found 400
REQUEST		request_62	1684176788833	1684176789034	KO	status.find.in([200, 209], 304), found 400
REQUEST		request_60	1684176788833	1684176789063	OK	 
REQUEST		request_61	1684176788824	1684176789063	OK	 
REQUEST		request_52	1684176788832	1684176789066	OK	 
REQUEST		request_53	1684176788832	1684176789067	KO	status.find.in([200, 209], 304), found 400
REQUEST		request_50	1684176788821	1684176789082	OK	 
REQUEST		request_58	1684176788832	1684176789086	OK	 
REQUEST		request_54	1684176788826	1684176789106	OK	 
REQUEST		request_46	1684176788830	1684176789109	OK	 
REQUEST		request_40	1684176788835	1684176789126	OK	 
REQUEST		request_49	1684176788830	1684176789132	OK	 
REQUEST		request_44	1684176788835	1684176789134	OK	 
REQUEST		request_65	1684176789034	1684176789168	KO	status.find.in([200, 209], 304), found 400
REQUEST		request_64	1684176789016	1684176789174	OK	 
REQUEST		request_45	1684176788880	1684176789197	OK	 
REQUEST		request_47	1684176788833	1684176789220	OK	 
REQUEST		request_48	1684176788828	1684176789341	OK	 
REQUEST		request_93	1684176789502	1684176789650	OK	 
REQUEST		request_99	1684176789651	1684176789672	OK	 
REQUEST		request_95	1684176789651	1684176789780	KO	status.find.in([200, 209], 304), found 400
REQUEST		request_102	1684176789652	1684176789781	KO	status.find.in([200, 209], 304), found 400
REQUEST		request_97	1684176789653	1684176789804	OK	 
REQUEST		request_98	1684176789654	1684176789807	OK	 
REQUEST		request_101	1684176789652	1684176789840	OK	 
REQUEST		request_100	1684176789654	1684176789850	OK	 
REQUEST		request_94	1684176789653	1684176789892	OK	 
USER	flujoReusoCheckOut	END	1684176789896
REQUEST		request_81	1684176789991	1684176790140	OK	 
REQUEST		request_82	1684176790141	1684176790255	KO	status.find.in([200, 209], 304), found 400
REQUEST		request_56	1684176788828	1684176792353	OK	 
REQUEST		request_83	1684176792256	1684176792403	OK	 
REQUEST		request_84	1684176792404	1684176792499	KO	status.find.in([200, 209], 304), found 400
REQUEST		request_85	1684176794504	1684176794668	OK	 
REQUEST		request_86	1684176794669	1684176794769	KO	status.find.in([200, 209], 304), found 400
REQUEST		request_66	1684176795357	1684176795503	OK	 
REQUEST		request_69	1684176795504	1684176795513	OK	 
REQUEST		request_87	1684176796771	1684176796915	OK	 
REQUEST		request_90	1684176796916	1684176797019	KO	status.find.in([200, 209], 304), found 400
REQUEST		request_88	1684176796915	1684176797022	KO	status.find.in([200, 209], 304), found 400
REQUEST		request_89	1684176796915	1684176797060	OK	 
REQUEST		request_91	1684176798061	1684176798211	OK	 
REQUEST		request_92	1684176798211	1684176798321	KO	status.find.in([200, 209], 304), found 400
REQUEST		request_39	1684176798510	1684176798747	OK	 
REQUEST		request_63	1684176798748	1684176798840	OK	 
REQUEST		request_46	1684176798750	1684176798875	OK	 
REQUEST		request_59	1684176798750	1684176798886	KO	status.find.in([200, 209], 304), found 400
REQUEST		request_49	1684176798749	1684176798894	OK	 
REQUEST		request_53	1684176798750	1684176798901	KO	status.find.in([200, 209], 304), found 400
REQUEST		request_61	1684176798748	1684176798922	OK	 
REQUEST		request_47	1684176798751	1684176798926	OK	 
REQUEST		request_60	1684176798750	1684176798929	OK	 
REQUEST		request_52	1684176798750	1684176798933	OK	 
REQUEST		request_62	1684176798751	1684176798937	KO	status.find.in([200, 209], 304), found 400
REQUEST		request_48	1684176798749	1684176798939	OK	 
REQUEST		request_54	1684176798749	1684176798942	OK	 
REQUEST		request_58	1684176798750	1684176798948	OK	 
REQUEST		request_50	1684176798748	1684176798951	OK	 
REQUEST		request_65	1684176798901	1684176798997	KO	status.find.in([200, 209], 304), found 400
REQUEST		request_44	1684176798751	1684176799005	OK	 
REQUEST		request_56	1684176798749	1684176799009	OK	 
REQUEST		request_40	1684176798751	1684176799025	OK	 
REQUEST		request_64	1684176798886	1684176799033	OK	 
REQUEST		request_45	1684176798751	1684176799059	OK	 
REQUEST		request_93	1684176799323	1684176799467	OK	 
REQUEST		request_99	1684176799468	1684176799474	OK	 
REQUEST		request_102	1684176799468	1684176799566	KO	status.find.in([200, 209], 304), found 400
REQUEST		request_97	1684176799469	1684176799578	OK	 
REQUEST		request_98	1684176799469	1684176799581	OK	 
REQUEST		request_95	1684176799468	1684176799581	KO	status.find.in([200, 209], 304), found 400
REQUEST		request_100	1684176799470	1684176799592	OK	 
REQUEST		request_94	1684176799469	1684176799622	OK	 
REQUEST		request_101	1684176799468	1684176799623	OK	 
USER	flujoReusoCheckOut	END	1684176799626
REQUEST		request_74	1684176799515	1684176799668	OK	 
REQUEST		request_76	1684176799668	1684176799675	OK	 
REQUEST		request_75	1684176799668	1684176799800	KO	status.find.in([200, 209], 304), found 400
REQUEST		request_79	1684176801801	1684176801985	OK	 
REQUEST		request_80	1684176801986	1684176802126	KO	status.find.in([200, 209], 304), found 400
REQUEST		request_66	1684176802060	1684176802201	OK	 
REQUEST		request_69	1684176802201	1684176802209	OK	 
REQUEST		request_81	1684176803127	1684176803271	OK	 
REQUEST		request_82	1684176803271	1684176803402	KO	status.find.in([200, 209], 304), found 400
REQUEST		request_83	1684176805404	1684176805563	OK	 
REQUEST		request_84	1684176805564	1684176805663	KO	status.find.in([200, 209], 304), found 400
REQUEST		request_74	1684176806210	1684176806350	OK	 
REQUEST		request_76	1684176806351	1684176806358	OK	 
REQUEST		request_75	1684176806351	1684176806622	KO	status.find.in([200, 209], 304), found 400
REQUEST		request_85	1684176807664	1684176807817	OK	 
REQUEST		request_86	1684176807817	1684176807914	KO	status.find.in([200, 209], 304), found 400
REQUEST		request_79	1684176808623	1684176808765	OK	 
REQUEST		request_80	1684176808765	1684176808904	KO	status.find.in([200, 209], 304), found 400
REQUEST		request_39	1684176809109	1684176809208	OK	 
REQUEST		request_63	1684176809211	1684176809313	OK	 
REQUEST		request_44	1684176809215	1684176809327	OK	 
REQUEST		request_46	1684176809212	1684176809343	OK	 
REQUEST		request_59	1684176809214	1684176809344	KO	status.find.in([200, 209], 304), found 400
REQUEST		request_49	1684176809212	1684176809352	OK	 
REQUEST		request_53	1684176809214	1684176809354	KO	status.find.in([200, 209], 304), found 400
REQUEST		request_56	1684176809211	1684176809377	OK	 
REQUEST		request_62	1684176809214	1684176809377	KO	status.find.in([200, 209], 304), found 400
REQUEST		request_61	1684176809210	1684176809380	OK	 
REQUEST		request_50	1684176809210	1684176809400	OK	 
REQUEST		request_52	1684176809212	1684176809400	OK	 
REQUEST		request_60	1684176809214	1684176809401	OK	 
REQUEST		request_54	1684176809211	1684176809404	OK	 
REQUEST		request_47	1684176809215	1684176809408	OK	 
REQUEST		request_58	1684176809214	1684176809408	OK	 
REQUEST		request_48	1684176809211	1684176809413	OK	 
REQUEST		request_65	1684176809354	1684176809459	KO	status.find.in([200, 209], 304), found 400
REQUEST		request_40	1684176809215	1684176809480	OK	 
REQUEST		request_64	1684176809344	1684176809488	OK	 
REQUEST		request_45	1684176809215	1684176809499	OK	 
REQUEST		request_81	1684176809906	1684176810047	OK	 
REQUEST		request_87	1684176809915	1684176810067	OK	 
REQUEST		request_82	1684176810047	1684176810146	KO	status.find.in([200, 209], 304), found 400
REQUEST		request_90	1684176810068	1684176810171	KO	status.find.in([200, 209], 304), found 400
REQUEST		request_88	1684176810067	1684176810191	KO	status.find.in([200, 209], 304), found 400
REQUEST		request_89	1684176810067	1684176810215	OK	 
REQUEST		request_91	1684176811216	1684176811469	OK	 
REQUEST		request_92	1684176811470	1684176811583	KO	status.find.in([200, 209], 304), found 400
REQUEST		request_83	1684176812147	1684176812297	OK	 
REQUEST		request_84	1684176812297	1684176812398	KO	status.find.in([200, 209], 304), found 400
REQUEST		request_66	1684176812500	1684176812659	OK	 
REQUEST		request_69	1684176812660	1684176812669	OK	 
REQUEST		request_93	1684176812585	1684176812725	OK	 
REQUEST		request_99	1684176812726	1684176812752	OK	 
REQUEST		request_95	1684176812726	1684176812827	KO	status.find.in([200, 209], 304), found 400
REQUEST		request_102	1684176812728	1684176812835	KO	status.find.in([200, 209], 304), found 400
REQUEST		request_97	1684176812735	1684176812862	OK	 
REQUEST		request_98	1684176812736	1684176812863	OK	 
REQUEST		request_100	1684176812737	1684176812876	OK	 
REQUEST		request_101	1684176812728	1684176812879	OK	 
REQUEST		request_94	1684176812728	1684176812958	OK	 
USER	flujoReusoCheckOut	END	1684176812964
REQUEST		request_85	1684176814400	1684176814661	OK	 
REQUEST		request_86	1684176814662	1684176814760	KO	status.find.in([200, 209], 304), found 400
REQUEST		request_74	1684176816671	1684176816828	OK	 
REQUEST		request_76	1684176816829	1684176816838	OK	 
REQUEST		request_87	1684176816761	1684176816906	OK	 
REQUEST		request_75	1684176816829	1684176816949	KO	status.find.in([200, 209], 304), found 400
REQUEST		request_88	1684176816907	1684176817047	KO	status.find.in([200, 209], 304), found 400
REQUEST		request_90	1684176816907	1684176817047	KO	status.find.in([200, 209], 304), found 400
REQUEST		request_89	1684176816907	1684176817068	OK	 
REQUEST		request_91	1684176818069	1684176818232	OK	 
REQUEST		request_92	1684176818232	1684176818331	KO	status.find.in([200, 209], 304), found 400
REQUEST		request_79	1684176818967	1684176819157	OK	 
REQUEST		request_80	1684176819158	1684176819270	KO	status.find.in([200, 209], 304), found 400
REQUEST		request_93	1684176819332	1684176819499	OK	 
REQUEST		request_99	1684176819500	1684176819527	OK	 
REQUEST		request_102	1684176819501	1684176819615	KO	status.find.in([200, 209], 304), found 400
REQUEST		request_95	1684176819500	1684176819615	KO	status.find.in([200, 209], 304), found 400
REQUEST		request_101	1684176819501	1684176819668	OK	 
REQUEST		request_97	1684176819502	1684176819681	OK	 
REQUEST		request_98	1684176819502	1684176819692	OK	 
REQUEST		request_100	1684176819503	1684176819863	OK	 
REQUEST		request_94	1684176819501	1684176820029	OK	 
USER	flujoReusoCheckOut	END	1684176820038
REQUEST		request_81	1684176820271	1684176820418	OK	 
REQUEST		request_82	1684176820418	1684176820529	KO	status.find.in([200, 209], 304), found 400
REQUEST		request_83	1684176822531	1684176822675	OK	 
REQUEST		request_84	1684176822676	1684176822792	KO	status.find.in([200, 209], 304), found 400
REQUEST		request_85	1684176824793	1684176824925	OK	 
REQUEST		request_86	1684176824925	1684176825031	KO	status.find.in([200, 209], 304), found 400
REQUEST		request_87	1684176827033	1684176827231	OK	 
REQUEST		request_88	1684176827232	1684176827334	KO	status.find.in([200, 209], 304), found 400
REQUEST		request_90	1684176827233	1684176827351	KO	status.find.in([200, 209], 304), found 400
REQUEST		request_89	1684176827232	1684176827385	OK	 
REQUEST		request_91	1684176828386	1684176828537	OK	 
REQUEST		request_92	1684176828538	1684176828669	KO	status.find.in([200, 209], 304), found 400
REQUEST		request_93	1684176829670	1684176829839	OK	 
REQUEST		request_99	1684176829840	1684176829853	OK	 
REQUEST		request_95	1684176829841	1684176829946	KO	status.find.in([200, 209], 304), found 400
REQUEST		request_97	1684176829843	1684176829961	OK	 
REQUEST		request_102	1684176829842	1684176829969	KO	status.find.in([200, 209], 304), found 400
REQUEST		request_101	1684176829842	1684176830002	OK	 
REQUEST		request_94	1684176829842	1684176830038	OK	 
REQUEST		request_100	1684176829844	1684176830043	OK	 
REQUEST		request_98	1684176829843	1684176830071	OK	 
USER	flujoReusoCheckOut	END	1684176830075
