RUN	bnpl.flujoReusoCheckOut	flujoreusocheckout	1684358634213	 	3.8.3
USER	flujoReusoCheckOut	START	1684358640677
REQUEST		request_0	1684358640653	1684358640831	OK	 
REQUEST		request_1	1684358642853	1684358642869	OK	 
REQUEST		request_5	1684358642893	1684358642901	OK	 
REQUEST		request_6	1684358642894	1684358642971	OK	 
REQUEST		request_4	1684358642896	1684358643077	KO	status.find.in([200, 209], 304), found 400
REQUEST		request_3	1684358642896	1684358643130	OK	 
REQUEST		request_2	1684358642895	1684358643237	OK	 
REQUEST		request_7	1684358644239	1684358644247	OK	 
REQUEST		request_8	1684358644248	1684358644254	OK	 
REQUEST		request_9	1684358644248	1684358645112	KO	status.find.in([200, 209], 304), found 400
REQUEST		request_10	1684358647115	1684358647192	OK	 
REQUEST		request_11	1684358652195	1684358652204	OK	 
REQUEST		request_12	1684358652206	1684358652267	OK	 
REQUEST		request_15	1684358652230	1684358652415	OK	 
REQUEST		request_13	1684358652208	1684358652419	OK	 
REQUEST		request_14	1684358652229	1684358652427	OK	 
REQUEST		request_16	1684358652230	1684358652429	OK	 
REQUEST		request_17	1684358652207	1684358652490	OK	 
REQUEST		request_18	1684358655492	1684358655585	OK	 
REQUEST		request_37	1684358655589	1684358655760	OK	 
REQUEST		request_22	1684358655709	1684358655832	KO	status.find.in([200, 209], 304), found 400
REQUEST		request_21	1684358655708	1684358655854	OK	 
REQUEST		request_19	1684358655703	1684358655860	KO	status.find.in([200, 209], 304), found 400
REQUEST		request_26	1684358655833	1684358655957	KO	status.find.in([200, 209], 304), found 400
REQUEST		request_24	1684358655712	1684358655993	KO	status.find.in([200, 209], 304), found 400
REQUEST		request_28	1684358655861	1684358656029	OK	 
REQUEST		request_23	1684358655711	1684358656132	OK	 
REQUEST		request_29	1684358655958	1684358656153	OK	 
REQUEST		request_25	1684358655713	1684358656176	OK	 
REQUEST		request_31	1684358656030	1684358656194	KO	status.find.in([200, 209], 304), found 400
REQUEST		request_30	1684358655993	1684358656247	OK	 
REQUEST		request_34	1684358656177	1684358656285	KO	status.find.in([200, 209], 304), found 400
REQUEST		request_33	1684358656153	1684358656299	KO	status.find.in([200, 209], 304), found 400
REQUEST		request_35	1684358656194	1684358656340	OK	 
REQUEST		request_27	1684358655854	1684358656469	OK	 
REQUEST		request_36	1684358656247	1684358656469	KO	status.find.in([200, 209], 304), found 400
REQUEST		request_32	1684358656133	1684358656513	KO	status.find.in([200, 209], 304), found 400
REQUEST		request_20	1684358655675	1684358656588	KO	status.find.in([200, 209], 304), found 400
REQUEST		request_38	1684358760590	1684358760855	KO	status.find.in([200, 209], 304), found 404
REQUEST		request_66	1684358763857	1684358764063	OK	 
REQUEST		request_69	1684358764152	1684358764548	OK	 
REQUEST		request_68	1684358764121	1684358764667	OK	 
REQUEST		request_67	1684358764154	1684358764772	KO	status.find.in([200, 209], 304), found 400
REQUEST		request_71	1684358764121	1684358765036	KO	status.find.in([200, 209], 304), found 400
REQUEST		request_70	1684358764065	1684358765422	OK	 
REQUEST		request_72	1684358769424	1684358769602	OK	 
REQUEST		request_76	1684358769604	1684358769611	OK	 
REQUEST		request_77	1684358769605	1684358769817	OK	 
REQUEST		request_75	1684358769605	1684358769983	KO	status.find.in([200, 209], 304), found 400
REQUEST		request_74	1684358769604	1684358769989	OK	 
REQUEST		request_78	1684358769606	1684358770933	KO	status.find.in([200, 209], 304), found 400
REQUEST		request_73	1684358769603	1684358771607	KO	status.find.in([200, 209], 304), found 401
REQUEST		request_79	1684358773609	1684358773792	OK	 
REQUEST		request_80	1684358773793	1684358774163	KO	status.find.in([200, 209], 304), found 400
REQUEST		request_81	1684358775165	1684358775367	OK	 
REQUEST		request_82	1684358775367	1684358775581	KO	status.find.in([200, 209], 304), found 400
REQUEST		request_83	1684358777583	1684358777925	OK	 
REQUEST		request_84	1684358777926	1684358778184	KO	status.find.in([200, 209], 304), found 400
REQUEST		request_85	1684358780186	1684358780335	OK	 
REQUEST		request_86	1684358780336	1684358780522	KO	status.find.in([200, 209], 304), found 400
REQUEST		request_87	1684358782524	1684358782697	OK	 
REQUEST		request_90	1684358782699	1684358782836	KO	status.find.in([200, 209], 304), found 400
REQUEST		request_89	1684358782698	1684358782870	OK	 
REQUEST		request_88	1684358782698	1684358783044	KO	status.find.in([200, 209], 304), found 400
REQUEST		request_91	1684358784046	1684358784198	OK	 
REQUEST		request_92	1684358784199	1684358784362	KO	status.find.in([200, 209], 304), found 400
REQUEST		request_93	1684358785363	1684358785508	OK	 
REQUEST		request_99	1684358785511	1684358785546	OK	 
REQUEST		request_102	1684358785519	1684358785642	KO	status.find.in([200, 209], 304), found 400
REQUEST		request_97	1684358785544	1684358785910	OK	 
REQUEST		request_95	1684358785512	1684358785914	KO	status.find.in([200, 209], 304), found 400
REQUEST		request_98	1684358785544	1684358785914	OK	 
REQUEST		request_100	1684358785545	1684358785928	OK	 
REQUEST		request_101	1684358785519	1684358785954	OK	 
REQUEST		request_94	1684358785520	1684358785976	OK	 
REQUEST		request_103	1684358793978	1684358794223	OK	 
REQUEST		request_104	1684358794224	1684358794395	KO	status.find.in([200, 209], 304), found 400
USER	flujoReusoCheckOut	END	1684358794401
