RUN	bnpl.flujoReusoCheckOutCorregido	flujoreusocheckoutcorregido	1684356987615	 	3.8.3
USER	flujoReusoCheckOut	START	1684356995176
REQUEST		request_0	1684356994118	1684356996709	OK	 
REQUEST		request_1	1684356998747	1684356998765	OK	 
REQUEST		request_5	1684356998792	1684356998801	OK	 
REQUEST		request_6	1684356998793	1684356998879	OK	 
REQUEST		request_4	1684356998795	1684356999712	KO	status.find.in([200, 209], 304), found 400
REQUEST		request_2	1684356998794	1684357000764	OK	 
REQUEST		request_3	1684356998795	1684357000780	OK	 
REQUEST		request_7	1684357001783	1684357001792	OK	 
REQUEST		request_8	1684357001794	1684357001802	OK	 
REQUEST		request_9	1684357001794	1684357001803	KO	status.find.in([200, 209], 304), found 403
REQUEST		request_10	1684357003812	1684357003884	OK	 
USER	flujoReusoCheckOut	START	1684357004060
REQUEST		request_0	1684357004059	1684357004203	OK	 
REQUEST		request_1	1684357006204	1684357006213	OK	 
REQUEST		request_5	1684357006214	1684357006222	OK	 
REQUEST		request_6	1684357006215	1684357006295	OK	 
REQUEST		request_4	1684357006216	1684357006367	KO	status.find.in([200, 209], 304), found 400
REQUEST		request_2	1684357006216	1684357006404	OK	 
REQUEST		request_3	1684357006216	1684357006418	OK	 
REQUEST		request_7	1684357007419	1684357007428	OK	 
REQUEST		request_9	1684357007429	1684357007437	KO	status.find.in([200, 209], 304), found 403
REQUEST		request_8	1684357007429	1684357007438	OK	 
REQUEST		request_11	1684357008886	1684357008896	OK	 
REQUEST		request_12	1684357008898	1684357008962	OK	 
REQUEST		request_15	1684357008924	1684357009083	OK	 
REQUEST		request_13	1684357008899	1684357009088	OK	 
REQUEST		request_16	1684357008924	1684357009090	OK	 
REQUEST		request_14	1684357008923	1684357009144	OK	 
REQUEST		request_17	1684357008898	1684357009399	OK	 
REQUEST		request_10	1684357009440	1684357009502	OK	 
REQUEST		request_18	1684357012401	1684357012469	OK	 
REQUEST		request_37	1684357012480	1684357012955	OK	 
REQUEST		request_25	1684357012884	1684357013220	OK	 
REQUEST		request_28	1684357012886	1684357013297	OK	 
REQUEST		request_29	1684357012886	1684357013318	OK	 
REQUEST		request_30	1684357012887	1684357013446	OK	 
REQUEST		request_34	1684357013319	1684357013926	KO	status.find.in([200, 209], 304), found 400
REQUEST		request_33	1684357013297	1684357014032	KO	status.find.in([200, 209], 304), found 400
REQUEST		request_35	1684357013447	1684357014034	OK	 
USER	flujoReusoCheckOut	START	1684357014060
REQUEST		request_36	1684357013926	1684357014103	KO	status.find.in([200, 209], 304), found 400
REQUEST		request_26	1684357012885	1684357014175	KO	status.find.in([200, 209], 304), found 400
REQUEST		request_0	1684357014060	1684357014200	OK	 
REQUEST		request_31	1684357013220	1684357014257	KO	status.find.in([200, 209], 304), found 400
REQUEST		request_11	1684357014504	1684357014512	OK	 
REQUEST		request_12	1684357014513	1684357014577	OK	 
REQUEST		request_20	1684357012853	1684357014621	KO	status.find.in([200, 209], 304), found 400
REQUEST		request_15	1684357014515	1684357014651	OK	 
REQUEST		request_13	1684357014514	1684357014652	OK	 
REQUEST		request_17	1684357014514	1684357014684	OK	 
REQUEST		request_16	1684357014515	1684357014690	OK	 
REQUEST		request_14	1684357014514	1684357014691	OK	 
REQUEST		request_19	1684357012878	1684357014792	KO	status.find.in([200, 209], 304), found 400
REQUEST		request_1	1684357016202	1684357016210	OK	 
REQUEST		request_5	1684357016211	1684357016219	OK	 
REQUEST		request_6	1684357016211	1684357016290	OK	 
REQUEST		request_4	1684357016213	1684357016347	KO	status.find.in([200, 209], 304), found 400
REQUEST		request_3	1684357016212	1684357016385	OK	 
REQUEST		request_2	1684357016212	1684357016394	OK	 
REQUEST		request_7	1684357017397	1684357017403	OK	 
REQUEST		request_8	1684357017404	1684357017412	OK	 
REQUEST		request_9	1684357017404	1684357017413	KO	status.find.in([200, 209], 304), found 403
REQUEST		request_18	1684357017693	1684357017753	OK	 
REQUEST		request_37	1684357017755	1684357017790	OK	 
REQUEST		request_25	1684357017759	1684357017946	OK	 
REQUEST		request_30	1684357017761	1684357017947	OK	 
REQUEST		request_28	1684357017760	1684357017964	OK	 
REQUEST		request_20	1684357017756	1684357018000	KO	status.find.in([200, 209], 304), found 400
REQUEST		request_26	1684357017759	1684357018008	KO	status.find.in([200, 209], 304), found 400
REQUEST		request_33	1684357017948	1684357018056	KO	status.find.in([200, 209], 304), found 400
REQUEST		request_29	1684357017761	1684357018076	OK	 
REQUEST		request_35	1684357018009	1684357018168	OK	 
REQUEST		request_31	1684357017947	1684357018187	KO	status.find.in([200, 209], 304), found 400
REQUEST		request_34	1684357017965	1684357018297	KO	status.find.in([200, 209], 304), found 400
REQUEST		request_36	1684357018057	1684357018606	KO	status.find.in([200, 209], 304), found 400
REQUEST		request_19	1684357017756	1684357019153	KO	status.find.in([200, 209], 304), found 400
REQUEST		request_10	1684357019414	1684357019482	OK	 
USER	flujoReusoCheckOut	START	1684357024061
REQUEST		request_0	1684357024059	1684357024218	OK	 
REQUEST		request_11	1684357024484	1684357024510	OK	 
REQUEST		request_12	1684357024511	1684357024578	OK	 
REQUEST		request_15	1684357024513	1684357024646	OK	 
REQUEST		request_13	1684357024512	1684357024649	OK	 
REQUEST		request_17	1684357024512	1684357024662	OK	 
REQUEST		request_14	1684357024513	1684357024672	OK	 
REQUEST		request_16	1684357024513	1684357024674	OK	 
REQUEST		request_1	1684357026220	1684357026228	OK	 
REQUEST		request_5	1684357026229	1684357026243	OK	 
REQUEST		request_6	1684357026230	1684357026312	OK	 
REQUEST		request_3	1684357026234	1684357026407	OK	 
REQUEST		request_2	1684357026231	1684357026507	OK	 
REQUEST		request_4	1684357026234	1684357026544	KO	status.find.in([200, 209], 304), found 400
REQUEST		request_7	1684357027545	1684357027554	OK	 
REQUEST		request_8	1684357027555	1684357027562	OK	 
REQUEST		request_9	1684357027555	1684357027563	KO	status.find.in([200, 209], 304), found 403
REQUEST		request_18	1684357027676	1684357027765	OK	 
REQUEST		request_37	1684357027767	1684357027810	OK	 
REQUEST		request_30	1684357027773	1684357027946	OK	 
REQUEST		request_28	1684357027772	1684357027997	OK	 
REQUEST		request_29	1684357027772	1684357028101	OK	 
REQUEST		request_20	1684357027768	1684357028208	KO	status.find.in([200, 209], 304), found 400
REQUEST		request_33	1684357027997	1684357028209	KO	status.find.in([200, 209], 304), found 400
REQUEST		request_31	1684357027947	1684357028235	KO	status.find.in([200, 209], 304), found 400
REQUEST		request_25	1684357027770	1684357028363	OK	 
REQUEST		request_35	1684357028210	1684357028367	OK	 
REQUEST		request_36	1684357028236	1684357028485	KO	status.find.in([200, 209], 304), found 400
REQUEST		request_34	1684357028102	1684357028563	KO	status.find.in([200, 209], 304), found 400
REQUEST		request_19	1684357027769	1684357028591	KO	status.find.in([200, 209], 304), found 400
REQUEST		request_26	1684357027771	1684357028864	KO	status.find.in([200, 209], 304), found 400
REQUEST		request_10	1684357029565	1684357029633	OK	 
USER	flujoReusoCheckOut	START	1684357034059
REQUEST		request_0	1684357034058	1684357034192	OK	 
REQUEST		request_11	1684357034634	1684357034644	OK	 
REQUEST		request_12	1684357034645	1684357034706	OK	 
REQUEST		request_15	1684357034647	1684357034779	OK	 
REQUEST		request_16	1684357034647	1684357034788	OK	 
REQUEST		request_17	1684357034646	1684357034808	OK	 
REQUEST		request_14	1684357034646	1684357034815	OK	 
REQUEST		request_13	1684357034646	1684357034827	OK	 
REQUEST		request_1	1684357036194	1684357036201	OK	 
REQUEST		request_5	1684357036202	1684357036213	OK	 
REQUEST		request_6	1684357036203	1684357036486	OK	 
REQUEST		request_4	1684357036204	1684357036532	KO	status.find.in([200, 209], 304), found 400
REQUEST		request_3	1684357036203	1684357036579	OK	 
REQUEST		request_2	1684357036203	1684357036602	OK	 
REQUEST		request_7	1684357037604	1684357037611	OK	 
REQUEST		request_9	1684357037612	1684357037618	KO	status.find.in([200, 209], 304), found 403
REQUEST		request_8	1684357037611	1684357037619	OK	 
REQUEST		request_18	1684357037830	1684357037894	OK	 
REQUEST		request_26	1684357037899	1684357038114	KO	status.find.in([200, 209], 304), found 400
REQUEST		request_25	1684357037899	1684357038115	OK	 
REQUEST		request_37	1684357037896	1684357038131	OK	 
REQUEST		request_29	1684357037900	1684357038270	OK	 
REQUEST		request_28	1684357037900	1684357038313	OK	 
REQUEST		request_34	1684357038271	1684357038373	KO	status.find.in([200, 209], 304), found 400
REQUEST		request_20	1684357037897	1684357038382	KO	status.find.in([200, 209], 304), found 400
REQUEST		request_35	1684357038313	1684357038466	OK	 
REQUEST		request_30	1684357037901	1684357038509	OK	 
REQUEST		request_31	1684357038114	1684357038530	KO	status.find.in([200, 209], 304), found 400
REQUEST		request_36	1684357038374	1684357038541	KO	status.find.in([200, 209], 304), found 400
REQUEST		request_33	1684357038116	1684357038806	KO	status.find.in([200, 209], 304), found 400
REQUEST		request_19	1684357037898	1684357039104	KO	status.find.in([200, 209], 304), found 400
REQUEST		request_10	1684357039620	1684357039684	OK	 
USER	flujoReusoCheckOut	START	1684357044061
REQUEST		request_0	1684357044059	1684357044217	OK	 
REQUEST		request_11	1684357044686	1684357044696	OK	 
REQUEST		request_12	1684357044699	1684357044798	OK	 
REQUEST		request_17	1684357044699	1684357045017	OK	 
REQUEST		request_15	1684357044704	1684357045095	OK	 
REQUEST		request_13	1684357044700	1684357045098	OK	 
REQUEST		request_14	1684357044703	1684357045130	OK	 
REQUEST		request_16	1684357044705	1684357045181	OK	 
REQUEST		request_1	1684357046220	1684357049563	OK	 
REQUEST		request_5	1684357049564	1684357050425	OK	 
REQUEST		request_18	1684357048183	1684357050427	OK	 
REQUEST		request_6	1684357049564	1684357051630	OK	 
REQUEST		request_4	1684357049565	1684357052026	KO	status.find.in([200, 209], 304), found 400
REQUEST		request_3	1684357049565	1684357052027	OK	 
REQUEST		request_25	1684357050437	1684357052027	OK	 
REQUEST		request_2	1684357049565	1684357052027	OK	 
REQUEST		request_26	1684357050437	1684357052028	KO	status.find.in([200, 209], 304), found 400
REQUEST		request_19	1684357050436	1684357053644	KO	status.find.in([200, 209], 304), found 400
REQUEST		request_33	1684357052029	1684357054044	KO	status.find.in([200, 209], 304), found 400
REQUEST		request_31	1684357052027	1684357054045	KO	status.find.in([200, 209], 304), found 400
REQUEST		request_37	1684357050430	1684357054058	OK	 
USER	flujoReusoCheckOut	START	1684357054062
REQUEST		request_20	1684357050433	1684357054063	KO	status.find.in([200, 209], 304), found 400
REQUEST		request_28	1684357050437	1684357054063	OK	 
REQUEST		request_29	1684357050438	1684357054064	OK	 
REQUEST		request_7	1684357053029	1684357054070	OK	 
REQUEST		request_8	1684357054071	1684357054086	OK	 
REQUEST		request_9	1684357054072	1684357054087	KO	status.find.in([200, 209], 304), found 403
REQUEST		request_34	1684357053644	1684357054163	KO	status.find.in([200, 209], 304), found 400
REQUEST		request_36	1684357054046	1684357054170	KO	status.find.in([200, 209], 304), found 400
REQUEST		request_0	1684357054060	1684357054209	OK	 
REQUEST		request_30	1684357050438	1684357054213	OK	 
REQUEST		request_35	1684357054044	1684357054217	OK	 
REQUEST		request_1	1684357056211	1684357058728	OK	 
REQUEST		request_10	1684357056087	1684357058732	OK	 
REQUEST		request_5	1684357058729	1684357058761	OK	 
REQUEST		request_6	1684357058730	1684357058827	OK	 
REQUEST		request_4	1684357058736	1684357058887	KO	status.find.in([200, 209], 304), found 400
REQUEST		request_3	1684357058735	1684357059179	OK	 
REQUEST		request_2	1684357058732	1684357059180	OK	 
REQUEST		request_7	1684357060182	1684357060388	OK	 
REQUEST		request_8	1684357060389	1684357060400	OK	 
REQUEST		request_9	1684357060390	1684357060401	KO	status.find.in([200, 209], 304), found 403
REQUEST		request_10	1684357062403	1684357062474	OK	 
USER	flujoReusoCheckOut	START	1684357064060
REQUEST		request_11	1684357063733	1684357064914	OK	 
REQUEST		request_12	1684357064915	1684357065741	OK	 
REQUEST		request_17	1684357064916	1684357065748	OK	 
REQUEST		request_0	1684357064059	1684357065840	OK	 
REQUEST		request_13	1684357064916	1684357065889	OK	 
REQUEST		request_15	1684357064918	1684357065894	OK	 
REQUEST		request_16	1684357064918	1684357065897	OK	 
REQUEST		request_14	1684357064917	1684357065928	OK	 
USER	flujoReusoCheckOut	START	1684357074061
REQUEST		request_11	1684357067476	1684357076741	OK	 
REQUEST		request_1	1684357067842	1684357076741	OK	 
REQUEST		request_5	1684357076741	1684357077144	OK	 
REQUEST		request_18	1684357068929	1684357077146	OK	 
REQUEST		request_12	1684357076742	1684357077147	OK	 
REQUEST		request_17	1684357076742	1684357077149	OK	 
REQUEST		request_6	1684357076742	1684357077543	OK	 
REQUEST		request_0	1684357074059	1684357077545	OK	 
REQUEST		request_26	1684357077150	1684357077546	KO	status.find.in([200, 209], 304), found 400
REQUEST		request_2	1684357076743	1684357077546	OK	 
REQUEST		request_25	1684357077150	1684357077547	OK	 
REQUEST		request_37	1684357077148	1684357077569	OK	 
REQUEST		request_15	1684357076746	1684357077611	OK	 
REQUEST		request_13	1684357076742	1684357077618	OK	 
REQUEST		request_16	1684357076746	1684357077631	OK	 
REQUEST		request_4	1684357076744	1684357077648	KO	status.find.in([200, 209], 304), found 400
REQUEST		request_14	1684357076745	1684357077661	OK	 
REQUEST		request_20	1684357077148	1684357077681	KO	status.find.in([200, 209], 304), found 400
REQUEST		request_3	1684357076743	1684357077698	OK	 
REQUEST		request_29	1684357077151	1684357077700	OK	 
REQUEST		request_28	1684357077151	1684357077748	OK	 
REQUEST		request_30	1684357077152	1684357077749	OK	 
REQUEST		request_34	1684357077700	1684357077809	KO	status.find.in([200, 209], 304), found 400
REQUEST		request_19	1684357077149	1684357077845	KO	status.find.in([200, 209], 304), found 400
REQUEST		request_36	1684357077750	1684357077868	KO	status.find.in([200, 209], 304), found 400
REQUEST		request_35	1684357077749	1684357077899	OK	 
REQUEST		request_31	1684357077546	1684357077906	KO	status.find.in([200, 209], 304), found 400
REQUEST		request_33	1684357077547	1684357078019	KO	status.find.in([200, 209], 304), found 400
REQUEST		request_7	1684357078700	1684357079071	OK	 
REQUEST		request_8	1684357079071	1684357079085	OK	 
REQUEST		request_9	1684357079071	1684357079086	KO	status.find.in([200, 209], 304), found 403
REQUEST		request_1	1684357079547	1684357080462	OK	 
REQUEST		request_5	1684357080463	1684357081472	OK	 
REQUEST		request_10	1684357081088	1684357081875	OK	 
REQUEST		request_18	1684357080664	1684357081876	OK	 
REQUEST		request_6	1684357080463	1684357081888	OK	 
REQUEST		request_4	1684357080465	1684357082277	KO	status.find.in([200, 209], 304), found 400
REQUEST		request_26	1684357081892	1684357082277	KO	status.find.in([200, 209], 304), found 400
REQUEST		request_2	1684357080464	1684357082278	OK	 
REQUEST		request_3	1684357080464	1684357082278	OK	 
REQUEST		request_25	1684357081891	1684357082279	OK	 
REQUEST		request_37	1684357081878	1684357082285	OK	 
REQUEST		request_33	1684357082279	1684357082383	KO	status.find.in([200, 209], 304), found 400
REQUEST		request_20	1684357081885	1684357082400	KO	status.find.in([200, 209], 304), found 400
REQUEST		request_30	1684357081894	1684357082410	OK	 
REQUEST		request_28	1684357081892	1684357082430	OK	 
REQUEST		request_29	1684357081893	1684357082432	OK	 
REQUEST		request_31	1684357082277	1684357082444	KO	status.find.in([200, 209], 304), found 400
REQUEST		request_34	1684357082384	1684357082489	KO	status.find.in([200, 209], 304), found 400
REQUEST		request_35	1684357082410	1684357082558	OK	 
REQUEST		request_36	1684357082430	1684357082567	KO	status.find.in([200, 209], 304), found 400
REQUEST		request_19	1684357081890	1684357083223	KO	status.find.in([200, 209], 304), found 400
REQUEST		request_7	1684357083280	1684357083288	OK	 
REQUEST		request_8	1684357083288	1684357083296	OK	 
REQUEST		request_9	1684357083289	1684357083297	KO	status.find.in([200, 209], 304), found 403
USER	flujoReusoCheckOut	START	1684357084059
REQUEST		request_0	1684357084059	1684357084808	OK	 
REQUEST		request_10	1684357085299	1684357085363	OK	 
REQUEST		request_1	1684357086809	1684357086822	OK	 
REQUEST		request_5	1684357086823	1684357086835	OK	 
REQUEST		request_11	1684357086876	1684357086884	OK	 
REQUEST		request_6	1684357086824	1684357086907	OK	 
REQUEST		request_12	1684357086885	1684357086947	OK	 
REQUEST		request_4	1684357086825	1684357086948	KO	status.find.in([200, 209], 304), found 400
REQUEST		request_3	1684357086825	1684357086987	OK	 
REQUEST		request_13	1684357086886	1684357087015	OK	 
REQUEST		request_15	1684357086887	1684357087018	OK	 
REQUEST		request_2	1684357086824	1684357087020	OK	 
REQUEST		request_14	1684357086886	1684357087046	OK	 
REQUEST		request_16	1684357086887	1684357087048	OK	 
REQUEST		request_17	1684357086886	1684357087061	OK	 
REQUEST		request_7	1684357088022	1684357088030	OK	 
REQUEST		request_8	1684357088031	1684357088038	OK	 
REQUEST		request_9	1684357088031	1684357088038	KO	status.find.in([200, 209], 304), found 403
REQUEST		request_10	1684357090039	1684357090111	OK	 
REQUEST		request_18	1684357090062	1684357090128	OK	 
REQUEST		request_25	1684357090131	1684357090360	OK	 
REQUEST		request_26	1684357090131	1684357090362	KO	status.find.in([200, 209], 304), found 400
REQUEST		request_11	1684357090365	1684357090374	OK	 
REQUEST		request_37	1684357090129	1684357090390	OK	 
REQUEST		request_12	1684357090374	1684357090439	OK	 
REQUEST		request_33	1684357090363	1684357090461	KO	status.find.in([200, 209], 304), found 400
REQUEST		request_15	1684357090376	1684357090506	OK	 
REQUEST		request_20	1684357090130	1684357090521	KO	status.find.in([200, 209], 304), found 400
REQUEST		request_13	1684357090375	1684357090525	OK	 
REQUEST		request_30	1684357090359	1684357090526	OK	 
REQUEST		request_29	1684357090358	1684357090531	OK	 
REQUEST		request_16	1684357090377	1684357090532	OK	 
REQUEST		request_17	1684357090375	1684357090539	OK	 
REQUEST		request_14	1684357090376	1684357090545	OK	 
REQUEST		request_28	1684357090131	1684357090558	OK	 
REQUEST		request_34	1684357090462	1684357090567	KO	status.find.in([200, 209], 304), found 400
REQUEST		request_31	1684357090361	1684357090634	KO	status.find.in([200, 209], 304), found 400
REQUEST		request_36	1684357090531	1684357090642	KO	status.find.in([200, 209], 304), found 400
REQUEST		request_19	1684357090130	1684357090666	KO	status.find.in([200, 209], 304), found 400
REQUEST		request_35	1684357090526	1684357090671	OK	 
REQUEST		request_18	1684357093547	1684357093613	OK	 
REQUEST		request_37	1684357093614	1684357093647	OK	 
REQUEST		request_26	1684357093615	1684357093736	KO	status.find.in([200, 209], 304), found 400
REQUEST		request_25	1684357093615	1684357093768	OK	 
REQUEST		request_20	1684357093614	1684357093774	KO	status.find.in([200, 209], 304), found 400
REQUEST		request_30	1684357093617	1684357093785	OK	 
REQUEST		request_29	1684357093616	1684357093785	OK	 
REQUEST		request_33	1684357093769	1684357093870	KO	status.find.in([200, 209], 304), found 400
REQUEST		request_34	1684357093785	1684357093905	KO	status.find.in([200, 209], 304), found 400
REQUEST		request_28	1684357093615	1684357093938	OK	 
REQUEST		request_35	1684357093786	1684357093940	OK	 
REQUEST		request_36	1684357093870	1684357093979	KO	status.find.in([200, 209], 304), found 400
REQUEST		request_19	1684357093615	1684357094012	KO	status.find.in([200, 209], 304), found 400
REQUEST		request_31	1684357093736	1684357094139	KO	status.find.in([200, 209], 304), found 400
REQUEST		request_11	1684357095113	1684357095123	OK	 
REQUEST		request_12	1684357095124	1684357095186	OK	 
REQUEST		request_17	1684357095124	1684357095265	OK	 
REQUEST		request_13	1684357095124	1684357095290	OK	 
REQUEST		request_15	1684357095125	1684357095293	OK	 
REQUEST		request_16	1684357095126	1684357095307	OK	 
REQUEST		request_14	1684357095125	1684357095325	OK	 
REQUEST		request_18	1684357098326	1684357100347	OK	 
REQUEST		request_26	1684357100352	1684357100926	KO	status.find.in([200, 209], 304), found 400
REQUEST		request_25	1684357100351	1684357100927	OK	 
REQUEST		request_19	1684357100351	1684357100928	KO	status.find.in([200, 209], 304), found 400
REQUEST		request_33	1684357100927	1684357101335	KO	status.find.in([200, 209], 304), found 400
REQUEST		request_31	1684357100926	1684357101336	KO	status.find.in([200, 209], 304), found 400
REQUEST		request_34	1684357100929	1684357101338	KO	status.find.in([200, 209], 304), found 400
REQUEST		request_37	1684357100348	1684357101349	OK	 
REQUEST		request_20	1684357100349	1684357102385	KO	status.find.in([200, 209], 304), found 400
REQUEST		request_36	1684357101337	1684357102386	KO	status.find.in([200, 209], 304), found 400
REQUEST		request_28	1684357100352	1684357102386	OK	 
REQUEST		request_29	1684357100353	1684357102387	OK	 
REQUEST		request_30	1684357100354	1684357102387	OK	 
REQUEST		request_35	1684357101336	1684357102973	OK	 
REQUEST		request_39	1684357118794	1684357119083	OK	 
REQUEST		request_52	1684357120378	1684357120673	OK	 
REQUEST		request_44	1684357120408	1684357120674	OK	 
REQUEST		request_40	1684357120408	1684357120675	OK	 
REQUEST		request_63	1684357120125	1684357120680	OK	 
REQUEST		request_61	1684357120123	1684357120739	OK	 
REQUEST		request_53	1684357120379	1684357120745	KO	status.find.in([200, 209], 304), found 400
REQUEST		request_60	1684357120380	1684357120753	OK	 
REQUEST		request_50	1684357119085	1684357120784	OK	 
REQUEST		request_58	1684357120380	1684357120794	OK	 
REQUEST		request_64	1684357120674	1684357120822	OK	 
REQUEST		request_65	1684357120746	1684357120864	KO	status.find.in([200, 209], 304), found 400
REQUEST		request_59	1684357120380	1684357120874	KO	status.find.in([200, 209], 304), found 400
REQUEST		request_62	1684357120380	1684357120966	KO	status.find.in([200, 209], 304), found 400
REQUEST		request_56	1684357120295	1684357121290	OK	 
REQUEST		request_49	1684357120351	1684357121317	OK	 
REQUEST		request_46	1684357120352	1684357121359	OK	 
REQUEST		request_54	1684357120125	1684357121439	OK	 
REQUEST		request_48	1684357120295	1684357121488	OK	 
REQUEST		request_47	1684357120381	1684357121525	OK	 
REQUEST		request_39	1684357123157	1684357123263	OK	 
REQUEST		request_40	1684357123273	1684357125533	OK	 
REQUEST		request_66	1684357124529	1684357127372	OK	 
REQUEST		request_52	1684357123270	1684357127373	OK	 
REQUEST		request_53	1684357123270	1684357127374	KO	status.find.in([200, 209], 304), found 400
REQUEST		request_63	1684357123266	1684357127384	OK	 
REQUEST		request_61	1684357123266	1684357127384	OK	 
REQUEST		request_46	1684357123269	1684357127389	OK	 
REQUEST		request_58	1684357123271	1684357127415	OK	 
REQUEST		request_60	1684357123271	1684357127416	OK	 
REQUEST		request_50	1684357123265	1684357127429	OK	 
REQUEST		request_49	1684357123268	1684357127433	OK	 
REQUEST		request_56	1684357123267	1684357127434	OK	 
REQUEST		request_54	1684357123267	1684357127434	OK	 
REQUEST		request_62	1684357123272	1684357127436	KO	status.find.in([200, 209], 304), found 400
REQUEST		request_59	1684357123271	1684357127437	KO	status.find.in([200, 209], 304), found 400
REQUEST		request_44	1684357123274	1684357127437	OK	 
REQUEST		request_48	1684357123267	1684357127448	OK	 
REQUEST		request_47	1684357123272	1684357127546	OK	 
REQUEST		request_69	1684357127377	1684357127973	OK	 
REQUEST		request_65	1684357127375	1684357127983	KO	status.find.in([200, 209], 304), found 400
REQUEST		request_64	1684357127374	1684357127986	OK	 
REQUEST		request_66	1684357130987	1684357131138	OK	 
REQUEST		request_69	1684357131139	1684357131150	OK	 
REQUEST		request_74	1684357131975	1684357132179	OK	 
REQUEST		request_76	1684357132180	1684357132188	OK	 
REQUEST		request_75	1684357132180	1684357132547	KO	status.find.in([200, 209], 304), found 400
REQUEST		request_39	1684357132866	1684357132968	OK	 
REQUEST		request_40	1684357132974	1684357134285	OK	 
REQUEST		request_63	1684357132971	1684357134298	OK	 
REQUEST		request_61	1684357132970	1684357134355	OK	 
REQUEST		request_50	1684357132970	1684357134383	OK	 
REQUEST		request_59	1684357132973	1684357134383	KO	status.find.in([200, 209], 304), found 400
REQUEST		request_62	1684357132973	1684357134422	KO	status.find.in([200, 209], 304), found 400
REQUEST		request_60	1684357132973	1684357134430	OK	 
REQUEST		request_52	1684357132972	1684357134431	OK	 
REQUEST		request_58	1684357132972	1684357134457	OK	 
REQUEST		request_46	1684357132972	1684357134503	OK	 
REQUEST		request_44	1684357132974	1684357134506	OK	 
REQUEST		request_64	1684357134383	1684357134538	OK	 
REQUEST		request_65	1684357134423	1684357134543	KO	status.find.in([200, 209], 304), found 400
REQUEST		request_48	1684357132971	1684357134570	OK	 
REQUEST		request_49	1684357132972	1684357134594	OK	 
REQUEST		request_53	1684357132972	1684357134645	KO	status.find.in([200, 209], 304), found 400
REQUEST		request_79	1684357134548	1684357134699	OK	 
REQUEST		request_56	1684357132971	1684357134711	OK	 
REQUEST		request_54	1684357132971	1684357134755	OK	 
REQUEST		request_47	1684357132973	1684357134785	OK	 
REQUEST		request_80	1684357134700	1684357134910	KO	status.find.in([200, 209], 304), found 400
REQUEST		request_74	1684357135151	1684357135325	OK	 
REQUEST		request_76	1684357135326	1684357135333	OK	 
REQUEST		request_75	1684357135326	1684357135449	KO	status.find.in([200, 209], 304), found 400
REQUEST		request_81	1684357135911	1684357136053	OK	 
REQUEST		request_82	1684357136054	1684357136164	KO	status.find.in([200, 209], 304), found 400
REQUEST		request_79	1684357137451	1684357137616	OK	 
REQUEST		request_80	1684357137617	1684357137727	KO	status.find.in([200, 209], 304), found 400
REQUEST		request_66	1684357137786	1684357137935	OK	 
REQUEST		request_69	1684357137936	1684357137944	OK	 
REQUEST		request_83	1684357138165	1684357138317	OK	 
REQUEST		request_84	1684357138318	1684357138433	KO	status.find.in([200, 209], 304), found 400
REQUEST		request_81	1684357138729	1684357138872	OK	 
REQUEST		request_82	1684357138873	1684357138985	KO	status.find.in([200, 209], 304), found 400
REQUEST		request_85	1684357140434	1684357140595	OK	 
REQUEST		request_86	1684357140596	1684357140706	KO	status.find.in([200, 209], 304), found 400
REQUEST		request_83	1684357140987	1684357141131	OK	 
REQUEST		request_84	1684357141132	1684357141292	KO	status.find.in([200, 209], 304), found 400
REQUEST		request_74	1684357141946	1684357142102	OK	 
REQUEST		request_76	1684357142102	1684357142110	OK	 
REQUEST		request_75	1684357142103	1684357142225	KO	status.find.in([200, 209], 304), found 400
REQUEST		request_87	1684357142708	1684357142879	OK	 
REQUEST		request_88	1684357142880	1684357143012	KO	status.find.in([200, 209], 304), found 400
REQUEST		request_90	1684357142881	1684357143024	KO	status.find.in([200, 209], 304), found 400
REQUEST		request_89	1684357142880	1684357143062	OK	 
REQUEST		request_39	1684357143107	1684357143340	OK	 
REQUEST		request_63	1684357143342	1684357143430	OK	 
REQUEST		request_85	1684357143293	1684357143439	OK	 
REQUEST		request_40	1684357143346	1684357143475	OK	 
REQUEST		request_61	1684357143342	1684357143488	OK	 
REQUEST		request_53	1684357143345	1684357143488	KO	status.find.in([200, 209], 304), found 400
REQUEST		request_50	1684357143341	1684357143524	OK	 
REQUEST		request_52	1684357143345	1684357143529	OK	 
REQUEST		request_60	1684357143345	1684357143530	OK	 
REQUEST		request_58	1684357143345	1684357143537	OK	 
REQUEST		request_86	1684357143440	1684357143546	KO	status.find.in([200, 209], 304), found 400
REQUEST		request_59	1684357143345	1684357143586	KO	status.find.in([200, 209], 304), found 400
REQUEST		request_44	1684357143347	1684357143598	OK	 
REQUEST		request_46	1684357143344	1684357143602	OK	 
REQUEST		request_48	1684357143343	1684357143620	OK	 
REQUEST		request_64	1684357143488	1684357143625	OK	 
REQUEST		request_65	1684357143529	1684357143654	KO	status.find.in([200, 209], 304), found 400
REQUEST		request_49	1684357143344	1684357143670	OK	 
REQUEST		request_62	1684357143346	1684357143736	KO	status.find.in([200, 209], 304), found 400
REQUEST		request_47	1684357143346	1684357143746	OK	 
REQUEST		request_56	1684357143343	1684357143772	OK	 
REQUEST		request_54	1684357143342	1684357143891	OK	 
REQUEST		request_91	1684357144062	1684357144287	OK	 
REQUEST		request_79	1684357144226	1684357144370	OK	 
REQUEST		request_92	1684357144288	1684357144420	KO	status.find.in([200, 209], 304), found 400
REQUEST		request_80	1684357144371	1684357144469	KO	status.find.in([200, 209], 304), found 400
REQUEST		request_93	1684357145421	1684357145564	OK	 
REQUEST		request_81	1684357145471	1684357145612	OK	 
REQUEST		request_87	1684357145548	1684357145696	OK	 
REQUEST		request_82	1684357145613	1684357145725	KO	status.find.in([200, 209], 304), found 400
REQUEST		request_99	1684357145565	1684357145802	OK	 
REQUEST		request_102	1684357145572	1684357145802	KO	status.find.in([200, 209], 304), found 400
REQUEST		request_101	1684357145571	1684357145803	OK	 
REQUEST		request_90	1684357145697	1684357145804	KO	status.find.in([200, 209], 304), found 400
REQUEST		request_88	1684357145696	1684357145835	KO	status.find.in([200, 209], 304), found 400
REQUEST		request_95	1684357145565	1684357145855	KO	status.find.in([200, 209], 304), found 400
REQUEST		request_89	1684357145697	1684357145875	OK	 
REQUEST		request_98	1684357145801	1684357146080	OK	 
REQUEST		request_97	1684357145801	1684357146158	OK	 
REQUEST		request_100	1684357145801	1684357146386	OK	 
REQUEST		request_94	1684357145572	1684357146660	OK	 
USER	flujoReusoCheckOut	END	1684357146669
REQUEST		request_91	1684357146876	1684357147033	OK	 
REQUEST		request_66	1684357146892	1684357147060	OK	 
REQUEST		request_69	1684357147061	1684357147067	OK	 
REQUEST		request_92	1684357147033	1684357147238	KO	status.find.in([200, 209], 304), found 400
REQUEST		request_83	1684357147727	1684357147881	OK	 
REQUEST		request_84	1684357147881	1684357147976	KO	status.find.in([200, 209], 304), found 400
REQUEST		request_93	1684357148239	1684357148380	OK	 
REQUEST		request_99	1684357148382	1684357148388	OK	 
REQUEST		request_102	1684357148383	1684357148482	KO	status.find.in([200, 209], 304), found 400
REQUEST		request_95	1684357148382	1684357148494	KO	status.find.in([200, 209], 304), found 400
REQUEST		request_100	1684357148385	1684357148509	OK	 
REQUEST		request_101	1684357148383	1684357148536	OK	 
REQUEST		request_97	1684357148384	1684357148555	OK	 
REQUEST		request_94	1684357148383	1684357148649	OK	 
REQUEST		request_98	1684357148384	1684357148752	OK	 
USER	flujoReusoCheckOut	END	1684357148757
REQUEST		request_85	1684357149978	1684357150164	OK	 
REQUEST		request_86	1684357150164	1684357150274	KO	status.find.in([200, 209], 304), found 400
REQUEST		request_74	1684357151069	1684357151271	OK	 
REQUEST		request_76	1684357151272	1684357151281	OK	 
REQUEST		request_75	1684357151272	1684357151556	KO	status.find.in([200, 209], 304), found 400
REQUEST		request_87	1684357152276	1684357152437	OK	 
REQUEST		request_88	1684357152437	1684357152537	KO	status.find.in([200, 209], 304), found 400
REQUEST		request_90	1684357152438	1684357152538	KO	status.find.in([200, 209], 304), found 400
REQUEST		request_89	1684357152438	1684357153322	OK	 
REQUEST		request_79	1684357153557	1684357154283	OK	 
REQUEST		request_80	1684357154284	1684357154382	KO	status.find.in([200, 209], 304), found 400
REQUEST		request_91	1684357154323	1684357154525	OK	 
REQUEST		request_92	1684357154526	1684357154803	KO	status.find.in([200, 209], 304), found 400
REQUEST		request_81	1684357155383	1684357155532	OK	 
REQUEST		request_82	1684357155533	1684357155654	KO	status.find.in([200, 209], 304), found 400
REQUEST		request_93	1684357155804	1684357156289	OK	 
REQUEST		request_99	1684357156291	1684357157136	OK	 
REQUEST		request_102	1684357156293	1684357157143	KO	status.find.in([200, 209], 304), found 400
REQUEST		request_95	1684357156292	1684357157145	KO	status.find.in([200, 209], 304), found 400
REQUEST		request_101	1684357156293	1684357157932	OK	 
REQUEST		request_97	1684357156295	1684357158180	OK	 
REQUEST		request_98	1684357156295	1684357158181	OK	 
REQUEST		request_83	1684357157656	1684357158185	OK	 
REQUEST		request_100	1684357156296	1684357158223	OK	 
REQUEST		request_94	1684357156293	1684357158263	OK	 
USER	flujoReusoCheckOut	END	1684357158270
REQUEST		request_84	1684357158186	1684357158306	KO	status.find.in([200, 209], 304), found 400
REQUEST		request_39	1684357158219	1684357160232	OK	 
REQUEST		request_85	1684357160308	1684357161451	OK	 
REQUEST		request_40	1684357161309	1684357164069	OK	 
REQUEST		request_86	1684357161452	1684357165880	KO	status.find.in([200, 209], 304), found 400
REQUEST		request_63	1684357161293	1684357167834	OK	 
REQUEST		request_61	1684357161292	1684357167860	OK	 
REQUEST		request_50	1684357160234	1684357167866	OK	 
REQUEST		request_53	1684357161305	1684357167914	KO	status.find.in([200, 209], 304), found 400
REQUEST		request_46	1684357161299	1684357167919	OK	 
REQUEST		request_49	1684357161298	1684357167923	OK	 
REQUEST		request_56	1684357161295	1684357167931	OK	 
REQUEST		request_47	1684357161307	1684357167975	OK	 
REQUEST		request_62	1684357161306	1684357167999	KO	status.find.in([200, 209], 304), found 400
REQUEST		request_60	1684357161306	1684357168006	OK	 
REQUEST		request_52	1684357161303	1684357168008	OK	 
REQUEST		request_48	1684357161296	1684357168028	OK	 
REQUEST		request_58	1684357161306	1684357168040	OK	 
REQUEST		request_44	1684357161309	1684357168069	OK	 
REQUEST		request_59	1684357161306	1684357168073	KO	status.find.in([200, 209], 304), found 400
REQUEST		request_54	1684357161294	1684357168079	OK	 
REQUEST		request_87	1684357167882	1684357168098	OK	 
REQUEST		request_64	1684357167915	1684357168125	OK	 
REQUEST		request_65	1684357167999	1684357169011	KO	status.find.in([200, 209], 304), found 400
REQUEST		request_90	1684357168100	1684357169831	KO	status.find.in([200, 209], 304), found 400
REQUEST		request_89	1684357168099	1684357169877	OK	 
REQUEST		request_88	1684357168099	1684357169878	KO	status.find.in([200, 209], 304), found 400
REQUEST		request_91	1684357170879	1684357172226	OK	 
REQUEST		request_66	1684357172012	1684357172395	OK	 
REQUEST		request_69	1684357172395	1684357172404	OK	 
REQUEST		request_92	1684357172227	1684357172465	KO	status.find.in([200, 209], 304), found 400
REQUEST		request_93	1684357173466	1684357173794	OK	 
REQUEST		request_99	1684357173796	1684357173808	OK	 
REQUEST		request_95	1684357173796	1684357174516	KO	status.find.in([200, 209], 304), found 400
REQUEST		request_102	1684357173797	1684357174518	KO	status.find.in([200, 209], 304), found 400
REQUEST		request_101	1684357173797	1684357174519	OK	 
REQUEST		request_98	1684357173798	1684357174625	OK	 
REQUEST		request_97	1684357173798	1684357174626	OK	 
REQUEST		request_100	1684357173798	1684357174665	OK	 
REQUEST		request_94	1684357173797	1684357174822	OK	 
USER	flujoReusoCheckOut	END	1684357174825
REQUEST		request_74	1684357176406	1684357176564	OK	 
REQUEST		request_76	1684357176565	1684357176573	OK	 
REQUEST		request_75	1684357176565	1684357176685	KO	status.find.in([200, 209], 304), found 400
REQUEST		request_79	1684357178686	1684357178857	OK	 
REQUEST		request_80	1684357178857	1684357178957	KO	status.find.in([200, 209], 304), found 400
REQUEST		request_81	1684357179958	1684357180133	OK	 
REQUEST		request_82	1684357180133	1684357180249	KO	status.find.in([200, 209], 304), found 400
REQUEST		request_39	1684357182020	1684357182121	OK	 
REQUEST		request_63	1684357182123	1684357182203	OK	 
REQUEST		request_46	1684357182124	1684357182253	OK	 
REQUEST		request_61	1684357182123	1684357182265	OK	 
REQUEST		request_62	1684357182126	1684357182266	KO	status.find.in([200, 209], 304), found 400
REQUEST		request_59	1684357182125	1684357182266	KO	status.find.in([200, 209], 304), found 400
REQUEST		request_53	1684357182125	1684357182269	KO	status.find.in([200, 209], 304), found 400
REQUEST		request_49	1684357182124	1684357182269	OK	 
REQUEST		request_50	1684357182122	1684357182291	OK	 
REQUEST		request_58	1684357182125	1684357182312	OK	 
REQUEST		request_52	1684357182124	1684357182314	OK	 
REQUEST		request_60	1684357182126	1684357182319	OK	 
REQUEST		request_48	1684357182123	1684357182325	OK	 
REQUEST		request_56	1684357182123	1684357182369	OK	 
REQUEST		request_44	1684357182127	1684357182378	OK	 
REQUEST		request_65	1684357182266	1684357182384	KO	status.find.in([200, 209], 304), found 400
REQUEST		request_40	1684357182126	1684357182395	OK	 
REQUEST		request_64	1684357182266	1684357182399	OK	 
REQUEST		request_83	1684357182249	1684357182401	OK	 
REQUEST		request_47	1684357182126	1684357182489	OK	 
REQUEST		request_84	1684357182401	1684357182504	KO	status.find.in([200, 209], 304), found 400
REQUEST		request_54	1684357182123	1684357182557	OK	 
REQUEST		request_85	1684357184506	1684357184654	OK	 
REQUEST		request_86	1684357184655	1684357184804	KO	status.find.in([200, 209], 304), found 400
REQUEST		request_66	1684357185558	1684357185732	OK	 
REQUEST		request_69	1684357185732	1684357185742	OK	 
REQUEST		request_87	1684357186807	1684357186959	OK	 
REQUEST		request_90	1684357186960	1684357187071	KO	status.find.in([200, 209], 304), found 400
REQUEST		request_88	1684357186960	1684357187086	KO	status.find.in([200, 209], 304), found 400
REQUEST		request_89	1684357186960	1684357187138	OK	 
REQUEST		request_39	1684357187226	1684357187464	OK	 
REQUEST		request_40	1684357187471	1684357189265	OK	 
REQUEST		request_63	1684357187467	1684357189317	OK	 
REQUEST		request_61	1684357187466	1684357189363	OK	 
REQUEST		request_59	1684357187469	1684357189383	KO	status.find.in([200, 209], 304), found 400
REQUEST		request_44	1684357187471	1684357189384	OK	 
REQUEST		request_50	1684357187466	1684357189397	OK	 
REQUEST		request_62	1684357187470	1684357189397	KO	status.find.in([200, 209], 304), found 400
REQUEST		request_53	1684357187469	1684357189407	KO	status.find.in([200, 209], 304), found 400
REQUEST		request_91	1684357188141	1684357189409	OK	 
REQUEST		request_58	1684357187469	1684357189431	OK	 
REQUEST		request_49	1684357187468	1684357189465	OK	 
REQUEST		request_48	1684357187468	1684357189511	OK	 
REQUEST		request_47	1684357187470	1684357189586	OK	 
REQUEST		request_56	1684357187467	1684357189906	OK	 
REQUEST		request_60	1684357187470	1684357189906	OK	 
REQUEST		request_54	1684357187467	1684357189906	OK	 
REQUEST		request_52	1684357187469	1684357189908	OK	 
REQUEST		request_46	1684357187468	1684357189909	OK	 
REQUEST		request_92	1684357189409	1684357189909	KO	status.find.in([200, 209], 304), found 400
REQUEST		request_64	1684357189383	1684357189909	OK	 
REQUEST		request_65	1684357189398	1684357189910	KO	status.find.in([200, 209], 304), found 400
REQUEST		request_74	1684357189744	1684357190101	OK	 
REQUEST		request_76	1684357190102	1684357190111	OK	 
REQUEST		request_75	1684357190102	1684357190215	KO	status.find.in([200, 209], 304), found 400
REQUEST		request_93	1684357190910	1684357191259	OK	 
REQUEST		request_99	1684357191260	1684357191274	OK	 
REQUEST		request_95	1684357191261	1684357191364	KO	status.find.in([200, 209], 304), found 400
REQUEST		request_102	1684357191266	1684357191371	KO	status.find.in([200, 209], 304), found 400
REQUEST		request_97	1684357191271	1684357191406	OK	 
REQUEST		request_100	1684357191272	1684357191413	OK	 
REQUEST		request_98	1684357191272	1684357191418	OK	 
REQUEST		request_101	1684357191266	1684357191419	OK	 
REQUEST		request_94	1684357191267	1684357191590	OK	 
USER	flujoReusoCheckOut	END	1684357191593
REQUEST		request_79	1684357192216	1684357192365	OK	 
REQUEST		request_80	1684357192365	1684357192464	KO	status.find.in([200, 209], 304), found 400
REQUEST		request_66	1684357192912	1684357193295	OK	 
REQUEST		request_69	1684357193296	1684357193303	OK	 
REQUEST		request_81	1684357193464	1684357193634	OK	 
REQUEST		request_82	1684357193634	1684357193744	KO	status.find.in([200, 209], 304), found 400
REQUEST		request_39	1684357194672	1684357196142	OK	 
REQUEST		request_83	1684357195745	1684357196142	OK	 
REQUEST		request_84	1684357196143	1684357196943	KO	status.find.in([200, 209], 304), found 400
REQUEST		request_63	1684357196148	1684357197062	OK	 
REQUEST		request_44	1684357196983	1684357197101	OK	 
REQUEST		request_46	1684357196155	1684357197119	OK	 
REQUEST		request_61	1684357196146	1684357197122	OK	 
REQUEST		request_59	1684357196981	1684357197130	KO	status.find.in([200, 209], 304), found 400
REQUEST		request_49	1684357196155	1684357197135	OK	 
REQUEST		request_56	1684357196152	1684357197151	OK	 
REQUEST		request_50	1684357196144	1684357197161	OK	 
REQUEST		request_58	1684357196981	1684357197168	OK	 
REQUEST		request_52	1684357196158	1684357197172	OK	 
REQUEST		request_53	1684357196980	1684357197176	KO	status.find.in([200, 209], 304), found 400
REQUEST		request_62	1684357196981	1684357197178	KO	status.find.in([200, 209], 304), found 400
REQUEST		request_54	1684357196149	1684357197192	OK	 
REQUEST		request_48	1684357196153	1684357197212	OK	 
REQUEST		request_47	1684357196981	1684357197224	OK	 
REQUEST		request_60	1684357196981	1684357197241	OK	 
REQUEST		request_40	1684357196983	1684357197244	OK	 
REQUEST		request_65	1684357197168	1684357197287	KO	status.find.in([200, 209], 304), found 400
REQUEST		request_64	1684357197130	1684357197290	OK	 
REQUEST		request_74	1684357197305	1684357197454	OK	 
REQUEST		request_76	1684357197455	1684357197461	OK	 
REQUEST		request_75	1684357197455	1684357197586	KO	status.find.in([200, 209], 304), found 400
REQUEST		request_39	1684357198140	1684357198236	OK	 
REQUEST		request_63	1684357198239	1684357198330	OK	 
REQUEST		request_46	1684357198244	1684357198360	OK	 
REQUEST		request_44	1684357198248	1684357198363	OK	 
REQUEST		request_61	1684357198238	1684357198393	OK	 
REQUEST		request_62	1684357198247	1684357198395	KO	status.find.in([200, 209], 304), found 400
REQUEST		request_56	1684357198240	1684357198398	OK	 
REQUEST		request_49	1684357198243	1684357198405	OK	 
REQUEST		request_53	1684357198245	1684357198409	KO	status.find.in([200, 209], 304), found 400
REQUEST		request_54	1684357198240	1684357198413	OK	 
REQUEST		request_50	1684357198237	1684357198414	OK	 
REQUEST		request_58	1684357198246	1684357198433	OK	 
REQUEST		request_48	1684357198241	1684357198435	OK	 
REQUEST		request_52	1684357198245	1684357198435	OK	 
REQUEST		request_60	1684357198247	1684357198440	OK	 
REQUEST		request_47	1684357198247	1684357198459	OK	 
REQUEST		request_40	1684357198248	1684357198507	OK	 
REQUEST		request_65	1684357198409	1684357198522	KO	status.find.in([200, 209], 304), found 400
REQUEST		request_64	1684357198395	1684357198525	OK	 
REQUEST		request_59	1684357198246	1684357198709	KO	status.find.in([200, 209], 304), found 400
REQUEST		request_85	1684357198945	1684357199094	OK	 
REQUEST		request_86	1684357199094	1684357199251	KO	status.find.in([200, 209], 304), found 400
REQUEST		request_79	1684357199587	1684357199763	OK	 
REQUEST		request_80	1684357199764	1684357199865	KO	status.find.in([200, 209], 304), found 400
REQUEST		request_66	1684357200290	1684357200440	OK	 
REQUEST		request_69	1684357200441	1684357200448	OK	 
REQUEST		request_81	1684357200866	1684357201010	OK	 
REQUEST		request_82	1684357201010	1684357201110	KO	status.find.in([200, 209], 304), found 400
REQUEST		request_87	1684357201253	1684357201648	OK	 
REQUEST		request_90	1684357201648	1684357201749	KO	status.find.in([200, 209], 304), found 400
REQUEST		request_88	1684357201648	1684357201792	KO	status.find.in([200, 209], 304), found 400
REQUEST		request_66	1684357201711	1684357201863	OK	 
REQUEST		request_69	1684357201864	1684357201876	OK	 
REQUEST		request_89	1684357201648	1684357201947	OK	 
REQUEST		request_91	1684357202948	1684357203130	OK	 
REQUEST		request_83	1684357203112	1684357203251	OK	 
REQUEST		request_92	1684357203130	1684357203255	KO	status.find.in([200, 209], 304), found 400
REQUEST		request_84	1684357203252	1684357203356	KO	status.find.in([200, 209], 304), found 400
REQUEST		request_93	1684357204256	1684357204425	OK	 
REQUEST		request_99	1684357204426	1684357204434	OK	 
REQUEST		request_97	1684357204427	1684357204565	OK	 
REQUEST		request_98	1684357204428	1684357204565	OK	 
REQUEST		request_95	1684357204426	1684357204567	KO	status.find.in([200, 209], 304), found 400
REQUEST		request_102	1684357204426	1684357204576	KO	status.find.in([200, 209], 304), found 400
REQUEST		request_101	1684357204426	1684357204578	OK	 
REQUEST		request_100	1684357204428	1684357204584	OK	 
REQUEST		request_74	1684357204449	1684357204635	OK	 
REQUEST		request_76	1684357204636	1684357204644	OK	 
REQUEST		request_94	1684357204427	1684357204668	OK	 
USER	flujoReusoCheckOut	END	1684357204672
REQUEST		request_75	1684357204637	1684357204740	KO	status.find.in([200, 209], 304), found 400
REQUEST		request_85	1684357205358	1684357205502	OK	 
REQUEST		request_86	1684357205502	1684357205629	KO	status.find.in([200, 209], 304), found 400
REQUEST		request_74	1684357205878	1684357206092	OK	 
REQUEST		request_76	1684357206093	1684357206101	OK	 
REQUEST		request_75	1684357206093	1684357206250	KO	status.find.in([200, 209], 304), found 400
REQUEST		request_79	1684357206741	1684357206899	OK	 
REQUEST		request_80	1684357206899	1684357207030	KO	status.find.in([200, 209], 304), found 400
REQUEST		request_39	1684357206974	1684357207205	OK	 
REQUEST		request_40	1684357207210	1684357207698	OK	 
REQUEST		request_63	1684357207207	1684357207758	OK	 
REQUEST		request_46	1684357207208	1684357207832	OK	 
REQUEST		request_62	1684357207209	1684357207835	KO	status.find.in([200, 209], 304), found 400
REQUEST		request_61	1684357207206	1684357207836	OK	 
REQUEST		request_56	1684357207207	1684357207838	OK	 
REQUEST		request_49	1684357207208	1684357207847	OK	 
REQUEST		request_54	1684357207207	1684357207848	OK	 
REQUEST		request_50	1684357207206	1684357207849	OK	 
REQUEST		request_60	1684357207209	1684357207855	OK	 
REQUEST		request_52	1684357207208	1684357207873	OK	 
REQUEST		request_58	1684357207209	1684357207876	OK	 
REQUEST		request_48	1684357207207	1684357207920	OK	 
REQUEST		request_44	1684357207210	1684357207920	OK	 
REQUEST		request_87	1684357207631	1684357207953	OK	 
REQUEST		request_65	1684357207855	1684357207985	KO	status.find.in([200, 209], 304), found 400
REQUEST		request_64	1684357207836	1684357207994	OK	 
REQUEST		request_53	1684357207208	1684357208012	KO	status.find.in([200, 209], 304), found 400
REQUEST		request_90	1684357207954	1684357208060	KO	status.find.in([200, 209], 304), found 400
REQUEST		request_88	1684357207954	1684357208068	KO	status.find.in([200, 209], 304), found 400
REQUEST		request_47	1684357207209	1684357208090	OK	 
REQUEST		request_89	1684357207954	1684357208108	OK	 
REQUEST		request_81	1684357208031	1684357208192	OK	 
REQUEST		request_59	1684357207209	1684357208358	KO	status.find.in([200, 209], 304), found 400
REQUEST		request_79	1684357208251	1684357208414	OK	 
REQUEST		request_82	1684357208192	1684357208429	KO	status.find.in([200, 209], 304), found 400
REQUEST		request_80	1684357208414	1684357208527	KO	status.find.in([200, 209], 304), found 400
REQUEST		request_91	1684357209109	1684357209313	OK	 
REQUEST		request_92	1684357209314	1684357209444	KO	status.find.in([200, 209], 304), found 400
REQUEST		request_81	1684357209529	1684357209681	OK	 
REQUEST		request_82	1684357209681	1684357209804	KO	status.find.in([200, 209], 304), found 400
REQUEST		request_83	1684357210430	1684357210578	OK	 
REQUEST		request_93	1684357210446	1684357210612	OK	 
REQUEST		request_99	1684357210613	1684357210622	OK	 
REQUEST		request_84	1684357210578	1684357210698	KO	status.find.in([200, 209], 304), found 400
REQUEST		request_98	1684357210615	1684357210734	OK	 
REQUEST		request_97	1684357210615	1684357210740	OK	 
REQUEST		request_100	1684357210615	1684357210753	OK	 
REQUEST		request_101	1684357210614	1684357210780	OK	 
REQUEST		request_94	1684357210614	1684357210830	OK	 
REQUEST		request_95	1684357210613	1684357210853	KO	status.find.in([200, 209], 304), found 400
REQUEST		request_102	1684357210614	1684357210959	KO	status.find.in([200, 209], 304), found 400
USER	flujoReusoCheckOut	END	1684357210962
REQUEST		request_66	1684357211359	1684357211506	OK	 
REQUEST		request_69	1684357211506	1684357211513	OK	 
REQUEST		request_83	1684357211807	1684357211959	OK	 
REQUEST		request_84	1684357211960	1684357212259	KO	status.find.in([200, 209], 304), found 400
REQUEST		request_85	1684357212699	1684357212906	OK	 
REQUEST		request_86	1684357212906	1684357213068	KO	status.find.in([200, 209], 304), found 400
REQUEST		request_85	1684357214261	1684357214405	OK	 
REQUEST		request_86	1684357214406	1684357214818	KO	status.find.in([200, 209], 304), found 400
REQUEST		request_87	1684357215069	1684357215299	OK	 
REQUEST		request_90	1684357215300	1684357215418	KO	status.find.in([200, 209], 304), found 400
REQUEST		request_89	1684357215300	1684357215487	OK	 
REQUEST		request_88	1684357215299	1684357215517	KO	status.find.in([200, 209], 304), found 400
REQUEST		request_74	1684357215514	1684357215664	OK	 
REQUEST		request_76	1684357215664	1684357215674	OK	 
REQUEST		request_75	1684357215664	1684357215779	KO	status.find.in([200, 209], 304), found 400
REQUEST		request_91	1684357216519	1684357216648	OK	 
REQUEST		request_92	1684357216648	1684357216780	KO	status.find.in([200, 209], 304), found 400
REQUEST		request_87	1684357216823	1684357216987	OK	 
REQUEST		request_90	1684357216987	1684357217087	KO	status.find.in([200, 209], 304), found 400
REQUEST		request_88	1684357216987	1684357217087	KO	status.find.in([200, 209], 304), found 400
REQUEST		request_89	1684357216987	1684357217174	OK	 
REQUEST		request_93	1684357217781	1684357217929	OK	 
REQUEST		request_99	1684357217930	1684357217943	OK	 
REQUEST		request_79	1684357217780	1684357217970	OK	 
REQUEST		request_95	1684357217930	1684357218038	KO	status.find.in([200, 209], 304), found 400
REQUEST		request_97	1684357217931	1684357218051	OK	 
REQUEST		request_98	1684357217932	1684357218092	OK	 
REQUEST		request_102	1684357217931	1684357218092	KO	status.find.in([200, 209], 304), found 400
REQUEST		request_101	1684357217930	1684357218093	OK	 
REQUEST		request_100	1684357217932	1684357218108	OK	 
REQUEST		request_80	1684357217971	1684357218131	KO	status.find.in([200, 209], 304), found 400
REQUEST		request_94	1684357217931	1684357218172	OK	 
USER	flujoReusoCheckOut	END	1684357218181
REQUEST		request_91	1684357218177	1684357218380	OK	 
REQUEST		request_92	1684357218380	1684357218501	KO	status.find.in([200, 209], 304), found 400
REQUEST		request_81	1684357219132	1684357219276	OK	 
REQUEST		request_82	1684357219277	1684357219558	KO	status.find.in([200, 209], 304), found 400
REQUEST		request_93	1684357219502	1684357219637	OK	 
REQUEST		request_99	1684357219638	1684357219650	OK	 
REQUEST		request_102	1684357219639	1684357219741	KO	status.find.in([200, 209], 304), found 400
REQUEST		request_97	1684357219640	1684357219751	OK	 
REQUEST		request_95	1684357219638	1684357219759	KO	status.find.in([200, 209], 304), found 400
REQUEST		request_100	1684357219641	1684357219766	OK	 
REQUEST		request_101	1684357219639	1684357219795	OK	 
REQUEST		request_98	1684357219640	1684357219858	OK	 
REQUEST		request_94	1684357219639	1684357220085	OK	 
USER	flujoReusoCheckOut	END	1684357220090
REQUEST		request_83	1684357221560	1684357221988	OK	 
REQUEST		request_84	1684357221989	1684357222400	KO	status.find.in([200, 209], 304), found 400
REQUEST		request_85	1684357224400	1684357224546	OK	 
REQUEST		request_86	1684357224546	1684357224662	KO	status.find.in([200, 209], 304), found 400
REQUEST		request_87	1684357226665	1684357226816	OK	 
REQUEST		request_90	1684357226816	1684357227094	KO	status.find.in([200, 209], 304), found 400
REQUEST		request_88	1684357226816	1684357227112	KO	status.find.in([200, 209], 304), found 400
REQUEST		request_89	1684357226816	1684357227430	OK	 
REQUEST		request_91	1684357228431	1684357228580	OK	 
REQUEST		request_92	1684357228580	1684357228677	KO	status.find.in([200, 209], 304), found 400
REQUEST		request_93	1684357229679	1684357229840	OK	 
REQUEST		request_99	1684357229841	1684357229898	OK	 
REQUEST		request_102	1684357229842	1684357229970	KO	status.find.in([200, 209], 304), found 400
REQUEST		request_95	1684357229841	1684357229977	KO	status.find.in([200, 209], 304), found 400
REQUEST		request_97	1684357229896	1684357230007	OK	 
REQUEST		request_98	1684357229896	1684357230007	OK	 
REQUEST		request_101	1684357229842	1684357230007	OK	 
REQUEST		request_100	1684357229897	1684357230039	OK	 
REQUEST		request_94	1684357229842	1684357230231	OK	 
USER	flujoReusoCheckOut	END	1684357230234
