RUN	bnpl.flujoReusoCheckOut2	flujoreusocheckout2	1683748041298	 	3.8.3
USER	flujoReusoCheckOut2	START	1683748044484
REQUEST		request_0	1683748044478	1683748044947	OK	 
REQUEST		request_2	1683748046027	1683748047738	OK	 
REQUEST		request_4	1683748047622	1683748047787	OK	 
REQUEST		request_8	1683748047627	1683748047791	KO	status.find.in([200, 209], 304), found 400
REQUEST		request_6	1683748047626	1683748047839	KO	status.find.in([200, 209], 304), found 400
REQUEST		request_1	1683748047623	1683748047906	KO	status.find.in([200, 209], 304), found 400
REQUEST		request_3	1683748044971	1683748047912	OK	 
REQUEST		request_5	1683748047625	1683748047960	OK	 
REQUEST		request_7	1683748047627	1683748047974	OK	 
REQUEST		request_9	1683748047628	1683748048008	OK	 
REQUEST		request_10	1683748049013	1683748049121	OK	 
REQUEST		request_12	1683748049122	1683748049132	OK	 
REQUEST		request_13	1683748049123	1683748049362	OK	 
REQUEST		request_11	1683748049125	1683748049364	KO	status.find.in([200, 209], 304), found 400
REQUEST		request_15	1683748049127	1683748049763	OK	 
REQUEST		request_17	1683748049129	1683748049765	KO	status.find.in([200, 209], 304), found 400
REQUEST		request_14	1683748049126	1683748049766	OK	 
REQUEST		request_16	1683748049128	1683748049794	KO	status.find.in([200, 209], 304), found 400
REQUEST		request_18	1683748049124	1683748049914	OK	 
REQUEST		request_19	1683748049124	1683748050172	OK	 
REQUEST		request_20	1683748051175	1683748051221	OK	 
REQUEST		request_21	1683748051223	1683748051230	OK	 
REQUEST		request_22	1683748051223	1683748051306	OK	 
REQUEST		request_23	1683748056308	1683748056317	OK	 
REQUEST		request_24	1683748056498	1683748056850	OK	 
REQUEST		request_31	1683748056499	1683748056851	OK	 
REQUEST		request_34	1683748056829	1683748057053	KO	status.find.in([200, 209], 304), found 400
REQUEST		request_36	1683748056831	1683748057055	KO	status.find.in([200, 209], 304), found 400
REQUEST		request_33	1683748056828	1683748057056	OK	 
REQUEST		request_35	1683748056830	1683748057057	OK	 
REQUEST		request_30	1683748056824	1683748057059	KO	status.find.in([200, 209], 304), found 400
REQUEST		request_49	1683748056324	1683748057151	OK	 
REQUEST		request_29	1683748056823	1683748057154	OK	 
REQUEST		request_40	1683748057058	1683748057307	OK	 
REQUEST		request_37	1683748057053	1683748057308	OK	 
REQUEST		request_38	1683748057055	1683748057310	KO	status.find.in([200, 209], 304), found 400
REQUEST		request_41	1683748057059	1683748057311	OK	 
REQUEST		request_39	1683748057057	1683748057312	OK	 
REQUEST		request_27	1683748056847	1683748057487	OK	 
REQUEST		request_25	1683748056831	1683748057490	OK	 
REQUEST		request_28	1683748056848	1683748057492	OK	 
REQUEST		request_46	1683748057311	1683748057497	KO	status.find.in([200, 209], 304), found 400
REQUEST		request_44	1683748057309	1683748057499	KO	status.find.in([200, 209], 304), found 400
REQUEST		request_42	1683748057154	1683748057500	OK	 
REQUEST		request_47	1683748057313	1683748057501	OK	 
REQUEST		request_26	1683748056847	1683748057630	OK	 
REQUEST		request_43	1683748057308	1683748057637	KO	status.find.in([200, 209], 304), found 400
REQUEST		request_45	1683748057310	1683748057637	KO	status.find.in([200, 209], 304), found 400
REQUEST		request_32	1683748056500	1683748057808	KO	status.find.in([200, 209], 304), found 400
REQUEST		request_48	1683748057497	1683748057809	KO	status.find.in([200, 209], 304), found 400
REQUEST		request_50	1683748080810	1683748082826	OK	 
REQUEST		request_75	1683748082831	1683748083263	OK	 
REQUEST		request_72	1683748082831	1683748083264	OK	 
REQUEST		request_61	1683748082830	1683748083270	OK	 
REQUEST		request_71	1683748082980	1683748083270	KO	status.find.in([200, 209], 304), found 400
REQUEST		request_64	1683748082978	1683748083271	OK	 
REQUEST		request_68	1683748082979	1683748083272	OK	 
REQUEST		request_69	1683748082979	1683748083273	KO	status.find.in([200, 209], 304), found 400
REQUEST		request_65	1683748082978	1683748083274	KO	status.find.in([200, 209], 304), found 400
REQUEST		request_70	1683748082980	1683748083275	OK	 
REQUEST		request_54	1683748083260	1683748083396	OK	 
REQUEST		request_58	1683748082935	1683748083399	OK	 
REQUEST		request_77	1683748083273	1683748083399	KO	status.find.in([200, 209], 304), found 400
REQUEST		request_73	1683748083271	1683748083421	OK	 
REQUEST		request_59	1683748082981	1683748083431	OK	 
REQUEST		request_76	1683748083272	1683748083437	OK	 
REQUEST		request_67	1683748082879	1683748083458	OK	 
REQUEST		request_52	1683748083260	1683748083502	OK	 
REQUEST		request_56	1683748083261	1683748083510	OK	 
REQUEST		request_51	1683748083259	1683748083514	OK	 
REQUEST		request_74	1683748083271	1683748083525	KO	status.find.in([200, 209], 304), found 400
REQUEST		request_66	1683748082832	1683748083536	OK	 
REQUEST		request_63	1683748082934	1683748083541	OK	 
REQUEST		request_53	1683748083260	1683748083625	OK	 
REQUEST		request_57	1683748083397	1683748083653	OK	 
REQUEST		request_60	1683748082880	1683748083717	OK	 
REQUEST		request_55	1683748083261	1683748083886	OK	 
REQUEST		request_62	1683748083502	1683748083950	OK	 
REQUEST		request_78	1683748099951	1683748100095	OK	 
REQUEST		request_82	1683748100335	1683748100343	OK	 
REQUEST		request_81	1683748100335	1683748100344	OK	 
REQUEST		request_84	1683748100334	1683748100764	KO	status.find.in([200, 209], 304), found 400
REQUEST		request_79	1683748100336	1683748100764	KO	status.find.in([200, 209], 304), found 400
REQUEST		request_83	1683748100097	1683748100931	OK	 
REQUEST		request_85	1683748104934	1683748105149	OK	 
REQUEST		request_89	1683748105150	1683748105159	OK	 
REQUEST		request_88	1683748105151	1683748105456	KO	status.find.in([200, 209], 304), found 400
REQUEST		request_91	1683748105153	1683748105456	KO	status.find.in([200, 209], 304), found 400
REQUEST		request_90	1683748105152	1683748105457	OK	 
REQUEST		request_87	1683748105151	1683748105457	OK	 
REQUEST		request_86	1683748105150	1683748106117	KO	status.find.in([200, 209], 304), found 401
REQUEST		request_92	1683748108119	1683748108373	OK	 
REQUEST		request_93	1683748108374	1683748108648	KO	status.find.in([200, 209], 304), found 400
REQUEST		request_94	1683748109649	1683748109931	OK	 
REQUEST		request_95	1683748109932	1683748110285	KO	status.find.in([200, 209], 304), found 400
REQUEST		request_96	1683748111287	1683748111451	OK	 
REQUEST		request_97	1683748111451	1683748111768	KO	status.find.in([200, 209], 304), found 400
REQUEST		request_98	1683748113771	1683748113960	OK	 
REQUEST		request_99	1683748113960	1683748114066	KO	status.find.in([200, 209], 304), found 400
REQUEST		request_100	1683748115067	1683748115218	OK	 
REQUEST		request_101	1683748115220	1683748115328	KO	status.find.in([200, 209], 304), found 400
REQUEST		request_102	1683748116330	1683748116616	OK	 
REQUEST		request_108	1683748116618	1683748116694	OK	 
REQUEST		request_106	1683748116619	1683748116736	KO	status.find.in([200, 209], 304), found 400
REQUEST		request_103	1683748116618	1683748116747	KO	status.find.in([200, 209], 304), found 400
REQUEST		request_105	1683748116619	1683748116768	OK	 
REQUEST		request_112	1683748116667	1683748116887	OK	 
REQUEST		request_109	1683748116620	1683748116892	OK	 
REQUEST		request_113	1683748116620	1683748116894	KO	status.find.in([200, 209], 304), found 400
REQUEST		request_104	1683748116620	1683748117873	OK	 
REQUEST		request_111	1683748116666	1683748117874	OK	 
REQUEST		request_110	1683748116666	1683748117904	OK	 
REQUEST		request_114	1683748136906	1683748137076	OK	 
REQUEST		request_115	1683748137077	1683748137215	KO	status.find.in([200, 209], 304), found 400
USER	flujoReusoCheckOut2	END	1683748137224
