RUN	testApisLoad.CloseModel	closemodel	1742085064812	 	3.8.3
USER	userCloseModel	START	1742085067270
USER	userCloseModel	START	1742085067759
REQUEST		getUser	1742085067267	1742085067852	OK	 
REQUEST		getUser	1742085067758	1742085068220	OK	 
REQUEST		postUser	1742085068872	1742085069232	OK	 
REQUEST		postUser	1742085069223	1742085069863	OK	 
REQUEST		putUser	1742085070236	1742085070447	OK	 
REQUEST		putUser	1742085070865	1742085071064	OK	 
REQUEST		deleteUsers	1742085071451	1742085071756	OK	 
USER	userCloseModel	END	1742085071764
USER	userCloseModel	START	1742085071767
REQUEST		getUser	1742085071766	1742085072333	OK	 
REQUEST		deleteUsers	1742085072066	1742085072368	OK	 
USER	userCloseModel	END	1742085072370
USER	userCloseModel	START	1742085072373
REQUEST		getUser	1742085072372	1742085072854	OK	 
REQUEST		postUser	1742085073336	1742085073890	OK	 
REQUEST		postUser	1742085073856	1742085074180	OK	 
REQUEST		putUser	1742085074895	1742085075095	OK	 
REQUEST		putUser	1742085075183	1742085075380	OK	 
REQUEST		deleteUsers	1742085076099	1742085076405	OK	 
USER	userCloseModel	END	1742085076407
USER	userCloseModel	START	1742085076409
REQUEST		deleteUsers	1742085076382	1742085076686	OK	 
USER	userCloseModel	END	1742085076688
USER	userCloseModel	START	1742085076691
REQUEST		getUser	1742085076408	1742085076852	OK	 
REQUEST		getUser	1742085076690	1742085077867	OK	 
REQUEST		postUser	1742085077856	1742085078161	OK	 
REQUEST		postUser	1742085078870	1742085079203	OK	 
REQUEST		putUser	1742085079165	1742085079377	OK	 
REQUEST		putUser	1742085080205	1742085080413	OK	 
REQUEST		deleteUsers	1742085080380	1742085080672	OK	 
USER	userCloseModel	END	1742085080674
REQUEST		deleteUsers	1742085081416	1742085081710	OK	 
USER	userCloseModel	END	1742085081711
